tensor([[  -inf,   -inf,   -inf,   -inf,   -inf,   -inf,   -inf,   -inf,   -inf,
           -inf,   -inf,   -inf,   -inf,   -inf,   -inf,   -inf],
        [  -inf, 1.0000, 1.0000, 1.0000, 1.0000, 1.0000, 1.0000, 1.0000, 1.0000,
         1.0000, 1.0000, 1.0000, 1.0000, 1.0000, 1.0000, 1.0000],
        [  -inf,   -inf, 1.6316, 1.6316, 1.6316, 1.6316, 1.6316, 1.6316, 1.6316,
         1.6316, 1.6316, 1.6316, 1.6316, 1.6316, 1.6316, 1.6316],
        [  -inf,   -inf, 1.7316, 2.0305, 2.0305, 2.0305, 2.0305, 2.0305, 2.0305,
         2.0305, 2.0305, 2.0305, 2.0305, 2.0305, 2.0305, 2.0305],
        [  -inf,   -inf, 1.7801, 2.1305, 2.2825, 2.2825, 2.2825, 2.2825, 2.2825,
         2.2825, 2.2825, 2.2825, 2.2825, 2.2825, 2.2825, 2.2825],
        [  -inf,   -inf, 1.8093, 2.1937, 2.3825, 2.4416, 2.4416, 2.4416, 2.4416,
         2.4416, 2.4416, 2.4416, 2.4416, 2.4416, 2.4416, 2.4416],
        [  -inf,   -inf, 1.8319, 2.2568, 2.4456, 2.5416, 2.5421, 2.5421, 2.5421,
         2.5421, 2.5421, 2.5421, 2.5421, 2.5421, 2.5421, 2.5421],
        [  -inf,   -inf, 1.8469, 2.3053, 2.5088, 2.6048, 2.6421, 2.6421, 2.6421,
         2.6421, 2.6421, 2.6421, 2.6421, 2.6421, 2.6421, 2.6421],
        [  -inf,   -inf, 1.8576, 2.3360, 2.5573, 2.6679, 2.7053, 2.7056, 2.7056,
         2.7056, 2.7056, 2.7056, 2.7056, 2.7056, 2.7056, 2.7056],
        [  -inf,   -inf, 1.8666, 2.3666, 2.5972, 2.7164, 2.7684, 2.7688, 2.7688,
         2.7688, 2.7688, 2.7688, 2.7688, 2.7688, 2.7688, 2.7688],
        [  -inf,   -inf, 1.8736, 2.3958, 2.6371, 2.7563, 2.8169, 2.8319, 2.8319,
         2.8319, 2.8319, 2.8319, 2.8319, 2.8319, 2.8319, 2.8319],
        [  -inf,   -inf, 1.8803, 2.4184, 2.6770, 2.7962, 2.8568, 2.8804, 2.8804,
         2.8804, 2.8804, 2.8804, 2.8804, 2.8804, 2.8804, 2.8804],
        [  -inf,   -inf, 1.8860, 2.4368, 2.7076, 2.8361, 2.8967, 2.9203, 2.9205,
         2.9205, 2.9205, 2.9205, 2.9205, 2.9205, 2.9205, 2.9205],
        [  -inf,   -inf, 1.8923, 2.4553, 2.7382, 2.8667, 2.9366, 2.9602, 2.9604,
         2.9604, 2.9604, 2.9604, 2.9604, 2.9604, 2.9604, 2.9604],
        [  -inf,   -inf, 1.8966, 2.4703, 2.7674, 2.8974, 2.9673, 3.0001, 3.0003,
         3.0003, 3.0003, 3.0003, 3.0003, 3.0003, 3.0003, 3.0003],
        [  -inf,   -inf, 1.9000, 2.4846, 2.7900, 2.9266, 2.9979, 3.0307, 3.0402,
         3.0402, 3.0402, 3.0402, 3.0402, 3.0402, 3.0402, 3.0402],
        [  -inf,   -inf, 1.9028, 2.4988, 2.8094, 2.9518, 3.0271, 3.0614, 3.0708,
         3.0708, 3.0708, 3.0708, 3.0708, 3.0708, 3.0708, 3.0708],
        [  -inf,   -inf, 1.9063, 2.5095, 2.8287, 2.9770, 3.0523, 3.0906, 3.1015,
         3.1015, 3.1015, 3.1015, 3.1015, 3.1015, 3.1015, 3.1015],
        [  -inf,   -inf, 1.9090, 2.5195, 2.8481, 3.0022, 3.0775, 3.1158, 3.1307,
         3.1307, 3.1307, 3.1307, 3.1307, 3.1307, 3.1307, 3.1307],
        [  -inf,   -inf, 1.9120, 2.5290, 2.8665, 3.0274, 3.1027, 3.1410, 3.1559,
         3.1560, 3.1560, 3.1560, 3.1560, 3.1560, 3.1560, 3.1560],
        [  -inf,   -inf, 1.9142, 2.5385, 2.8850, 3.0500, 3.1279, 3.1662, 3.1811,
         3.1812, 3.1812, 3.1812, 3.1812, 3.1812, 3.1812, 3.1812],
        [  -inf,   -inf, 1.9163, 2.5475, 2.9000, 3.0693, 3.1505, 3.1913, 3.2062,
         3.2064, 3.2064, 3.2064, 3.2064, 3.2064, 3.2064, 3.2064],
        [  -inf,   -inf, 1.9174, 2.5545, 2.9142, 3.0887, 3.1698, 3.2139, 3.2314,
         3.2316, 3.2316, 3.2316, 3.2316, 3.2316, 3.2316, 3.2316],
        [  -inf,   -inf, 1.9184, 2.5612, 2.9285, 3.1080, 3.1892, 3.2333, 3.2540,
         3.2568, 3.2568, 3.2568, 3.2568, 3.2568, 3.2568, 3.2568],
        [  -inf,   -inf, 1.9200, 2.5680, 2.9402, 3.1264, 3.2085, 3.2526, 3.2734,
         3.2794, 3.2794, 3.2794, 3.2794, 3.2794, 3.2794, 3.2794],
        [  -inf,   -inf, 1.9221, 2.5747, 2.9518, 3.1449, 3.2270, 3.2720, 3.2927,
         3.2987, 3.2987, 3.2987, 3.2987, 3.2987, 3.2987, 3.2987],
        [  -inf,   -inf, 1.9238, 2.5804, 2.9635, 3.1599, 3.2454, 3.2904, 3.3121,
         3.3181, 3.3181, 3.3181, 3.3181, 3.3181, 3.3181, 3.3181],
        [  -inf,   -inf, 1.9248, 2.5867, 2.9742, 3.1742, 3.2613, 3.3089, 3.3305,
         3.3374, 3.3374, 3.3374, 3.3374, 3.3374, 3.3374, 3.3374],
        [  -inf,   -inf, 1.9261, 2.5924, 2.9842, 3.1884, 3.2772, 3.3248, 3.3490,
         3.3559, 3.3559, 3.3559, 3.3559, 3.3559, 3.3559, 3.3559],
        [  -inf,   -inf, 1.9276, 2.5981, 2.9936, 3.2007, 3.2931, 3.3407, 3.3649,
         3.3743, 3.3743, 3.3743, 3.3743, 3.3743, 3.3743, 3.3743],
        [  -inf,   -inf, 1.9295, 2.6029, 3.0031, 3.2129, 3.3090, 3.3566, 3.3808,
         3.3902, 3.3903, 3.3903, 3.3903, 3.3903, 3.3903, 3.3903],
        [  -inf,   -inf, 1.9311, 2.6078, 3.0121, 3.2251, 3.3250, 3.3725, 3.3967,
         3.4061, 3.4062, 3.4062, 3.4062, 3.4062, 3.4062, 3.4062],
        [  -inf,   -inf, 1.9325, 2.6122, 3.0211, 3.2373, 3.3400, 3.3884, 3.4126,
         3.4220, 3.4221, 3.4221, 3.4221, 3.4221, 3.4221, 3.4221],
        [  -inf,   -inf, 1.9347, 2.6166, 3.0302, 3.2490, 3.3542, 3.4034, 3.4285,
         3.4380, 3.4380, 3.4380, 3.4380, 3.4380, 3.4380, 3.4380],
        [  -inf,   -inf,   -inf, 2.6209, 3.0392, 3.2606, 3.3685, 3.4177, 3.4435,
         3.4539, 3.4539, 3.4539, 3.4539, 3.4539, 3.4539, 3.4539],
        [  -inf,   -inf,   -inf, 2.6251, 3.0462, 3.2723, 3.3807, 3.4320, 3.4578,
         3.4689, 3.4699, 3.4699, 3.4699, 3.4699, 3.4699, 3.4699],
        [  -inf,   -inf,   -inf, 2.6294, 3.0529, 3.2830, 3.3930, 3.4442, 3.4721,
         3.4831, 3.4849, 3.4849, 3.4849, 3.4849, 3.4849, 3.4849],
        [  -inf,   -inf,   -inf, 2.6334, 3.0597, 3.2930, 3.4052, 3.4564, 3.4843,
         3.4974, 3.4991, 3.4991, 3.4991, 3.4991, 3.4991, 3.4991],
        [  -inf,   -inf,   -inf, 2.6370, 3.0664, 3.3024, 3.4174, 3.4687, 3.4965,
         3.5096, 3.5134, 3.5134, 3.5134, 3.5134, 3.5134, 3.5134],
        [  -inf,   -inf,   -inf, 2.6409, 3.0727, 3.3119, 3.4290, 3.4809, 3.5087,
         3.5219, 3.5256, 3.5256, 3.5256, 3.5256, 3.5256, 3.5256],
        [  -inf,   -inf,   -inf, 2.6445, 3.0790, 3.3209, 3.4407, 3.4925, 3.5210,
         3.5341, 3.5378, 3.5378, 3.5378, 3.5378, 3.5378, 3.5378],
        [  -inf,   -inf,   -inf, 2.6479, 3.0853, 3.3299, 3.4523, 3.5042, 3.5326,
         3.5463, 3.5501, 3.5501, 3.5501, 3.5501, 3.5501, 3.5501],
        [  -inf,   -inf,   -inf, 2.6509, 3.0913, 3.3390, 3.4630, 3.5158, 3.5443,
         3.5579, 3.5623, 3.5623, 3.5623, 3.5623, 3.5623, 3.5623],
        [  -inf,   -inf,   -inf, 2.6542, 3.0973, 3.3480, 3.4730, 3.5265, 3.5559,
         3.5696, 3.5739, 3.5739, 3.5739, 3.5739, 3.5739, 3.5739],
        [  -inf,   -inf,   -inf, 2.6572, 3.1033, 3.3553, 3.4825, 3.5366, 3.5666,
         3.5812, 3.5856, 3.5856, 3.5856, 3.5856, 3.5856, 3.5856],
        [  -inf,   -inf,   -inf, 2.6601, 3.1093, 3.3627, 3.4920, 3.5466, 3.5767,
         3.5919, 3.5972, 3.5972, 3.5972, 3.5972, 3.5972, 3.5972],
        [  -inf,   -inf,   -inf, 2.6629, 3.1153, 3.3700, 3.5010, 3.5567, 3.5867,
         3.6020, 3.6079, 3.6079, 3.6079, 3.6079, 3.6079, 3.6079],
        [  -inf,   -inf,   -inf, 2.6658, 3.1210, 3.3774, 3.5100, 3.5667, 3.5968,
         3.6120, 3.6180, 3.6180, 3.6180, 3.6180, 3.6180, 3.6180],
        [  -inf,   -inf,   -inf, 2.6685, 3.1266, 3.3844, 3.5190, 3.5768, 3.6068,
         3.6221, 3.6280, 3.6281, 3.6281, 3.6281, 3.6281, 3.6281],
        [  -inf,   -inf,   -inf, 2.6712, 3.1315, 3.3911, 3.5280, 3.5868, 3.6169,
         3.6321, 3.6381, 3.6381, 3.6381, 3.6381, 3.6381, 3.6381],
        [  -inf,   -inf,   -inf, 2.6736, 3.1363, 3.3979, 3.5357, 3.5968, 3.6269,
         3.6422, 3.6481, 3.6482, 3.6482, 3.6482, 3.6482, 3.6482],
        [  -inf,   -inf,   -inf, 2.6758, 3.1408, 3.4046, 3.5435, 3.6063, 3.6369,
         3.6522, 3.6582, 3.6582, 3.6582, 3.6582, 3.6582, 3.6582],
        [  -inf,   -inf,   -inf, 2.6781, 3.1452, 3.4109, 3.5512, 3.6158, 3.6464,
         3.6622, 3.6682, 3.6683, 3.6683, 3.6683, 3.6683, 3.6683],
        [  -inf,   -inf,   -inf, 2.6803, 3.1495, 3.4172, 3.5589, 3.6248, 3.6559,
         3.6717, 3.6782, 3.6783, 3.6783, 3.6783, 3.6783, 3.6783],
        [  -inf,   -inf,   -inf, 2.6825, 3.1537, 3.4235, 3.5666, 3.6338, 3.6649,
         3.6812, 3.6877, 3.6883, 3.6883, 3.6883, 3.6883, 3.6883],
        [  -inf,   -inf,   -inf, 2.6846, 3.1580, 3.4295, 3.5740, 3.6428, 3.6739,
         3.6902, 3.6972, 3.6978, 3.6978, 3.6978, 3.6978, 3.6978],
        [  -inf,   -inf,   -inf, 2.6868, 3.1623, 3.4355, 3.5813, 3.6518, 3.6829,
         3.6992, 3.7062, 3.7073, 3.7073, 3.7073, 3.7073, 3.7073],
        [  -inf,   -inf,   -inf, 2.6889, 3.1665, 3.4415, 3.5887, 3.6595, 3.6919,
         3.7082, 3.7152, 3.7163, 3.7163, 3.7163, 3.7163, 3.7163],
        [  -inf,   -inf,   -inf, 2.6908, 3.1707, 3.4475, 3.5960, 3.6673, 3.6996,
         3.7172, 3.7242, 3.7253, 3.7253, 3.7253, 3.7253, 3.7253],
        [  -inf,   -inf,   -inf, 2.6929, 3.1747, 3.4535, 3.6030, 3.6750, 3.7073,
         3.7250, 3.7332, 3.7343, 3.7343, 3.7343, 3.7343, 3.7343],
        [  -inf,   -inf,   -inf, 2.6948, 3.1783, 3.4592, 3.6098, 3.6827, 3.7151,
         3.7327, 3.7410, 3.7433, 3.7433, 3.7433, 3.7433, 3.7433],
        [  -inf,   -inf,   -inf, 2.6965, 3.1823, 3.4649, 3.6166, 3.6904, 3.7228,
         3.7404, 3.7487, 3.7511, 3.7511, 3.7511, 3.7511, 3.7511],
        [  -inf,   -inf,   -inf, 2.6984, 3.1859, 3.4706, 3.6233, 3.6978, 3.7305,
         3.7481, 3.7564, 3.7588, 3.7588, 3.7588, 3.7588, 3.7588],
        [  -inf,   -inf,   -inf, 2.7001, 3.1895, 3.4763, 3.6296, 3.7051, 3.7379,
         3.7558, 3.7641, 3.7665, 3.7665, 3.7665, 3.7665, 3.7665],
        [  -inf,   -inf,   -inf, 2.7018, 3.1931, 3.4820, 3.6359, 3.7125, 3.7452,
         3.7632, 3.7718, 3.7742, 3.7742, 3.7742, 3.7742, 3.7742],
        [  -inf,   -inf,   -inf, 2.7033, 3.1967, 3.4876, 3.6422, 3.7198, 3.7526,
         3.7705, 3.7792, 3.7819, 3.7819, 3.7819, 3.7819, 3.7819],
        [  -inf,   -inf,   -inf, 2.7048, 3.2001, 3.4925, 3.6482, 3.7268, 3.7599,
         3.7779, 3.7865, 3.7893, 3.7893, 3.7893, 3.7893, 3.7893],
        [  -inf,   -inf,   -inf, 2.7062, 3.2031, 3.4973, 3.6542, 3.7336, 3.7669,
         3.7853, 3.7939, 3.7966, 3.7966, 3.7966, 3.7966, 3.7966],
        [  -inf,   -inf,   -inf, 2.7077, 3.2064, 3.5018, 3.6602, 3.7404, 3.7737,
         3.7923, 3.8013, 3.8040, 3.8040, 3.8040, 3.8040, 3.8040],
        [  -inf,   -inf,   -inf, 2.7093, 3.2094, 3.5062, 3.6662, 3.7471, 3.7804,
         3.7990, 3.8083, 3.8114, 3.8114, 3.8114, 3.8114, 3.8114],
        [  -inf,   -inf,   -inf, 2.7108, 3.2125, 3.5105, 3.6722, 3.7534, 3.7871,
         3.8058, 3.8150, 3.8184, 3.8184, 3.8184, 3.8184, 3.8184],
        [  -inf,   -inf,   -inf, 2.7123, 3.2156, 3.5148, 3.6779, 3.7597, 3.7935,
         3.8125, 3.8218, 3.8251, 3.8251, 3.8251, 3.8251, 3.8251],
        [  -inf,   -inf,   -inf, 2.7137, 3.2186, 3.5190, 3.6836, 3.7660, 3.7998,
         3.8188, 3.8285, 3.8319, 3.8319, 3.8319, 3.8319, 3.8319],
        [  -inf,   -inf,   -inf, 2.7152, 3.2217, 3.5233, 3.6892, 3.7720, 3.8062,
         3.8252, 3.8348, 3.8386, 3.8386, 3.8386, 3.8386, 3.8386],
        [  -inf,   -inf,   -inf, 2.7168, 3.2248, 3.5275, 3.6949, 3.7780, 3.8125,
         3.8315, 3.8412, 3.8449, 3.8450, 3.8450, 3.8450, 3.8450],
        [  -inf,   -inf,   -inf, 2.7185, 3.2277, 3.5318, 3.7006, 3.7840, 3.8189,
         3.8379, 3.8475, 3.8513, 3.8513, 3.8513, 3.8513, 3.8513],
        [  -inf,   -inf,   -inf, 2.7202, 3.2306, 3.5357, 3.7063, 3.7900, 3.8252,
         3.8442, 3.8539, 3.8576, 3.8576, 3.8576, 3.8576, 3.8576],
        [  -inf,   -inf,   -inf, 2.7217, 3.2334, 3.5397, 3.7112, 3.7960, 3.8316,
         3.8506, 3.8602, 3.8640, 3.8640, 3.8640, 3.8640, 3.8640],
        [  -inf,   -inf,   -inf, 2.7232, 3.2363, 3.5437, 3.7160, 3.8016, 3.8379,
         3.8569, 3.8666, 3.8703, 3.8703, 3.8703, 3.8703, 3.8703],
        [  -inf,   -inf,   -inf, 2.7246, 3.2391, 3.5477, 3.7207, 3.8073, 3.8442,
         3.8632, 3.8729, 3.8767, 3.8767, 3.8767, 3.8767, 3.8767],
        [  -inf,   -inf,   -inf, 2.7261, 3.2419, 3.5517, 3.7253, 3.8130, 3.8505,
         3.8695, 3.8792, 3.8830, 3.8830, 3.8830, 3.8830, 3.8830],
        [  -inf,   -inf,   -inf, 2.7275, 3.2447, 3.5557, 3.7300, 3.8187, 3.8565,
         3.8759, 3.8855, 3.8893, 3.8894, 3.8894, 3.8894, 3.8894],
        [  -inf,   -inf,   -inf, 2.7288, 3.2474, 3.5597, 3.7346, 3.8244, 3.8625,
         3.8818, 3.8919, 3.8956, 3.8957, 3.8957, 3.8957, 3.8957],
        [  -inf,   -inf,   -inf, 2.7302, 3.2501, 3.5634, 3.7392, 3.8301, 3.8685,
         3.8879, 3.8978, 3.9020, 3.9020, 3.9020, 3.9020, 3.9020],
        [  -inf,   -inf,   -inf, 2.7316, 3.2528, 3.5672, 3.7437, 3.8350, 3.8745,
         3.8938, 3.9039, 3.9079, 3.9083, 3.9083, 3.9083, 3.9083],
        [  -inf,   -inf,   -inf, 2.7329, 3.2555, 3.5710, 3.7481, 3.8398, 3.8805,
         3.8998, 3.9098, 3.9140, 3.9143, 3.9143, 3.9143, 3.9143],
        [  -inf,   -inf,   -inf, 2.7342, 3.2581, 3.5748, 3.7524, 3.8447, 3.8862,
         3.9058, 3.9158, 3.9199, 3.9203, 3.9203, 3.9203, 3.9203],
        [  -inf,   -inf,   -inf, 2.7354, 3.2606, 3.5786, 3.7567, 3.8496, 3.8919,
         3.9115, 3.9218, 3.9259, 3.9263, 3.9263, 3.9263, 3.9263],
        [  -inf,   -inf,   -inf, 2.7365, 3.2632, 3.5824, 3.7609, 3.8545, 3.8976,
         3.9172, 3.9275, 3.9319, 3.9323, 3.9323, 3.9323, 3.9323],
        [  -inf,   -inf,   -inf, 2.7376, 3.2655, 3.5860, 3.7652, 3.8593, 3.9033,
         3.9229, 3.9332, 3.9376, 3.9383, 3.9383, 3.9383, 3.9383],
        [  -inf,   -inf,   -inf, 2.7387, 3.2679, 3.5896, 3.7694, 3.8642, 3.9089,
         3.9286, 3.9389, 3.9433, 3.9440, 3.9440, 3.9440, 3.9440],
        [  -inf,   -inf,   -inf, 2.7397, 3.2703, 3.5931, 3.7737, 3.8690, 3.9146,
         3.9343, 3.9446, 3.9490, 3.9497, 3.9497, 3.9497, 3.9497],
        [  -inf,   -inf,   -inf, 2.7408, 3.2726, 3.5967, 3.7776, 3.8737, 3.9195,
         3.9400, 3.9503, 3.9547, 3.9554, 3.9554, 3.9554, 3.9554],
        [  -inf,   -inf,   -inf, 2.7418, 3.2748, 3.6001, 3.7816, 3.8783, 3.9244,
         3.9448, 3.9560, 3.9604, 3.9611, 3.9611, 3.9611, 3.9611],
        [  -inf,   -inf,   -inf, 2.7428, 3.2771, 3.6032, 3.7856, 3.8830, 3.9293,
         3.9497, 3.9608, 3.9661, 3.9667, 3.9667, 3.9667, 3.9667],
        [  -inf,   -inf,   -inf, 2.7438, 3.2794, 3.6064, 3.7896, 3.8876, 3.9341,
         3.9546, 3.9657, 3.9709, 3.9724, 3.9724, 3.9724, 3.9724],
        [  -inf,   -inf,   -inf, 2.7447, 3.2816, 3.6095, 3.7936, 3.8923, 3.9390,
         3.9595, 3.9706, 3.9758, 3.9773, 3.9773, 3.9773, 3.9773],
        [  -inf,   -inf,   -inf, 2.7456, 3.2838, 3.6126, 3.7976, 3.8967, 3.9439,
         3.9643, 3.9754, 3.9807, 3.9822, 3.9822, 3.9822, 3.9822],
        [  -inf,   -inf,   -inf, 2.7466, 3.2859, 3.6156, 3.8016, 3.9011, 3.9487,
         3.9692, 3.9803, 3.9856, 3.9871, 3.9871, 3.9871, 3.9871],
        [  -inf,   -inf,   -inf, 2.7476, 3.2881, 3.6187, 3.8053, 3.9054, 3.9536,
         3.9741, 3.9852, 3.9904, 3.9919, 3.9919, 3.9919, 3.9919],
        [  -inf,   -inf,   -inf, 2.7485, 3.2902, 3.6218, 3.8091, 3.9097, 3.9582,
         3.9789, 3.9900, 3.9953, 3.9968, 3.9968, 3.9968, 3.9968],
        [  -inf,   -inf,   -inf, 2.7494, 3.2921, 3.6248, 3.8129, 3.9140, 3.9629,
         3.9836, 3.9949, 4.0002, 4.0017, 4.0017, 4.0017, 4.0017],
        [  -inf,   -inf,   -inf, 2.7503, 3.2941, 3.6277, 3.8167, 3.9182, 3.9675,
         3.9882, 3.9995, 4.0050, 4.0065, 4.0065, 4.0065, 4.0065],
        [  -inf,   -inf,   -inf, 2.7514, 3.2960, 3.6307, 3.8205, 3.9225, 3.9722,
         3.9928, 4.0042, 4.0096, 4.0114, 4.0114, 4.0114, 4.0114],
        [  -inf,   -inf,   -inf, 2.7524, 3.2979, 3.6334, 3.8243, 3.9267, 3.9768,
         3.9975, 4.0088, 4.0143, 4.0160, 4.0160, 4.0160, 4.0160],
        [  -inf,   -inf,   -inf, 2.7535, 3.2997, 3.6364, 3.8279, 3.9307, 3.9812,
         4.0021, 4.0135, 4.0189, 4.0207, 4.0207, 4.0207, 4.0207],
        [  -inf,   -inf,   -inf, 2.7545, 3.3016, 3.6391, 3.8315, 3.9347, 3.9857,
         4.0066, 4.0181, 4.0236, 4.0253, 4.0253, 4.0253, 4.0253],
        [  -inf,   -inf,   -inf, 2.7554, 3.3034, 3.6419, 3.8351, 3.9387, 3.9900,
         4.0110, 4.0226, 4.0282, 4.0300, 4.0300, 4.0300, 4.0300],
        [  -inf,   -inf,   -inf, 2.7563, 3.3053, 3.6447, 3.8387, 3.9426, 3.9942,
         4.0153, 4.0270, 4.0327, 4.0346, 4.0346, 4.0346, 4.0346],
        [  -inf,   -inf,   -inf, 2.7572, 3.3071, 3.6474, 3.8423, 3.9466, 3.9985,
         4.0195, 4.0313, 4.0371, 4.0390, 4.0390, 4.0390, 4.0390],
        [  -inf,   -inf,   -inf, 2.7581, 3.3089, 3.6502, 3.8458, 3.9506, 4.0028,
         4.0238, 4.0355, 4.0414, 4.0435, 4.0435, 4.0435, 4.0435],
        [  -inf,   -inf,   -inf, 2.7589, 3.3107, 3.6529, 3.8494, 3.9546, 4.0070,
         4.0281, 4.0398, 4.0456, 4.0478, 4.0478, 4.0478, 4.0478],
        [  -inf,   -inf,   -inf, 2.7598, 3.3125, 3.6556, 3.8530, 3.9584, 4.0112,
         4.0323, 4.0441, 4.0499, 4.0520, 4.0520, 4.0520, 4.0520],
        [  -inf,   -inf,   -inf, 2.7605, 3.3142, 3.6583, 3.8566, 3.9622, 4.0152,
         4.0365, 4.0483, 4.0542, 4.0563, 4.0563, 4.0563, 4.0563],
        [  -inf,   -inf,   -inf, 2.7612, 3.3159, 3.6609, 3.8600, 3.9660, 4.0192,
         4.0406, 4.0525, 4.0584, 4.0606, 4.0606, 4.0606, 4.0606],
        [  -inf,   -inf,   -inf, 2.7619, 3.3176, 3.6636, 3.8631, 3.9697, 4.0232,
         4.0446, 4.0566, 4.0626, 4.0648, 4.0648, 4.0648, 4.0648],
        [  -inf,   -inf,   -inf, 2.7626, 3.3193, 3.6663, 3.8663, 3.9735, 4.0272,
         4.0486, 4.0606, 4.0667, 4.0690, 4.0690, 4.0690, 4.0690],
        [  -inf,   -inf,   -inf, 2.7633, 3.3208, 3.6690, 3.8694, 3.9773, 4.0312,
         4.0526, 4.0646, 4.0707, 4.0730, 4.0731, 4.0731, 4.0731],
        [  -inf,   -inf,   -inf, 2.7640, 3.3223, 3.6715, 3.8724, 3.9809, 4.0352,
         4.0566, 4.0686, 4.0747, 4.0770, 4.0771, 4.0771, 4.0771],
        [  -inf,   -inf,   -inf, 2.7647, 3.3238, 3.6740, 3.8755, 3.9845, 4.0391,
         4.0606, 4.0726, 4.0787, 4.0811, 4.0811, 4.0811, 4.0811],
        [  -inf,   -inf,   -inf, 2.7653, 3.3253, 3.6763, 3.8786, 3.9881, 4.0429,
         4.0646, 4.0766, 4.0827, 4.0851, 4.0851, 4.0851, 4.0851],
        [  -inf,   -inf,   -inf, 2.7660, 3.3268, 3.6788, 3.8816, 3.9917, 4.0467,
         4.0686, 4.0806, 4.0867, 4.0891, 4.0891, 4.0891, 4.0891],
        [  -inf,   -inf,   -inf, 2.7666, 3.3283, 3.6811, 3.8847, 3.9953, 4.0505,
         4.0726, 4.0846, 4.0907, 4.0931, 4.0931, 4.0931, 4.0931],
        [  -inf,   -inf,   -inf, 2.7672, 3.3298, 3.6834, 3.8876, 3.9989, 4.0543,
         4.0766, 4.0886, 4.0947, 4.0971, 4.0971, 4.0971, 4.0971],
        [  -inf,   -inf,   -inf, 2.7679, 3.3313, 3.6857, 3.8905, 4.0025, 4.0581,
         4.0806, 4.0926, 4.0987, 4.1011, 4.1011, 4.1011, 4.1011],
        [  -inf,   -inf,   -inf, 2.7684, 3.3328, 3.6879, 3.8933, 4.0061, 4.0618,
         4.0846, 4.0966, 4.1027, 4.1051, 4.1051, 4.1051, 4.1051],
        [  -inf,   -inf,   -inf, 2.7691, 3.3343, 3.6902, 3.8962, 4.0097, 4.0654,
         4.0886, 4.1006, 4.1067, 4.1091, 4.1091, 4.1091, 4.1091],
        [  -inf,   -inf,   -inf, 2.7696, 3.3360, 3.6925, 3.8990, 4.0131, 4.0690,
         4.0926, 4.1046, 4.1107, 4.1131, 4.1131, 4.1131, 4.1131],
        [  -inf,   -inf,   -inf, 2.7702, 3.3377, 3.6947, 3.9018, 4.0161, 4.0726,
         4.0965, 4.1086, 4.1147, 4.1171, 4.1171, 4.1171, 4.1171]])
tensor(0.0075) tensor(3.0887) (64, 7)
