tensor([[  -inf,   -inf,   -inf,   -inf,   -inf,   -inf,   -inf,   -inf,   -inf,
           -inf,   -inf,   -inf,   -inf,   -inf,   -inf,   -inf],
        [  -inf, 1.0000, 1.0000, 1.0000, 1.0000, 1.0000, 1.0000, 1.0000, 1.0000,
         1.0000, 1.0000, 1.0000, 1.0000, 1.0000, 1.0000, 1.0000],
        [  -inf,   -inf, 1.6211, 1.6211, 1.6211, 1.6211, 1.6211, 1.6211, 1.6211,
         1.6211, 1.6211, 1.6211, 1.6211, 1.6211, 1.6211, 1.6211],
        [  -inf,   -inf, 1.7252, 2.0069, 2.0069, 2.0069, 2.0069, 2.0069, 2.0069,
         2.0069, 2.0069, 2.0069, 2.0069, 2.0069, 2.0069, 2.0069],
        [  -inf,   -inf, 1.7713, 2.1110, 2.2465, 2.2465, 2.2465, 2.2465, 2.2465,
         2.2465, 2.2465, 2.2465, 2.2465, 2.2465, 2.2465, 2.2465],
        [  -inf,   -inf, 1.8015, 2.1756, 2.3506, 2.3953, 2.3953, 2.3953, 2.3953,
         2.3953, 2.3953, 2.3953, 2.3953, 2.3953, 2.3953, 2.3953],
        [  -inf,   -inf, 1.8226, 2.2403, 2.4152, 2.4994, 2.4994, 2.4994, 2.4994,
         2.4994, 2.4994, 2.4994, 2.4994, 2.4994, 2.4994, 2.4994],
        [  -inf,   -inf, 1.8390, 2.2864, 2.4799, 2.5640, 2.5918, 2.5918, 2.5918,
         2.5918, 2.5918, 2.5918, 2.5918, 2.5918, 2.5918, 2.5918],
        [  -inf,   -inf, 1.8516, 2.3166, 2.5260, 2.6287, 2.6565, 2.6565, 2.6565,
         2.6565, 2.6565, 2.6565, 2.6565, 2.6565, 2.6565, 2.6565],
        [  -inf,   -inf, 1.8613, 2.3452, 2.5661, 2.6748, 2.7211, 2.7211, 2.7211,
         2.7211, 2.7211, 2.7211, 2.7211, 2.7211, 2.7211, 2.7211],
        [  -inf,   -inf, 1.8692, 2.3738, 2.6063, 2.7149, 2.7672, 2.7785, 2.7785,
         2.7785, 2.7785, 2.7785, 2.7785, 2.7785, 2.7785, 2.7785],
        [  -inf,   -inf, 1.8766, 2.3949, 2.6465, 2.7551, 2.8074, 2.8246, 2.8246,
         2.8246, 2.8246, 2.8246, 2.8246, 2.8246, 2.8246, 2.8246],
        [  -inf,   -inf, 1.8811, 2.4137, 2.6767, 2.7953, 2.8475, 2.8648, 2.8648,
         2.8648, 2.8648, 2.8648, 2.8648, 2.8648, 2.8648, 2.8648],
        [  -inf,   -inf, 1.8853, 2.4325, 2.7053, 2.8255, 2.8877, 2.9049, 2.9049,
         2.9049, 2.9049, 2.9049, 2.9049, 2.9049, 2.9049, 2.9049],
        [  -inf,   -inf, 1.8892, 2.4489, 2.7339, 2.8541, 2.9179, 2.9451, 2.9451,
         2.9451, 2.9451, 2.9451, 2.9451, 2.9451, 2.9451, 2.9451],
        [  -inf,   -inf, 1.8933, 2.4620, 2.7550, 2.8827, 2.9465, 2.9753, 2.9808,
         2.9808, 2.9808, 2.9808, 2.9808, 2.9808, 2.9808, 2.9808],
        [  -inf,   -inf, 1.8974, 2.4751, 2.7738, 2.9077, 2.9752, 3.0039, 3.0110,
         3.0110, 3.0110, 3.0110, 3.0110, 3.0110, 3.0110, 3.0110],
        [  -inf,   -inf, 1.8993, 2.4877, 2.7925, 2.9326, 3.0001, 3.0326, 3.0396,
         3.0396, 3.0396, 3.0396, 3.0396, 3.0396, 3.0396, 3.0396],
        [  -inf,   -inf, 1.9018, 2.4985, 2.8103, 2.9576, 3.0250, 3.0575, 3.0682,
         3.0682, 3.0682, 3.0682, 3.0682, 3.0682, 3.0682, 3.0682],
        [  -inf,   -inf, 1.9047, 2.5087, 2.8281, 2.9825, 3.0500, 3.0825, 3.0932,
         3.0932, 3.0932, 3.0932, 3.0932, 3.0932, 3.0932, 3.0932],
        [  -inf,   -inf, 1.9077, 2.5189, 2.8459, 3.0036, 3.0749, 3.1074, 3.1181,
         3.1181, 3.1181, 3.1181, 3.1181, 3.1181, 3.1181, 3.1181],
        [  -inf,   -inf, 1.9102, 2.5286, 2.8623, 3.0224, 3.0960, 3.1323, 3.1431,
         3.1431, 3.1431, 3.1431, 3.1431, 3.1431, 3.1431, 3.1431],
        [  -inf,   -inf, 1.9116, 2.5365, 2.8754, 3.0411, 3.1148, 3.1534, 3.1680,
         3.1680, 3.1680, 3.1680, 3.1680, 3.1680, 3.1680, 3.1680],
        [  -inf,   -inf, 1.9129, 2.5443, 2.8885, 3.0589, 3.1335, 3.1722, 3.1891,
         3.1901, 3.1901, 3.1901, 3.1901, 3.1901, 3.1901, 3.1901],
        [  -inf,   -inf, 1.9152, 2.5521, 2.9011, 3.0767, 3.1513, 3.1910, 3.2079,
         3.2112, 3.2112, 3.2112, 3.2112, 3.2112, 3.2112, 3.2112],
        [  -inf,   -inf, 1.9178, 2.5595, 2.9127, 3.0945, 3.1691, 3.2087, 3.2266,
         3.2300, 3.2300, 3.2300, 3.2300, 3.2300, 3.2300, 3.2300],
        [  -inf,   -inf, 1.9195, 2.5656, 2.9244, 3.1109, 3.1869, 3.2265, 3.2444,
         3.2488, 3.2488, 3.2488, 3.2488, 3.2488, 3.2488, 3.2488],
        [  -inf,   -inf, 1.9219, 2.5716, 2.9360, 3.1240, 3.2033, 3.2443, 3.2622,
         3.2665, 3.2665, 3.2665, 3.2665, 3.2665, 3.2665, 3.2665],
        [  -inf,   -inf, 1.9236, 2.5765, 2.9469, 3.1371, 3.2188, 3.2607, 3.2800,
         3.2843, 3.2843, 3.2843, 3.2843, 3.2843, 3.2843, 3.2843],
        [  -inf,   -inf, 1.9253, 2.5814, 2.9571, 3.1497, 3.2343, 3.2762, 3.2964,
         3.3021, 3.3021, 3.3021, 3.3021, 3.3021, 3.3021, 3.3021],
        [  -inf,   -inf, 1.9270, 2.5862, 2.9673, 3.1613, 3.2498, 3.2917, 3.3119,
         3.3185, 3.3185, 3.3185, 3.3185, 3.3185, 3.3185, 3.3185],
        [  -inf,   -inf, 1.9286, 2.5910, 2.9770, 3.1730, 3.2653, 3.3072, 3.3273,
         3.3340, 3.3340, 3.3340, 3.3340, 3.3340, 3.3340, 3.3340],
        [  -inf,   -inf, 1.9302, 2.5956, 2.9851, 3.1846, 3.2808, 3.3227, 3.3428,
         3.3495, 3.3495, 3.3495, 3.3495, 3.3495, 3.3495, 3.3495],
        [  -inf,   -inf, 1.9319, 2.6002, 2.9932, 3.1957, 3.2939, 3.3382, 3.3583,
         3.3650, 3.3650, 3.3650, 3.3650, 3.3650, 3.3650, 3.3650],
        [  -inf,   -inf,   -inf, 2.6047, 3.0014, 3.2067, 3.3070, 3.3513, 3.3738,
         3.3805, 3.3805, 3.3805, 3.3805, 3.3805, 3.3805, 3.3805],
        [  -inf,   -inf,   -inf, 2.6089, 3.0093, 3.2178, 3.3196, 3.3644, 3.3869,
         3.3960, 3.3960, 3.3960, 3.3960, 3.3960, 3.3960, 3.3960],
        [  -inf,   -inf,   -inf, 2.6128, 3.0171, 3.2288, 3.3312, 3.3770, 3.4000,
         3.4091, 3.4097, 3.4097, 3.4097, 3.4097, 3.4097, 3.4097],
        [  -inf,   -inf,   -inf, 2.6169, 3.0249, 3.2396, 3.3429, 3.3886, 3.4126,
         3.4222, 3.4228, 3.4228, 3.4228, 3.4228, 3.4228, 3.4228],
        [  -inf,   -inf,   -inf, 2.6210, 3.0323, 3.2498, 3.3545, 3.4003, 3.4243,
         3.4348, 3.4359, 3.4359, 3.4359, 3.4359, 3.4359, 3.4359],
        [  -inf,   -inf,   -inf, 2.6241, 3.0391, 3.2600, 3.3656, 3.4119, 3.4359,
         3.4464, 3.4485, 3.4485, 3.4485, 3.4485, 3.4485, 3.4485],
        [  -inf,   -inf,   -inf, 2.6273, 3.0458, 3.2697, 3.3766, 3.4230, 3.4476,
         3.4581, 3.4602, 3.4602, 3.4602, 3.4602, 3.4602, 3.4602],
        [  -inf,   -inf,   -inf, 2.6301, 3.0525, 3.2779, 3.3877, 3.4340, 3.4586,
         3.4697, 3.4718, 3.4718, 3.4718, 3.4718, 3.4718, 3.4718],
        [  -inf,   -inf,   -inf, 2.6329, 3.0588, 3.2860, 3.3987, 3.4451, 3.4697,
         3.4808, 3.4835, 3.4835, 3.4835, 3.4835, 3.4835, 3.4835],
        [  -inf,   -inf,   -inf, 2.6355, 3.0652, 3.2941, 3.4095, 3.4561, 3.4807,
         3.4918, 3.4945, 3.4945, 3.4945, 3.4945, 3.4945, 3.4945],
        [  -inf,   -inf,   -inf, 2.6381, 3.0715, 3.3020, 3.4197, 3.4669, 3.4918,
         3.5029, 3.5056, 3.5056, 3.5056, 3.5056, 3.5056, 3.5056],
        [  -inf,   -inf,   -inf, 2.6406, 3.0775, 3.3099, 3.4299, 3.4771, 3.5026,
         3.5139, 3.5166, 3.5166, 3.5166, 3.5166, 3.5166, 3.5166],
        [  -inf,   -inf,   -inf, 2.6432, 3.0835, 3.3177, 3.4396, 3.4873, 3.5128,
         3.5247, 3.5277, 3.5277, 3.5277, 3.5277, 3.5277, 3.5277],
        [  -inf,   -inf,   -inf, 2.6458, 3.0885, 3.3251, 3.4477, 3.4970, 3.5230,
         3.5349, 3.5385, 3.5385, 3.5385, 3.5385, 3.5385, 3.5385],
        [  -inf,   -inf,   -inf, 2.6484, 3.0934, 3.3323, 3.4559, 3.5066, 3.5327,
         3.5451, 3.5487, 3.5487, 3.5487, 3.5487, 3.5487, 3.5487],
        [  -inf,   -inf,   -inf, 2.6509, 3.0982, 3.3396, 3.4640, 3.5163, 3.5423,
         3.5548, 3.5589, 3.5589, 3.5589, 3.5589, 3.5589, 3.5589],
        [  -inf,   -inf,   -inf, 2.6535, 3.1031, 3.3468, 3.4719, 3.5259, 3.5519,
         3.5644, 3.5686, 3.5686, 3.5686, 3.5686, 3.5686, 3.5686],
        [  -inf,   -inf,   -inf, 2.6560, 3.1079, 3.3540, 3.4797, 3.5355, 3.5615,
         3.5741, 3.5782, 3.5782, 3.5782, 3.5782, 3.5782, 3.5782],
        [  -inf,   -inf,   -inf, 2.6584, 3.1127, 3.3608, 3.4876, 3.5451, 3.5712,
         3.5837, 3.5878, 3.5878, 3.5878, 3.5878, 3.5878, 3.5878],
        [  -inf,   -inf,   -inf, 2.6610, 3.1175, 3.3675, 3.4950, 3.5547, 3.5808,
         3.5933, 3.5974, 3.5974, 3.5974, 3.5974, 3.5974, 3.5974],
        [  -inf,   -inf,   -inf, 2.6635, 3.1221, 3.3742, 3.5022, 3.5629, 3.5904,
         3.6029, 3.6071, 3.6071, 3.6071, 3.6071, 3.6071, 3.6071],
        [  -inf,   -inf,   -inf, 2.6659, 3.1267, 3.3806, 3.5094, 3.5710, 3.5985,
         3.6125, 3.6167, 3.6167, 3.6167, 3.6167, 3.6167, 3.6167],
        [  -inf,   -inf,   -inf, 2.6681, 3.1312, 3.3869, 3.5167, 3.5792, 3.6067,
         3.6207, 3.6263, 3.6263, 3.6263, 3.6263, 3.6263, 3.6263],
        [  -inf,   -inf,   -inf, 2.6703, 3.1354, 3.3932, 3.5239, 3.5871, 3.6148,
         3.6288, 3.6344, 3.6348, 3.6348, 3.6348, 3.6348, 3.6348],
        [  -inf,   -inf,   -inf, 2.6724, 3.1393, 3.3992, 3.5308, 3.5949, 3.6227,
         3.6370, 3.6426, 3.6430, 3.6430, 3.6430, 3.6430, 3.6430],
        [  -inf,   -inf,   -inf, 2.6743, 3.1434, 3.4053, 3.5376, 3.6027, 3.6305,
         3.6449, 3.6507, 3.6511, 3.6511, 3.6511, 3.6511, 3.6511],
        [  -inf,   -inf,   -inf, 2.6761, 3.1475, 3.4103, 3.5445, 3.6101, 3.6384,
         3.6527, 3.6586, 3.6593, 3.6593, 3.6593, 3.6593, 3.6593],
        [  -inf,   -inf,   -inf, 2.6779, 3.1513, 3.4154, 3.5514, 3.6174, 3.6458,
         3.6605, 3.6664, 3.6672, 3.6672, 3.6672, 3.6672, 3.6672],
        [  -inf,   -inf,   -inf, 2.6800, 3.1550, 3.4204, 3.5582, 3.6246, 3.6530,
         3.6679, 3.6743, 3.6750, 3.6750, 3.6750, 3.6750, 3.6750],
        [  -inf,   -inf,   -inf, 2.6820, 3.1588, 3.4255, 3.5650, 3.6318, 3.6602,
         3.6752, 3.6817, 3.6828, 3.6828, 3.6828, 3.6828, 3.6828],
        [  -inf,   -inf,   -inf, 2.6841, 3.1619, 3.4304, 3.5717, 3.6391, 3.6675,
         3.6824, 3.6889, 3.6902, 3.6902, 3.6902, 3.6902, 3.6902],
        [  -inf,   -inf,   -inf, 2.6860, 3.1650, 3.4353, 3.5784, 3.6459, 3.6747,
         3.6896, 3.6961, 3.6974, 3.6974, 3.6974, 3.6974, 3.6974],
        [  -inf,   -inf,   -inf, 2.6878, 3.1681, 3.4401, 3.5847, 3.6528, 3.6816,
         3.6969, 3.7034, 3.7047, 3.7047, 3.7047, 3.7047, 3.7047],
        [  -inf,   -inf,   -inf, 2.6895, 3.1711, 3.4450, 3.5911, 3.6596, 3.6884,
         3.7037, 3.7106, 3.7119, 3.7119, 3.7119, 3.7119, 3.7119],
        [  -inf,   -inf,   -inf, 2.6912, 3.1742, 3.4499, 3.5974, 3.6665, 3.6953,
         3.7106, 3.7175, 3.7192, 3.7192, 3.7192, 3.7192, 3.7192],
        [  -inf,   -inf,   -inf, 2.6929, 3.1772, 3.4547, 3.6034, 3.6734, 3.7022,
         3.7174, 3.7243, 3.7260, 3.7260, 3.7260, 3.7260, 3.7260],
        [  -inf,   -inf,   -inf, 2.6946, 3.1801, 3.4595, 3.6094, 3.6801, 3.7090,
         3.7243, 3.7312, 3.7329, 3.7329, 3.7329, 3.7329, 3.7329],
        [  -inf,   -inf,   -inf, 2.6963, 3.1831, 3.4641, 3.6145, 3.6868, 3.7157,
         3.7312, 3.7381, 3.7397, 3.7397, 3.7397, 3.7397, 3.7397],
        [  -inf,   -inf,   -inf, 2.6979, 3.1861, 3.4687, 3.6196, 3.6936, 3.7225,
         3.7379, 3.7449, 3.7466, 3.7466, 3.7466, 3.7466, 3.7466],
        [  -inf,   -inf,   -inf, 2.6995, 3.1891, 3.4732, 3.6246, 3.6999, 3.7292,
         3.7446, 3.7516, 3.7535, 3.7535, 3.7535, 3.7535, 3.7535],
        [  -inf,   -inf,   -inf, 2.7012, 3.1921, 3.4774, 3.6297, 3.7062, 3.7355,
         3.7514, 3.7584, 3.7602, 3.7602, 3.7602, 3.7602, 3.7602],
        [  -inf,   -inf,   -inf, 2.7028, 3.1949, 3.4815, 3.6346, 3.7125, 3.7419,
         3.7577, 3.7651, 3.7669, 3.7669, 3.7669, 3.7669, 3.7669],
        [  -inf,   -inf,   -inf, 2.7044, 3.1978, 3.4857, 3.6395, 3.7186, 3.7482,
         3.7640, 3.7714, 3.7737, 3.7737, 3.7737, 3.7737, 3.7737],
        [  -inf,   -inf,   -inf, 2.7059, 3.2006, 3.4899, 3.6443, 3.7246, 3.7542,
         3.7703, 3.7778, 3.7800, 3.7800, 3.7800, 3.7800, 3.7800],
        [  -inf,   -inf,   -inf, 2.7076, 3.2034, 3.4941, 3.6492, 3.7296, 3.7602,
         3.7764, 3.7841, 3.7863, 3.7863, 3.7863, 3.7863, 3.7863],
        [  -inf,   -inf,   -inf, 2.7092, 3.2062, 3.4983, 3.6541, 3.7347, 3.7662,
         3.7824, 3.7901, 3.7926, 3.7926, 3.7926, 3.7926, 3.7926],
        [  -inf,   -inf,   -inf, 2.7108, 3.2088, 3.5024, 3.6589, 3.7397, 3.7722,
         3.7884, 3.7961, 3.7987, 3.7987, 3.7987, 3.7987, 3.7987],
        [  -inf,   -inf,   -inf, 2.7123, 3.2114, 3.5064, 3.6637, 3.7448, 3.7782,
         3.7943, 3.8021, 3.8047, 3.8047, 3.8047, 3.8047, 3.8047],
        [  -inf,   -inf,   -inf, 2.7139, 3.2140, 3.5104, 3.6683, 3.7497, 3.7841,
         3.8003, 3.8081, 3.8107, 3.8107, 3.8107, 3.8107, 3.8107],
        [  -inf,   -inf,   -inf, 2.7154, 3.2165, 3.5145, 3.6728, 3.7546, 3.7901,
         3.8063, 3.8141, 3.8166, 3.8166, 3.8166, 3.8166, 3.8166],
        [  -inf,   -inf,   -inf, 2.7168, 3.2191, 3.5185, 3.6773, 3.7595, 3.7961,
         3.8123, 3.8200, 3.8226, 3.8226, 3.8226, 3.8226, 3.8226],
        [  -inf,   -inf,   -inf, 2.7182, 3.2217, 3.5224, 3.6818, 3.7643, 3.8021,
         3.8182, 3.8260, 3.8286, 3.8286, 3.8286, 3.8286, 3.8286],
        [  -inf,   -inf,   -inf, 2.7196, 3.2243, 3.5263, 3.6863, 3.7692, 3.8071,
         3.8242, 3.8320, 3.8346, 3.8346, 3.8346, 3.8346, 3.8346],
        [  -inf,   -inf,   -inf, 2.7209, 3.2268, 3.5303, 3.6908, 3.7740, 3.8122,
         3.8293, 3.8380, 3.8405, 3.8405, 3.8405, 3.8405, 3.8405],
        [  -inf,   -inf,   -inf, 2.7222, 3.2293, 3.5340, 3.6953, 3.7788, 3.8172,
         3.8343, 3.8430, 3.8465, 3.8465, 3.8465, 3.8465, 3.8465],
        [  -inf,   -inf,   -inf, 2.7234, 3.2318, 3.5377, 3.6998, 3.7834, 3.8223,
         3.8394, 3.8481, 3.8516, 3.8518, 3.8518, 3.8518, 3.8518],
        [  -inf,   -inf,   -inf, 2.7244, 3.2343, 3.5415, 3.7040, 3.7880, 3.8272,
         3.8444, 3.8531, 3.8566, 3.8569, 3.8569, 3.8569, 3.8569],
        [  -inf,   -inf,   -inf, 2.7256, 3.2368, 3.5446, 3.7082, 3.7925, 3.8321,
         3.8493, 3.8582, 3.8617, 3.8619, 3.8619, 3.8619, 3.8619],
        [  -inf,   -inf,   -inf, 2.7269, 3.2393, 3.5478, 3.7124, 3.7970, 3.8370,
         3.8543, 3.8631, 3.8667, 3.8670, 3.8670, 3.8670, 3.8670],
        [  -inf,   -inf,   -inf, 2.7282, 3.2415, 3.5508, 3.7166, 3.8015, 3.8418,
         3.8591, 3.8680, 3.8716, 3.8720, 3.8720, 3.8720, 3.8720],
        [  -inf,   -inf,   -inf, 2.7295, 3.2437, 3.5539, 3.7207, 3.8060, 3.8467,
         3.8640, 3.8729, 3.8765, 3.8769, 3.8769, 3.8769, 3.8769],
        [  -inf,   -inf,   -inf, 2.7306, 3.2458, 3.5569, 3.7249, 3.8105, 3.8515,
         3.8688, 3.8777, 3.8814, 3.8819, 3.8819, 3.8819, 3.8819],
        [  -inf,   -inf,   -inf, 2.7317, 3.2477, 3.5599, 3.7291, 3.8150, 3.8563,
         3.8736, 3.8826, 3.8863, 3.8867, 3.8867, 3.8867, 3.8867],
        [  -inf,   -inf,   -inf, 2.7328, 3.2497, 3.5630, 3.7330, 3.8192, 3.8609,
         3.8784, 3.8874, 3.8911, 3.8916, 3.8916, 3.8916, 3.8916],
        [  -inf,   -inf,   -inf, 2.7338, 3.2516, 3.5660, 3.7371, 3.8235, 3.8655,
         3.8830, 3.8922, 3.8959, 3.8964, 3.8964, 3.8964, 3.8964],
        [  -inf,   -inf,   -inf, 2.7349, 3.2536, 3.5690, 3.7412, 3.8277, 3.8700,
         3.8876, 3.8968, 3.9007, 3.9012, 3.9012, 3.9012, 3.9012],
        [  -inf,   -inf,   -inf, 2.7359, 3.2556, 3.5720, 3.7451, 3.8320, 3.8745,
         3.8921, 3.9014, 3.9053, 3.9060, 3.9060, 3.9060, 3.9060],
        [  -inf,   -inf,   -inf, 2.7370, 3.2575, 3.5750, 3.7491, 3.8363, 3.8790,
         3.8966, 3.9059, 3.9099, 3.9106, 3.9106, 3.9106, 3.9106],
        [  -inf,   -inf,   -inf, 2.7380, 3.2594, 3.5779, 3.7530, 3.8405, 3.8835,
         3.9011, 3.9104, 3.9144, 3.9152, 3.9152, 3.9152, 3.9152],
        [  -inf,   -inf,   -inf, 2.7391, 3.2614, 3.5809, 3.7569, 3.8447, 3.8880,
         3.9056, 3.9149, 3.9189, 3.9197, 3.9197, 3.9197, 3.9197],
        [  -inf,   -inf,   -inf, 2.7401, 3.2633, 3.5839, 3.7607, 3.8489, 3.8924,
         3.9101, 3.9194, 3.9234, 3.9242, 3.9242, 3.9242, 3.9242],
        [  -inf,   -inf,   -inf, 2.7411, 3.2653, 3.5869, 3.7644, 3.8531, 3.8967,
         3.9146, 3.9239, 3.9279, 3.9287, 3.9287, 3.9287, 3.9287],
        [  -inf,   -inf,   -inf, 2.7421, 3.2673, 3.5897, 3.7681, 3.8573, 3.9010,
         3.9189, 3.9283, 3.9324, 3.9332, 3.9332, 3.9332, 3.9332],
        [  -inf,   -inf,   -inf, 2.7431, 3.2692, 3.5926, 3.7713, 3.8614, 3.9052,
         3.9231, 3.9326, 3.9369, 3.9377, 3.9377, 3.9377, 3.9377],
        [  -inf,   -inf,   -inf, 2.7442, 3.2711, 3.5954, 3.7744, 3.8656, 3.9095,
         3.9274, 3.9369, 3.9412, 3.9422, 3.9422, 3.9422, 3.9422],
        [  -inf,   -inf,   -inf, 2.7452, 3.2729, 3.5982, 3.7776, 3.8698, 3.9138,
         3.9316, 3.9411, 3.9454, 3.9465, 3.9465, 3.9465, 3.9465],
        [  -inf,   -inf,   -inf, 2.7461, 3.2746, 3.6010, 3.7807, 3.8737, 3.9180,
         3.9359, 3.9454, 3.9497, 3.9507, 3.9507, 3.9507, 3.9507],
        [  -inf,   -inf,   -inf, 2.7471, 3.2763, 3.6036, 3.7839, 3.8778, 3.9222,
         3.9402, 3.9497, 3.9539, 3.9550, 3.9550, 3.9550, 3.9550],
        [  -inf,   -inf,   -inf, 2.7481, 3.2781, 3.6062, 3.7870, 3.8819, 3.9264,
         3.9444, 3.9539, 3.9582, 3.9592, 3.9592, 3.9592, 3.9592],
        [  -inf,   -inf,   -inf, 2.7490, 3.2798, 3.6088, 3.7901, 3.8858, 3.9306,
         3.9485, 3.9581, 3.9625, 3.9635, 3.9635, 3.9635, 3.9635],
        [  -inf,   -inf,   -inf, 2.7499, 3.2815, 3.6113, 3.7932, 3.8898, 3.9348,
         3.9527, 3.9623, 3.9667, 3.9678, 3.9678, 3.9678, 3.9678],
        [  -inf,   -inf,   -inf, 2.7507, 3.2832, 3.6139, 3.7962, 3.8937, 3.9389,
         3.9569, 3.9665, 3.9708, 3.9720, 3.9720, 3.9720, 3.9720],
        [  -inf,   -inf,   -inf, 2.7515, 3.2849, 3.6165, 3.7993, 3.8976, 3.9431,
         3.9611, 3.9707, 3.9750, 3.9761, 3.9761, 3.9761, 3.9761],
        [  -inf,   -inf,   -inf, 2.7523, 3.2866, 3.6191, 3.8023, 3.9014, 3.9473,
         3.9653, 3.9748, 3.9792, 3.9803, 3.9803, 3.9803, 3.9803],
        [  -inf,   -inf,   -inf, 2.7531, 3.2882, 3.6216, 3.8053, 3.9051, 3.9512,
         3.9694, 3.9790, 3.9834, 3.9845, 3.9845, 3.9845, 3.9845],
        [  -inf,   -inf,   -inf, 2.7539, 3.2898, 3.6241, 3.8083, 3.9089, 3.9553,
         3.9734, 3.9832, 3.9876, 3.9887, 3.9887, 3.9887, 3.9887],
        [  -inf,   -inf,   -inf, 2.7546, 3.2915, 3.6266, 3.8114, 3.9120, 3.9594,
         3.9774, 3.9871, 3.9917, 3.9929, 3.9929, 3.9929, 3.9929],
        [  -inf,   -inf,   -inf, 2.7554, 3.2931, 3.6292, 3.8143, 3.9151, 3.9633,
         3.9815, 3.9912, 3.9957, 3.9970, 3.9970, 3.9970, 3.9970],
        [  -inf,   -inf,   -inf, 2.7560, 3.2947, 3.6317, 3.8173, 3.9183, 3.9673,
         3.9855, 3.9953, 3.9997, 4.0010, 4.0010, 4.0010, 4.0010],
        [  -inf,   -inf,   -inf, 2.7567, 3.2964, 3.6341, 3.8203, 3.9214, 3.9712,
         3.9894, 3.9992, 4.0038, 4.0050, 4.0050, 4.0050, 4.0050],
        [  -inf,   -inf,   -inf, 2.7572, 3.2980, 3.6364, 3.8233, 3.9246, 3.9751,
         3.9933, 4.0032, 4.0078, 4.0091, 4.0091, 4.0091, 4.0091],
        [  -inf,   -inf,   -inf, 2.7578, 3.2995, 3.6387, 3.8263, 3.9277, 3.9789,
         3.9973, 4.0071, 4.0117, 4.0131, 4.0131, 4.0131, 4.0131],
        [  -inf,   -inf,   -inf, 2.7583, 3.3011, 3.6411, 3.8292, 3.9308, 3.9826,
         4.0010, 4.0110, 4.0156, 4.0170, 4.0170, 4.0170, 4.0170],
        [  -inf,   -inf,   -inf, 2.7588, 3.3027, 3.6434, 3.8321, 3.9339, 3.9863,
         4.0047, 4.0148, 4.0196, 4.0209, 4.0209, 4.0209, 4.0209],
        [  -inf,   -inf,   -inf, 2.7593, 3.3044, 3.6456, 3.8349, 3.9369, 3.9895,
         4.0085, 4.0185, 4.0233, 4.0249, 4.0249, 4.0249, 4.0249]])
tensor(0.0076) tensor(3.0276) (64, 7)
