tensor([[  -inf,   -inf,   -inf,   -inf,   -inf,   -inf,   -inf,   -inf,   -inf,
           -inf,   -inf,   -inf,   -inf,   -inf,   -inf,   -inf],
        [  -inf, 1.0000, 1.0000, 1.0000, 1.0000, 1.0000, 1.0000, 1.0000, 1.0000,
         1.0000, 1.0000, 1.0000, 1.0000, 1.0000, 1.0000, 1.0000],
        [  -inf,   -inf, 1.7325, 1.7325, 1.7325, 1.7325, 1.7325, 1.7325, 1.7325,
         1.7325, 1.7325, 1.7325, 1.7325, 1.7325, 1.7325, 1.7325],
        [  -inf,   -inf, 1.8183, 2.2690, 2.2690, 2.2690, 2.2690, 2.2690, 2.2690,
         2.2690, 2.2690, 2.2690, 2.2690, 2.2690, 2.2690, 2.2690],
        [  -inf,   -inf, 1.8563, 2.3548, 2.6619, 2.6619, 2.6619, 2.6619, 2.6619,
         2.6619, 2.6619, 2.6619, 2.6619, 2.6619, 2.6619, 2.6619],
        [  -inf,   -inf, 1.8774, 2.4177, 2.7478, 2.9498, 2.9498, 2.9498, 2.9498,
         2.9498, 2.9498, 2.9498, 2.9498, 2.9498, 2.9498, 2.9498],
        [  -inf,   -inf, 1.8902, 2.4806, 2.8107, 3.0356, 3.1606, 3.1606, 3.1606,
         3.1606, 3.1606, 3.1606, 3.1606, 3.1606, 3.1606, 3.1606],
        [  -inf,   -inf, 1.9005, 2.5186, 2.8736, 3.0985, 3.2464, 3.3150, 3.3150,
         3.3150, 3.3150, 3.3150, 3.3150, 3.3150, 3.3150, 3.3150],
        [  -inf,   -inf, 1.9094, 2.5464, 2.9197, 3.1614, 3.3093, 3.4009, 3.4281,
         3.4281, 3.4281, 3.4281, 3.4281, 3.4281, 3.4281, 3.4281],
        [  -inf,   -inf, 1.9161, 2.5742, 2.9657, 3.2075, 3.3722, 3.4638, 3.5140,
         3.5140, 3.5140, 3.5140, 3.5140, 3.5140, 3.5140, 3.5140],
        [  -inf,   -inf, 1.9203, 2.5953, 3.0118, 3.2536, 3.4183, 3.5267, 3.5769,
         3.5968, 3.5968, 3.5968, 3.5968, 3.5968, 3.5968, 3.5968],
        [  -inf,   -inf, 1.9251, 2.6108, 3.0498, 3.2996, 3.4644, 3.5727, 3.6398,
         3.6597, 3.6597, 3.6597, 3.6597, 3.6597, 3.6597, 3.6597],
        [  -inf,   -inf, 1.9291, 2.6263, 3.0776, 3.3376, 3.5105, 3.6188, 3.6858,
         3.7226, 3.7226, 3.7226, 3.7226, 3.7226, 3.7226, 3.7226],
        [  -inf,   -inf, 1.9315, 2.6391, 3.1054, 3.3714, 3.5484, 3.6649, 3.7319,
         3.7687, 3.7833, 3.7833, 3.7833, 3.7833, 3.7833, 3.7833],
        [  -inf,   -inf, 1.9349, 2.6494, 3.1265, 3.4051, 3.5822, 3.7029, 3.7780,
         3.8148, 3.8294, 3.8294, 3.8294, 3.8294, 3.8294, 3.8294],
        [  -inf,   -inf, 1.9379, 2.6587, 3.1469, 3.4388, 3.6159, 3.7366, 3.8160,
         3.8608, 3.8754, 3.8754, 3.8754, 3.8754, 3.8754, 3.8754],
        [  -inf,   -inf, 1.9398, 2.6681, 3.1673, 3.4726, 3.6497, 3.7703, 3.8497,
         3.8988, 3.9215, 3.9215, 3.9215, 3.9215, 3.9215, 3.9215],
        [  -inf,   -inf, 1.9425, 2.6770, 3.1876, 3.5004, 3.6834, 3.8041, 3.8835,
         3.9326, 3.9595, 3.9660, 3.9660, 3.9660, 3.9660, 3.9660],
        [  -inf,   -inf, 1.9444, 2.6845, 3.2031, 3.5282, 3.7112, 3.8378, 3.9172,
         3.9663, 3.9932, 4.0039, 4.0039, 4.0039, 4.0039, 4.0039],
        [  -inf,   -inf, 1.9454, 2.6920, 3.2186, 3.5493, 3.7390, 3.8657, 3.9509,
         4.0000, 4.0270, 4.0377, 4.0377, 4.0377, 4.0377, 4.0377],
        [  -inf,   -inf, 1.9471, 2.6994, 3.2314, 3.5697, 3.7638, 3.8935, 3.9788,
         4.0338, 4.0607, 4.0714, 4.0714, 4.0714, 4.0714, 4.0714],
        [  -inf,   -inf, 1.9477, 2.7062, 3.2427, 3.5901, 3.7885, 3.9182, 4.0066,
         4.0616, 4.0945, 4.1052, 4.1052, 4.1052, 4.1052, 4.1052],
        [  -inf,   -inf, 1.9500, 2.7126, 3.2540, 3.6105, 3.8132, 3.9429, 4.0313,
         4.0894, 4.1223, 4.1389, 4.1389, 4.1389, 4.1389, 4.1389],
        [  -inf,   -inf, 1.9510, 2.7191, 3.2653, 3.6259, 3.8379, 3.9676, 4.0560,
         4.1141, 4.1501, 4.1667, 4.1715, 4.1715, 4.1715, 4.1715],
        [  -inf,   -inf, 1.9523, 2.7241, 3.2756, 3.6414, 3.8626, 3.9923, 4.0807,
         4.1389, 4.1748, 4.1946, 4.1993, 4.1993, 4.1993, 4.1993],
        [  -inf,   -inf, 1.9538, 2.7290, 3.2850, 3.6563, 3.8837, 4.0171, 4.1054,
         4.1636, 4.1995, 4.2193, 4.2271, 4.2271, 4.2271, 4.2271],
        [  -inf,   -inf, 1.9553, 2.7332, 3.2944, 3.6712, 3.9041, 4.0382, 4.1302,
         4.1883, 4.2243, 4.2440, 4.2518, 4.2518, 4.2518, 4.2518],
        [  -inf,   -inf, 1.9564, 2.7380, 3.3032, 3.6861, 3.9245, 4.0585, 4.1513,
         4.2130, 4.2490, 4.2687, 4.2765, 4.2765, 4.2765, 4.2765],
        [  -inf,   -inf, 1.9571, 2.7420, 3.3108, 3.7011, 3.9449, 4.0789, 4.1716,
         4.2341, 4.2737, 4.2934, 4.3013, 4.3013, 4.3013, 4.3013],
        [  -inf,   -inf, 1.9582, 2.7456, 3.3183, 3.7139, 3.9603, 4.0993, 4.1920,
         4.2545, 4.2948, 4.3181, 4.3260, 4.3260, 4.3260, 4.3260],
        [  -inf,   -inf, 1.9591, 2.7488, 3.3257, 3.7252, 3.9758, 4.1174, 4.2124,
         4.2749, 4.3152, 4.3392, 4.3507, 4.3507, 4.3507, 4.3507],
        [  -inf,   -inf, 1.9600, 2.7522, 3.3325, 3.7365, 3.9907, 4.1355, 4.2305,
         4.2952, 4.3355, 4.3596, 4.3718, 4.3745, 4.3745, 4.3745],
        [  -inf,   -inf, 1.9604, 2.7555, 3.3394, 3.7479, 4.0056, 4.1536, 4.2486,
         4.3133, 4.3559, 4.3800, 4.3922, 4.3956, 4.3956, 4.3956],
        [  -inf,   -inf, 1.9616, 2.7587, 3.3463, 3.7581, 4.0206, 4.1717, 4.2667,
         4.3314, 4.3740, 4.4004, 4.4125, 4.4160, 4.4160, 4.4160],
        [  -inf,   -inf,   -inf, 2.7618, 3.3531, 3.7675, 4.0355, 4.1898, 4.2848,
         4.3496, 4.3921, 4.4185, 4.4329, 4.4364, 4.4364, 4.4364],
        [  -inf,   -inf,   -inf, 2.7647, 3.3595, 3.7769, 4.0483, 4.2079, 4.3029,
         4.3677, 4.4102, 4.4366, 4.4510, 4.4568, 4.4568, 4.4568],
        [  -inf,   -inf,   -inf, 2.7676, 3.3660, 3.7857, 4.0596, 4.2234, 4.3210,
         4.3858, 4.4283, 4.4547, 4.4691, 4.4749, 4.4749, 4.4749],
        [  -inf,   -inf,   -inf, 2.7705, 3.3715, 3.7940, 4.0709, 4.2388, 4.3365,
         4.4039, 4.4464, 4.4728, 4.4872, 4.4930, 4.4930, 4.4930],
        [  -inf,   -inf,   -inf, 2.7734, 3.3770, 3.8023, 4.0823, 4.2538, 4.3519,
         4.4193, 4.4645, 4.4909, 4.5053, 4.5111, 4.5111, 4.5111],
        [  -inf,   -inf,   -inf, 2.7763, 3.3826, 3.8106, 4.0932, 4.2687, 4.3669,
         4.4348, 4.4800, 4.5090, 4.5234, 4.5292, 4.5292, 4.5292],
        [  -inf,   -inf,   -inf, 2.7788, 3.3880, 3.8189, 4.1041, 4.2836, 4.3818,
         4.4497, 4.4955, 4.5245, 4.5415, 4.5473, 4.5473, 4.5473],
        [  -inf,   -inf,   -inf, 2.7810, 3.3934, 3.8264, 4.1151, 4.2985, 4.3967,
         4.4646, 4.5104, 4.5399, 4.5570, 4.5654, 4.5654, 4.5654],
        [  -inf,   -inf,   -inf, 2.7835, 3.3988, 3.8340, 4.1260, 4.3113, 4.4116,
         4.4796, 4.5253, 4.5548, 4.5725, 4.5809, 4.5829, 4.5829],
        [  -inf,   -inf,   -inf, 2.7856, 3.4037, 3.8414, 4.1369, 4.3227, 4.4249,
         4.4945, 4.5402, 4.5698, 4.5874, 4.5963, 4.5983, 4.5983],
        [  -inf,   -inf,   -inf, 2.7877, 3.4087, 3.8482, 4.1472, 4.3340, 4.4382,
         4.5077, 4.5552, 4.5847, 4.6023, 4.6112, 4.6138, 4.6138],
        [  -inf,   -inf,   -inf, 2.7899, 3.4134, 3.8551, 4.1566, 4.3453, 4.4514,
         4.5210, 4.5684, 4.5996, 4.6172, 4.6262, 4.6287, 4.6287],
        [  -inf,   -inf,   -inf, 2.7920, 3.4182, 3.8620, 4.1660, 4.3562, 4.4647,
         4.5343, 4.5817, 4.6129, 4.6322, 4.6411, 4.6436, 4.6436],
        [  -inf,   -inf,   -inf, 2.7940, 3.4229, 3.8687, 4.1748, 4.3672, 4.4779,
         4.5475, 4.5949, 4.6261, 4.6454, 4.6560, 4.6585, 4.6585],
        [  -inf,   -inf,   -inf, 2.7959, 3.4272, 3.8752, 4.1831, 4.3781, 4.4912,
         4.5608, 4.6082, 4.6394, 4.6587, 4.6693, 4.6735, 4.6735],
        [  -inf,   -inf,   -inf, 2.7977, 3.4319, 3.8817, 4.1914, 4.3890, 4.5045,
         4.5740, 4.6215, 4.6526, 4.6719, 4.6825, 4.6867, 4.6867],
        [  -inf,   -inf,   -inf, 2.7995, 3.4359, 3.8872, 4.1997, 4.4000, 4.5173,
         4.5873, 4.6347, 4.6659, 4.6852, 4.6958, 4.7000, 4.7000],
        [  -inf,   -inf,   -inf, 2.8013, 3.4395, 3.8927, 4.2080, 4.4102, 4.5286,
         4.6001, 4.6480, 4.6792, 4.6985, 4.7090, 4.7133, 4.7133],
        [  -inf,   -inf,   -inf, 2.8030, 3.4431, 3.8982, 4.2155, 4.4196, 4.5399,
         4.6114, 4.6608, 4.6924, 4.7117, 4.7223, 4.7265, 4.7265],
        [  -inf,   -inf,   -inf, 2.8048, 3.4468, 3.9036, 4.2230, 4.4290, 4.5512,
         4.6228, 4.6721, 4.7052, 4.7250, 4.7356, 4.7398, 4.7398],
        [  -inf,   -inf,   -inf, 2.8062, 3.4503, 3.9090, 4.2304, 4.4378, 4.5622,
         4.6341, 4.6834, 4.7166, 4.7378, 4.7488, 4.7530, 4.7530],
        [  -inf,   -inf,   -inf, 2.8077, 3.4536, 3.9144, 4.2373, 4.4461, 4.5731,
         4.6450, 4.6948, 4.7279, 4.7491, 4.7616, 4.7663, 4.7663],
        [  -inf,   -inf,   -inf, 2.8090, 3.4570, 3.9195, 4.2442, 4.4544, 4.5840,
         4.6559, 4.7057, 4.7392, 4.7604, 4.7730, 4.7791, 4.7791],
        [  -inf,   -inf,   -inf, 2.8104, 3.4602, 3.9245, 4.2510, 4.4627, 4.5950,
         4.6669, 4.7166, 4.7501, 4.7718, 4.7843, 4.7904, 4.7919],
        [  -inf,   -inf,   -inf, 2.8121, 3.4635, 3.9295, 4.2578, 4.4710, 4.6059,
         4.6778, 4.7276, 4.7611, 4.7827, 4.7956, 4.8018, 4.8032],
        [  -inf,   -inf,   -inf, 2.8135, 3.4665, 3.9346, 4.2643, 4.4790, 4.6162,
         4.6887, 4.7385, 4.7720, 4.7936, 4.8065, 4.8131, 4.8145],
        [  -inf,   -inf,   -inf, 2.8150, 3.4694, 3.9395, 4.2707, 4.4870, 4.6256,
         4.6990, 4.7494, 4.7829, 4.8046, 4.8175, 4.8240, 4.8259],
        [  -inf,   -inf,   -inf, 2.8164, 3.4723, 3.9445, 4.2768, 4.4950, 4.6349,
         4.7087, 4.7597, 4.7939, 4.8155, 4.8284, 4.8349, 4.8368],
        [  -inf,   -inf,   -inf, 2.8177, 3.4753, 3.9492, 4.2829, 4.5031, 4.6438,
         4.7184, 4.7694, 4.8041, 4.8264, 4.8393, 4.8459, 4.8477],
        [  -inf,   -inf,   -inf, 2.8190, 3.4782, 3.9540, 4.2890, 4.5111, 4.6521,
         4.7282, 4.7791, 4.8139, 4.8367, 4.8503, 4.8568, 4.8587],
        [  -inf,   -inf,   -inf, 2.8202, 3.4811, 3.9587, 4.2951, 4.5191, 4.6604,
         4.7379, 4.7888, 4.8236, 4.8464, 4.8605, 4.8677, 4.8696],
        [  -inf,   -inf,   -inf, 2.8216, 3.4837, 3.9630, 4.3011, 4.5266, 4.6687,
         4.7476, 4.7986, 4.8333, 4.8561, 4.8703, 4.8780, 4.8805],
        [  -inf,   -inf,   -inf, 2.8230, 3.4863, 3.9677, 4.3066, 4.5341, 4.6770,
         4.7573, 4.8083, 4.8430, 4.8658, 4.8800, 4.8877, 4.8908],
        [  -inf,   -inf,   -inf, 2.8242, 3.4887, 3.9718, 4.3122, 4.5415, 4.6850,
         4.7670, 4.8180, 4.8527, 4.8756, 4.8897, 4.8974, 4.9005],
        [  -inf,   -inf,   -inf, 2.8254, 3.4911, 3.9758, 4.3177, 4.5484, 4.6930,
         4.7767, 4.8277, 4.8624, 4.8853, 4.8994, 4.9072, 4.9102],
        [  -inf,   -inf,   -inf, 2.8265, 3.4936, 3.9799, 4.3231, 4.5552, 4.7010,
         4.7861, 4.8374, 4.8721, 4.8950, 4.9091, 4.9169, 4.9199],
        [  -inf,   -inf,   -inf, 2.8276, 3.4960, 3.9839, 4.3285, 4.5621, 4.7090,
         4.7955, 4.8468, 4.8819, 4.9047, 4.9188, 4.9266, 4.9297],
        [  -inf,   -inf,   -inf, 2.8287, 3.4984, 3.9879, 4.3339, 4.5689, 4.7170,
         4.8043, 4.8562, 4.8912, 4.9144, 4.9285, 4.9363, 4.9394],
        [  -inf,   -inf,   -inf, 2.8298, 3.5008, 3.9918, 4.3389, 4.5754, 4.7250,
         4.8126, 4.8650, 4.9006, 4.9238, 4.9383, 4.9460, 4.9491],
        [  -inf,   -inf,   -inf, 2.8307, 3.5031, 3.9958, 4.3439, 4.5818, 4.7325,
         4.8209, 4.8733, 4.9095, 4.9332, 4.9476, 4.9557, 4.9588],
        [  -inf,   -inf,   -inf, 2.8318, 3.5055, 3.9997, 4.3490, 4.5879, 4.7401,
         4.8292, 4.8816, 4.9177, 4.9420, 4.9570, 4.9651, 4.9685],
        [  -inf,   -inf,   -inf, 2.8328, 3.5079, 4.0037, 4.3540, 4.5940, 4.7474,
         4.8375, 4.8899, 4.9260, 4.9503, 4.9659, 4.9745, 4.9779],
        [  -inf,   -inf,   -inf, 2.8339, 3.5102, 4.0076, 4.3590, 4.6001, 4.7543,
         4.8455, 4.8982, 4.9343, 4.9586, 4.9742, 4.9833, 4.9873],
        [  -inf,   -inf,   -inf, 2.8348, 3.5126, 4.0116, 4.3639, 4.6061, 4.7612,
         4.8535, 4.9062, 4.9426, 4.9669, 4.9824, 4.9916, 4.9961],
        [  -inf,   -inf,   -inf, 2.8357, 3.5148, 4.0152, 4.3687, 4.6122, 4.7680,
         4.8615, 4.9142, 4.9506, 4.9752, 4.9907, 4.9999, 5.0044],
        [  -inf,   -inf,   -inf, 2.8367, 3.5171, 4.0189, 4.3734, 4.6177, 4.7748,
         4.8695, 4.9222, 4.9586, 4.9832, 4.9990, 5.0082, 5.0127],
        [  -inf,   -inf,   -inf, 2.8377, 3.5192, 4.0225, 4.3782, 4.6232, 4.7813,
         4.8775, 4.9302, 4.9667, 4.9912, 5.0070, 5.0165, 5.0210],
        [  -inf,   -inf,   -inf, 2.8386, 3.5214, 4.0261, 4.3824, 4.6288, 4.7878,
         4.8855, 4.9382, 4.9747, 4.9992, 5.0150, 5.0245, 5.0293],
        [  -inf,   -inf,   -inf, 2.8395, 3.5235, 4.0295, 4.3872, 4.6342, 4.7938,
         4.8931, 4.9462, 4.9827, 5.0072, 5.0231, 5.0325, 5.0373],
        [  -inf,   -inf,   -inf, 2.8404, 3.5257, 4.0330, 4.3912, 4.6396, 4.7999,
         4.9006, 4.9538, 4.9907, 5.0152, 5.0311, 5.0405, 5.0453],
        [  -inf,   -inf,   -inf, 2.8413, 3.5278, 4.0365, 4.3953, 4.6450, 4.8060,
         4.9080, 4.9613, 4.9982, 5.0232, 5.0391, 5.0485, 5.0533],
        [  -inf,   -inf,   -inf, 2.8422, 3.5299, 4.0400, 4.3993, 4.6500, 4.8121,
         4.9149, 4.9687, 5.0057, 5.0308, 5.0471, 5.0565, 5.0613],
        [  -inf,   -inf,   -inf, 2.8431, 3.5320, 4.0432, 4.4033, 4.6550, 4.8181,
         4.9217, 4.9758, 5.0131, 5.0383, 5.0546, 5.0645, 5.0693],
        [  -inf,   -inf,   -inf, 2.8440, 3.5340, 4.0466, 4.4073, 4.6601, 4.8240,
         4.9286, 4.9829, 5.0202, 5.0457, 5.0621, 5.0721, 5.0773],
        [  -inf,   -inf,   -inf, 2.8449, 3.5359, 4.0498, 4.4113, 4.6651, 4.8299,
         4.9354, 4.9900, 5.0273, 5.0528, 5.0695, 5.0796, 5.0849],
        [  -inf,   -inf,   -inf, 2.8457, 3.5377, 4.0531, 4.4152, 4.6701, 4.8357,
         4.9418, 4.9971, 5.0345, 5.0599, 5.0766, 5.0870, 5.0924],
        [  -inf,   -inf,   -inf, 2.8465, 3.5395, 4.0561, 4.4192, 4.6750, 4.8416,
         4.9483, 5.0042, 5.0416, 5.0670, 5.0837, 5.0941, 5.0998],
        [  -inf,   -inf,   -inf, 2.8473, 3.5413, 4.0590, 4.4231, 4.6798, 4.8475,
         4.9544, 5.0113, 5.0487, 5.0741, 5.0909, 5.1012, 5.1069],
        [  -inf,   -inf,   -inf, 2.8481, 3.5431, 4.0619, 4.4271, 4.6845, 4.8533,
         4.9605, 5.0185, 5.0558, 5.0812, 5.0980, 5.1083, 5.1140],
        [  -inf,   -inf,   -inf, 2.8489, 3.5449, 4.0649, 4.4310, 4.6892, 4.8592,
         4.9665, 5.0256, 5.0629, 5.0884, 5.1051, 5.1154, 5.1211],
        [  -inf,   -inf,   -inf, 2.8497, 3.5466, 4.0678, 4.4347, 4.6937, 4.8647,
         4.9726, 5.0327, 5.0700, 5.0955, 5.1122, 5.1225, 5.1282],
        [  -inf,   -inf,   -inf, 2.8505, 3.5483, 4.0707, 4.4384, 4.6983, 4.8702,
         4.9787, 5.0396, 5.0771, 5.1026, 5.1193, 5.1297, 5.1353],
        [  -inf,   -inf,   -inf, 2.8513, 3.5499, 4.0733, 4.4421, 4.7027, 4.8757,
         4.9846, 5.0464, 5.0840, 5.1097, 5.1264, 5.1368, 5.1425],
        [  -inf,   -inf,   -inf, 2.8520, 3.5515, 4.0760, 4.4458, 4.7072, 4.8811,
         4.9904, 5.0533, 5.0909, 5.1166, 5.1335, 5.1439, 5.1496],
        [  -inf,   -inf,   -inf, 2.8528, 3.5530, 4.0787, 4.4495, 4.7116, 4.8865,
         4.9963, 5.0601, 5.0978, 5.1234, 5.1404, 5.1510, 5.1567],
        [  -inf,   -inf,   -inf, 2.8535, 3.5546, 4.0813, 4.4531, 4.7161, 4.8919,
         5.0021, 5.0665, 5.1045, 5.1303, 5.1473, 5.1579, 5.1638],
        [  -inf,   -inf,   -inf, 2.8542, 3.5562, 4.0839, 4.4567, 4.7205, 4.8970,
         5.0080, 5.0730, 5.1110, 5.1371, 5.1542, 5.1647, 5.1707],
        [  -inf,   -inf,   -inf, 2.8549, 3.5577, 4.0866, 4.4604, 4.7250, 4.9020,
         5.0139, 5.0791, 5.1175, 5.1436, 5.1609, 5.1716, 5.1775],
        [  -inf,   -inf,   -inf, 2.8555, 3.5591, 4.0890, 4.4639, 4.7290, 4.9070,
         5.0197, 5.0852, 5.1235, 5.1500, 5.1674, 5.1784, 5.1844],
        [  -inf,   -inf,   -inf, 2.8562, 3.5606, 4.0914, 4.4674, 4.7330, 4.9121,
         5.0253, 5.0913, 5.1296, 5.1561, 5.1739, 5.1849, 5.1912],
        [  -inf,   -inf,   -inf, 2.8569, 3.5620, 4.0938, 4.4709, 4.7371, 4.9170,
         5.0308, 5.0973, 5.1357, 5.1622, 5.1799, 5.1913, 5.1977],
        [  -inf,   -inf,   -inf, 2.8575, 3.5635, 4.0962, 4.4744, 4.7411, 4.9220,
         5.0363, 5.1034, 5.1418, 5.1683, 5.1860, 5.1974, 5.2041],
        [  -inf,   -inf,   -inf, 2.8581, 3.5650, 4.0986, 4.4778, 4.7451, 4.9267,
         5.0417, 5.1093, 5.1478, 5.1743, 5.1921, 5.2035, 5.2102],
        [  -inf,   -inf,   -inf, 2.8587, 3.5664, 4.1010, 4.4811, 4.7490, 4.9315,
         5.0471, 5.1151, 5.1537, 5.1804, 5.1982, 5.2096, 5.2163],
        [  -inf,   -inf,   -inf, 2.8592, 3.5679, 4.1034, 4.4844, 4.7530, 4.9362,
         5.0525, 5.1210, 5.1596, 5.1863, 5.2042, 5.2156, 5.2224],
        [  -inf,   -inf,   -inf, 2.8598, 3.5693, 4.1058, 4.4877, 4.7570, 4.9407,
         5.0575, 5.1269, 5.1654, 5.1921, 5.2101, 5.2217, 5.2284],
        [  -inf,   -inf,   -inf, 2.8603, 3.5707, 4.1082, 4.4910, 4.7609, 4.9452,
         5.0626, 5.1327, 5.1713, 5.1980, 5.2160, 5.2276, 5.2345],
        [  -inf,   -inf,   -inf, 2.8608, 3.5721, 4.1105, 4.4940, 4.7649, 4.9497,
         5.0676, 5.1386, 5.1772, 5.2039, 5.2218, 5.2334, 5.2404],
        [  -inf,   -inf,   -inf, 2.8612, 3.5734, 4.1129, 4.4970, 4.7688, 4.9541,
         5.0726, 5.1445, 5.1830, 5.2097, 5.2277, 5.2393, 5.2462],
        [  -inf,   -inf,   -inf, 2.8617, 3.5748, 4.1151, 4.4999, 4.7725, 4.9586,
         5.0776, 5.1500, 5.1889, 5.2156, 5.2336, 5.2452, 5.2521],
        [  -inf,   -inf,   -inf, 2.8621, 3.5761, 4.1173, 4.5029, 4.7762, 4.9630,
         5.0825, 5.1555, 5.1944, 5.2215, 5.2394, 5.2510, 5.2580],
        [  -inf,   -inf,   -inf, 2.8625, 3.5774, 4.1195, 4.5058, 4.7799, 4.9675,
         5.0873, 5.1610, 5.1999, 5.2270, 5.2453, 5.2569, 5.2638],
        [  -inf,   -inf,   -inf, 2.8629, 3.5788, 4.1216, 4.5088, 4.7836, 4.9719,
         5.0920, 5.1664, 5.2054, 5.2325, 5.2508, 5.2628, 5.2697],
        [  -inf,   -inf,   -inf, 2.8633, 3.5801, 4.1237, 4.5117, 4.7873, 4.9760,
         5.0968, 5.1718, 5.2108, 5.2380, 5.2563, 5.2683, 5.2756],
        [  -inf,   -inf,   -inf, 2.8637, 3.5814, 4.1259, 4.5146, 4.7909, 4.9800,
         5.1012, 5.1772, 5.2163, 5.2434, 5.2618, 5.2738, 5.2811],
        [  -inf,   -inf,   -inf, 2.8641, 3.5827, 4.1280, 4.5175, 4.7945, 4.9841,
         5.1058, 5.1822, 5.2217, 5.2488, 5.2673, 5.2793, 5.2866],
        [  -inf,   -inf,   -inf, 2.8644, 3.5840, 4.1302, 4.5205, 4.7982, 4.9881,
         5.1102, 5.1873, 5.2269, 5.2542, 5.2727, 5.2847, 5.2921],
        [  -inf,   -inf,   -inf, 2.8648, 3.5853, 4.1323, 4.5234, 4.8017, 4.9921,
         5.1147, 5.1923, 5.2321, 5.2594, 5.2781, 5.2901, 5.2975],
        [  -inf,   -inf,   -inf, 2.8651, 3.5866, 4.1343, 4.5263, 4.8052, 4.9960,
         5.1191, 5.1973, 5.2373, 5.2646, 5.2833, 5.2955, 5.3029],
        [  -inf,   -inf,   -inf, 2.8654, 3.5879, 4.1362, 4.5292, 4.8087, 5.0000,
         5.1236, 5.2023, 5.2425, 5.2698, 5.2885, 5.3007, 5.3083],
        [  -inf,   -inf,   -inf, 2.8658, 3.5892, 4.1381, 4.5321, 4.8121, 5.0039,
         5.1280, 5.2073, 5.2477, 5.2751, 5.2937, 5.3059, 5.3135],
        [  -inf,   -inf,   -inf, 2.8661, 3.5904, 4.1400, 4.5350, 4.8156, 5.0079,
         5.1325, 5.2120, 5.2529, 5.2803, 5.2989, 5.3112, 5.3187],
        [  -inf,   -inf,   -inf, 2.8663, 3.5917, 4.1419, 4.5379, 4.8189, 5.0119,
         5.1368, 5.2167, 5.2581, 5.2855, 5.3041, 5.3164, 5.3239],
        [  -inf,   -inf,   -inf, 2.8666, 3.5930, 4.1437, 4.5408, 4.8222, 5.0158,
         5.1411, 5.2215, 5.2633, 5.2907, 5.3093, 5.3216, 5.3292],
        [  -inf,   -inf,   -inf, 2.8669, 3.5941, 4.1455, 4.5436, 4.8255, 5.0195,
         5.1454, 5.2259, 5.2686, 5.2959, 5.3145, 5.3268, 5.3344]])
tensor(0.0060) tensor(3.8594) (64, 10)
