tensor([[   -inf,    -inf,    -inf,    -inf,    -inf,    -inf,    -inf,    -inf,
            -inf,    -inf,    -inf,    -inf,    -inf,    -inf,    -inf,    -inf],
        [   -inf,  1.0000,  1.0000,  1.0000,  1.0000,  1.0000,  1.0000,  1.0000,
          1.0000,  1.0000,  1.0000,  1.0000,  1.0000,  1.0000,  1.0000,  1.0000],
        [   -inf,    -inf,  1.8563,  1.8563,  1.8563,  1.8563,  1.8563,  1.8563,
          1.8563,  1.8563,  1.8563,  1.8563,  1.8563,  1.8563,  1.8563,  1.8563],
        [   -inf,    -inf,  1.9203,  2.5897,  2.5897,  2.5897,  2.5897,  2.5897,
          2.5897,  2.5897,  2.5897,  2.5897,  2.5897,  2.5897,  2.5897,  2.5897],
        [   -inf,    -inf,  1.9446,  2.6536,  3.2176,  3.2176,  3.2176,  3.2176,
          3.2176,  3.2176,  3.2176,  3.2176,  3.2176,  3.2176,  3.2176,  3.2176],
        [   -inf,    -inf,  1.9582,  2.7083,  3.2815,  3.7554,  3.7554,  3.7554,
          3.7554,  3.7554,  3.7554,  3.7554,  3.7554,  3.7554,  3.7554,  3.7554],
        [   -inf,    -inf,  1.9660,  2.7630,  3.3363,  3.8193,  4.2159,  4.2159,
          4.2159,  4.2159,  4.2159,  4.2159,  4.2159,  4.2159,  4.2159,  4.2159],
        [   -inf,    -inf,  1.9715,  2.7874,  3.3910,  3.8740,  4.2798,  4.6102,
          4.6102,  4.6102,  4.6102,  4.6102,  4.6102,  4.6102,  4.6102,  4.6102],
        [   -inf,    -inf,  1.9763,  2.8083,  3.4379,  3.9288,  4.3345,  4.6741,
          4.9479,  4.9479,  4.9479,  4.9479,  4.9479,  4.9479,  4.9479,  4.9479],
        [   -inf,    -inf,  1.9794,  2.8292,  3.4848,  3.9756,  4.3893,  4.7289,
          5.0118,  5.2371,  5.2371,  5.2371,  5.2371,  5.2371,  5.2371,  5.2371],
        [   -inf,    -inf,  1.9815,  2.8427,  3.5316,  4.0225,  4.4361,  4.7836,
          5.0666,  5.3010,  5.4847,  5.4847,  5.4847,  5.4847,  5.4847,  5.4847],
        [   -inf,    -inf,  1.9837,  2.8543,  3.5560,  4.0694,  4.4830,  4.8305,
          5.1213,  5.3558,  5.5487,  5.6968,  5.6968,  5.6968,  5.6968,  5.6968],
        [   -inf,    -inf,  1.9851,  2.8659,  3.5769,  4.1095,  4.5299,  4.8774,
          5.1682,  5.4105,  5.6034,  5.7607,  5.8784,  5.8784,  5.8784,  5.8784],
        [   -inf,    -inf,  1.9866,  2.8737,  3.5978,  4.1497,  4.5700,  4.9242,
          5.2151,  5.4574,  5.6581,  5.8155,  5.9423,  6.0339,  6.0339,  6.0339],
        [   -inf,    -inf,  1.9876,  2.8804,  3.6157,  4.1898,  4.6102,  4.9644,
          5.2619,  5.5042,  5.7050,  5.8702,  5.9971,  6.0978,  6.1671,  6.1671],
        [   -inf,    -inf,  1.9887,  2.8871,  3.6336,  4.2299,  4.6503,  5.0045,
          5.3021,  5.5511,  5.7519,  5.9171,  6.0518,  6.1526,  6.2310,  6.2811],
        [   -inf,    -inf,  1.9895,  2.8926,  3.6514,  4.2543,  4.6904,  5.0446,
          5.3422,  5.5912,  5.7987,  5.9639,  6.0987,  6.2073,  6.2857,  6.3450],
        [   -inf,    -inf,  1.9903,  2.8974,  3.6650,  4.2752,  4.7248,  5.0848,
          5.3823,  5.6314,  5.8389,  6.0108,  6.1455,  6.2542,  6.3405,  6.3998],
        [   -inf,    -inf,  1.9909,  2.9021,  3.6765,  4.2961,  4.7592,  5.1192,
          5.4225,  5.6715,  5.8790,  6.0509,  6.1924,  6.3010,  6.3873,  6.4545],
        [   -inf,    -inf,  1.9914,  2.9068,  3.6881,  4.3140,  4.7936,  5.1535,
          5.4569,  5.7117,  5.9192,  6.0911,  6.2325,  6.3479,  6.4342,  6.5014],
        [   -inf,    -inf,  1.9918,  2.9109,  3.6980,  4.3319,  4.8279,  5.1879,
          5.4912,  5.7460,  5.9593,  6.1312,  6.2727,  6.3881,  6.4811,  6.5482],
        [   -inf,    -inf,  1.9922,  2.9150,  3.7079,  4.3498,  4.8623,  5.2223,
          5.5256,  5.7804,  5.9937,  6.1714,  6.3128,  6.4282,  6.5212,  6.5951],
        [   -inf,    -inf,  1.9925,  2.9191,  3.7178,  4.3651,  4.8867,  5.2566,
          5.5600,  5.8148,  6.0280,  6.2057,  6.3530,  6.4683,  6.5614,  6.6353],
        [   -inf,    -inf,  1.9928,  2.9222,  3.7257,  4.3804,  4.9076,  5.2861,
          5.5943,  5.8491,  6.0624,  6.2401,  6.3873,  6.5085,  6.6015,  6.6754],
        [   -inf,    -inf,  1.9932,  2.9248,  3.7324,  4.3957,  4.9285,  5.3155,
          5.6238,  5.8835,  6.0968,  6.2745,  6.4217,  6.5428,  6.6416,  6.7155],
        [   -inf,    -inf,  1.9935,  2.9275,  3.7391,  4.4110,  4.9463,  5.3449,
          5.6532,  5.9130,  6.1312,  6.3088,  6.4561,  6.5772,  6.6760,  6.7557],
        [   -inf,    -inf,  1.9938,  2.9296,  3.7448,  4.4245,  4.9642,  5.3744,
          5.6826,  5.9424,  6.1606,  6.3432,  6.4904,  6.6116,  6.7104,  6.7900],
        [   -inf,    -inf,  1.9940,  2.9318,  3.7506,  4.4361,  4.9821,  5.4038,
          5.7121,  5.9718,  6.1900,  6.3727,  6.5248,  6.6460,  6.7447,  6.8244],
        [   -inf,    -inf,  1.9944,  2.9336,  3.7563,  4.4477,  4.9974,  5.4332,
          5.7415,  6.0013,  6.2195,  6.4021,  6.5542,  6.6803,  6.7791,  6.8588],
        [   -inf,    -inf,  1.9946,  2.9354,  3.7618,  4.4576,  5.0127,  5.4576,
          5.7709,  6.0307,  6.2489,  6.4315,  6.5837,  6.7098,  6.8135,  6.8932],
        [   -inf,    -inf,  1.9949,  2.9373,  3.7666,  4.4675,  5.0281,  5.4785,
          5.7961,  6.0601,  6.2783,  6.4610,  6.6131,  6.7392,  6.8429,  6.9275],
        [   -inf,    -inf,  1.9951,  2.9391,  3.7713,  4.4774,  5.0434,  5.4994,
          5.8214,  6.0853,  6.3078,  6.4904,  6.6425,  6.7686,  6.8724,  6.9570],
        [   -inf,    -inf,  1.9953,  2.9407,  3.7760,  4.4859,  5.0569,  5.5173,
          5.8466,  6.1105,  6.3330,  6.5198,  6.6720,  6.7981,  6.9018,  6.9864],
        [   -inf,    -inf,  1.9954,  2.9422,  3.7801,  4.4944,  5.0700,  5.5352,
          5.8718,  6.1357,  6.3582,  6.5450,  6.7014,  6.8275,  6.9312,  7.0158],
        [   -inf,    -inf,    -inf,  2.9437,  3.7842,  4.5029,  5.0831,  5.5531,
          5.8970,  6.1609,  6.3834,  6.5702,  6.7266,  6.8569,  6.9607,  7.0453],
        [   -inf,    -inf,    -inf,  2.9452,  3.7883,  4.5113,  5.0962,  5.5684,
          5.9222,  6.1861,  6.4086,  6.5954,  6.7518,  6.8821,  6.9901,  7.0747],
        [   -inf,    -inf,    -inf,  2.9465,  3.7923,  4.5192,  5.1093,  5.5837,
          5.9474,  6.2114,  6.4338,  6.6206,  6.7770,  6.9073,  7.0153,  7.1041],
        [   -inf,    -inf,    -inf,  2.9477,  3.7963,  4.5259,  5.1225,  5.5990,
          5.9718,  6.2366,  6.4590,  6.6458,  6.8022,  6.9325,  7.0405,  7.1293],
        [   -inf,    -inf,    -inf,  2.9490,  3.8003,  4.5326,  5.1340,  5.6143,
          5.9927,  6.2609,  6.4842,  6.6711,  6.8274,  6.9577,  7.0657,  7.1545],
        [   -inf,    -inf,    -inf,  2.9503,  3.8039,  4.5383,  5.1456,  5.6278,
          6.0135,  6.2825,  6.5086,  6.6963,  6.8526,  6.9830,  7.0909,  7.1797],
        [   -inf,    -inf,    -inf,  2.9513,  3.8074,  4.5441,  5.1555,  5.6410,
          6.0314,  6.3041,  6.5302,  6.7206,  6.8779,  7.0082,  7.1161,  7.2050],
        [   -inf,    -inf,    -inf,  2.9523,  3.8109,  4.5498,  5.1654,  5.6541,
          6.0493,  6.3257,  6.5518,  6.7422,  6.9022,  7.0334,  7.1413,  7.2302],
        [   -inf,    -inf,    -inf,  2.9532,  3.8144,  4.5553,  5.1753,  5.6672,
          6.0672,  6.3473,  6.5733,  6.7638,  6.9238,  7.0578,  7.1665,  7.2554],
        [   -inf,    -inf,    -inf,  2.9541,  3.8179,  4.5602,  5.1838,  5.6803,
          6.0825,  6.3689,  6.5949,  6.7854,  6.9454,  7.0793,  7.1909,  7.2806],
        [   -inf,    -inf,    -inf,  2.9549,  3.8214,  4.5651,  5.1923,  5.6934,
          6.0978,  6.3905,  6.6165,  6.8070,  6.9670,  7.1009,  7.2125,  7.3050],
        [   -inf,    -inf,    -inf,  2.9558,  3.8245,  4.5701,  5.2008,  5.7050,
          6.1131,  6.4120,  6.6381,  6.8286,  6.9886,  7.1225,  7.2341,  7.3265],
        [   -inf,    -inf,    -inf,  2.9567,  3.8271,  4.5750,  5.2093,  5.7166,
          6.1285,  6.4336,  6.6597,  6.8502,  7.0102,  7.1441,  7.2557,  7.3481],
        [   -inf,    -inf,    -inf,  2.9575,  3.8298,  4.5798,  5.2171,  5.7278,
          6.1420,  6.4545,  6.6813,  6.8717,  7.0318,  7.1657,  7.2773,  7.3697],
        [   -inf,    -inf,    -inf,  2.9584,  3.8320,  4.5845,  5.2244,  5.7390,
          6.1551,  6.4754,  6.7021,  6.8933,  7.0533,  7.1873,  7.2988,  7.3913],
        [   -inf,    -inf,    -inf,  2.9592,  3.8343,  4.5892,  5.2317,  5.7503,
          6.1682,  6.4933,  6.7230,  6.9142,  7.0749,  7.2088,  7.3204,  7.4129],
        [   -inf,    -inf,    -inf,  2.9599,  3.8366,  4.5933,  5.2389,  5.7615,
          6.1813,  6.5112,  6.7415,  6.9351,  7.0958,  7.2304,  7.3420,  7.4345],
        [   -inf,    -inf,    -inf,  2.9606,  3.8387,  4.5974,  5.2462,  5.7727,
          6.1944,  6.5290,  6.7600,  6.9536,  7.1167,  7.2513,  7.3636,  7.4560],
        [   -inf,    -inf,    -inf,  2.9613,  3.8409,  4.6015,  5.2535,  5.7839,
          6.2075,  6.5444,  6.7785,  6.9721,  7.1352,  7.2722,  7.3845,  7.4776],
        [   -inf,    -inf,    -inf,  2.9621,  3.8427,  4.6055,  5.2602,  5.7939,
          6.2191,  6.5597,  6.7970,  6.9905,  7.1537,  7.2907,  7.4054,  7.4985],
        [   -inf,    -inf,    -inf,  2.9627,  3.8445,  4.6095,  5.2669,  5.8038,
          6.2307,  6.5750,  6.8154,  7.0090,  7.1721,  7.3092,  7.4239,  7.5194],
        [   -inf,    -inf,    -inf,  2.9632,  3.8464,  4.6135,  5.2726,  5.8137,
          6.2419,  6.5903,  6.8339,  7.0275,  7.1906,  7.3276,  7.4423,  7.5379],
        [   -inf,    -inf,    -inf,  2.9637,  3.8482,  4.6170,  5.2784,  5.8222,
          6.2532,  6.6038,  6.8524,  7.0460,  7.2091,  7.3461,  7.4608,  7.5564],
        [   -inf,    -inf,    -inf,  2.9643,  3.8498,  4.6206,  5.2841,  5.8306,
          6.2644,  6.6169,  6.8709,  7.0645,  7.2276,  7.3646,  7.4793,  7.5749],
        [   -inf,    -inf,    -inf,  2.9648,  3.8514,  4.6241,  5.2896,  5.8391,
          6.2756,  6.6301,  6.8894,  7.0830,  7.2461,  7.3831,  7.4978,  7.5933],
        [   -inf,    -inf,    -inf,  2.9653,  3.8530,  4.6276,  5.2945,  5.8476,
          6.2868,  6.6432,  6.9073,  7.1014,  7.2646,  7.4016,  7.5163,  7.6118],
        [   -inf,    -inf,    -inf,  2.9657,  3.8546,  4.6311,  5.2994,  5.8555,
          6.2981,  6.6563,  6.9252,  7.1193,  7.2830,  7.4201,  7.5348,  7.6303],
        [   -inf,    -inf,    -inf,  2.9661,  3.8561,  4.6346,  5.3043,  5.8627,
          6.3080,  6.6694,  6.9430,  7.1372,  7.3009,  7.4385,  7.5532,  7.6488],
        [   -inf,    -inf,    -inf,  2.9666,  3.8577,  4.6380,  5.3093,  5.8700,
          6.3179,  6.6810,  6.9584,  7.1551,  7.3188,  7.4564,  7.5717,  7.6673],
        [   -inf,    -inf,    -inf,  2.9670,  3.8592,  4.6415,  5.3140,  5.8773,
          6.3278,  6.6925,  6.9737,  7.1709,  7.3367,  7.4743,  7.5896,  7.6858],
        [   -inf,    -inf,    -inf,  2.9674,  3.8608,  4.6449,  5.3187,  5.8845,
          6.3374,  6.7038,  6.9890,  7.1868,  7.3525,  7.4922,  7.6075,  7.7036],
        [   -inf,    -inf,    -inf,  2.9678,  3.8622,  4.6483,  5.3234,  5.8918,
          6.3470,  6.7150,  7.0043,  7.2026,  7.3684,  7.5080,  7.6254,  7.7215],
        [   -inf,    -inf,    -inf,  2.9681,  3.8637,  4.6514,  5.3277,  5.8985,
          6.3567,  6.7262,  7.0178,  7.2184,  7.3842,  7.5239,  7.6412,  7.7394],
        [   -inf,    -inf,    -inf,  2.9685,  3.8651,  4.6545,  5.3319,  5.9052,
          6.3663,  6.7375,  7.0309,  7.2342,  7.4000,  7.5397,  7.6570,  7.7552],
        [   -inf,    -inf,    -inf,  2.9689,  3.8664,  4.6575,  5.3361,  5.9114,
          6.3759,  6.7487,  7.0440,  7.2501,  7.4158,  7.5555,  7.6729,  7.7711],
        [   -inf,    -inf,    -inf,  2.9692,  3.8678,  4.6605,  5.3403,  5.9176,
          6.3855,  6.7599,  7.0572,  7.2659,  7.4317,  7.5713,  7.6887,  7.7869],
        [   -inf,    -inf,    -inf,  2.9696,  3.8691,  4.6635,  5.3445,  5.9239,
          6.3951,  6.7698,  7.0703,  7.2817,  7.4475,  7.5872,  7.7045,  7.8027],
        [   -inf,    -inf,    -inf,  2.9699,  3.8704,  4.6665,  5.3486,  5.9301,
          6.4036,  6.7798,  7.0834,  7.2976,  7.4633,  7.6030,  7.7203,  7.8186],
        [   -inf,    -inf,    -inf,  2.9703,  3.8718,  4.6695,  5.3527,  5.9363,
          6.4121,  6.7897,  7.0950,  7.3134,  7.4792,  7.6188,  7.7362,  7.8344],
        [   -inf,    -inf,    -inf,  2.9706,  3.8731,  4.6725,  5.3568,  5.9425,
          6.4206,  6.7993,  7.1065,  7.3287,  7.4950,  7.6347,  7.7520,  7.8502],
        [   -inf,    -inf,    -inf,  2.9710,  3.8743,  4.6755,  5.3608,  5.9483,
          6.4291,  6.8089,  7.1178,  7.3440,  7.5103,  7.6505,  7.7678,  7.8660],
        [   -inf,    -inf,    -inf,  2.9713,  3.8756,  4.6785,  5.3648,  5.9540,
          6.4369,  6.8185,  7.1290,  7.3593,  7.5256,  7.6658,  7.7837,  7.8819],
        [   -inf,    -inf,    -inf,  2.9716,  3.8768,  4.6815,  5.3689,  5.9598,
          6.4442,  6.8281,  7.1402,  7.3746,  7.5409,  7.6811,  7.7990,  7.8977],
        [   -inf,    -inf,    -inf,  2.9719,  3.8779,  4.6841,  5.3724,  5.9653,
          6.4514,  6.8378,  7.1515,  7.3882,  7.5562,  7.6964,  7.8143,  7.9130],
        [   -inf,    -inf,    -inf,  2.9722,  3.8791,  4.6868,  5.3759,  5.9702,
          6.4587,  6.8474,  7.1627,  7.4013,  7.5698,  7.7117,  7.8296,  7.9283],
        [   -inf,    -inf,    -inf,  2.9725,  3.8801,  4.6890,  5.3794,  5.9751,
          6.4660,  6.8570,  7.1739,  7.4144,  7.5833,  7.7253,  7.8449,  7.9436],
        [   -inf,    -inf,    -inf,  2.9728,  3.8812,  4.6913,  5.3829,  5.9800,
          6.4732,  6.8655,  7.1838,  7.4275,  7.5969,  7.7389,  7.8585,  7.9590],
        [   -inf,    -inf,    -inf,  2.9731,  3.8823,  4.6936,  5.3864,  5.9849,
          6.4800,  6.8740,  7.1937,  7.4406,  7.6105,  7.7524,  7.8720,  7.9725],
        [   -inf,    -inf,    -inf,  2.9734,  3.8834,  4.6957,  5.3899,  5.9897,
          6.4867,  6.8824,  7.2037,  7.4537,  7.6240,  7.7660,  7.8856,  7.9861],
        [   -inf,    -inf,    -inf,  2.9736,  3.8844,  4.6978,  5.3934,  5.9944,
          6.4929,  6.8909,  7.2133,  7.4653,  7.6376,  7.7795,  7.8991,  7.9996],
        [   -inf,    -inf,    -inf,  2.9739,  3.8854,  4.6998,  5.3968,  5.9991,
          6.4991,  6.8992,  7.2229,  7.4769,  7.6511,  7.7931,  7.9127,  8.0132],
        [   -inf,    -inf,    -inf,  2.9742,  3.8863,  4.7017,  5.4002,  6.0033,
          6.5053,  6.9074,  7.2325,  7.4881,  7.6647,  7.8066,  7.9262,  8.0267],
        [   -inf,    -inf,    -inf,  2.9745,  3.8872,  4.7037,  5.4037,  6.0075,
          6.5116,  6.9156,  7.2421,  7.4993,  7.6782,  7.8202,  7.9398,  8.0403],
        [   -inf,    -inf,    -inf,  2.9748,  3.8880,  4.7056,  5.4068,  6.0117,
          6.5178,  6.9239,  7.2517,  7.5106,  7.6918,  7.8337,  7.9534,  8.0538],
        [   -inf,    -inf,    -inf,  2.9750,  3.8889,  4.7075,  5.4098,  6.0160,
          6.5240,  6.9321,  7.2614,  7.5218,  7.7053,  7.8473,  7.9669,  8.0674],
        [   -inf,    -inf,    -inf,  2.9752,  3.8898,  4.7093,  5.4128,  6.0202,
          6.5297,  6.9403,  7.2710,  7.5330,  7.7189,  7.8608,  7.9805,  8.0809],
        [   -inf,    -inf,    -inf,  2.9755,  3.8906,  4.7112,  5.4158,  6.0243,
          6.5355,  6.9486,  7.2795,  7.5443,  7.7320,  7.8744,  7.9940,  8.0945],
        [   -inf,    -inf,    -inf,  2.9757,  3.8914,  4.7130,  5.4188,  6.0284,
          6.5412,  6.9568,  7.2879,  7.5542,  7.7451,  7.8875,  8.0075,  8.1081],
        [   -inf,    -inf,    -inf,  2.9760,  3.8923,  4.7146,  5.4218,  6.0325,
          6.5467,  6.9647,  7.2964,  7.5641,  7.7582,  7.9006,  8.0206,  8.1216],
        [   -inf,    -inf,    -inf,  2.9762,  3.8930,  4.7162,  5.4248,  6.0365,
          6.5520,  6.9719,  7.3049,  7.5740,  7.7713,  7.9137,  8.0338,  8.1347],
        [   -inf,    -inf,    -inf,  2.9764,  3.8938,  4.7177,  5.4278,  6.0405,
          6.5574,  6.9792,  7.3132,  7.5836,  7.7844,  7.9268,  8.0469,  8.1478],
        [   -inf,    -inf,    -inf,  2.9767,  3.8945,  4.7193,  5.4308,  6.0445,
          6.5627,  6.9865,  7.3214,  7.5932,  7.7960,  7.9399,  8.0600,  8.1609],
        [   -inf,    -inf,    -inf,  2.9769,  3.8953,  4.7209,  5.4338,  6.0481,
          6.5680,  6.9937,  7.3296,  7.6028,  7.8076,  7.9515,  8.0731,  8.1740],
        [   -inf,    -inf,    -inf,  2.9771,  3.8960,  4.7225,  5.4368,  6.0517,
          6.5734,  7.0010,  7.3379,  7.6125,  7.8188,  7.9632,  8.0847,  8.1871],
        [   -inf,    -inf,    -inf,  2.9774,  3.8968,  4.7240,  5.4397,  6.0554,
          6.5787,  7.0077,  7.3461,  7.6221,  7.8300,  7.9748,  8.0963,  8.1987],
        [   -inf,    -inf,    -inf,  2.9776,  3.8975,  4.7255,  5.4427,  6.0590,
          6.5840,  7.0144,  7.3543,  7.6317,  7.8413,  7.9864,  8.1079,  8.2104],
        [   -inf,    -inf,    -inf,  2.9778,  3.8982,  4.7270,  5.4456,  6.0626,
          6.5889,  7.0206,  7.3626,  7.6413,  7.8525,  7.9980,  8.1195,  8.2220],
        [   -inf,    -inf,    -inf,  2.9780,  3.8990,  4.7285,  5.4486,  6.0662,
          6.5939,  7.0268,  7.3708,  7.6498,  7.8637,  8.0096,  8.1311,  8.2336],
        [   -inf,    -inf,    -inf,  2.9782,  3.8997,  4.7299,  5.4515,  6.0697,
          6.5988,  7.0331,  7.3786,  7.6583,  7.8750,  8.0212,  8.1427,  8.2452],
        [   -inf,    -inf,    -inf,  2.9784,  3.9005,  4.7313,  5.4542,  6.0732,
          6.6037,  7.0393,  7.3859,  7.6668,  7.8849,  8.0328,  8.1544,  8.2568],
        [   -inf,    -inf,    -inf,  2.9786,  3.9012,  4.7326,  5.4568,  6.0767,
          6.6085,  7.0455,  7.3932,  7.6753,  7.8948,  8.0444,  8.1660,  8.2684],
        [   -inf,    -inf,    -inf,  2.9788,  3.9019,  4.7340,  5.4594,  6.0802,
          6.6132,  7.0517,  7.4004,  7.6835,  7.9047,  8.0560,  8.1776,  8.2800],
        [   -inf,    -inf,    -inf,  2.9790,  3.9026,  4.7353,  5.4620,  6.0837,
          6.6179,  7.0575,  7.4077,  7.6917,  7.9143,  8.0676,  8.1892,  8.2916],
        [   -inf,    -inf,    -inf,  2.9792,  3.9034,  4.7367,  5.4646,  6.0872,
          6.6221,  7.0632,  7.4150,  7.7000,  7.9239,  8.0792,  8.2008,  8.3032],
        [   -inf,    -inf,    -inf,  2.9794,  3.9041,  4.7380,  5.4671,  6.0907,
          6.6263,  7.0690,  7.4220,  7.7082,  7.9335,  8.0908,  8.2124,  8.3148],
        [   -inf,    -inf,    -inf,  2.9796,  3.9047,  4.7393,  5.4697,  6.0941,
          6.6305,  7.0745,  7.4291,  7.7164,  7.9432,  8.1024,  8.2240,  8.3264],
        [   -inf,    -inf,    -inf,  2.9798,  3.9053,  4.7407,  5.4723,  6.0976,
          6.6347,  7.0798,  7.4361,  7.7247,  7.9528,  8.1136,  8.2355,  8.3380],
        [   -inf,    -inf,    -inf,  2.9799,  3.9059,  4.7420,  5.4749,  6.1010,
          6.6389,  7.0851,  7.4432,  7.7329,  7.9624,  8.1248,  8.2468,  8.3496],
        [   -inf,    -inf,    -inf,  2.9801,  3.9065,  4.7433,  5.4774,  6.1041,
          6.6430,  7.0904,  7.4502,  7.7412,  7.9720,  8.1361,  8.2580,  8.3608],
        [   -inf,    -inf,    -inf,  2.9803,  3.9071,  4.7447,  5.4800,  6.1071,
          6.6471,  7.0958,  7.4573,  7.7490,  7.9805,  8.1473,  8.2692,  8.3720],
        [   -inf,    -inf,    -inf,  2.9804,  3.9078,  4.7460,  5.4826,  6.1101,
          6.6512,  7.1011,  7.4643,  7.7563,  7.9890,  8.1585,  8.2805,  8.3833],
        [   -inf,    -inf,    -inf,  2.9805,  3.9083,  4.7473,  5.4851,  6.1131,
          6.6553,  7.1064,  7.4714,  7.7635,  7.9975,  8.1698,  8.2917,  8.3945],
        [   -inf,    -inf,    -inf,  2.9807,  3.9089,  4.7486,  5.4877,  6.1161,
          6.6593,  7.1118,  7.4785,  7.7708,  8.0060,  8.1797,  8.3029,  8.4057],
        [   -inf,    -inf,    -inf,  2.9808,  3.9094,  4.7498,  5.4903,  6.1191,
          6.6633,  7.1167,  7.4852,  7.7781,  8.0142,  8.1896,  8.3129,  8.4170],
        [   -inf,    -inf,    -inf,  2.9809,  3.9100,  4.7511,  5.4928,  6.1221,
          6.6669,  7.1216,  7.4919,  7.7853,  8.0224,  8.1995,  8.3228,  8.4269],
        [   -inf,    -inf,    -inf,  2.9811,  3.9105,  4.7524,  5.4954,  6.1251,
          6.6705,  7.1265,  7.4981,  7.7924,  8.0307,  8.2091,  8.3327,  8.4368],
        [   -inf,    -inf,    -inf,  2.9812,  3.9110,  4.7535,  5.4976,  6.1281,
          6.6741,  7.1314,  7.5043,  7.7994,  8.0389,  8.2187,  8.3427,  8.4468],
        [   -inf,    -inf,    -inf,  2.9813,  3.9115,  4.7547,  5.4999,  6.1311,
          6.6777,  7.1362,  7.5105,  7.8065,  8.0471,  8.2283,  8.3526,  8.4567],
        [   -inf,    -inf,    -inf,  2.9814,  3.9120,  4.7558,  5.5022,  6.1341,
          6.6813,  7.1409,  7.5168,  7.8135,  8.0554,  8.2380,  8.3626,  8.4667],
        [   -inf,    -inf,    -inf,  2.9815,  3.9125,  4.7569,  5.5043,  6.1371,
          6.6849,  7.1456,  7.5230,  7.8206,  8.0636,  8.2476,  8.3725,  8.4766],
        [   -inf,    -inf,    -inf,  2.9816,  3.9129,  4.7581,  5.5065,  6.1400,
          6.6885,  7.1502,  7.5292,  7.8276,  8.0718,  8.2572,  8.3824,  8.4865],
        [   -inf,    -inf,    -inf,  2.9817,  3.9134,  4.7592,  5.5084,  6.1430,
          6.6920,  7.1547,  7.5350,  7.8347,  8.0797,  8.2668,  8.3924,  8.4965],
        [   -inf,    -inf,    -inf,  2.9818,  3.9138,  4.7604,  5.5104,  6.1459,
          6.6955,  7.1593,  7.5407,  7.8417,  8.0869,  8.2753,  8.4023,  8.5064],
        [   -inf,    -inf,    -inf,  2.9819,  3.9142,  4.7615,  5.5123,  6.1489,
          6.6990,  7.1639,  7.5464,  7.8488,  8.0942,  8.2838,  8.4123,  8.5164],
        [   -inf,    -inf,    -inf,  2.9820,  3.9147,  4.7627,  5.5142,  6.1515,
          6.7025,  7.1684,  7.5519,  7.8555,  8.1015,  8.2923,  8.4222,  8.5263],
        [   -inf,    -inf,    -inf,  2.9821,  3.9151,  4.7638,  5.5161,  6.1541,
          6.7060,  7.1730,  7.5572,  7.8622,  8.1087,  8.3008,  8.4321,  8.5362],
        [   -inf,    -inf,    -inf,  2.9822,  3.9155,  4.7649,  5.5179,  6.1567,
          6.7094,  7.1776,  7.5626,  7.8684,  8.1160,  8.3090,  8.4420,  8.5462],
        [   -inf,    -inf,    -inf,  2.9822,  3.9159,  4.7661,  5.5198,  6.1593,
          6.7129,  7.1821,  7.5679,  7.8747,  8.1231,  8.3172,  8.4520,  8.5561],
        [   -inf,    -inf,    -inf,  2.9823,  3.9164,  4.7672,  5.5216,  6.1619,
          6.7163,  7.1863,  7.5732,  7.8809,  8.1301,  8.3255,  8.4619,  8.5660],
        [   -inf,    -inf,    -inf,  2.9824,  3.9168,  4.7683,  5.5233,  6.1645,
          6.7198,  7.1906,  7.5786,  7.8871,  8.1372,  8.3337,  8.4715,  8.5759],
        [   -inf,    -inf,    -inf,  2.9824,  3.9172,  4.7694,  5.5249,  6.1670,
          6.7228,  7.1948,  7.5839,  7.8933,  8.1442,  8.3419,  8.4811,  8.5855],
        [   -inf,    -inf,    -inf,  2.9825,  3.9177,  4.7705,  5.5266,  6.1696,
          6.7259,  7.1990,  7.5892,  7.8996,  8.1513,  8.3502,  8.4907,  8.5951],
        [   -inf,    -inf,    -inf,  2.9826,  3.9181,  4.7716,  5.5282,  6.1722,
          6.7290,  7.2032,  7.5941,  7.9056,  8.1583,  8.3584,  8.5003,  8.6048],
        [   -inf,    -inf,    -inf,  2.9826,  3.9185,  4.7726,  5.5299,  6.1747,
          6.7321,  7.2073,  7.5991,  7.9116,  8.1654,  8.3666,  8.5100,  8.6144],
        [   -inf,    -inf,    -inf,  2.9827,  3.9188,  4.7736,  5.5315,  6.1773,
          6.7352,  7.2114,  7.6040,  7.9177,  8.1724,  8.3745,  8.5196,  8.6240],
        [   -inf,    -inf,    -inf,  2.9828,  3.9192,  4.7747,  5.5331,  6.1799,
          6.7383,  7.2155,  7.6089,  7.9237,  8.1795,  8.3817,  8.5292,  8.6336],
        [   -inf,    -inf,    -inf,  2.9828,  3.9196,  4.7756,  5.5347,  6.1824,
          6.7414,  7.2195,  7.6137,  7.9297,  8.1862,  8.3890,  8.5377,  8.6432],
        [   -inf,    -inf,    -inf,  2.9829,  3.9199,  4.7766,  5.5363,  6.1850,
          6.7445,  7.2235,  7.6184,  7.9358,  8.1929,  8.3963,  8.5462,  8.6517],
        [   -inf,    -inf,    -inf,  2.9829,  3.9203,  4.7775,  5.5378,  6.1876,
          6.7475,  7.2275,  7.6231,  7.9418,  8.1991,  8.4035,  8.5547,  8.6603],
        [   -inf,    -inf,    -inf,  2.9830,  3.9206,  4.7784,  5.5394,  6.1901,
          6.7505,  7.2312,  7.6276,  7.9479,  8.2054,  8.4108,  8.5631,  8.6688],
        [   -inf,    -inf,    -inf,  2.9830,  3.9210,  4.7794,  5.5409,  6.1927,
          6.7535,  7.2348,  7.6322,  7.9539,  8.2116,  8.4179,  8.5714,  8.6773],
        [   -inf,    -inf,    -inf,  2.9831,  3.9213,  4.7803,  5.5425,  6.1952,
          6.7565,  7.2384,  7.6368,  7.9599,  8.2178,  8.4249,  8.5796,  8.6858],
        [   -inf,    -inf,    -inf,  2.9831,  3.9217,  4.7812,  5.5439,  6.1977,
          6.7595,  7.2420,  7.6413,  7.9657,  8.2240,  8.4320,  8.5878,  8.6943],
        [   -inf,    -inf,    -inf,  2.9832,  3.9220,  4.7821,  5.5454,  6.2003,
          6.7625,  7.2456,  7.6459,  7.9714,  8.2302,  8.4390,  8.5961,  8.7028],
        [   -inf,    -inf,    -inf,  2.9833,  3.9224,  4.7830,  5.5468,  6.2028,
          6.7655,  7.2492,  7.6505,  7.9772,  8.2363,  8.4461,  8.6043,  8.7113],
        [   -inf,    -inf,    -inf,  2.9833,  3.9227,  4.7839,  5.5482,  6.2053,
          6.7685,  7.2527,  7.6550,  7.9827,  8.2423,  8.4531,  8.6126,  8.7198],
        [   -inf,    -inf,    -inf,  2.9833,  3.9231,  4.7847,  5.5496,  6.2078,
          6.7715,  7.2562,  7.6596,  7.9880,  8.2484,  8.4602,  8.6208,  8.7283],
        [   -inf,    -inf,    -inf,  2.9834,  3.9234,  4.7856,  5.5509,  6.2101,
          6.7745,  7.2597,  7.6638,  7.9933,  8.2544,  8.4672,  8.6290,  8.7369],
        [   -inf,    -inf,    -inf,  2.9834,  3.9237,  4.7865,  5.5523,  6.2124,
          6.7774,  7.2632,  7.6680,  7.9986,  8.2604,  8.4743,  8.6369,  8.7454],
        [   -inf,    -inf,    -inf,  2.9835,  3.9241,  4.7873,  5.5536,  6.2146,
          6.7804,  7.2667,  7.6722,  8.0040,  8.2665,  8.4810,  8.6441,  8.7539],
        [   -inf,    -inf,    -inf,  2.9835,  3.9244,  4.7882,  5.5549,  6.2169,
          6.7833,  7.2702,  7.6764,  8.0093,  8.2725,  8.4877,  8.6514,  8.7624],
        [   -inf,    -inf,    -inf,  2.9835,  3.9247,  4.7890,  5.5563,  6.2191,
          6.7863,  7.2737,  7.6807,  8.0146,  8.2786,  8.4939,  8.6587,  8.7709],
        [   -inf,    -inf,    -inf,  2.9836,  3.9250,  4.7897,  5.5576,  6.2213,
          6.7892,  7.2771,  7.6848,  8.0200,  8.2846,  8.5001,  8.6659,  8.7794],
        [   -inf,    -inf,    -inf,  2.9836,  3.9254,  4.7905,  5.5589,  6.2235,
          6.7919,  7.2806,  7.6889,  8.0249,  8.2906,  8.5064,  8.6732,  8.7879],
        [   -inf,    -inf,    -inf,  2.9836,  3.9257,  4.7912,  5.5603,  6.2257,
          6.7945,  7.2840,  7.6930,  8.0298,  8.2964,  8.5126,  8.6802,  8.7963],
        [   -inf,    -inf,    -inf,  2.9837,  3.9260,  4.7920,  5.5616,  6.2279,
          6.7971,  7.2871,  7.6970,  8.0347,  8.3021,  8.5188,  8.6873,  8.8046],
        [   -inf,    -inf,    -inf,  2.9837,  3.9263,  4.7927,  5.5629,  6.2301,
          6.7997,  7.2902,  7.7010,  8.0396,  8.3079,  8.5250,  8.6944,  8.8128],
        [   -inf,    -inf,    -inf,  2.9837,  3.9266,  4.7935,  5.5642,  6.2323,
          6.8023,  7.2933,  7.7050,  8.0444,  8.3134,  8.5311,  8.7014,  8.8210],
        [   -inf,    -inf,    -inf,  2.9838,  3.9269,  4.7942,  5.5655,  6.2345,
          6.8048,  7.2964,  7.7089,  8.0491,  8.3187,  8.5371,  8.7085,  8.8293],
        [   -inf,    -inf,    -inf,  2.9838,  3.9272,  4.7949,  5.5668,  6.2367,
          6.8074,  7.2995,  7.7128,  8.0538,  8.3240,  8.5432,  8.7155,  8.8375],
        [   -inf,    -inf,    -inf,  2.9838,  3.9275,  4.7957,  5.5681,  6.2389,
          6.8100,  7.3025,  7.7167,  8.0584,  8.3293,  8.5492,  8.7226,  8.8458],
        [   -inf,    -inf,    -inf,  2.9839,  3.9278,  4.7964,  5.5693,  6.2411,
          6.8126,  7.3056,  7.7206,  8.0630,  8.3347,  8.5552,  8.7296,  8.8540],
        [   -inf,    -inf,    -inf,  2.9839,  3.9281,  4.7972,  5.5705,  6.2433,
          6.8151,  7.3087,  7.7246,  8.0675,  8.3400,  8.5613,  8.7367,  8.8622],
        [   -inf,    -inf,    -inf,  2.9839,  3.9284,  4.7979,  5.5717,  6.2455,
          6.8177,  7.3117,  7.7285,  8.0721,  8.3453,  8.5673,  8.7434,  8.8701],
        [   -inf,    -inf,    -inf,  2.9840,  3.9287,  4.7986,  5.5728,  6.2477,
          6.8203,  7.3147,  7.7324,  8.0766,  8.3507,  8.5734,  8.7501,  8.8773],
        [   -inf,    -inf,    -inf,  2.9840,  3.9290,  4.7993,  5.5740,  6.2499,
          6.8228,  7.3178,  7.7363,  8.0812,  8.3558,  8.5794,  8.7563,  8.8846],
        [   -inf,    -inf,    -inf,  2.9840,  3.9293,  4.8001,  5.5752,  6.2521,
          6.8254,  7.3208,  7.7402,  8.0858,  8.3610,  8.5854,  8.7625,  8.8919],
        [   -inf,    -inf,    -inf,  2.9840,  3.9296,  4.8008,  5.5763,  6.2543,
          6.8279,  7.3238,  7.7438,  8.0903,  8.3662,  8.5912,  8.7688,  8.8991],
        [   -inf,    -inf,    -inf,  2.9841,  3.9299,  4.8014,  5.5775,  6.2565,
          6.8305,  7.3268,  7.7474,  8.0945,  8.3713,  8.5969,  8.7750,  8.9064],
        [   -inf,    -inf,    -inf,  2.9841,  3.9301,  4.8021,  5.5786,  6.2587,
          6.8331,  7.3298,  7.7510,  8.0988,  8.3765,  8.6027,  8.7812,  8.9134],
        [   -inf,    -inf,    -inf,  2.9841,  3.9304,  4.8027,  5.5798,  6.2609,
          6.8356,  7.3328,  7.7546,  8.1030,  8.3817,  8.6081,  8.7874,  8.9205],
        [   -inf,    -inf,    -inf,  2.9841,  3.9307,  4.8033,  5.5809,  6.2630,
          6.8381,  7.3357,  7.7582,  8.1072,  8.3869,  8.6135,  8.7935,  8.9276],
        [   -inf,    -inf,    -inf,  2.9842,  3.9310,  4.8040,  5.5821,  6.2651,
          6.8407,  7.3387,  7.7618,  8.1114,  8.3920,  8.6188,  8.7995,  8.9346],
        [   -inf,    -inf,    -inf,  2.9842,  3.9313,  4.8046,  5.5832,  6.2671,
          6.8432,  7.3417,  7.7653,  8.1155,  8.3972,  8.6241,  8.8055,  8.9417],
        [   -inf,    -inf,    -inf,  2.9842,  3.9315,  4.8052,  5.5843,  6.2690,
          6.8457,  7.3446,  7.7689,  8.1196,  8.4024,  8.6295,  8.8116,  8.9487],
        [   -inf,    -inf,    -inf,  2.9842,  3.9318,  4.8059,  5.5855,  6.2710,
          6.8482,  7.3476,  7.7724,  8.1237,  8.4076,  8.6348,  8.8176,  8.9558],
        [   -inf,    -inf,    -inf,  2.9843,  3.9321,  4.8065,  5.5866,  6.2729,
          6.8505,  7.3505,  7.7759,  8.1277,  8.4125,  8.6401,  8.8237,  8.9628],
        [   -inf,    -inf,    -inf,  2.9843,  3.9324,  4.8071,  5.5878,  6.2748,
          6.8528,  7.3535,  7.7794,  8.1317,  8.4174,  8.6455,  8.8297,  8.9699],
        [   -inf,    -inf,    -inf,  2.9843,  3.9327,  4.8078,  5.5889,  6.2766,
          6.8550,  7.3561,  7.7829,  8.1358,  8.4223,  8.6506,  8.8357,  8.9766],
        [   -inf,    -inf,    -inf,  2.9843,  3.9329,  4.8084,  5.5901,  6.2785,
          6.8572,  7.3588,  7.7863,  8.1397,  8.4272,  8.6558,  8.8418,  8.9833],
        [   -inf,    -inf,    -inf,  2.9844,  3.9332,  4.8090,  5.5912,  6.2803,
          6.8594,  7.3614,  7.7898,  8.1436,  8.4320,  8.6610,  8.8478,  8.9895],
        [   -inf,    -inf,    -inf,  2.9844,  3.9335,  4.8097,  5.5923,  6.2819,
          6.8617,  7.3641,  7.7932,  8.1475,  8.4367,  8.6661,  8.8536,  8.9957],
        [   -inf,    -inf,    -inf,  2.9844,  3.9337,  4.8103,  5.5934,  6.2836,
          6.8639,  7.3667,  7.7966,  8.1514,  8.4414,  8.6713,  8.8593,  9.0020],
        [   -inf,    -inf,    -inf,  2.9844,  3.9340,  4.8109,  5.5946,  6.2853,
          6.8661,  7.3694,  7.7997,  8.1553,  8.4460,  8.6765,  8.8650,  9.0082],
        [   -inf,    -inf,    -inf,  2.9844,  3.9343,  4.8116,  5.5957,  6.2869,
          6.8683,  7.3720,  7.8028,  8.1592,  8.4505,  8.6817,  8.8705,  9.0144],
        [   -inf,    -inf,    -inf,  2.9845,  3.9345,  4.8122,  5.5968,  6.2886,
          6.8705,  7.3746,  7.8059,  8.1631,  8.4551,  8.6868,  8.8759,  9.0206],
        [   -inf,    -inf,    -inf,  2.9845,  3.9348,  4.8128,  5.5979,  6.2902,
          6.8727,  7.3773,  7.8090,  8.1670,  8.4597,  8.6920,  8.8812,  9.0267],
        [   -inf,    -inf,    -inf,  2.9845,  3.9350,  4.8135,  5.5990,  6.2918,
          6.8749,  7.3799,  7.8121,  8.1709,  8.4642,  8.6972,  8.8865,  9.0327],
        [   -inf,    -inf,    -inf,  2.9845,  3.9353,  4.8141,  5.6000,  6.2933,
          6.8771,  7.3825,  7.8152,  8.1745,  8.4688,  8.7023,  8.8919,  9.0387],
        [   -inf,    -inf,    -inf,  2.9845,  3.9355,  4.8147,  5.6011,  6.2949,
          6.8793,  7.3851,  7.8183,  8.1781,  8.4734,  8.7073,  8.8972,  9.0448],
        [   -inf,    -inf,    -inf,  2.9846,  3.9358,  4.8153,  5.6021,  6.2965,
          6.8815,  7.3877,  7.8214,  8.1817,  8.4779,  8.7122,  8.9025,  9.0508],
        [   -inf,    -inf,    -inf,  2.9846,  3.9360,  4.8159,  5.6031,  6.2981,
          6.8837,  7.3903,  7.8244,  8.1854,  8.4821,  8.7171,  8.9078,  9.0569],
        [   -inf,    -inf,    -inf,  2.9846,  3.9362,  4.8166,  5.6041,  6.2996,
          6.8859,  7.3928,  7.8274,  8.1890,  8.4863,  8.7220,  8.9130,  9.0629],
        [   -inf,    -inf,    -inf,  2.9846,  3.9365,  4.8172,  5.6051,  6.3011,
          6.8881,  7.3954,  7.8304,  8.1926,  8.4906,  8.7268,  8.9182,  9.0689],
        [   -inf,    -inf,    -inf,  2.9846,  3.9367,  4.8178,  5.6061,  6.3026,
          6.8902,  7.3980,  7.8334,  8.1961,  8.4948,  8.7315,  8.9234,  9.0750],
        [   -inf,    -inf,    -inf,  2.9846,  3.9370,  4.8183,  5.6070,  6.3041,
          6.8924,  7.4005,  7.8364,  8.1996,  8.4990,  8.7362,  8.9285,  9.0810],
        [   -inf,    -inf,    -inf,  2.9847,  3.9372,  4.8189,  5.6080,  6.3055,
          6.8946,  7.4031,  7.8394,  8.2031,  8.5031,  8.7408,  8.9337,  9.0868],
        [   -inf,    -inf,    -inf,  2.9847,  3.9374,  4.8194,  5.6090,  6.3070,
          6.8968,  7.4057,  7.8424,  8.2066,  8.5072,  8.7453,  8.9389,  9.0925],
        [   -inf,    -inf,    -inf,  2.9847,  3.9377,  4.8199,  5.6100,  6.3084,
          6.8990,  7.4082,  7.8454,  8.2101,  8.5113,  8.7499,  8.9440,  9.0982],
        [   -inf,    -inf,    -inf,  2.9847,  3.9379,  4.8205,  5.6110,  6.3098,
          6.9012,  7.4108,  7.8484,  8.2136,  8.5153,  8.7545,  8.9492,  9.1037],
        [   -inf,    -inf,    -inf,  2.9847,  3.9381,  4.8210,  5.6119,  6.3112,
          6.9034,  7.4134,  7.8514,  8.2171,  8.5193,  8.7590,  8.9544,  9.1091],
        [   -inf,    -inf,    -inf,  2.9847,  3.9384,  4.8215,  5.6129,  6.3126,
          6.9056,  7.4159,  7.8543,  8.2205,  8.5233,  8.7636,  8.9596,  9.1144],
        [   -inf,    -inf,    -inf,  2.9848,  3.9386,  4.8220,  5.6139,  6.3140,
          6.9077,  7.4185,  7.8573,  8.2239,  8.5272,  8.7681,  8.9647,  9.1197],
        [   -inf,    -inf,    -inf,  2.9848,  3.9388,  4.8226,  5.6149,  6.3154,
          6.9099,  7.4210,  7.8602,  8.2274,  8.5312,  8.7727,  8.9696,  9.1251],
        [   -inf,    -inf,    -inf,  2.9848,  3.9391,  4.8231,  5.6159,  6.3168,
          6.9120,  7.4235,  7.8632,  8.2307,  8.5351,  8.7771,  8.9746,  9.1304],
        [   -inf,    -inf,    -inf,  2.9848,  3.9393,  4.8236,  5.6168,  6.3181,
          6.9142,  7.4261,  7.8661,  8.2341,  8.5390,  8.7816,  8.9795,  9.1357],
        [   -inf,    -inf,    -inf,  2.9848,  3.9395,  4.8241,  5.6178,  6.3195,
          6.9164,  7.4286,  7.8688,  8.2374,  8.5429,  8.7860,  8.9844,  9.1410],
        [   -inf,    -inf,    -inf,  2.9848,  3.9397,  4.8246,  5.6188,  6.3208,
          6.9185,  7.4311,  7.8714,  8.2408,  8.5468,  8.7904,  8.9892,  9.1462],
        [   -inf,    -inf,    -inf,  2.9849,  3.9399,  4.8251,  5.6198,  6.3221,
          6.9207,  7.4336,  7.8741,  8.2441,  8.5507,  8.7949,  8.9939,  9.1514],
        [   -inf,    -inf,    -inf,  2.9849,  3.9401,  4.8256,  5.6208,  6.3235,
          6.9226,  7.4359,  7.8767,  8.2475,  8.5546,  8.7993,  8.9986,  9.1566],
        [   -inf,    -inf,    -inf,  2.9849,  3.9403,  4.8261,  5.6217,  6.3248,
          6.9245,  7.4382,  7.8794,  8.2508,  8.5585,  8.8037,  9.0032,  9.1617],
        [   -inf,    -inf,    -inf,  2.9849,  3.9405,  4.8265,  5.6227,  6.3261,
          6.9265,  7.4404,  7.8820,  8.2542,  8.5621,  8.8081,  9.0077,  9.1669],
        [   -inf,    -inf,    -inf,  2.9849,  3.9407,  4.8270,  5.6237,  6.3275,
          6.9284,  7.4426,  7.8846,  8.2575,  8.5657,  8.8126,  9.0123,  9.1721],
        [   -inf,    -inf,    -inf,  2.9849,  3.9409,  4.8274,  5.6246,  6.3288,
          6.9303,  7.4449,  7.8873,  8.2609,  8.5693,  8.8170,  9.0168,  9.1772],
        [   -inf,    -inf,    -inf,  2.9849,  3.9411,  4.8279,  5.6256,  6.3301,
          6.9322,  7.4471,  7.8899,  8.2639,  8.5729,  8.8214,  9.0214,  9.1824],
        [   -inf,    -inf,    -inf,  2.9850,  3.9413,  4.8283,  5.6265,  6.3314,
          6.9341,  7.4493,  7.8926,  8.2670,  8.5765,  8.8259,  9.0260,  9.1876],
        [   -inf,    -inf,    -inf,  2.9850,  3.9415,  4.8287,  5.6274,  6.3327,
          6.9360,  7.4515,  7.8952,  8.2701,  8.5802,  8.8301,  9.0305,  9.1928],
        [   -inf,    -inf,    -inf,  2.9850,  3.9417,  4.8292,  5.6283,  6.3340,
          6.9379,  7.4537,  7.8977,  8.2732,  8.5837,  8.8343,  9.0351,  9.1979],
        [   -inf,    -inf,    -inf,  2.9850,  3.9419,  4.8296,  5.6293,  6.3353,
          6.9398,  7.4559,  7.9003,  8.2763,  8.5872,  8.8385,  9.0395,  9.2028],
        [   -inf,    -inf,    -inf,  2.9850,  3.9421,  4.8300,  5.6302,  6.3365,
          6.9417,  7.4581,  7.9029,  8.2794,  8.5907,  8.8427,  9.0440,  9.2078],
        [   -inf,    -inf,    -inf,  2.9850,  3.9423,  4.8305,  5.6310,  6.3377,
          6.9435,  7.4603,  7.9055,  8.2825,  8.5942,  8.8469,  9.0484,  9.2127],
        [   -inf,    -inf,    -inf,  2.9850,  3.9425,  4.8309,  5.6319,  6.3389,
          6.9454,  7.4625,  7.9080,  8.2856,  8.5977,  8.8510,  9.0528,  9.2176],
        [   -inf,    -inf,    -inf,  2.9851,  3.9427,  4.8313,  5.6328,  6.3401,
          6.9473,  7.4647,  7.9106,  8.2886,  8.6012,  8.8551,  9.0572,  9.2224],
        [   -inf,    -inf,    -inf,  2.9851,  3.9429,  4.8318,  5.6336,  6.3412,
          6.9492,  7.4669,  7.9132,  8.2916,  8.6046,  8.8592,  9.0617,  9.2271],
        [   -inf,    -inf,    -inf,  2.9851,  3.9431,  4.8322,  5.6345,  6.3424,
          6.9511,  7.4691,  7.9157,  8.2946,  8.6081,  8.8632,  9.0661,  9.2318],
        [   -inf,    -inf,    -inf,  2.9851,  3.9433,  4.8326,  5.6354,  6.3435,
          6.9530,  7.4713,  7.9183,  8.2976,  8.6115,  8.8673,  9.0705,  9.2364],
        [   -inf,    -inf,    -inf,  2.9851,  3.9435,  4.8330,  5.6362,  6.3447,
          6.9548,  7.4735,  7.9209,  8.3006,  8.6150,  8.8713,  9.0750,  9.2409],
        [   -inf,    -inf,    -inf,  2.9851,  3.9437,  4.8335,  5.6370,  6.3458,
          6.9567,  7.4757,  7.9234,  8.3036,  8.6183,  8.8752,  9.0794,  9.2455],
        [   -inf,    -inf,    -inf,  2.9851,  3.9438,  4.8339,  5.6379,  6.3470,
          6.9586,  7.4779,  7.9260,  8.3066,  8.6217,  8.8791,  9.0838,  9.2500],
        [   -inf,    -inf,    -inf,  2.9851,  3.9440,  4.8343,  5.6387,  6.3481,
          6.9605,  7.4801,  7.9286,  8.3096,  8.6250,  8.8830,  9.0882,  9.2546],
        [   -inf,    -inf,    -inf,  2.9851,  3.9442,  4.8347,  5.6395,  6.3493,
          6.9624,  7.4823,  7.9311,  8.3126,  8.6284,  8.8869,  9.0925,  9.2592],
        [   -inf,    -inf,    -inf,  2.9852,  3.9444,  4.8351,  5.6403,  6.3504,
          6.9642,  7.4844,  7.9337,  8.3156,  8.6317,  8.8908,  9.0967,  9.2637],
        [   -inf,    -inf,    -inf,  2.9852,  3.9446,  4.8355,  5.6411,  6.3515,
          6.9661,  7.4866,  7.9362,  8.3185,  8.6351,  8.8947,  9.1009,  9.2683],
        [   -inf,    -inf,    -inf,  2.9852,  3.9447,  4.8358,  5.6419,  6.3527,
          6.9680,  7.4888,  7.9387,  8.3215,  8.6384,  8.8986,  9.1051,  9.2727],
        [   -inf,    -inf,    -inf,  2.9852,  3.9449,  4.8362,  5.6427,  6.3538,
          6.9699,  7.4910,  7.9412,  8.3244,  8.6417,  8.9025,  9.1093,  9.2772],
        [   -inf,    -inf,    -inf,  2.9852,  3.9451,  4.8366,  5.6435,  6.3550,
          6.9718,  7.4931,  7.9438,  8.3274,  8.6451,  8.9065,  9.1134,  9.2816],
        [   -inf,    -inf,    -inf,  2.9852,  3.9452,  4.8369,  5.6442,  6.3561,
          6.9736,  7.4953,  7.9463,  8.3303,  8.6484,  8.9101,  9.1175,  9.2860],
        [   -inf,    -inf,    -inf,  2.9852,  3.9454,  4.8373,  5.6450,  6.3573,
          6.9755,  7.4975,  7.9485,  8.3330,  8.6515,  8.9137,  9.1216,  9.2904],
        [   -inf,    -inf,    -inf,  2.9852,  3.9456,  4.8377,  5.6458,  6.3584,
          6.9774,  7.4996,  7.9508,  8.3356,  8.6546,  8.9173,  9.1256,  9.2949],
        [   -inf,    -inf,    -inf,  2.9852,  3.9458,  4.8380,  5.6465,  6.3595,
          6.9793,  7.5018,  7.9531,  8.3383,  8.6577,  8.9209,  9.1296,  9.2993],
        [   -inf,    -inf,    -inf,  2.9853,  3.9459,  4.8384,  5.6473,  6.3607,
          6.9812,  7.5039,  7.9553,  8.3409,  8.6608,  8.9245,  9.1337,  9.3037],
        [   -inf,    -inf,    -inf,  2.9853,  3.9461,  4.8388,  5.6480,  6.3618,
          6.9831,  7.5061,  7.9576,  8.3436,  8.6639,  8.9281,  9.1376,  9.3082],
        [   -inf,    -inf,    -inf,  2.9853,  3.9463,  4.8391,  5.6488,  6.3629,
          6.9849,  7.5080,  7.9599,  8.3462,  8.6670,  8.9316,  9.1415,  9.3126],
        [   -inf,    -inf,    -inf,  2.9853,  3.9464,  4.8395,  5.6495,  6.3640,
          6.9867,  7.5100,  7.9621,  8.3488,  8.6701,  8.9351,  9.1454,  9.3170],
        [   -inf,    -inf,    -inf,  2.9853,  3.9466,  4.8399,  5.6502,  6.3651,
          6.9885,  7.5119,  7.9644,  8.3515,  8.6731,  8.9386,  9.1493,  9.3214],
        [   -inf,    -inf,    -inf,  2.9853,  3.9468,  4.8402,  5.6510,  6.3662,
          6.9902,  7.5138,  7.9667,  8.3541,  8.6762,  8.9421,  9.1532,  9.3257],
        [   -inf,    -inf,    -inf,  2.9853,  3.9469,  4.8406,  5.6517,  6.3672,
          6.9919,  7.5157,  7.9689,  8.3568,  8.6792,  8.9456,  9.1571,  9.3299],
        [   -inf,    -inf,    -inf,  2.9853,  3.9471,  4.8410,  5.6525,  6.3683,
          6.9935,  7.5176,  7.9712,  8.3594,  8.6822,  8.9491,  9.1610,  9.3341],
        [   -inf,    -inf,    -inf,  2.9853,  3.9472,  4.8413,  5.6532,  6.3693,
          6.9952,  7.5195,  7.9735,  8.3619,  8.6852,  8.9526,  9.1649,  9.3383],
        [   -inf,    -inf,    -inf,  2.9853,  3.9474,  4.8417,  5.6539,  6.3703,
          6.9968,  7.5214,  7.9757,  8.3645,  8.6882,  8.9560,  9.1688,  9.3425],
        [   -inf,    -inf,    -inf,  2.9853,  3.9476,  4.8421,  5.6547,  6.3714,
          6.9984,  7.5233,  7.9779,  8.3671,  8.6912,  8.9595,  9.1726,  9.3466],
        [   -inf,    -inf,    -inf,  2.9853,  3.9477,  4.8424,  5.6554,  6.3724,
          7.0001,  7.5252,  7.9801,  8.3697,  8.6942,  8.9629,  9.1764,  9.3507],
        [   -inf,    -inf,    -inf,  2.9854,  3.9479,  4.8428,  5.6561,  6.3734,
          7.0016,  7.5271,  7.9823,  8.3722,  8.6972,  8.9663,  9.1802,  9.3548],
        [   -inf,    -inf,    -inf,  2.9854,  3.9480,  4.8431,  5.6568,  6.3744,
          7.0032,  7.5290,  7.9845,  8.3748,  8.7002,  8.9696,  9.1840,  9.3588],
        [   -inf,    -inf,    -inf,  2.9854,  3.9482,  4.8435,  5.6574,  6.3754,
          7.0048,  7.5308,  7.9867,  8.3774,  8.7032,  8.9730,  9.1878,  9.3628],
        [   -inf,    -inf,    -inf,  2.9854,  3.9484,  4.8438,  5.6581,  6.3764,
          7.0063,  7.5327,  7.9889,  8.3799,  8.7061,  8.9763,  9.1916,  9.3669],
        [   -inf,    -inf,    -inf,  2.9854,  3.9485,  4.8442,  5.6587,  6.3774,
          7.0079,  7.5346,  7.9911,  8.3825,  8.7091,  8.9796,  9.1954,  9.3708],
        [   -inf,    -inf,    -inf,  2.9854,  3.9487,  4.8445,  5.6594,  6.3783,
          7.0094,  7.5365,  7.9933,  8.3851,  8.7120,  8.9830,  9.1992,  9.3747],
        [   -inf,    -inf,    -inf,  2.9854,  3.9488,  4.8449,  5.6600,  6.3793,
          7.0109,  7.5384,  7.9955,  8.3876,  8.7150,  8.9863,  9.2030,  9.3786],
        [   -inf,    -inf,    -inf,  2.9854,  3.9489,  4.8452,  5.6606,  6.3803,
          7.0124,  7.5402,  7.9977,  8.3902,  8.7179,  8.9897,  9.2068,  9.3825],
        [   -inf,    -inf,    -inf,  2.9854,  3.9491,  4.8455,  5.6613,  6.3813,
          7.0138,  7.5421,  7.9999,  8.3928,  8.7208,  8.9930,  9.2106,  9.3864],
        [   -inf,    -inf,    -inf,  2.9854,  3.9492,  4.8459,  5.6619,  6.3823,
          7.0152,  7.5440,  8.0021,  8.3953,  8.7236,  8.9964,  9.2144,  9.3903],
        [   -inf,    -inf,    -inf,  2.9854,  3.9493,  4.8462,  5.6626,  6.3832,
          7.0166,  7.5459,  8.0043,  8.3979,  8.7265,  8.9995,  9.2181,  9.3942],
        [   -inf,    -inf,    -inf,  2.9854,  3.9495,  4.8465,  5.6632,  6.3842,
          7.0181,  7.5478,  8.0065,  8.4004,  8.7294,  9.0026,  9.2218,  9.3981],
        [   -inf,    -inf,    -inf,  2.9854,  3.9496,  4.8468,  5.6638,  6.3852,
          7.0195,  7.5497,  8.0087,  8.4029,  8.7322,  9.0056,  9.2254,  9.4020],
        [   -inf,    -inf,    -inf,  2.9855,  3.9497,  4.8472,  5.6645,  6.3862,
          7.0209,  7.5515,  8.0109,  8.4054,  8.7351,  9.0087,  9.2290,  9.4058],
        [   -inf,    -inf,    -inf,  2.9855,  3.9498,  4.8475,  5.6651,  6.3872,
          7.0223,  7.5534,  8.0131,  8.4080,  8.7380,  9.0118,  9.2326,  9.4096],
        [   -inf,    -inf,    -inf,  2.9855,  3.9500,  4.8478,  5.6657,  6.3881,
          7.0237,  7.5553,  8.0153,  8.4105,  8.7408,  9.0149,  9.2362,  9.4134],
        [   -inf,    -inf,    -inf,  2.9855,  3.9501,  4.8481,  5.6664,  6.3891,
          7.0250,  7.5572,  8.0175,  8.4127,  8.7437,  9.0180,  9.2398,  9.4172],
        [   -inf,    -inf,    -inf,  2.9855,  3.9502,  4.8484,  5.6670,  6.3901,
          7.0264,  7.5591,  8.0197,  8.4150,  8.7466,  9.0211,  9.2433,  9.4210],
        [   -inf,    -inf,    -inf,  2.9855,  3.9503,  4.8487,  5.6676,  6.3911,
          7.0277,  7.5609,  8.0218,  8.4173,  8.7494,  9.0241,  9.2468,  9.4248],
        [   -inf,    -inf,    -inf,  2.9855,  3.9504,  4.8490,  5.6683,  6.3921,
          7.0291,  7.5628,  8.0240,  8.4195,  8.7521,  9.0271,  9.2503,  9.4286],
        [   -inf,    -inf,    -inf,  2.9855,  3.9506,  4.8493,  5.6689,  6.3930,
          7.0304,  7.5647,  8.0262,  8.4218,  8.7547,  9.0301,  9.2538,  9.4324],
        [   -inf,    -inf,    -inf,  2.9855,  3.9507,  4.8496,  5.6695,  6.3940,
          7.0317,  7.5666,  8.0283,  8.4241,  8.7574,  9.0331,  9.2573,  9.4362],
        [   -inf,    -inf,    -inf,  2.9855,  3.9508,  4.8499,  5.6701,  6.3950,
          7.0331,  7.5685,  8.0305,  8.4263,  8.7600,  9.0361,  9.2608,  9.4400],
        [   -inf,    -inf,    -inf,  2.9855,  3.9509,  4.8502,  5.6708,  6.3960,
          7.0344,  7.5703,  8.0326,  8.4286,  8.7627,  9.0391,  9.2643,  9.4438],
        [   -inf,    -inf,    -inf,  2.9855,  3.9510,  4.8505,  5.6714,  6.3969,
          7.0357,  7.5722,  8.0348,  8.4309,  8.7653,  9.0421,  9.2677,  9.4476],
        [   -inf,    -inf,    -inf,  2.9855,  3.9511,  4.8508,  5.6720,  6.3979,
          7.0371,  7.5740,  8.0369,  8.4331,  8.7680,  9.0451,  9.2712,  9.4513],
        [   -inf,    -inf,    -inf,  2.9855,  3.9512,  4.8511,  5.6726,  6.3989,
          7.0384,  7.5759,  8.0391,  8.4354,  8.7706,  9.0481,  9.2746,  9.4550],
        [   -inf,    -inf,    -inf,  2.9855,  3.9514,  4.8514,  5.6732,  6.3998,
          7.0397,  7.5777,  8.0410,  8.4377,  8.7732,  9.0511,  9.2780,  9.4586],
        [   -inf,    -inf,    -inf,  2.9856,  3.9515,  4.8517,  5.6738,  6.4008,
          7.0410,  7.5796,  8.0430,  8.4399,  8.7759,  9.0541,  9.2813,  9.4622],
        [   -inf,    -inf,    -inf,  2.9856,  3.9516,  4.8520,  5.6744,  6.4018,
          7.0422,  7.5814,  8.0449,  8.4421,  8.7785,  9.0570,  9.2846,  9.4658],
        [   -inf,    -inf,    -inf,  2.9856,  3.9517,  4.8523,  5.6749,  6.4027,
          7.0435,  7.5833,  8.0469,  8.4443,  8.7810,  9.0600,  9.2880,  9.4694],
        [   -inf,    -inf,    -inf,  2.9856,  3.9518,  4.8526,  5.6755,  6.4037,
          7.0448,  7.5851,  8.0488,  8.4465,  8.7836,  9.0629,  9.2913,  9.4730],
        [   -inf,    -inf,    -inf,  2.9856,  3.9519,  4.8529,  5.6760,  6.4046,
          7.0460,  7.5870,  8.0506,  8.4487,  8.7862,  9.0659,  9.2947,  9.4765],
        [   -inf,    -inf,    -inf,  2.9856,  3.9520,  4.8532,  5.6766,  6.4056,
          7.0472,  7.5888,  8.0525,  8.4509,  8.7888,  9.0687,  9.2980,  9.4800],
        [   -inf,    -inf,    -inf,  2.9856,  3.9521,  4.8535,  5.6771,  6.4065,
          7.0484,  7.5904,  8.0544,  8.4531,  8.7914,  9.0716,  9.3014,  9.4835],
        [   -inf,    -inf,    -inf,  2.9856,  3.9522,  4.8537,  5.6777,  6.4074,
          7.0497,  7.5921,  8.0563,  8.4553,  8.7939,  9.0745,  9.3047,  9.4870],
        [   -inf,    -inf,    -inf,  2.9856,  3.9523,  4.8540,  5.6782,  6.4083,
          7.0509,  7.5937,  8.0582,  8.4575,  8.7965,  9.0773,  9.3081,  9.4905],
        [   -inf,    -inf,    -inf,  2.9856,  3.9524,  4.8543,  5.6788,  6.4092,
          7.0521,  7.5954,  8.0601,  8.4597,  8.7990,  9.0802,  9.3112,  9.4940],
        [   -inf,    -inf,    -inf,  2.9856,  3.9525,  4.8546,  5.6793,  6.4101,
          7.0533,  7.5971,  8.0620,  8.4619,  8.8016,  9.0831,  9.3142,  9.4975],
        [   -inf,    -inf,    -inf,  2.9856,  3.9526,  4.8549,  5.6799,  6.4110,
          7.0545,  7.5987,  8.0639,  8.4641,  8.8042,  9.0859,  9.3173,  9.5009],
        [   -inf,    -inf,    -inf,  2.9856,  3.9527,  4.8552,  5.6804,  6.4119,
          7.0557,  7.6003,  8.0657,  8.4663,  8.8067,  9.0888,  9.3204,  9.5044],
        [   -inf,    -inf,    -inf,  2.9856,  3.9528,  4.8554,  5.6809,  6.4127,
          7.0569,  7.6019,  8.0676,  8.4685,  8.8093,  9.0916,  9.3235,  9.5078],
        [   -inf,    -inf,    -inf,  2.9856,  3.9529,  4.8557,  5.6815,  6.4136,
          7.0580,  7.6035,  8.0695,  8.4707,  8.8119,  9.0945,  9.3266,  9.5112],
        [   -inf,    -inf,    -inf,  2.9856,  3.9530,  4.8560,  5.6820,  6.4144,
          7.0592,  7.6052,  8.0714,  8.4729,  8.8144,  9.0974,  9.3297,  9.5145],
        [   -inf,    -inf,    -inf,  2.9856,  3.9531,  4.8563,  5.6826,  6.4153,
          7.0603,  7.6068,  8.0733,  8.4751,  8.8170,  9.1000,  9.3328,  9.5178],
        [   -inf,    -inf,    -inf,  2.9857,  3.9532,  4.8566,  5.6831,  6.4161,
          7.0615,  7.6084,  8.0752,  8.4773,  8.8195,  9.1027,  9.3358,  9.5212],
        [   -inf,    -inf,    -inf,  2.9857,  3.9533,  4.8568,  5.6837,  6.4170,
          7.0626,  7.6100,  8.0770,  8.4795,  8.8220,  9.1053,  9.3388,  9.5245],
        [   -inf,    -inf,    -inf,  2.9857,  3.9534,  4.8571,  5.6842,  6.4178,
          7.0638,  7.6116,  8.0789,  8.4817,  8.8245,  9.1080,  9.3418,  9.5279],
        [   -inf,    -inf,    -inf,  2.9857,  3.9535,  4.8574,  5.6847,  6.4186,
          7.0649,  7.6132,  8.0808,  8.4839,  8.8271,  9.1106,  9.3448,  9.5312],
        [   -inf,    -inf,    -inf,  2.9857,  3.9536,  4.8577,  5.6853,  6.4195,
          7.0661,  7.6149,  8.0827,  8.4860,  8.8296,  9.1133,  9.3478,  9.5346],
        [   -inf,    -inf,    -inf,  2.9857,  3.9537,  4.8580,  5.6858,  6.4203,
          7.0672,  7.6165,  8.0846,  8.4882,  8.8319,  9.1159,  9.3508,  9.5379],
        [   -inf,    -inf,    -inf,  2.9857,  3.9538,  4.8582,  5.6864,  6.4212,
          7.0683,  7.6181,  8.0864,  8.4904,  8.8341,  9.1185,  9.3538,  9.5413],
        [   -inf,    -inf,    -inf,  2.9857,  3.9539,  4.8585,  5.6869,  6.4220,
          7.0695,  7.6197,  8.0883,  8.4925,  8.8364,  9.1212,  9.3568,  9.5445],
        [   -inf,    -inf,    -inf,  2.9857,  3.9540,  4.8588,  5.6874,  6.4228,
          7.0706,  7.6213,  8.0902,  8.4947,  8.8387,  9.1238,  9.3598,  9.5478],
        [   -inf,    -inf,    -inf,  2.9857,  3.9541,  4.8590,  5.6880,  6.4237,
          7.0718,  7.6229,  8.0921,  8.4968,  8.8409,  9.1264,  9.3628,  9.5510],
        [   -inf,    -inf,    -inf,  2.9857,  3.9542,  4.8593,  5.6885,  6.4245,
          7.0729,  7.6245,  8.0940,  8.4990,  8.8432,  9.1290,  9.3658,  9.5543],
        [   -inf,    -inf,    -inf,  2.9857,  3.9543,  4.8595,  5.6891,  6.4253,
          7.0741,  7.6261,  8.0958,  8.5011,  8.8455,  9.1316,  9.3687,  9.5575],
        [   -inf,    -inf,    -inf,  2.9857,  3.9543,  4.8598,  5.6896,  6.4262,
          7.0752,  7.6277,  8.0977,  8.5033,  8.8477,  9.1341,  9.3716,  9.5608],
        [   -inf,    -inf,    -inf,  2.9857,  3.9544,  4.8601,  5.6902,  6.4270,
          7.0763,  7.6294,  8.0996,  8.5052,  8.8500,  9.1367,  9.3746,  9.5640],
        [   -inf,    -inf,    -inf,  2.9857,  3.9545,  4.8603,  5.6907,  6.4279,
          7.0774,  7.6310,  8.1015,  8.5072,  8.8522,  9.1393,  9.3775,  9.5673],
        [   -inf,    -inf,    -inf,  2.9857,  3.9546,  4.8606,  5.6912,  6.4287,
          7.0786,  7.6326,  8.1033,  8.5091,  8.8545,  9.1419,  9.3804,  9.5705],
        [   -inf,    -inf,    -inf,  2.9857,  3.9547,  4.8608,  5.6918,  6.4295,
          7.0797,  7.6342,  8.1052,  8.5111,  8.8568,  9.1444,  9.3833,  9.5737],
        [   -inf,    -inf,    -inf,  2.9857,  3.9548,  4.8611,  5.6923,  6.4304,
          7.0808,  7.6358,  8.1070,  8.5130,  8.8590,  9.1470,  9.3861,  9.5770],
        [   -inf,    -inf,    -inf,  2.9857,  3.9548,  4.8613,  5.6928,  6.4312,
          7.0819,  7.6374,  8.1089,  8.5149,  8.8612,  9.1496,  9.3890,  9.5802],
        [   -inf,    -inf,    -inf,  2.9857,  3.9549,  4.8616,  5.6933,  6.4321,
          7.0830,  7.6390,  8.1107,  8.5169,  8.8634,  9.1521,  9.3919,  9.5835],
        [   -inf,    -inf,    -inf,  2.9858,  3.9550,  4.8619,  5.6939,  6.4329,
          7.0840,  7.6406,  8.1126,  8.5188,  8.8656,  9.1547,  9.3947,  9.5867],
        [   -inf,    -inf,    -inf,  2.9858,  3.9551,  4.8621,  5.6944,  6.4337,
          7.0851,  7.6422,  8.1144,  8.5208,  8.8678,  9.1573,  9.3976,  9.5898],
        [   -inf,    -inf,    -inf,  2.9858,  3.9552,  4.8624,  5.6949,  6.4346,
          7.0861,  7.6439,  8.1163,  8.5227,  8.8700,  9.1598,  9.4005,  9.5929],
        [   -inf,    -inf,    -inf,  2.9858,  3.9552,  4.8626,  5.6954,  6.4354,
          7.0871,  7.6455,  8.1181,  8.5246,  8.8722,  9.1624,  9.4033,  9.5960],
        [   -inf,    -inf,    -inf,  2.9858,  3.9553,  4.8629,  5.6959,  6.4362,
          7.0881,  7.6471,  8.1200,  8.5266,  8.8744,  9.1649,  9.4062,  9.5991],
        [   -inf,    -inf,    -inf,  2.9858,  3.9554,  4.8631,  5.6964,  6.4371,
          7.0892,  7.6487,  8.1218,  8.5285,  8.8766,  9.1674,  9.4091,  9.6022],
        [   -inf,    -inf,    -inf,  2.9858,  3.9555,  4.8634,  5.6969,  6.4379,
          7.0902,  7.6503,  8.1234,  8.5305,  8.8788,  9.1700,  9.4117,  9.6053],
        [   -inf,    -inf,    -inf,  2.9858,  3.9556,  4.8637,  5.6974,  6.4388,
          7.0912,  7.6519,  8.1251,  8.5324,  8.8810,  9.1725,  9.4144,  9.6084],
        [   -inf,    -inf,    -inf,  2.9858,  3.9556,  4.8639,  5.6979,  6.4396,
          7.0922,  7.6535,  8.1268,  8.5342,  8.8832,  9.1750,  9.4170,  9.6114],
        [   -inf,    -inf,    -inf,  2.9858,  3.9557,  4.8642,  5.6984,  6.4404,
          7.0932,  7.6551,  8.1284,  8.5361,  8.8854,  9.1775,  9.4197,  9.6145],
        [   -inf,    -inf,    -inf,  2.9858,  3.9558,  4.8644,  5.6989,  6.4413,
          7.0942,  7.6567,  8.1301,  8.5380,  8.8876,  9.1800,  9.4223,  9.6175],
        [   -inf,    -inf,    -inf,  2.9858,  3.9558,  4.8647,  5.6993,  6.4421,
          7.0951,  7.6583,  8.1317,  8.5399,  8.8898,  9.1824,  9.4249,  9.6205],
        [   -inf,    -inf,    -inf,  2.9858,  3.9559,  4.8649,  5.6998,  6.4429,
          7.0961,  7.6599,  8.1333,  8.5418,  8.8920,  9.1849,  9.4276,  9.6235],
        [   -inf,    -inf,    -inf,  2.9858,  3.9560,  4.8652,  5.7003,  6.4437,
          7.0971,  7.6615,  8.1349,  8.5437,  8.8942,  9.1874,  9.4302,  9.6265],
        [   -inf,    -inf,    -inf,  2.9858,  3.9560,  4.8654,  5.7007,  6.4445,
          7.0981,  7.6631,  8.1366,  8.5456,  8.8964,  9.1898,  9.4329,  9.6295],
        [   -inf,    -inf,    -inf,  2.9858,  3.9561,  4.8657,  5.7012,  6.4453,
          7.0991,  7.6646,  8.1382,  8.5475,  8.8986,  9.1923,  9.4355,  9.6325],
        [   -inf,    -inf,    -inf,  2.9858,  3.9562,  4.8659,  5.7016,  6.4461,
          7.1000,  7.6662,  8.1398,  8.5493,  8.9008,  9.1947,  9.4381,  9.6355],
        [   -inf,    -inf,    -inf,  2.9858,  3.9562,  4.8661,  5.7021,  6.4469,
          7.1010,  7.6677,  8.1414,  8.5512,  8.9030,  9.1972,  9.4407,  9.6385],
        [   -inf,    -inf,    -inf,  2.9858,  3.9563,  4.8664,  5.7025,  6.4477,
          7.1020,  7.6691,  8.1430,  8.5531,  8.9051,  9.1996,  9.4433,  9.6415],
        [   -inf,    -inf,    -inf,  2.9858,  3.9564,  4.8666,  5.7029,  6.4485,
          7.1030,  7.6707,  8.1447,  8.5550,  8.9073,  9.2021,  9.4458,  9.6444],
        [   -inf,    -inf,    -inf,  2.9858,  3.9564,  4.8669,  5.7034,  6.4492,
          7.1040,  7.6721,  8.1463,  8.5569,  8.9095,  9.2045,  9.4484,  9.6474],
        [   -inf,    -inf,    -inf,  2.9858,  3.9565,  4.8671,  5.7038,  6.4500,
          7.1049,  7.6735,  8.1479,  8.5588,  8.9116,  9.2070,  9.4510,  9.6503],
        [   -inf,    -inf,    -inf,  2.9858,  3.9565,  4.8674,  5.7043,  6.4507,
          7.1059,  7.6749,  8.1495,  8.5606,  8.9138,  9.2093,  9.4535,  9.6533],
        [   -inf,    -inf,    -inf,  2.9858,  3.9566,  4.8676,  5.7047,  6.4515,
          7.1069,  7.6764,  8.1511,  8.5625,  8.9160,  9.2115,  9.4561,  9.6562],
        [   -inf,    -inf,    -inf,  2.9858,  3.9567,  4.8678,  5.7051,  6.4522,
          7.1079,  7.6778,  8.1527,  8.5644,  8.9181,  9.2138,  9.4587,  9.6591],
        [   -inf,    -inf,    -inf,  2.9858,  3.9567,  4.8681,  5.7056,  6.4530,
          7.1089,  7.6792,  8.1543,  8.5663,  8.9202,  9.2160,  9.4612,  9.6619],
        [   -inf,    -inf,    -inf,  2.9859,  3.9568,  4.8683,  5.7060,  6.4537,
          7.1098,  7.6806,  8.1559,  8.5682,  8.9224,  9.2183,  9.4638,  9.6648],
        [   -inf,    -inf,    -inf,  2.9859,  3.9569,  4.8686,  5.7065,  6.4545,
          7.1108,  7.6820,  8.1575,  8.5700,  8.9244,  9.2206,  9.4664,  9.6677],
        [   -inf,    -inf,    -inf,  2.9859,  3.9569,  4.8688,  5.7069,  6.4552,
          7.1118,  7.6833,  8.1592,  8.5719,  8.9263,  9.2228,  9.4689,  9.6705],
        [   -inf,    -inf,    -inf,  2.9859,  3.9570,  4.8690,  5.7073,  6.4559,
          7.1128,  7.6847,  8.1608,  8.5738,  8.9282,  9.2251,  9.4715,  9.6734],
        [   -inf,    -inf,    -inf,  2.9859,  3.9570,  4.8693,  5.7078,  6.4567,
          7.1137,  7.6860,  8.1624,  8.5757,  8.9302,  9.2274,  9.4741,  9.6763],
        [   -inf,    -inf,    -inf,  2.9859,  3.9571,  4.8695,  5.7082,  6.4574,
          7.1147,  7.6874,  8.1640,  8.5776,  8.9321,  9.2296,  9.4766,  9.6791],
        [   -inf,    -inf,    -inf,  2.9859,  3.9572,  4.8698,  5.7086,  6.4582,
          7.1157,  7.6887,  8.1656,  8.5794,  8.9341,  9.2319,  9.4791,  9.6820],
        [   -inf,    -inf,    -inf,  2.9859,  3.9572,  4.8700,  5.7090,  6.4589,
          7.1166,  7.6900,  8.1672,  8.5813,  8.9360,  9.2342,  9.4816,  9.6849],
        [   -inf,    -inf,    -inf,  2.9859,  3.9573,  4.8702,  5.7095,  6.4596,
          7.1176,  7.6914,  8.1688,  8.5832,  8.9379,  9.2364,  9.4842,  9.6877],
        [   -inf,    -inf,    -inf,  2.9859,  3.9573,  4.8705,  5.7099,  6.4603,
          7.1186,  7.6927,  8.1704,  8.5851,  8.9399,  9.2386,  9.4867,  9.6904],
        [   -inf,    -inf,    -inf,  2.9859,  3.9574,  4.8707,  5.7103,  6.4610,
          7.1195,  7.6940,  8.1720,  8.5869,  8.9418,  9.2408,  9.4892,  9.6930],
        [   -inf,    -inf,    -inf,  2.9859,  3.9574,  4.8709,  5.7108,  6.4617,
          7.1205,  7.6954,  8.1737,  8.5888,  8.9438,  9.2430,  9.4917,  9.6957],
        [   -inf,    -inf,    -inf,  2.9859,  3.9575,  4.8712,  5.7112,  6.4624,
          7.1214,  7.6967,  8.1753,  8.5906,  8.9457,  9.2452,  9.4941,  9.6983],
        [   -inf,    -inf,    -inf,  2.9859,  3.9575,  4.8714,  5.7116,  6.4631,
          7.1223,  7.6980,  8.1769,  8.5925,  8.9476,  9.2474,  9.4966,  9.7010],
        [   -inf,    -inf,    -inf,  2.9859,  3.9576,  4.8716,  5.7119,  6.4638,
          7.1233,  7.6993,  8.1785,  8.5943,  8.9496,  9.2496,  9.4990,  9.7036],
        [   -inf,    -inf,    -inf,  2.9859,  3.9577,  4.8718,  5.7123,  6.4645,
          7.1242,  7.7005,  8.1801,  8.5962,  8.9515,  9.2518,  9.5015,  9.7063],
        [   -inf,    -inf,    -inf,  2.9859,  3.9577,  4.8721,  5.7127,  6.4652,
          7.1251,  7.7018,  8.1817,  8.5980,  8.9534,  9.2540,  9.5039,  9.7089],
        [   -inf,    -inf,    -inf,  2.9859,  3.9578,  4.8723,  5.7131,  6.4659,
          7.1260,  7.7031,  8.1833,  8.5999,  8.9552,  9.2562,  9.5064,  9.7115],
        [   -inf,    -inf,    -inf,  2.9859,  3.9578,  4.8725,  5.7134,  6.4666,
          7.1269,  7.7043,  8.1849,  8.6017,  8.9571,  9.2584,  9.5089,  9.7142],
        [   -inf,    -inf,    -inf,  2.9859,  3.9579,  4.8727,  5.7138,  6.4672,
          7.1278,  7.7055,  8.1865,  8.6036,  8.9590,  9.2606,  9.5113,  9.7168],
        [   -inf,    -inf,    -inf,  2.9859,  3.9579,  4.8730,  5.7142,  6.4679,
          7.1286,  7.7067,  8.1881,  8.6054,  8.9609,  9.2628,  9.5138,  9.7194],
        [   -inf,    -inf,    -inf,  2.9859,  3.9580,  4.8732,  5.7146,  6.4686,
          7.1295,  7.7080,  8.1898,  8.6070,  8.9628,  9.2650,  9.5162,  9.7219],
        [   -inf,    -inf,    -inf,  2.9859,  3.9580,  4.8734,  5.7149,  6.4692,
          7.1304,  7.7092,  8.1914,  8.6087,  8.9647,  9.2672,  9.5187,  9.7245],
        [   -inf,    -inf,    -inf,  2.9859,  3.9581,  4.8736,  5.7153,  6.4699,
          7.1312,  7.7104,  8.1930,  8.6104,  8.9666,  9.2694,  9.5209,  9.7271],
        [   -inf,    -inf,    -inf,  2.9859,  3.9581,  4.8739,  5.7157,  6.4705,
          7.1321,  7.7116,  8.1945,  8.6120,  8.9685,  9.2716,  9.5232,  9.7297],
        [   -inf,    -inf,    -inf,  2.9859,  3.9582,  4.8741,  5.7161,  6.4712,
          7.1330,  7.7128,  8.1961,  8.6137,  8.9703,  9.2738,  9.5255,  9.7322],
        [   -inf,    -inf,    -inf,  2.9859,  3.9583,  4.8743,  5.7164,  6.4718,
          7.1338,  7.7140,  8.1977,  8.6153,  8.9722,  9.2760,  9.5277,  9.7348],
        [   -inf,    -inf,    -inf,  2.9859,  3.9583,  4.8745,  5.7168,  6.4724,
          7.1347,  7.7151,  8.1993,  8.6169,  8.9741,  9.2782,  9.5300,  9.7374],
        [   -inf,    -inf,    -inf,  2.9859,  3.9584,  4.8748,  5.7172,  6.4731,
          7.1356,  7.7163,  8.2009,  8.6185,  8.9760,  9.2804,  9.5323,  9.7399],
        [   -inf,    -inf,    -inf,  2.9859,  3.9584,  4.8750,  5.7175,  6.4737,
          7.1364,  7.7175,  8.2025,  8.6202,  8.9779,  9.2825,  9.5345,  9.7425],
        [   -inf,    -inf,    -inf,  2.9859,  3.9585,  4.8752,  5.7179,  6.4743,
          7.1373,  7.7186,  8.2041,  8.6218,  8.9797,  9.2847,  9.5368,  9.7450],
        [   -inf,    -inf,    -inf,  2.9859,  3.9585,  4.8754,  5.7183,  6.4750,
          7.1381,  7.7198,  8.2056,  8.6234,  8.9816,  9.2869,  9.5391,  9.7476],
        [   -inf,    -inf,    -inf,  2.9859,  3.9586,  4.8756,  5.7186,  6.4756,
          7.1390,  7.7209,  8.2072,  8.6250,  8.9835,  9.2890,  9.5413,  9.7502],
        [   -inf,    -inf,    -inf,  2.9859,  3.9586,  4.8758,  5.7190,  6.4762,
          7.1398,  7.7221,  8.2088,  8.6266,  8.9854,  9.2912,  9.5436,  9.7527],
        [   -inf,    -inf,    -inf,  2.9860,  3.9587,  4.8760,  5.7194,  6.4769,
          7.1406,  7.7232,  8.2103,  8.6283,  8.9873,  9.2933,  9.5459,  9.7553],
        [   -inf,    -inf,    -inf,  2.9860,  3.9587,  4.8762,  5.7197,  6.4775,
          7.1415,  7.7243,  8.2119,  8.6299,  8.9891,  9.2955,  9.5481,  9.7578],
        [   -inf,    -inf,    -inf,  2.9860,  3.9588,  4.8764,  5.7201,  6.4781,
          7.1423,  7.7255,  8.2134,  8.6315,  8.9910,  9.2976,  9.5503,  9.7603],
        [   -inf,    -inf,    -inf,  2.9860,  3.9588,  4.8767,  5.7205,  6.4788,
          7.1432,  7.7266,  8.2150,  8.6331,  8.9929,  9.2998,  9.5525,  9.7628],
        [   -inf,    -inf,    -inf,  2.9860,  3.9589,  4.8769,  5.7208,  6.4794,
          7.1440,  7.7278,  8.2164,  8.6347,  8.9948,  9.3017,  9.5547,  9.7654],
        [   -inf,    -inf,    -inf,  2.9860,  3.9589,  4.8771,  5.7212,  6.4800,
          7.1448,  7.7289,  8.2179,  8.6363,  8.9967,  9.3037,  9.5569,  9.7679],
        [   -inf,    -inf,    -inf,  2.9860,  3.9590,  4.8773,  5.7216,  6.4807,
          7.1457,  7.7301,  8.2194,  8.6379,  8.9986,  9.3056,  9.5591,  9.7703],
        [   -inf,    -inf,    -inf,  2.9860,  3.9590,  4.8775,  5.7219,  6.4813,
          7.1465,  7.7312,  8.2208,  8.6395,  9.0004,  9.3076,  9.5613,  9.7728],
        [   -inf,    -inf,    -inf,  2.9860,  3.9590,  4.8777,  5.7223,  6.4819,
          7.1473,  7.7324,  8.2222,  8.6411,  9.0023,  9.3095,  9.5635,  9.7753],
        [   -inf,    -inf,    -inf,  2.9860,  3.9591,  4.8779,  5.7227,  6.4826,
          7.1482,  7.7335,  8.2236,  8.6428,  9.0042,  9.3114,  9.5657,  9.7777],
        [   -inf,    -inf,    -inf,  2.9860,  3.9591,  4.8781,  5.7230,  6.4832,
          7.1490,  7.7346,  8.2251,  8.6444,  9.0060,  9.3134,  9.5679,  9.7802],
        [   -inf,    -inf,    -inf,  2.9860,  3.9592,  4.8783,  5.7234,  6.4838,
          7.1499,  7.7357,  8.2265,  8.6460,  9.0079,  9.3153,  9.5701,  9.7826],
        [   -inf,    -inf,    -inf,  2.9860,  3.9592,  4.8785,  5.7237,  6.4844,
          7.1507,  7.7369,  8.2279,  8.6476,  9.0098,  9.3173,  9.5723,  9.7851],
        [   -inf,    -inf,    -inf,  2.9860,  3.9593,  4.8787,  5.7241,  6.4850,
          7.1515,  7.7380,  8.2293,  8.6492,  9.0116,  9.3192,  9.5745,  9.7875],
        [   -inf,    -inf,    -inf,  2.9860,  3.9593,  4.8789,  5.7244,  6.4856,
          7.1524,  7.7391,  8.2307,  8.6508,  9.0135,  9.3211,  9.5767,  9.7900],
        [   -inf,    -inf,    -inf,  2.9860,  3.9594,  4.8791,  5.7247,  6.4862,
          7.1532,  7.7402,  8.2320,  8.6524,  9.0153,  9.3231,  9.5789,  9.7924],
        [   -inf,    -inf,    -inf,  2.9860,  3.9594,  4.8793,  5.7251,  6.4868,
          7.1541,  7.7413,  8.2334,  8.6540,  9.0172,  9.3250,  9.5811,  9.7949],
        [   -inf,    -inf,    -inf,  2.9860,  3.9595,  4.8795,  5.7254,  6.4874,
          7.1549,  7.7423,  8.2348,  8.6556,  9.0190,  9.3270,  9.5833,  9.7973],
        [   -inf,    -inf,    -inf,  2.9860,  3.9595,  4.8797,  5.7258,  6.4879,
          7.1557,  7.7434,  8.2362,  8.6573,  9.0208,  9.3289,  9.5855,  9.7996],
        [   -inf,    -inf,    -inf,  2.9860,  3.9595,  4.8799,  5.7261,  6.4885,
          7.1566,  7.7444,  8.2376,  8.6589,  9.0227,  9.3307,  9.5877,  9.8019],
        [   -inf,    -inf,    -inf,  2.9860,  3.9596,  4.8801,  5.7264,  6.4890,
          7.1574,  7.7455,  8.2390,  8.6605,  9.0245,  9.3326,  9.5899,  9.8041],
        [   -inf,    -inf,    -inf,  2.9860,  3.9596,  4.8803,  5.7268,  6.4896,
          7.1582,  7.7465,  8.2404,  8.6621,  9.0261,  9.3345,  9.5921,  9.8064],
        [   -inf,    -inf,    -inf,  2.9860,  3.9597,  4.8805,  5.7271,  6.4901,
          7.1591,  7.7476,  8.2417,  8.6637,  9.0278,  9.3364,  9.5942,  9.8087],
        [   -inf,    -inf,    -inf,  2.9860,  3.9597,  4.8807,  5.7274,  6.4906,
          7.1599,  7.7486,  8.2431,  8.6653,  9.0295,  9.3383,  9.5964,  9.8109],
        [   -inf,    -inf,    -inf,  2.9860,  3.9598,  4.8808,  5.7278,  6.4912,
          7.1608,  7.7497,  8.2445,  8.6669,  9.0311,  9.3402,  9.5985,  9.8132],
        [   -inf,    -inf,    -inf,  2.9860,  3.9598,  4.8810,  5.7281,  6.4917,
          7.1616,  7.7507,  8.2459,  8.6685,  9.0328,  9.3421,  9.6007,  9.8155],
        [   -inf,    -inf,    -inf,  2.9860,  3.9598,  4.8812,  5.7284,  6.4923,
          7.1624,  7.7517,  8.2473,  8.6701,  9.0345,  9.3440,  9.6029,  9.8177],
        [   -inf,    -inf,    -inf,  2.9860,  3.9599,  4.8814,  5.7287,  6.4928,
          7.1633,  7.7528,  8.2486,  8.6718,  9.0361,  9.3458,  9.6050,  9.8200],
        [   -inf,    -inf,    -inf,  2.9860,  3.9599,  4.8816,  5.7290,  6.4934,
          7.1641,  7.7538,  8.2500,  8.6734,  9.0378,  9.3477,  9.6072,  9.8223],
        [   -inf,    -inf,    -inf,  2.9860,  3.9600,  4.8818,  5.7293,  6.4939,
          7.1649,  7.7548,  8.2514,  8.6750,  9.0394,  9.3496,  9.6093,  9.8245],
        [   -inf,    -inf,    -inf,  2.9860,  3.9600,  4.8820,  5.7297,  6.4944,
          7.1658,  7.7558,  8.2528,  8.6766,  9.0411,  9.3515,  9.6115,  9.8267],
        [   -inf,    -inf,    -inf,  2.9860,  3.9600,  4.8821,  5.7300,  6.4950,
          7.1666,  7.7568,  8.2541,  8.6781,  9.0428,  9.3534,  9.6136,  9.8289],
        [   -inf,    -inf,    -inf,  2.9860,  3.9601,  4.8823,  5.7303,  6.4955,
          7.1674,  7.7578,  8.2555,  8.6797,  9.0444,  9.3553,  9.6157,  9.8312],
        [   -inf,    -inf,    -inf,  2.9860,  3.9601,  4.8825,  5.7306,  6.4961,
          7.1683,  7.7588,  8.2569,  8.6813,  9.0461,  9.3571,  9.6178,  9.8334],
        [   -inf,    -inf,    -inf,  2.9860,  3.9602,  4.8827,  5.7309,  6.4966,
          7.1691,  7.7598,  8.2583,  8.6829,  9.0477,  9.3590,  9.6199,  9.8356],
        [   -inf,    -inf,    -inf,  2.9860,  3.9602,  4.8828,  5.7312,  6.4972,
          7.1699,  7.7608,  8.2597,  8.6845,  9.0494,  9.3609,  9.6220,  9.8378],
        [   -inf,    -inf,    -inf,  2.9860,  3.9602,  4.8830,  5.7316,  6.4977,
          7.1707,  7.7618,  8.2610,  8.6861,  9.0511,  9.3628,  9.6241,  9.8400],
        [   -inf,    -inf,    -inf,  2.9860,  3.9603,  4.8832,  5.7319,  6.4982,
          7.1715,  7.7628,  8.2624,  8.6877,  9.0527,  9.3647,  9.6262,  9.8422],
        [   -inf,    -inf,    -inf,  2.9860,  3.9603,  4.8834,  5.7322,  6.4988,
          7.1724,  7.7637,  8.2638,  8.6892,  9.0543,  9.3665,  9.6283,  9.8444],
        [   -inf,    -inf,    -inf,  2.9860,  3.9603,  4.8835,  5.7325,  6.4993,
          7.1732,  7.7647,  8.2652,  8.6908,  9.0559,  9.3684,  9.6304,  9.8466],
        [   -inf,    -inf,    -inf,  2.9860,  3.9604,  4.8837,  5.7328,  6.4999,
          7.1740,  7.7657,  8.2666,  8.6924,  9.0575,  9.3703,  9.6325,  9.8488],
        [   -inf,    -inf,    -inf,  2.9860,  3.9604,  4.8839,  5.7331,  6.5004,
          7.1748,  7.7667,  8.2679,  8.6939,  9.0592,  9.3722,  9.6346,  9.8510],
        [   -inf,    -inf,    -inf,  2.9860,  3.9605,  4.8841,  5.7334,  6.5010,
          7.1756,  7.7677,  8.2693,  8.6955,  9.0608,  9.3741,  9.6367,  9.8532],
        [   -inf,    -inf,    -inf,  2.9860,  3.9605,  4.8842,  5.7338,  6.5015,
          7.1763,  7.7686,  8.2707,  8.6970,  9.0624,  9.3759,  9.6388,  9.8554],
        [   -inf,    -inf,    -inf,  2.9860,  3.9605,  4.8844,  5.7341,  6.5020,
          7.1771,  7.7696,  8.2721,  8.6986,  9.0640,  9.3778,  9.6408,  9.8575],
        [   -inf,    -inf,    -inf,  2.9860,  3.9606,  4.8846,  5.7344,  6.5026,
          7.1779,  7.7706,  8.2735,  8.7000,  9.0656,  9.3797,  9.6427,  9.8597],
        [   -inf,    -inf,    -inf,  2.9860,  3.9606,  4.8848,  5.7347,  6.5031,
          7.1786,  7.7716,  8.2748,  8.7015,  9.0672,  9.3816,  9.6446,  9.8619],
        [   -inf,    -inf,    -inf,  2.9861,  3.9606,  4.8849,  5.7350,  6.5037,
          7.1794,  7.7726,  8.2762,  8.7030,  9.0689,  9.3834,  9.6466,  9.8641],
        [   -inf,    -inf,    -inf,  2.9861,  3.9607,  4.8851,  5.7353,  6.5042,
          7.1801,  7.7735,  8.2776,  8.7044,  9.0705,  9.3853,  9.6485,  9.8663],
        [   -inf,    -inf,    -inf,  2.9861,  3.9607,  4.8853,  5.7356,  6.5047,
          7.1809,  7.7745,  8.2790,  8.7058,  9.0721,  9.3871,  9.6505,  9.8685],
        [   -inf,    -inf,    -inf,  2.9861,  3.9607,  4.8854,  5.7360,  6.5052,
          7.1816,  7.7755,  8.2804,  8.7072,  9.0737,  9.3890,  9.6524,  9.8707],
        [   -inf,    -inf,    -inf,  2.9861,  3.9608,  4.8856,  5.7363,  6.5058,
          7.1824,  7.7765,  8.2817,  8.7087,  9.0753,  9.3908,  9.6543,  9.8729],
        [   -inf,    -inf,    -inf,  2.9861,  3.9608,  4.8858,  5.7366,  6.5063,
          7.1831,  7.7774,  8.2831,  8.7101,  9.0769,  9.3927,  9.6563,  9.8751],
        [   -inf,    -inf,    -inf,  2.9861,  3.9608,  4.8859,  5.7369,  6.5068,
          7.1839,  7.7784,  8.2845,  8.7115,  9.0785,  9.3945,  9.6582,  9.8772],
        [   -inf,    -inf,    -inf,  2.9861,  3.9609,  4.8861,  5.7372,  6.5073,
          7.1846,  7.7794,  8.2859,  8.7129,  9.0801,  9.3964,  9.6602,  9.8794],
        [   -inf,    -inf,    -inf,  2.9861,  3.9609,  4.8863,  5.7375,  6.5078,
          7.1853,  7.7804,  8.2873,  8.7143,  9.0817,  9.3982,  9.6621,  9.8815],
        [   -inf,    -inf,    -inf,  2.9861,  3.9609,  4.8864,  5.7378,  6.5083,
          7.1861,  7.7814,  8.2886,  8.7156,  9.0834,  9.4001,  9.6640,  9.8837],
        [   -inf,    -inf,    -inf,  2.9861,  3.9610,  4.8866,  5.7381,  6.5089,
          7.1868,  7.7823,  8.2900,  8.7170,  9.0850,  9.4019,  9.6660,  9.8859],
        [   -inf,    -inf,    -inf,  2.9861,  3.9610,  4.8868,  5.7384,  6.5094,
          7.1875,  7.7833,  8.2914,  8.7184,  9.0866,  9.4035,  9.6679,  9.8880],
        [   -inf,    -inf,    -inf,  2.9861,  3.9610,  4.8869,  5.7387,  6.5099,
          7.1882,  7.7843,  8.2928,  8.7198,  9.0882,  9.4052,  9.6698,  9.8902],
        [   -inf,    -inf,    -inf,  2.9861,  3.9611,  4.8871,  5.7390,  6.5104,
          7.1890,  7.7852,  8.2941,  8.7212,  9.0898,  9.4069,  9.6716,  9.8923],
        [   -inf,    -inf,    -inf,  2.9861,  3.9611,  4.8873,  5.7393,  6.5109,
          7.1897,  7.7862,  8.2955,  8.7226,  9.0914,  9.4085,  9.6735,  9.8944],
        [   -inf,    -inf,    -inf,  2.9861,  3.9611,  4.8874,  5.7396,  6.5113,
          7.1904,  7.7871,  8.2968,  8.7240,  9.0930,  9.4102,  9.6754,  9.8965],
        [   -inf,    -inf,    -inf,  2.9861,  3.9612,  4.8876,  5.7399,  6.5118,
          7.1911,  7.7881,  8.2981,  8.7253,  9.0946,  9.4118,  9.6773,  9.8986],
        [   -inf,    -inf,    -inf,  2.9861,  3.9612,  4.8877,  5.7402,  6.5123,
          7.1918,  7.7890,  8.2995,  8.7267,  9.0962,  9.4135,  9.6792,  9.9007],
        [   -inf,    -inf,    -inf,  2.9861,  3.9612,  4.8879,  5.7404,  6.5127,
          7.1926,  7.7899,  8.3008,  8.7281,  9.0979,  9.4152,  9.6811,  9.9028],
        [   -inf,    -inf,    -inf,  2.9861,  3.9613,  4.8881,  5.7407,  6.5132,
          7.1933,  7.7909,  8.3021,  8.7295,  9.0995,  9.4168,  9.6830,  9.9049],
        [   -inf,    -inf,    -inf,  2.9861,  3.9613,  4.8882,  5.7410,  6.5137,
          7.1940,  7.7918,  8.3035,  8.7309,  9.1011,  9.4185,  9.6849,  9.9070],
        [   -inf,    -inf,    -inf,  2.9861,  3.9613,  4.8884,  5.7413,  6.5142,
          7.1947,  7.7927,  8.3048,  8.7322,  9.1027,  9.4202,  9.6867,  9.9091],
        [   -inf,    -inf,    -inf,  2.9861,  3.9614,  4.8885,  5.7416,  6.5146,
          7.1954,  7.7935,  8.3061,  8.7336,  9.1043,  9.4218,  9.6886,  9.9112],
        [   -inf,    -inf,    -inf,  2.9861,  3.9614,  4.8887,  5.7419,  6.5151,
          7.1961,  7.7944,  8.3074,  8.7350,  9.1059,  9.4235,  9.6905,  9.9133],
        [   -inf,    -inf,    -inf,  2.9861,  3.9614,  4.8888,  5.7422,  6.5156,
          7.1969,  7.7953,  8.3087,  8.7364,  9.1075,  9.4251,  9.6924,  9.9154],
        [   -inf,    -inf,    -inf,  2.9861,  3.9614,  4.8890,  5.7425,  6.5160,
          7.1976,  7.7962,  8.3100,  8.7378,  9.1091,  9.4268,  9.6943,  9.9175],
        [   -inf,    -inf,    -inf,  2.9861,  3.9615,  4.8891,  5.7428,  6.5165,
          7.1983,  7.7970,  8.3113,  8.7391,  9.1107,  9.4285,  9.6961,  9.9194],
        [   -inf,    -inf,    -inf,  2.9861,  3.9615,  4.8893,  5.7431,  6.5170,
          7.1990,  7.7979,  8.3125,  8.7405,  9.1123,  9.4301,  9.6980,  9.9214],
        [   -inf,    -inf,    -inf,  2.9861,  3.9615,  4.8894,  5.7433,  6.5174,
          7.1997,  7.7988,  8.3137,  8.7419,  9.1139,  9.4317,  9.6999,  9.9233],
        [   -inf,    -inf,    -inf,  2.9861,  3.9616,  4.8896,  5.7436,  6.5179,
          7.2005,  7.7996,  8.3150,  8.7433,  9.1155,  9.4333,  9.7018,  9.9252],
        [   -inf,    -inf,    -inf,  2.9861,  3.9616,  4.8897,  5.7439,  6.5183,
          7.2012,  7.8005,  8.3162,  8.7446,  9.1171,  9.4349,  9.7037,  9.9272],
        [   -inf,    -inf,    -inf,  2.9861,  3.9616,  4.8899,  5.7442,  6.5188,
          7.2019,  7.8013,  8.3174,  8.7460,  9.1187,  9.4366,  9.7055,  9.9291],
        [   -inf,    -inf,    -inf,  2.9861,  3.9617,  4.8900,  5.7445,  6.5193,
          7.2026,  7.8022,  8.3186,  8.7474,  9.1203,  9.4382,  9.7074,  9.9311],
        [   -inf,    -inf,    -inf,  2.9861,  3.9617,  4.8902,  5.7447,  6.5197,
          7.2033,  7.8031,  8.3198,  8.7488,  9.1219,  9.4398,  9.7093,  9.9330],
        [   -inf,    -inf,    -inf,  2.9861,  3.9617,  4.8903,  5.7450,  6.5202,
          7.2040,  7.8039,  8.3210,  8.7502,  9.1234,  9.4414,  9.7112,  9.9349],
        [   -inf,    -inf,    -inf,  2.9861,  3.9617,  4.8905,  5.7453,  6.5207,
          7.2048,  7.8048,  8.3222,  8.7515,  9.1250,  9.4430,  9.7131,  9.9369],
        [   -inf,    -inf,    -inf,  2.9861,  3.9618,  4.8906,  5.7456,  6.5211,
          7.2055,  7.8056,  8.3234,  8.7529,  9.1266,  9.4446,  9.7150,  9.9388],
        [   -inf,    -inf,    -inf,  2.9861,  3.9618,  4.8908,  5.7459,  6.5216,
          7.2062,  7.8064,  8.3246,  8.7543,  9.1282,  9.4462,  9.7168,  9.9408],
        [   -inf,    -inf,    -inf,  2.9861,  3.9618,  4.8909,  5.7461,  6.5221,
          7.2069,  7.8073,  8.3258,  8.7557,  9.1298,  9.4479,  9.7187,  9.9427],
        [   -inf,    -inf,    -inf,  2.9861,  3.9619,  4.8910,  5.7464,  6.5225,
          7.2076,  7.8081,  8.3269,  8.7571,  9.1313,  9.4495,  9.7206,  9.9446],
        [   -inf,    -inf,    -inf,  2.9861,  3.9619,  4.8912,  5.7467,  6.5230,
          7.2083,  7.8090,  8.3281,  8.7584,  9.1329,  9.4511,  9.7224,  9.9465],
        [   -inf,    -inf,    -inf,  2.9861,  3.9619,  4.8913,  5.7469,  6.5235,
          7.2091,  7.8098,  8.3292,  8.7598,  9.1344,  9.4527,  9.7243,  9.9484],
        [   -inf,    -inf,    -inf,  2.9861,  3.9619,  4.8915,  5.7472,  6.5239,
          7.2098,  7.8106,  8.3304,  8.7612,  9.1360,  9.4543,  9.7262,  9.9503],
        [   -inf,    -inf,    -inf,  2.9861,  3.9620,  4.8916,  5.7475,  6.5244,
          7.2105,  7.8115,  8.3315,  8.7626,  9.1374,  9.4559,  9.7280,  9.9522],
        [   -inf,    -inf,    -inf,  2.9861,  3.9620,  4.8918,  5.7477,  6.5248,
          7.2112,  7.8123,  8.3326,  8.7640,  9.1389,  9.4575,  9.7299,  9.9541],
        [   -inf,    -inf,    -inf,  2.9861,  3.9620,  4.8919,  5.7480,  6.5253,
          7.2119,  7.8132,  8.3338,  8.7653,  9.1404,  9.4591,  9.7317,  9.9560],
        [   -inf,    -inf,    -inf,  2.9861,  3.9621,  4.8921,  5.7483,  6.5258,
          7.2127,  7.8140,  8.3349,  8.7667,  9.1418,  9.4607,  9.7336,  9.9579],
        [   -inf,    -inf,    -inf,  2.9861,  3.9621,  4.8922,  5.7485,  6.5262,
          7.2134,  7.8148,  8.3361,  8.7681,  9.1432,  9.4624,  9.7354,  9.9598],
        [   -inf,    -inf,    -inf,  2.9861,  3.9621,  4.8923,  5.7488,  6.5267,
          7.2141,  7.8157,  8.3372,  8.7695,  9.1446,  9.4640,  9.7372,  9.9616],
        [   -inf,    -inf,    -inf,  2.9861,  3.9621,  4.8925,  5.7490,  6.5272,
          7.2148,  7.8165,  8.3384,  8.7709,  9.1460,  9.4656,  9.7391,  9.9635],
        [   -inf,    -inf,    -inf,  2.9861,  3.9622,  4.8926,  5.7493,  6.5276,
          7.2155,  7.8173,  8.3395,  8.7722,  9.1475,  9.4672,  9.7409,  9.9654],
        [   -inf,    -inf,    -inf,  2.9861,  3.9622,  4.8928,  5.7495,  6.5281,
          7.2162,  7.8182,  8.3406,  8.7736,  9.1489,  9.4688,  9.7425,  9.9673],
        [   -inf,    -inf,    -inf,  2.9861,  3.9622,  4.8929,  5.7498,  6.5286,
          7.2170,  7.8190,  8.3418,  8.7750,  9.1502,  9.4704,  9.7442,  9.9692],
        [   -inf,    -inf,    -inf,  2.9861,  3.9622,  4.8930,  5.7501,  6.5290,
          7.2177,  7.8199,  8.3429,  8.7764,  9.1516,  9.4720,  9.7459,  9.9711],
        [   -inf,    -inf,    -inf,  2.9861,  3.9623,  4.8932,  5.7503,  6.5295,
          7.2184,  7.8207,  8.3440,  8.7777,  9.1530,  9.4736,  9.7475,  9.9729],
        [   -inf,    -inf,    -inf,  2.9861,  3.9623,  4.8933,  5.7506,  6.5300,
          7.2191,  7.8215,  8.3452,  8.7791,  9.1544,  9.4752,  9.7492,  9.9748],
        [   -inf,    -inf,    -inf,  2.9861,  3.9623,  4.8935,  5.7508,  6.5304,
          7.2198,  7.8224,  8.3463,  8.7804,  9.1558,  9.4769,  9.7509,  9.9767],
        [   -inf,    -inf,    -inf,  2.9861,  3.9623,  4.8936,  5.7511,  6.5309,
          7.2205,  7.8232,  8.3474,  8.7818,  9.1572,  9.4785,  9.7525,  9.9786],
        [   -inf,    -inf,    -inf,  2.9861,  3.9624,  4.8937,  5.7513,  6.5313,
          7.2212,  7.8241,  8.3485,  8.7832,  9.1586,  9.4801,  9.7542,  9.9805],
        [   -inf,    -inf,    -inf,  2.9861,  3.9624,  4.8939,  5.7516,  6.5318,
          7.2219,  7.8249,  8.3496,  8.7845,  9.1600,  9.4817,  9.7558,  9.9823],
        [   -inf,    -inf,    -inf,  2.9861,  3.9624,  4.8940,  5.7519,  6.5322,
          7.2226,  7.8257,  8.3507,  8.7859,  9.1613,  9.4833,  9.7575,  9.9842],
        [   -inf,    -inf,    -inf,  2.9861,  3.9624,  4.8942,  5.7521,  6.5327,
          7.2233,  7.8266,  8.3518,  8.7872,  9.1627,  9.4849,  9.7592,  9.9861],
        [   -inf,    -inf,    -inf,  2.9861,  3.9625,  4.8943,  5.7524,  6.5331,
          7.2240,  7.8274,  8.3528,  8.7886,  9.1641,  9.4865,  9.7608,  9.9880],
        [   -inf,    -inf,    -inf,  2.9861,  3.9625,  4.8944,  5.7526,  6.5336,
          7.2247,  7.8282,  8.3539,  8.7899,  9.1655,  9.4881,  9.7625,  9.9899],
        [   -inf,    -inf,    -inf,  2.9861,  3.9625,  4.8946,  5.7529,  6.5340,
          7.2253,  7.8291,  8.3549,  8.7913,  9.1669,  9.4897,  9.7641,  9.9917],
        [   -inf,    -inf,    -inf,  2.9861,  3.9625,  4.8947,  5.7531,  6.5345,
          7.2260,  7.8299,  8.3560,  8.7926,  9.1682,  9.4913,  9.7658,  9.9936],
        [   -inf,    -inf,    -inf,  2.9861,  3.9626,  4.8948,  5.7534,  6.5349,
          7.2267,  7.8308,  8.3570,  8.7940,  9.1696,  9.4929,  9.7675,  9.9955],
        [   -inf,    -inf,    -inf,  2.9861,  3.9626,  4.8950,  5.7536,  6.5354,
          7.2274,  7.8316,  8.3581,  8.7953,  9.1710,  9.4945,  9.7691,  9.9974],
        [   -inf,    -inf,    -inf,  2.9861,  3.9626,  4.8951,  5.7539,  6.5358,
          7.2280,  7.8324,  8.3591,  8.7966,  9.1724,  9.4961,  9.7707,  9.9993],
        [   -inf,    -inf,    -inf,  2.9862,  3.9626,  4.8952,  5.7542,  6.5363,
          7.2287,  7.8332,  8.3601,  8.7980,  9.1737,  9.4977,  9.7723, 10.0011],
        [   -inf,    -inf,    -inf,  2.9862,  3.9627,  4.8954,  5.7544,  6.5367,
          7.2293,  7.8341,  8.3612,  8.7993,  9.1751,  9.4993,  9.7739, 10.0030],
        [   -inf,    -inf,    -inf,  2.9862,  3.9627,  4.8955,  5.7547,  6.5371,
          7.2300,  7.8349,  8.3622,  8.8007,  9.1765,  9.5008,  9.7756, 10.0048],
        [   -inf,    -inf,    -inf,  2.9862,  3.9627,  4.8956,  5.7549,  6.5376,
          7.2306,  7.8357,  8.3632,  8.8020,  9.1779,  9.5024,  9.7772, 10.0067],
        [   -inf,    -inf,    -inf,  2.9862,  3.9627,  4.8958,  5.7552,  6.5380,
          7.2312,  7.8366,  8.3642,  8.8033,  9.1793,  9.5040,  9.7788, 10.0085],
        [   -inf,    -inf,    -inf,  2.9862,  3.9628,  4.8959,  5.7554,  6.5384,
          7.2319,  7.8374,  8.3652,  8.8046,  9.1806,  9.5056,  9.7804, 10.0104],
        [   -inf,    -inf,    -inf,  2.9862,  3.9628,  4.8960,  5.7557,  6.5389,
          7.2325,  7.8382,  8.3663,  8.8059,  9.1820,  9.5072,  9.7820, 10.0122],
        [   -inf,    -inf,    -inf,  2.9862,  3.9628,  4.8962,  5.7559,  6.5393,
          7.2331,  7.8390,  8.3673,  8.8072,  9.1834,  9.5087,  9.7836, 10.0141],
        [   -inf,    -inf,    -inf,  2.9862,  3.9628,  4.8963,  5.7561,  6.5397,
          7.2338,  7.8398,  8.3683,  8.8084,  9.1848,  9.5103,  9.7853, 10.0159],
        [   -inf,    -inf,    -inf,  2.9862,  3.9629,  4.8964,  5.7564,  6.5402,
          7.2344,  7.8406,  8.3692,  8.8097,  9.1862,  9.5118,  9.7869, 10.0178],
        [   -inf,    -inf,    -inf,  2.9862,  3.9629,  4.8966,  5.7566,  6.5406,
          7.2350,  7.8414,  8.3702,  8.8109,  9.1875,  9.5134,  9.7885, 10.0196],
        [   -inf,    -inf,    -inf,  2.9862,  3.9629,  4.8967,  5.7569,  6.5410,
          7.2357,  7.8422,  8.3712,  8.8121,  9.1889,  9.5148,  9.7901, 10.0214],
        [   -inf,    -inf,    -inf,  2.9862,  3.9629,  4.8968,  5.7571,  6.5414,
          7.2363,  7.8430,  8.3722,  8.8133,  9.1903,  9.5163,  9.7917, 10.0232],
        [   -inf,    -inf,    -inf,  2.9862,  3.9630,  4.8969,  5.7574,  6.5419,
          7.2369,  7.8438,  8.3732,  8.8146,  9.1917,  9.5177,  9.7933, 10.0250],
        [   -inf,    -inf,    -inf,  2.9862,  3.9630,  4.8970,  5.7576,  6.5423,
          7.2376,  7.8445,  8.3742,  8.8158,  9.1931,  9.5192,  9.7949, 10.0268],
        [   -inf,    -inf,    -inf,  2.9862,  3.9630,  4.8972,  5.7578,  6.5427,
          7.2382,  7.8453,  8.3751,  8.8170,  9.1944,  9.5206,  9.7965, 10.0286]])
tensor(1.7370) tensor(8.6354) (512, 15)
