tensor([[  -inf,   -inf,   -inf,   -inf,   -inf,   -inf,   -inf,   -inf,   -inf,
           -inf,   -inf],
        [  -inf, 1.0000, 1.0000, 1.0000, 1.0000, 1.0000, 1.0000, 1.0000, 1.0000,
         1.0000, 1.0000],
        [  -inf,   -inf, 1.7098, 1.7098, 1.7098, 1.7098, 1.7098, 1.7098, 1.7098,
         1.7098, 1.7098],
        [  -inf,   -inf, 1.8016, 2.2137, 2.2137, 2.2137, 2.2137, 2.2137, 2.2137,
         2.2137, 2.2137],
        [  -inf,   -inf, 1.8415, 2.3055, 2.5714, 2.5714, 2.5714, 2.5714, 2.5714,
         2.5714, 2.5714],
        [  -inf,   -inf, 1.8635, 2.3706, 2.6632, 2.8253, 2.8253, 2.8253, 2.8253,
         2.8253, 2.8253],
        [  -inf,   -inf, 1.8783, 2.4358, 2.7283, 2.9170, 3.0055, 3.0055, 3.0055,
         3.0055, 3.0055],
        [  -inf,   -inf, 1.8919, 2.4756, 2.7934, 2.9822, 3.0973, 3.1334, 3.1334,
         3.1334, 3.1334],
        [  -inf,   -inf, 1.9015, 2.5039, 2.8397, 3.0473, 3.1624, 3.2252, 3.2252,
         3.2252, 3.2252],
        [  -inf,   -inf, 1.9078, 2.5322, 2.8859, 3.0936, 3.2276, 3.2903, 3.3160,
         3.3160, 3.3160],
        [  -inf,   -inf, 1.9127, 2.5543, 2.9322, 3.1398, 3.2738, 3.3555, 3.3811,
         3.3811, 3.3811],
        [  -inf,   -inf, 1.9173, 2.5699, 2.9720, 3.1861, 3.3200, 3.4017, 3.4463,
         3.4463, 3.4463],
        [  -inf,   -inf, 1.9211, 2.5856, 3.0003, 3.2259, 3.3663, 3.4480, 3.4925,
         3.5107, 3.5107],
        [  -inf,   -inf, 1.9257, 2.6003, 3.0286, 3.2587, 3.4061, 3.4942, 3.5388,
         3.5570, 3.5570],
        [  -inf,   -inf, 1.9287, 2.6140, 3.0507, 3.2916, 3.4390, 3.5341, 3.5850,
         3.6032, 3.6032],
        [  -inf,   -inf, 1.9313, 2.6245, 3.0707, 3.3244, 3.4718, 3.5669, 3.6249,
         3.6495, 3.6495],
        [  -inf,   -inf, 1.9335, 2.6349, 3.0908, 3.3572, 3.5046, 3.5997, 3.6577,
         3.6893, 3.6952],
        [  -inf,   -inf, 1.9353, 2.6446, 3.1109, 3.3855, 3.5374, 3.6325, 3.6905,
         3.7221, 3.7351],
        [  -inf,   -inf, 1.9374, 2.6543, 3.1266, 3.4138, 3.5657, 3.6654, 3.7233,
         3.7550, 3.7679],
        [  -inf,   -inf, 1.9383, 2.6639, 3.1422, 3.4358, 3.5940, 3.6936, 3.7562,
         3.7878, 3.8007],
        [  -inf,   -inf, 1.9402, 2.6723, 3.1570, 3.4559, 3.6173, 3.7219, 3.7844,
         3.8206, 3.8336],
        [  -inf,   -inf, 1.9409, 2.6792, 3.1706, 3.4760, 3.6406, 3.7452, 3.8127,
         3.8489, 3.8664],
        [  -inf,   -inf, 1.9420, 2.6860, 3.1817, 3.4961, 3.6639, 3.7685, 3.8360,
         3.8772, 3.8947],
        [  -inf,   -inf, 1.9430, 2.6922, 3.1929, 3.5117, 3.6872, 3.7918, 3.8593,
         3.9005, 3.9229],
        [  -inf,   -inf, 1.9443, 2.6972, 3.2040, 3.5274, 3.7105, 3.8151, 3.8826,
         3.9238, 3.9462],
        [  -inf,   -inf, 1.9451, 2.7017, 3.2144, 3.5422, 3.7326, 3.8384, 3.9059,
         3.9471, 3.9695],
        [  -inf,   -inf, 1.9465, 2.7062, 3.2249, 3.5564, 3.7526, 3.8605, 3.9292,
         3.9704, 3.9928],
        [  -inf,   -inf, 1.9475, 2.7106, 3.2346, 3.5707, 3.7727, 3.8806, 3.9513,
         3.9937, 4.0161],
        [  -inf,   -inf, 1.9479, 2.7146, 3.2443, 3.5849, 3.7928, 3.9006, 3.9714,
         4.0158, 4.0394],
        [  -inf,   -inf, 1.9490, 2.7190, 3.2539, 3.5992, 3.8085, 3.9207, 3.9915,
         4.0358, 4.0615],
        [  -inf,   -inf, 1.9495, 2.7227, 3.2623, 3.6128, 3.8241, 3.9373, 4.0115,
         4.0559, 4.0816],
        [  -inf,   -inf, 1.9504, 2.7263, 3.2698, 3.6239, 3.8389, 3.9538, 4.0281,
         4.0760, 4.1017],
        [  -inf,   -inf, 1.9509, 2.7298, 3.2772, 3.6350, 3.8531, 3.9703, 4.0446,
         4.0925, 4.1217],
        [  -inf,   -inf, 1.9517, 2.7333, 3.2846, 3.6462, 3.8674, 3.9869, 4.0611,
         4.1091, 4.1383],
        [  -inf,   -inf,   -inf, 2.7366, 3.2915, 3.6566, 3.8816, 4.0034, 4.0777,
         4.1256, 4.1548],
        [  -inf,   -inf,   -inf, 2.7398, 3.2984, 3.6671, 3.8959, 4.0200, 4.0942,
         4.1421, 4.1714],
        [  -inf,   -inf,   -inf, 2.7431, 3.3052, 3.6768, 3.9095, 4.0356, 4.1108,
         4.1587, 4.1879],
        [  -inf,   -inf,   -inf, 2.7461, 3.3121, 3.6865, 3.9206, 4.0513, 4.1264,
         4.1752, 4.2044],
        [  -inf,   -inf,   -inf, 2.7491, 3.3189, 3.6961, 3.9318, 4.0660, 4.1421,
         4.1909, 4.2210],
        [  -inf,   -inf,   -inf, 2.7521, 3.3251, 3.7045, 3.9429, 4.0803, 4.1568,
         4.2066, 4.2366],
        [  -inf,   -inf,   -inf, 2.7548, 3.3311, 3.7124, 3.9534, 4.0945, 4.1711,
         4.2213, 4.2523],
        [  -inf,   -inf,   -inf, 2.7574, 3.3371, 3.7203, 3.9638, 4.1088, 4.1853,
         4.2356, 4.2671],
        [  -inf,   -inf,   -inf, 2.7596, 3.3431, 3.7282, 3.9739, 4.1230, 4.1996,
         4.2498, 4.2813],
        [  -inf,   -inf,   -inf, 2.7617, 3.3480, 3.7361, 3.9841, 4.1367, 4.2139,
         4.2641, 4.2956],
        [  -inf,   -inf,   -inf, 2.7639, 3.3529, 3.7435, 3.9942, 4.1478, 4.2275,
         4.2783, 4.3098],
        [  -inf,   -inf,   -inf, 2.7659, 3.3577, 3.7510, 4.0043, 4.1589, 4.2392,
         4.2920, 4.3241],
        [  -inf,   -inf,   -inf, 2.7679, 3.3625, 3.7584, 4.0144, 4.1701, 4.2510,
         4.3037, 4.3377],
        [  -inf,   -inf,   -inf, 2.7699, 3.3671, 3.7653, 4.0241, 4.1805, 4.2627,
         4.3154, 4.3495],
        [  -inf,   -inf,   -inf, 2.7719, 3.3715, 3.7721, 4.0338, 4.1910, 4.2745,
         4.3272, 4.3612],
        [  -inf,   -inf,   -inf, 2.7737, 3.3760, 3.7790, 4.0434, 4.2011, 4.2862,
         4.3389, 4.3729],
        [  -inf,   -inf,   -inf, 2.7755, 3.3800, 3.7858, 4.0518, 4.2112, 4.2979,
         4.3507, 4.3847],
        [  -inf,   -inf,   -inf, 2.7771, 3.3844, 3.7927, 4.0597, 4.2213, 4.3097,
         4.3624, 4.3964],
        [  -inf,   -inf,   -inf, 2.7787, 3.3881, 3.7989, 4.0676, 4.2315, 4.3208,
         4.3741, 4.4082],
        [  -inf,   -inf,   -inf, 2.7802, 3.3917, 3.8049, 4.0755, 4.2416, 4.3319,
         4.3853, 4.4199],
        [  -inf,   -inf,   -inf, 2.7817, 3.3952, 3.8109, 4.0834, 4.2513, 4.3430,
         4.3964, 4.4310],
        [  -inf,   -inf,   -inf, 2.7831, 3.3987, 3.8168, 4.0908, 4.2609, 4.3535,
         4.4075, 4.4421],
        [  -inf,   -inf,   -inf, 2.7845, 3.4020, 3.8221, 4.0983, 4.2706, 4.3640,
         4.4180, 4.4533],
        [  -inf,   -inf,   -inf, 2.7859, 3.4052, 3.8274, 4.1057, 4.2790, 4.3741,
         4.4284, 4.4637],
        [  -inf,   -inf,   -inf, 2.7873, 3.4085, 3.8327, 4.1126, 4.2869, 4.3842,
         4.4386, 4.4742],
        [  -inf,   -inf,   -inf, 2.7886, 3.4116, 3.8379, 4.1194, 4.2948, 4.3943,
         4.4487, 4.4843],
        [  -inf,   -inf,   -inf, 2.7900, 3.4148, 3.8429, 4.1263, 4.3027, 4.4044,
         4.4588, 4.4944],
        [  -inf,   -inf,   -inf, 2.7913, 3.4179, 3.8478, 4.1331, 4.3106, 4.4146,
         4.4689, 4.5045],
        [  -inf,   -inf,   -inf, 2.7926, 3.4209, 3.8526, 4.1400, 4.3180, 4.4242,
         4.4790, 4.5147],
        [  -inf,   -inf,   -inf, 2.7939, 3.4239, 3.8575, 4.1462, 4.3254, 4.4339,
         4.4887, 4.5248],
        [  -inf,   -inf,   -inf, 2.7951, 3.4269, 3.8624, 4.1522, 4.3329, 4.4436,
         4.4984, 4.5345],
        [  -inf,   -inf,   -inf, 2.7960, 3.4296, 3.8672, 4.1582, 4.3400, 4.4520,
         4.5080, 4.5441],
        [  -inf,   -inf,   -inf, 2.7971, 3.4322, 3.8721, 4.1641, 4.3472, 4.4599,
         4.5164, 4.5538],
        [  -inf,   -inf,   -inf, 2.7980, 3.4348, 3.8769, 4.1697, 4.3544, 4.4678,
         4.5248, 4.5622],
        [  -inf,   -inf,   -inf, 2.7993, 3.4374, 3.8815, 4.1753, 4.3616, 4.4757,
         4.5331, 4.5705],
        [  -inf,   -inf,   -inf, 2.8002, 3.4400, 3.8859, 4.1809, 4.3688, 4.4836,
         4.5414, 4.5789],
        [  -inf,   -inf,   -inf, 2.8015, 3.4426, 3.8904, 4.1866, 4.3759, 4.4910,
         4.5498, 4.5872],
        [  -inf,   -inf,   -inf, 2.8025, 3.4452, 3.8946, 4.1922, 4.3828, 4.4984,
         4.5581, 4.5955],
        [  -inf,   -inf,   -inf, 2.8034, 3.4478, 3.8988, 4.1974, 4.3897, 4.5058,
         4.5664, 4.6039],
        [  -inf,   -inf,   -inf, 2.8044, 3.4503, 3.9031, 4.2027, 4.3966, 4.5130,
         4.5748, 4.6122],
        [  -inf,   -inf,   -inf, 2.8054, 3.4528, 3.9073, 4.2080, 4.4034, 4.5202,
         4.5831, 4.6205],
        [  -inf,   -inf,   -inf, 2.8063, 3.4552, 3.9116, 4.2133, 4.4102, 4.5274,
         4.5910, 4.6289],
        [  -inf,   -inf,   -inf, 2.8072, 3.4576, 3.9158, 4.2182, 4.4164, 4.5346,
         4.5989, 4.6368],
        [  -inf,   -inf,   -inf, 2.8081, 3.4599, 3.9200, 4.2231, 4.4224, 4.5417,
         4.6068, 4.6447],
        [  -inf,   -inf,   -inf, 2.8090, 3.4622, 3.9243, 4.2280, 4.4284, 4.5489,
         4.6147, 4.6525],
        [  -inf,   -inf,   -inf, 2.8098, 3.4645, 3.9279, 4.2328, 4.4344, 4.5558,
         4.6221, 4.6604],
        [  -inf,   -inf,   -inf, 2.8106, 3.4668, 3.9316, 4.2377, 4.4400, 4.5627,
         4.6295, 4.6679],
        [  -inf,   -inf,   -inf, 2.8113, 3.4690, 3.9351, 4.2426, 4.4456, 4.5696,
         4.6370, 4.6753],
        [  -inf,   -inf,   -inf, 2.8121, 3.4711, 3.9386, 4.2474, 4.4512, 4.5764,
         4.6442, 4.6827],
        [  -inf,   -inf,   -inf, 2.8129, 3.4733, 3.9420, 4.2523, 4.4568, 4.5832,
         4.6513, 4.6899],
        [  -inf,   -inf,   -inf, 2.8136, 3.4754, 3.9455, 4.2568, 4.4624, 4.5894,
         4.6585, 4.6971],
        [  -inf,   -inf,   -inf, 2.8143, 3.4775, 3.9489, 4.2613, 4.4677, 4.5954,
         4.6657, 4.7043],
        [  -inf,   -inf,   -inf, 2.8151, 3.4795, 3.9523, 4.2657, 4.4730, 4.6014,
         4.6729, 4.7115],
        [  -inf,   -inf,   -inf, 2.8158, 3.4816, 3.9556, 4.2699, 4.4782, 4.6074,
         4.6801, 4.7186],
        [  -inf,   -inf,   -inf, 2.8166, 3.4835, 3.9588, 4.2742, 4.4835, 4.6130,
         4.6869, 4.7258],
        [  -inf,   -inf,   -inf, 2.8173, 3.4855, 3.9621, 4.2784, 4.4884, 4.6186,
         4.6938, 4.7327],
        [  -inf,   -inf,   -inf, 2.8181, 3.4874, 3.9652, 4.2827, 4.4933, 4.6242,
         4.7007, 4.7396],
        [  -inf,   -inf,   -inf, 2.8188, 3.4894, 3.9684, 4.2869, 4.4982, 4.6298,
         4.7075, 4.7464],
        [  -inf,   -inf,   -inf, 2.8195, 3.4912, 3.9715, 4.2911, 4.5031, 4.6354,
         4.7143, 4.7533],
        [  -inf,   -inf,   -inf, 2.8201, 3.4930, 3.9745, 4.2953, 4.5080, 4.6407,
         4.7206, 4.7601],
        [  -inf,   -inf,   -inf, 2.8209, 3.4946, 3.9775, 4.2996, 4.5128, 4.6459,
         4.7265, 4.7663],
        [  -inf,   -inf,   -inf, 2.8215, 3.4962, 3.9805, 4.3033, 4.5177, 4.6512,
         4.7325, 4.7723],
        [  -inf,   -inf,   -inf, 2.8222, 3.4977, 3.9832, 4.3071, 4.5225, 4.6565,
         4.7385, 4.7783],
        [  -inf,   -inf,   -inf, 2.8228, 3.4993, 3.9858, 4.3108, 4.5271, 4.6616,
         4.7441, 4.7843],
        [  -inf,   -inf,   -inf, 2.8234, 3.5008, 3.9884, 4.3145, 4.5315, 4.6667,
         4.7497, 4.7902],
        [  -inf,   -inf,   -inf, 2.8240, 3.5023, 3.9910, 4.3183, 4.5359, 4.6718,
         4.7553, 4.7961],
        [  -inf,   -inf,   -inf, 2.8246, 3.5038, 3.9936, 4.3219, 4.5402, 4.6769,
         4.7609, 4.8020],
        [  -inf,   -inf,   -inf, 2.8252, 3.5052, 3.9962, 4.3256, 4.5444, 4.6820,
         4.7665, 4.8079],
        [  -inf,   -inf,   -inf, 2.8258, 3.5067, 3.9988, 4.3291, 4.5487, 4.6871,
         4.7718, 4.8138],
        [  -inf,   -inf,   -inf, 2.8263, 3.5081, 4.0014, 4.3326, 4.5529, 4.6922,
         4.7771, 4.8198],
        [  -inf,   -inf,   -inf, 2.8269, 3.5096, 4.0039, 4.3361, 4.5572, 4.6971,
         4.7823, 4.8257],
        [  -inf,   -inf,   -inf, 2.8274, 3.5110, 4.0064, 4.3396, 4.5614, 4.7020,
         4.7876, 4.8316],
        [  -inf,   -inf,   -inf, 2.8280, 3.5124, 4.0089, 4.3430, 4.5656, 4.7069,
         4.7927, 4.8375],
        [  -inf,   -inf,   -inf, 2.8285, 3.5138, 4.0112, 4.3465, 4.5698, 4.7118,
         4.7978, 4.8431],
        [  -inf,   -inf,   -inf, 2.8290, 3.5152, 4.0135, 4.3500, 4.5738, 4.7166,
         4.8029, 4.8487],
        [  -inf,   -inf,   -inf, 2.8295, 3.5166, 4.0158, 4.3534, 4.5778, 4.7215,
         4.8080, 4.8543],
        [  -inf,   -inf,   -inf, 2.8300, 3.5180, 4.0181, 4.3568, 4.5818, 4.7263,
         4.8131, 4.8599],
        [  -inf,   -inf,   -inf, 2.8305, 3.5193, 4.0204, 4.3603, 4.5857, 4.7312,
         4.8182, 4.8655],
        [  -inf,   -inf,   -inf, 2.8310, 3.5207, 4.0226, 4.3637, 4.5897, 4.7358,
         4.8233, 4.8708],
        [  -inf,   -inf,   -inf, 2.8315, 3.5220, 4.0249, 4.3670, 4.5937, 4.7402,
         4.8282, 4.8761],
        [  -inf,   -inf,   -inf, 2.8320, 3.5233, 4.0271, 4.3702, 4.5974, 4.7446,
         4.8331, 4.8813],
        [  -inf,   -inf,   -inf, 2.8324, 3.5246, 4.0293, 4.3735, 4.6012, 4.7488,
         4.8380, 4.8866],
        [  -inf,   -inf,   -inf, 2.8329, 3.5259, 4.0315, 4.3766, 4.6049, 4.7531,
         4.8429, 4.8917],
        [  -inf,   -inf,   -inf, 2.8333, 3.5272, 4.0337, 4.3797, 4.6087, 4.7573,
         4.8478, 4.8968],
        [  -inf,   -inf,   -inf, 2.8337, 3.5285, 4.0358, 4.3829, 4.6124, 4.7616,
         4.8526, 4.9019],
        [  -inf,   -inf,   -inf, 2.8341, 3.5297, 4.0379, 4.3859, 4.6161, 4.7658,
         4.8575, 4.9070],
        [  -inf,   -inf,   -inf, 2.8345, 3.5309, 4.0400, 4.3889, 4.6197, 4.7701,
         4.8623, 4.9121],
        [  -inf,   -inf,   -inf, 2.8349, 3.5320, 4.0421, 4.3919, 4.6232, 4.7742,
         4.8669, 4.9172],
        [  -inf,   -inf,   -inf, 2.8353, 3.5331, 4.0441, 4.3949, 4.6267, 4.7785,
         4.8713, 4.9223],
        [  -inf,   -inf,   -inf, 2.8357, 3.5342, 4.0460, 4.3980, 4.6302, 4.7825,
         4.8757, 4.9272],
        [  -inf,   -inf,   -inf, 2.8361, 3.5353, 4.0480, 4.4010, 4.6337, 4.7864,
         4.8800, 4.9321],
        [  -inf,   -inf,   -inf, 2.8365, 3.5364, 4.0500, 4.4040, 4.6371, 4.7904,
         4.8842, 4.9370],
        [  -inf,   -inf,   -inf, 2.8368, 3.5375, 4.0519, 4.4070, 4.6406, 4.7944,
         4.8885, 4.9419],
        [  -inf,   -inf,   -inf, 2.8371, 3.5386, 4.0538, 4.4100, 4.6441, 4.7984,
         4.8927, 4.9468],
        [  -inf,   -inf,   -inf, 2.8375, 3.5395, 4.0556, 4.4130, 4.6475, 4.8024,
         4.8969, 4.9516],
        [  -inf,   -inf,   -inf, 2.8378, 3.5406, 4.0574, 4.4160, 4.6509, 4.8061,
         4.9012, 4.9565],
        [  -inf,   -inf,   -inf, 2.8381, 3.5416, 4.0593, 4.4190, 4.6544, 4.8098,
         4.9054, 4.9613],
        [  -inf,   -inf,   -inf, 2.8384, 3.5427, 4.0611, 4.4220, 4.6578, 4.8136,
         4.9096, 4.9659],
        [  -inf,   -inf,   -inf, 2.8386, 3.5438, 4.0630, 4.4247, 4.6611, 4.8173,
         4.9136, 4.9703],
        [  -inf,   -inf,   -inf, 2.8389, 3.5449, 4.0648, 4.4273, 4.6643, 4.8211,
         4.9176, 4.9747],
        [  -inf,   -inf,   -inf, 2.8391, 3.5459, 4.0667, 4.4299, 4.6676, 4.8247,
         4.9216, 4.9790],
        [  -inf,   -inf,   -inf, 2.8394, 3.5469, 4.0685, 4.4325, 4.6707, 4.8284,
         4.9255, 4.9832],
        [  -inf,   -inf,   -inf, 2.8396, 3.5479, 4.0703, 4.4351, 4.6739, 4.8319,
         4.9295, 4.9875],
        [  -inf,   -inf,   -inf, 2.8399, 3.5488, 4.0722, 4.4377, 4.6770, 4.8354,
         4.9335, 4.9917],
        [  -inf,   -inf,   -inf, 2.8401, 3.5498, 4.0740, 4.4403, 4.6800, 4.8389,
         4.9372, 4.9959],
        [  -inf,   -inf,   -inf, 2.8403, 3.5508, 4.0758, 4.4429, 4.6830, 4.8423,
         4.9410, 5.0002],
        [  -inf,   -inf,   -inf, 2.8405, 3.5518, 4.0777, 4.4454, 4.6860, 4.8458,
         4.9447, 5.0044],
        [  -inf,   -inf,   -inf, 2.8407, 3.5527, 4.0794, 4.4479, 4.6891, 4.8493,
         4.9485, 5.0086],
        [  -inf,   -inf,   -inf, 2.8409, 3.5537, 4.0812, 4.4504, 4.6921, 4.8527,
         4.9522, 5.0126],
        [  -inf,   -inf,   -inf, 2.8411, 3.5546, 4.0830, 4.4528, 4.6951, 4.8562,
         4.9559, 5.0166],
        [  -inf,   -inf,   -inf, 2.8413, 3.5556, 4.0847, 4.4552, 4.6981, 4.8596,
         4.9595, 5.0206],
        [  -inf,   -inf,   -inf, 2.8415, 3.5566, 4.0864, 4.4577, 4.7011, 4.8631,
         4.9631, 5.0245],
        [  -inf,   -inf,   -inf, 2.8417, 3.5575, 4.0880, 4.4601, 4.7041, 4.8665,
         4.9668, 5.0285],
        [  -inf,   -inf,   -inf, 2.8419, 3.5585, 4.0897, 4.4626, 4.7071, 4.8697,
         4.9704, 5.0325],
        [  -inf,   -inf,   -inf, 2.8421, 3.5594, 4.0913, 4.4649, 4.7101, 4.8730,
         4.9740, 5.0362],
        [  -inf,   -inf,   -inf, 2.8423, 3.5603, 4.0929, 4.4672, 4.7131, 4.8762,
         4.9776, 5.0400],
        [  -inf,   -inf,   -inf, 2.8424, 3.5612, 4.0946, 4.4695, 4.7161, 4.8794,
         4.9812, 5.0437],
        [  -inf,   -inf,   -inf, 2.8426, 3.5621, 4.0962, 4.4718, 4.7189, 4.8825,
         4.9848, 5.0475],
        [  -inf,   -inf,   -inf, 2.8428, 3.5630, 4.0978, 4.4741, 4.7215, 4.8857,
         4.9885, 5.0512],
        [  -inf,   -inf,   -inf, 2.8430, 3.5639, 4.0994, 4.4763, 4.7242, 4.8887,
         4.9920, 5.0549],
        [  -inf,   -inf,   -inf, 2.8432, 3.5648, 4.1009, 4.4786, 4.7268, 4.8917,
         4.9955, 5.0585],
        [  -inf,   -inf,   -inf, 2.8433, 3.5657, 4.1024, 4.4808, 4.7295, 4.8947,
         4.9990, 5.0621],
        [  -inf,   -inf,   -inf, 2.8435, 3.5666, 4.1040, 4.4830, 4.7321, 4.8977,
         5.0024, 5.0658],
        [  -inf,   -inf,   -inf, 2.8437, 3.5675, 4.1055, 4.4852, 4.7348, 4.9007,
         5.0059, 5.0694],
        [  -inf,   -inf,   -inf, 2.8438, 3.5683, 4.1070, 4.4874, 4.7374, 4.9037,
         5.0093, 5.0730],
        [  -inf,   -inf,   -inf, 2.8440, 3.5692, 4.1085, 4.4895, 4.7400, 4.9068,
         5.0128, 5.0766],
        [  -inf,   -inf,   -inf, 2.8441, 3.5701, 4.1100, 4.4916, 4.7426, 4.9098,
         5.0163, 5.0802],
        [  -inf,   -inf,   -inf, 2.8442, 3.5709, 4.1114, 4.4937, 4.7452, 4.9128,
         5.0197, 5.0838],
        [  -inf,   -inf,   -inf, 2.8444, 3.5717, 4.1129, 4.4958, 4.7478, 4.9158,
         5.0231, 5.0875],
        [  -inf,   -inf,   -inf, 2.8445, 3.5724, 4.1143, 4.4978, 4.7504, 4.9188,
         5.0266, 5.0910],
        [  -inf,   -inf,   -inf, 2.8446, 3.5731, 4.1157, 4.4997, 4.7529, 4.9218,
         5.0298, 5.0945],
        [  -inf,   -inf,   -inf, 2.8448, 3.5739, 4.1172, 4.5017, 4.7554, 4.9248,
         5.0331, 5.0979],
        [  -inf,   -inf,   -inf, 2.8449, 3.5746, 4.1186, 4.5037, 4.7579, 4.9276,
         5.0363, 5.1014],
        [  -inf,   -inf,   -inf, 2.8450, 3.5754, 4.1200, 4.5056, 4.7604, 4.9304,
         5.0395, 5.1049],
        [  -inf,   -inf,   -inf, 2.8451, 3.5761, 4.1214, 4.5075, 4.7629, 4.9333,
         5.0426, 5.1083],
        [  -inf,   -inf,   -inf, 2.8453, 3.5769, 4.1228, 4.5093, 4.7653, 4.9361,
         5.0457, 5.1118],
        [  -inf,   -inf,   -inf, 2.8454, 3.5776, 4.1242, 4.5111, 4.7678, 4.9389,
         5.0488, 5.1152],
        [  -inf,   -inf,   -inf, 2.8455, 3.5784, 4.1255, 4.5130, 4.7703, 4.9417,
         5.0518, 5.1187],
        [  -inf,   -inf,   -inf, 2.8456, 3.5791, 4.1269, 4.5148, 4.7727, 4.9446,
         5.0548, 5.1221],
        [  -inf,   -inf,   -inf, 2.8457, 3.5798, 4.1283, 4.5167, 4.7752, 4.9473,
         5.0578, 5.1256],
        [  -inf,   -inf,   -inf, 2.8458, 3.5805, 4.1297, 4.5185, 4.7776, 4.9499,
         5.0608, 5.1288],
        [  -inf,   -inf,   -inf, 2.8459, 3.5812, 4.1310, 4.5203, 4.7801, 4.9526,
         5.0638, 5.1321],
        [  -inf,   -inf,   -inf, 2.8460, 3.5819, 4.1324, 4.5222, 4.7825, 4.9553,
         5.0668, 5.1353],
        [  -inf,   -inf,   -inf, 2.8461, 3.5826, 4.1337, 4.5240, 4.7849, 4.9579,
         5.0698, 5.1385],
        [  -inf,   -inf,   -inf, 2.8462, 3.5833, 4.1350, 4.5259, 4.7874, 4.9606,
         5.0729, 5.1416],
        [  -inf,   -inf,   -inf, 2.8463, 3.5840, 4.1362, 4.5277, 4.7897, 4.9632,
         5.0759, 5.1447],
        [  -inf,   -inf,   -inf, 2.8464, 3.5847, 4.1375, 4.5295, 4.7920, 4.9658,
         5.0789, 5.1478],
        [  -inf,   -inf,   -inf, 2.8465, 3.5854, 4.1388, 4.5314, 4.7943, 4.9684,
         5.0819, 5.1508],
        [  -inf,   -inf,   -inf, 2.8466, 3.5861, 4.1400, 4.5331, 4.7966, 4.9710,
         5.0849, 5.1538],
        [  -inf,   -inf,   -inf, 2.8467, 3.5867, 4.1412, 4.5349, 4.7989, 4.9736,
         5.0877, 5.1568],
        [  -inf,   -inf,   -inf, 2.8468, 3.5873, 4.1423, 4.5367, 4.8011, 4.9762,
         5.0905, 5.1598],
        [  -inf,   -inf,   -inf, 2.8469, 3.5880, 4.1434, 4.5384, 4.8034, 4.9788,
         5.0933, 5.1628],
        [  -inf,   -inf,   -inf, 2.8470, 3.5886, 4.1445, 4.5401, 4.8056, 4.9814,
         5.0962, 5.1658],
        [  -inf,   -inf,   -inf, 2.8471, 3.5892, 4.1456, 4.5417, 4.8078, 4.9839,
         5.0990, 5.1688],
        [  -inf,   -inf,   -inf, 2.8472, 3.5899, 4.1467, 4.5434, 4.8100, 4.9864,
         5.1018, 5.1719],
        [  -inf,   -inf,   -inf, 2.8473, 3.5905, 4.1478, 4.5450, 4.8122, 4.9888,
         5.1046, 5.1749],
        [  -inf,   -inf,   -inf, 2.8474, 3.5911, 4.1489, 4.5466, 4.8143, 4.9913,
         5.1074, 5.1779],
        [  -inf,   -inf,   -inf, 2.8474, 3.5917, 4.1500, 4.5483, 4.8165, 4.9938,
         5.1100, 5.1809],
        [  -inf,   -inf,   -inf, 2.8475, 3.5924, 4.1511, 4.5499, 4.8186, 4.9962,
         5.1127, 5.1839],
        [  -inf,   -inf,   -inf, 2.8476, 3.5930, 4.1521, 4.5515, 4.8207, 4.9987,
         5.1153, 5.1867],
        [  -inf,   -inf,   -inf, 2.8477, 3.5936, 4.1532, 4.5531, 4.8229, 5.0011,
         5.1180, 5.1895],
        [  -inf,   -inf,   -inf, 2.8478, 3.5942, 4.1542, 4.5547, 4.8250, 5.0036,
         5.1207, 5.1923],
        [  -inf,   -inf,   -inf, 2.8479, 3.5948, 4.1552, 4.5562, 4.8271, 5.0060,
         5.1233, 5.1952],
        [  -inf,   -inf,   -inf, 2.8480, 3.5954, 4.1563, 4.5578, 4.8293, 5.0085,
         5.1259, 5.1980],
        [  -inf,   -inf,   -inf, 2.8481, 3.5960, 4.1574, 4.5594, 4.8314, 5.0109,
         5.1285, 5.2008],
        [  -inf,   -inf,   -inf, 2.8481, 3.5966, 4.1585, 4.5610, 4.8336, 5.0134,
         5.1311, 5.2036],
        [  -inf,   -inf,   -inf, 2.8482, 3.5972, 4.1595, 4.5625, 4.8357, 5.0158,
         5.1337, 5.2064],
        [  -inf,   -inf,   -inf, 2.8483, 3.5978, 4.1605, 4.5640, 4.8378, 5.0181,
         5.1363, 5.2090],
        [  -inf,   -inf,   -inf, 2.8484, 3.5984, 4.1616, 4.5656, 4.8400, 5.0204,
         5.1389, 5.2117],
        [  -inf,   -inf,   -inf, 2.8484, 3.5989, 4.1626, 4.5671, 4.8421, 5.0227,
         5.1414, 5.2143],
        [  -inf,   -inf,   -inf, 2.8485, 3.5995, 4.1636, 4.5686, 4.8443, 5.0250,
         5.1439, 5.2170],
        [  -inf,   -inf,   -inf, 2.8486, 3.6001, 4.1646, 4.5701, 4.8464, 5.0274,
         5.1464, 5.2196],
        [  -inf,   -inf,   -inf, 2.8487, 3.6006, 4.1656, 4.5716, 4.8485, 5.0296,
         5.1489, 5.2223],
        [  -inf,   -inf,   -inf, 2.8487, 3.6012, 4.1667, 4.5730, 4.8506, 5.0318,
         5.1514, 5.2249],
        [  -inf,   -inf,   -inf, 2.8488, 3.6017, 4.1677, 4.5745, 4.8527, 5.0340,
         5.1538, 5.2275],
        [  -inf,   -inf,   -inf, 2.8489, 3.6023, 4.1687, 4.5759, 4.8547, 5.0363,
         5.1563, 5.2301],
        [  -inf,   -inf,   -inf, 2.8490, 3.6028, 4.1697, 4.5773, 4.8566, 5.0385,
         5.1588, 5.2327],
        [  -inf,   -inf,   -inf, 2.8490, 3.6033, 4.1707, 4.5788, 4.8586, 5.0406,
         5.1612, 5.2353],
        [  -inf,   -inf,   -inf, 2.8491, 3.6039, 4.1718, 4.5802, 4.8606, 5.0428,
         5.1637, 5.2379],
        [  -inf,   -inf,   -inf, 2.8492, 3.6044, 4.1728, 4.5816, 4.8625, 5.0449,
         5.1661, 5.2404],
        [  -inf,   -inf,   -inf, 2.8492, 3.6049, 4.1737, 4.5830, 4.8643, 5.0470,
         5.1686, 5.2430],
        [  -inf,   -inf,   -inf, 2.8493, 3.6054, 4.1748, 4.5844, 4.8662, 5.0492,
         5.1710, 5.2456],
        [  -inf,   -inf,   -inf, 2.8494, 3.6060, 4.1757, 4.5858, 4.8680, 5.0513,
         5.1734, 5.2482],
        [  -inf,   -inf,   -inf, 2.8494, 3.6065, 4.1767, 4.5871, 4.8699, 5.0534,
         5.1759, 5.2507],
        [  -inf,   -inf,   -inf, 2.8495, 3.6070, 4.1777, 4.5885, 4.8717, 5.0556,
         5.1782, 5.2533],
        [  -inf,   -inf,   -inf, 2.8496, 3.6076, 4.1787, 4.5899, 4.8736, 5.0577,
         5.1805, 5.2559],
        [  -inf,   -inf,   -inf, 2.8496, 3.6081, 4.1796, 4.5913, 4.8754, 5.0599,
         5.1828, 5.2584],
        [  -inf,   -inf,   -inf, 2.8497, 3.6086, 4.1806, 4.5926, 4.8772, 5.0620,
         5.1851, 5.2610],
        [  -inf,   -inf,   -inf, 2.8498, 3.6091, 4.1815, 4.5940, 4.8791, 5.0641,
         5.1874, 5.2636],
        [  -inf,   -inf,   -inf, 2.8498, 3.6096, 4.1825, 4.5953, 4.8809, 5.0663,
         5.1897, 5.2661],
        [  -inf,   -inf,   -inf, 2.8499, 3.6101, 4.1835, 4.5966, 4.8828, 5.0684,
         5.1919, 5.2685],
        [  -inf,   -inf,   -inf, 2.8499, 3.6106, 4.1844, 4.5979, 4.8846, 5.0706,
         5.1941, 5.2710],
        [  -inf,   -inf,   -inf, 2.8500, 3.6111, 4.1854, 4.5992, 4.8864, 5.0727,
         5.1963, 5.2735],
        [  -inf,   -inf,   -inf, 2.8501, 3.6116, 4.1863, 4.6005, 4.8883, 5.0748,
         5.1985, 5.2760],
        [  -inf,   -inf,   -inf, 2.8501, 3.6120, 4.1872, 4.6018, 4.8900, 5.0769,
         5.2007, 5.2784],
        [  -inf,   -inf,   -inf, 2.8502, 3.6125, 4.1881, 4.6031, 4.8918, 5.0791,
         5.2028, 5.2809],
        [  -inf,   -inf,   -inf, 2.8503, 3.6130, 4.1891, 4.6044, 4.8936, 5.0811,
         5.2050, 5.2833],
        [  -inf,   -inf,   -inf, 2.8503, 3.6134, 4.1900, 4.6057, 4.8953, 5.0831,
         5.2071, 5.2858],
        [  -inf,   -inf,   -inf, 2.8504, 3.6139, 4.1909, 4.6070, 4.8971, 5.0851,
         5.2092, 5.2882],
        [  -inf,   -inf,   -inf, 2.8504, 3.6143, 4.1918, 4.6084, 4.8988, 5.0871,
         5.2114, 5.2907],
        [  -inf,   -inf,   -inf, 2.8505, 3.6147, 4.1927, 4.6097, 4.9005, 5.0890,
         5.2135, 5.2931],
        [  -inf,   -inf,   -inf, 2.8505, 3.6151, 4.1936, 4.6110, 4.9023, 5.0909,
         5.2157, 5.2956],
        [  -inf,   -inf,   -inf, 2.8506, 3.6155, 4.1945, 4.6123, 4.9040, 5.0928,
         5.2178, 5.2980],
        [  -inf,   -inf,   -inf, 2.8506, 3.6160, 4.1954, 4.6136, 4.9057, 5.0947,
         5.2199, 5.3003],
        [  -inf,   -inf,   -inf, 2.8507, 3.6164, 4.1963, 4.6149, 4.9074, 5.0966,
         5.2221, 5.3026],
        [  -inf,   -inf,   -inf, 2.8508, 3.6168, 4.1971, 4.6162, 4.9090, 5.0985,
         5.2242, 5.3049],
        [  -inf,   -inf,   -inf, 2.8508, 3.6172, 4.1980, 4.6175, 4.9106, 5.1004,
         5.2263, 5.3072],
        [  -inf,   -inf,   -inf, 2.8509, 3.6176, 4.1989, 4.6188, 4.9123, 5.1023,
         5.2285, 5.3095],
        [  -inf,   -inf,   -inf, 2.8509, 3.6180, 4.1998, 4.6201, 4.9139, 5.1041,
         5.2306, 5.3118],
        [  -inf,   -inf,   -inf, 2.8510, 3.6185, 4.2007, 4.6214, 4.9156, 5.1060,
         5.2328, 5.3140],
        [  -inf,   -inf,   -inf, 2.8510, 3.6189, 4.2015, 4.6227, 4.9172, 5.1078,
         5.2349, 5.3162],
        [  -inf,   -inf,   -inf, 2.8511, 3.6193, 4.2023, 4.6240, 4.9188, 5.1097,
         5.2370, 5.3184],
        [  -inf,   -inf,   -inf, 2.8511, 3.6197, 4.2031, 4.6253, 4.9204, 5.1115,
         5.2391, 5.3206],
        [  -inf,   -inf,   -inf, 2.8511, 3.6201, 4.2039, 4.6266, 4.9219, 5.1134,
         5.2412, 5.3228],
        [  -inf,   -inf,   -inf, 2.8512, 3.6205, 4.2047, 4.6278, 4.9235, 5.1152,
         5.2432, 5.3249],
        [  -inf,   -inf,   -inf, 2.8512, 3.6209, 4.2055, 4.6291, 4.9251, 5.1170,
         5.2452, 5.3271],
        [  -inf,   -inf,   -inf, 2.8513, 3.6213, 4.2063, 4.6303, 4.9267, 5.1189,
         5.2472, 5.3292],
        [  -inf,   -inf,   -inf, 2.8513, 3.6217, 4.2070, 4.6316, 4.9282, 5.1207,
         5.2492, 5.3314],
        [  -inf,   -inf,   -inf, 2.8514, 3.6222, 4.2078, 4.6328, 4.9298, 5.1226,
         5.2512, 5.3335],
        [  -inf,   -inf,   -inf, 2.8514, 3.6226, 4.2086, 4.6341, 4.9313, 5.1244,
         5.2532, 5.3356],
        [  -inf,   -inf,   -inf, 2.8515, 3.6230, 4.2094, 4.6352, 4.9329, 5.1263,
         5.2552, 5.3378],
        [  -inf,   -inf,   -inf, 2.8515, 3.6234, 4.2102, 4.6364, 4.9344, 5.1281,
         5.2572, 5.3399],
        [  -inf,   -inf,   -inf, 2.8515, 3.6237, 4.2109, 4.6376, 4.9359, 5.1299,
         5.2592, 5.3420]])
tensor(0.0078) tensor(4.9972) (256, 10)
