tensor([[  -inf,   -inf,   -inf,   -inf,   -inf,   -inf,   -inf,   -inf,   -inf,
           -inf,   -inf],
        [  -inf, 1.0000, 1.0000, 1.0000, 1.0000, 1.0000, 1.0000, 1.0000, 1.0000,
         1.0000, 1.0000],
        [  -inf,   -inf, 1.7325, 1.7325, 1.7325, 1.7325, 1.7325, 1.7325, 1.7325,
         1.7325, 1.7325],
        [  -inf,   -inf, 1.8183, 2.2690, 2.2690, 2.2690, 2.2690, 2.2690, 2.2690,
         2.2690, 2.2690],
        [  -inf,   -inf, 1.8563, 2.3548, 2.6619, 2.6619, 2.6619, 2.6619, 2.6619,
         2.6619, 2.6619],
        [  -inf,   -inf, 1.8774, 2.4177, 2.7478, 2.9498, 2.9498, 2.9498, 2.9498,
         2.9498, 2.9498],
        [  -inf,   -inf, 1.8902, 2.4806, 2.8107, 3.0356, 3.1606, 3.1606, 3.1606,
         3.1606, 3.1606],
        [  -inf,   -inf, 1.9005, 2.5186, 2.8736, 3.0985, 3.2464, 3.3150, 3.3150,
         3.3150, 3.3150],
        [  -inf,   -inf, 1.9094, 2.5464, 2.9197, 3.1614, 3.3093, 3.4009, 3.4281,
         3.4281, 3.4281],
        [  -inf,   -inf, 1.9161, 2.5742, 2.9657, 3.2075, 3.3722, 3.4638, 3.5140,
         3.5140, 3.5140],
        [  -inf,   -inf, 1.9203, 2.5953, 3.0118, 3.2536, 3.4183, 3.5267, 3.5769,
         3.5968, 3.5968],
        [  -inf,   -inf, 1.9251, 2.6108, 3.0498, 3.2996, 3.4644, 3.5727, 3.6398,
         3.6597, 3.6597],
        [  -inf,   -inf, 1.9291, 2.6263, 3.0776, 3.3376, 3.5105, 3.6188, 3.6858,
         3.7226, 3.7226],
        [  -inf,   -inf, 1.9315, 2.6391, 3.1054, 3.3714, 3.5484, 3.6649, 3.7319,
         3.7687, 3.7833],
        [  -inf,   -inf, 1.9349, 2.6494, 3.1265, 3.4051, 3.5822, 3.7029, 3.7780,
         3.8148, 3.8294],
        [  -inf,   -inf, 1.9379, 2.6587, 3.1469, 3.4388, 3.6159, 3.7366, 3.8160,
         3.8608, 3.8754],
        [  -inf,   -inf, 1.9398, 2.6681, 3.1673, 3.4726, 3.6497, 3.7703, 3.8497,
         3.8988, 3.9215],
        [  -inf,   -inf, 1.9425, 2.6770, 3.1876, 3.5004, 3.6834, 3.8041, 3.8835,
         3.9326, 3.9595],
        [  -inf,   -inf, 1.9444, 2.6845, 3.2031, 3.5282, 3.7112, 3.8378, 3.9172,
         3.9663, 3.9932],
        [  -inf,   -inf, 1.9454, 2.6920, 3.2186, 3.5493, 3.7390, 3.8657, 3.9509,
         4.0000, 4.0270],
        [  -inf,   -inf, 1.9471, 2.6994, 3.2314, 3.5697, 3.7638, 3.8935, 3.9788,
         4.0338, 4.0607],
        [  -inf,   -inf, 1.9477, 2.7062, 3.2427, 3.5901, 3.7885, 3.9182, 4.0066,
         4.0616, 4.0945],
        [  -inf,   -inf, 1.9500, 2.7126, 3.2540, 3.6105, 3.8132, 3.9429, 4.0313,
         4.0894, 4.1223],
        [  -inf,   -inf, 1.9510, 2.7191, 3.2653, 3.6259, 3.8379, 3.9676, 4.0560,
         4.1141, 4.1501],
        [  -inf,   -inf, 1.9523, 2.7241, 3.2756, 3.6414, 3.8626, 3.9923, 4.0807,
         4.1389, 4.1748],
        [  -inf,   -inf, 1.9538, 2.7290, 3.2850, 3.6563, 3.8837, 4.0171, 4.1054,
         4.1636, 4.1995],
        [  -inf,   -inf, 1.9553, 2.7332, 3.2944, 3.6712, 3.9041, 4.0382, 4.1302,
         4.1883, 4.2243],
        [  -inf,   -inf, 1.9564, 2.7380, 3.3032, 3.6861, 3.9245, 4.0585, 4.1513,
         4.2130, 4.2490],
        [  -inf,   -inf, 1.9571, 2.7420, 3.3108, 3.7011, 3.9449, 4.0789, 4.1716,
         4.2341, 4.2737],
        [  -inf,   -inf, 1.9582, 2.7456, 3.3183, 3.7139, 3.9603, 4.0993, 4.1920,
         4.2545, 4.2948],
        [  -inf,   -inf, 1.9591, 2.7488, 3.3257, 3.7252, 3.9758, 4.1174, 4.2124,
         4.2749, 4.3152],
        [  -inf,   -inf, 1.9600, 2.7522, 3.3325, 3.7365, 3.9907, 4.1355, 4.2305,
         4.2952, 4.3355],
        [  -inf,   -inf, 1.9604, 2.7555, 3.3394, 3.7479, 4.0056, 4.1536, 4.2486,
         4.3133, 4.3559]])
tensor(0.0059) tensor(3.9083) (32, 9)
