tensor([[  -inf,   -inf,   -inf,   -inf,   -inf,   -inf,   -inf,   -inf,   -inf,
           -inf,   -inf],
        [  -inf, 1.0000, 1.0000, 1.0000, 1.0000, 1.0000, 1.0000, 1.0000, 1.0000,
         1.0000, 1.0000],
        [  -inf,   -inf, 1.5403, 1.5403, 1.5403, 1.5403, 1.5403, 1.5403, 1.5403,
         1.5403, 1.5403],
        [  -inf,   -inf, 1.6438, 1.8322, 1.8322, 1.8322, 1.8322, 1.8322, 1.8322,
         1.8322, 1.8322],
        [  -inf,   -inf, 1.6970, 1.9357, 1.9900, 1.9900, 1.9900, 1.9900, 1.9900,
         1.9900, 1.9900],
        [  -inf,   -inf, 1.7288, 1.9916, 2.0935, 2.0935, 2.0935, 2.0935, 2.0935,
         2.0935, 2.0935],
        [  -inf,   -inf, 1.7498, 2.0476, 2.1494, 2.1787, 2.1787, 2.1787, 2.1787,
         2.1787, 2.1787],
        [  -inf,   -inf, 1.7686, 2.1008, 2.2053, 2.2346, 2.2346, 2.2346, 2.2346,
         2.2346, 2.2346],
        [  -inf,   -inf, 1.7814, 2.1326, 2.2585, 2.2905, 2.2905, 2.2905, 2.2905,
         2.2905, 2.2905],
        [  -inf,   -inf, 1.7932, 2.1613, 2.2903, 2.3437, 2.3437, 2.3437, 2.3437,
         2.3437, 2.3437],
        [  -inf,   -inf, 1.8017, 2.1901, 2.3205, 2.3755, 2.3898, 2.3898, 2.3898,
         2.3898, 2.3898],
        [  -inf,   -inf, 1.8101, 2.2111, 2.3507, 2.4057, 2.4216, 2.4216, 2.4216,
         2.4216, 2.4216],
        [  -inf,   -inf, 1.8169, 2.2299, 2.3809, 2.4359, 2.4518, 2.4518, 2.4518,
         2.4518, 2.4518],
        [  -inf,   -inf, 1.8221, 2.2470, 2.4097, 2.4662, 2.4820, 2.4820, 2.4820,
         2.4820, 2.4820],
        [  -inf,   -inf, 1.8266, 2.2642, 2.4384, 2.4949, 2.5122, 2.5122, 2.5122,
         2.5122, 2.5122],
        [  -inf,   -inf, 1.8304, 2.2770, 2.4594, 2.5236, 2.5409, 2.5409, 2.5409,
         2.5409, 2.5409],
        [  -inf,   -inf, 1.8348, 2.2888, 2.4782, 2.5446, 2.5697, 2.5697, 2.5697,
         2.5697, 2.5697],
        [  -inf,   -inf, 1.8396, 2.3002, 2.4954, 2.5634, 2.5907, 2.5946, 2.5946,
         2.5946, 2.5946],
        [  -inf,   -inf, 1.8420, 2.3115, 2.5126, 2.5806, 2.6095, 2.6156, 2.6156,
         2.6156, 2.6156],
        [  -inf,   -inf, 1.8452, 2.3222, 2.5281, 2.5978, 2.6267, 2.6344, 2.6344,
         2.6344, 2.6344],
        [  -inf,   -inf, 1.8483, 2.3324, 2.5436, 2.6141, 2.6438, 2.6515, 2.6515,
         2.6515, 2.6515],
        [  -inf,   -inf, 1.8498, 2.3425, 2.5592, 2.6305, 2.6602, 2.6687, 2.6687,
         2.6687, 2.6687],
        [  -inf,   -inf, 1.8517, 2.3510, 2.5720, 2.6468, 2.6765, 2.6851, 2.6851,
         2.6851, 2.6851],
        [  -inf,   -inf, 1.8545, 2.3594, 2.5838, 2.6631, 2.6928, 2.7014, 2.7014,
         2.7014, 2.7014],
        [  -inf,   -inf, 1.8570, 2.3664, 2.5951, 2.6786, 2.7091, 2.7177, 2.7177,
         2.7177, 2.7177],
        [  -inf,   -inf, 1.8594, 2.3733, 2.6065, 2.6942, 2.7247, 2.7340, 2.7340,
         2.7340, 2.7340],
        [  -inf,   -inf, 1.8614, 2.3801, 2.6172, 2.7097, 2.7402, 2.7496, 2.7496,
         2.7496, 2.7496],
        [  -inf,   -inf, 1.8637, 2.3864, 2.6273, 2.7225, 2.7557, 2.7651, 2.7651,
         2.7651, 2.7651],
        [  -inf,   -inf, 1.8657, 2.3928, 2.6375, 2.7343, 2.7685, 2.7806, 2.7806,
         2.7806, 2.7806],
        [  -inf,   -inf, 1.8674, 2.3983, 2.6468, 2.7456, 2.7803, 2.7934, 2.7941,
         2.7941, 2.7941],
        [  -inf,   -inf, 1.8690, 2.4038, 2.6561, 2.7570, 2.7917, 2.8052, 2.8069,
         2.8069, 2.8069],
        [  -inf,   -inf, 1.8707, 2.4090, 2.6653, 2.7677, 2.8030, 2.8166, 2.8187,
         2.8187, 2.8187],
        [  -inf,   -inf, 1.8723, 2.4136, 2.6738, 2.7779, 2.8137, 2.8279, 2.8300,
         2.8300, 2.8300],
        [  -inf,   -inf, 1.8741, 2.4182, 2.6822, 2.7880, 2.8239, 2.8386, 2.8414,
         2.8414, 2.8414],
        [  -inf,   -inf,   -inf, 2.4228, 2.6892, 2.7973, 2.8341, 2.8488, 2.8521,
         2.8521, 2.8521],
        [  -inf,   -inf,   -inf, 2.4273, 2.6961, 2.8066, 2.8433, 2.8589, 2.8622,
         2.8622, 2.8622],
        [  -inf,   -inf,   -inf, 2.4318, 2.7029, 2.8159, 2.8526, 2.8682, 2.8724,
         2.8724, 2.8724],
        [  -inf,   -inf,   -inf, 2.4357, 2.7093, 2.8244, 2.8619, 2.8775, 2.8817,
         2.8817, 2.8817],
        [  -inf,   -inf,   -inf, 2.4403, 2.7156, 2.8328, 2.8707, 2.8868, 2.8909,
         2.8909, 2.8909],
        [  -inf,   -inf,   -inf, 2.4448, 2.7218, 2.8412, 2.8796, 2.8956, 2.9002,
         2.9002, 2.9002],
        [  -inf,   -inf,   -inf, 2.4485, 2.7279, 2.8495, 2.8884, 2.9044, 2.9090,
         2.9090, 2.9090],
        [  -inf,   -inf,   -inf, 2.4521, 2.7340, 2.8579, 2.8972, 2.9132, 2.9179,
         2.9179, 2.9179],
        [  -inf,   -inf,   -inf, 2.4554, 2.7398, 2.8663, 2.9060, 2.9221, 2.9267,
         2.9267, 2.9267],
        [  -inf,   -inf,   -inf, 2.4587, 2.7456, 2.8732, 2.9145, 2.9309, 2.9355,
         2.9355, 2.9355],
        [  -inf,   -inf,   -inf, 2.4616, 2.7514, 2.8802, 2.9229, 2.9394, 2.9443,
         2.9443, 2.9443],
        [  -inf,   -inf,   -inf, 2.4644, 2.7569, 2.8870, 2.9313, 2.9478, 2.9528,
         2.9528, 2.9528],
        [  -inf,   -inf,   -inf, 2.4674, 2.7624, 2.8933, 2.9397, 2.9562, 2.9612,
         2.9612, 2.9612],
        [  -inf,   -inf,   -inf, 2.4703, 2.7679, 2.8997, 2.9481, 2.9646, 2.9696,
         2.9696, 2.9696],
        [  -inf,   -inf,   -inf, 2.4731, 2.7734, 2.9058, 2.9565, 2.9730, 2.9780,
         2.9780, 2.9780],
        [  -inf,   -inf,   -inf, 2.4759, 2.7789, 2.9120, 2.9634, 2.9814, 2.9864,
         2.9864, 2.9864],
        [  -inf,   -inf,   -inf, 2.4785, 2.7841, 2.9181, 2.9703, 2.9883, 2.9948,
         2.9948, 2.9948],
        [  -inf,   -inf,   -inf, 2.4809, 2.7887, 2.9239, 2.9771, 2.9952, 3.0017,
         3.0021, 3.0021],
        [  -inf,   -inf,   -inf, 2.4833, 2.7932, 2.9297, 2.9835, 3.0020, 3.0086,
         3.0090, 3.0090],
        [  -inf,   -inf,   -inf, 2.4857, 2.7978, 2.9355, 2.9899, 3.0084, 3.0154,
         3.0159, 3.0159],
        [  -inf,   -inf,   -inf, 2.4879, 2.8023, 2.9410, 2.9960, 3.0147, 3.0218,
         3.0227, 3.0227],
        [  -inf,   -inf,   -inf, 2.4904, 2.8068, 2.9465, 3.0021, 3.0209, 3.0282,
         3.0291, 3.0291],
        [  -inf,   -inf,   -inf, 2.4927, 2.8107, 2.9520, 3.0082, 3.0270, 3.0343,
         3.0354, 3.0354],
        [  -inf,   -inf,   -inf, 2.4949, 2.8153, 2.9575, 3.0140, 3.0331, 3.0404,
         3.0416, 3.0416],
        [  -inf,   -inf,   -inf, 2.4971, 2.8198, 2.9629, 3.0198, 3.0389, 3.0466,
         3.0477, 3.0477],
        [  -inf,   -inf,   -inf, 2.4991, 2.8236, 2.9681, 3.0256, 3.0447, 3.0524,
         3.0538, 3.0538],
        [  -inf,   -inf,   -inf, 2.5015, 2.8273, 2.9732, 3.0311, 3.0505, 3.0581,
         3.0596, 3.0596],
        [  -inf,   -inf,   -inf, 2.5038, 2.8310, 2.9782, 3.0366, 3.0560, 3.0639,
         3.0654, 3.0654],
        [  -inf,   -inf,   -inf, 2.5060, 2.8347, 2.9832, 3.0421, 3.0615, 3.0694,
         3.0712, 3.0712],
        [  -inf,   -inf,   -inf, 2.5082, 2.8384, 2.9882, 3.0476, 3.0670, 3.0749,
         3.0767, 3.0767],
        [  -inf,   -inf,   -inf, 2.5103, 2.8418, 2.9928, 3.0531, 3.0725, 3.0804,
         3.0822, 3.0822],
        [  -inf,   -inf,   -inf, 2.5125, 2.8453, 2.9974, 3.0583, 3.0780, 3.0859,
         3.0877, 3.0877],
        [  -inf,   -inf,   -inf, 2.5145, 2.8487, 3.0019, 3.0633, 3.0832, 3.0914,
         3.0932, 3.0932],
        [  -inf,   -inf,   -inf, 2.5165, 2.8520, 3.0065, 3.0683, 3.0882, 3.0966,
         3.0987, 3.0987],
        [  -inf,   -inf,   -inf, 2.5185, 2.8553, 3.0110, 3.0733, 3.0932, 3.1016,
         3.1039, 3.1039],
        [  -inf,   -inf,   -inf, 2.5204, 2.8583, 3.0149, 3.0784, 3.0982, 3.1066,
         3.1089, 3.1089],
        [  -inf,   -inf,   -inf, 2.5222, 2.8612, 3.0194, 3.0829, 3.1032, 3.1117,
         3.1139, 3.1139],
        [  -inf,   -inf,   -inf, 2.5239, 2.8642, 3.0240, 3.0875, 3.1080, 3.1167,
         3.1189, 3.1189],
        [  -inf,   -inf,   -inf, 2.5255, 2.8672, 3.0277, 3.0921, 3.1128, 3.1214,
         3.1239, 3.1239],
        [  -inf,   -inf,   -inf, 2.5272, 2.8702, 3.0314, 3.0966, 3.1175, 3.1262,
         3.1287, 3.1287],
        [  -inf,   -inf,   -inf, 2.5289, 2.8731, 3.0352, 3.1011, 3.1223, 3.1310,
         3.1335, 3.1335],
        [  -inf,   -inf,   -inf, 2.5306, 2.8760, 3.0389, 3.1057, 3.1271, 3.1357,
         3.1382, 3.1382],
        [  -inf,   -inf,   -inf, 2.5322, 2.8789, 3.0425, 3.1102, 3.1318, 3.1405,
         3.1430, 3.1430],
        [  -inf,   -inf,   -inf, 2.5339, 2.8818, 3.0460, 3.1147, 3.1364, 3.1453,
         3.1478, 3.1478],
        [  -inf,   -inf,   -inf, 2.5356, 2.8847, 3.0494, 3.1193, 3.1410, 3.1499,
         3.1525, 3.1525],
        [  -inf,   -inf,   -inf, 2.5371, 2.8875, 3.0529, 3.1238, 3.1455, 3.1544,
         3.1571, 3.1571],
        [  -inf,   -inf,   -inf, 2.5386, 2.8903, 3.0562, 3.1277, 3.1501, 3.1590,
         3.1617, 3.1617],
        [  -inf,   -inf,   -inf, 2.5403, 2.8929, 3.0595, 3.1322, 3.1546, 3.1635,
         3.1663, 3.1663],
        [  -inf,   -inf,   -inf, 2.5418, 2.8954, 3.0628, 3.1368, 3.1592, 3.1681,
         3.1708, 3.1708],
        [  -inf,   -inf,   -inf, 2.5432, 2.8979, 3.0661, 3.1405, 3.1637, 3.1726,
         3.1753, 3.1753],
        [  -inf,   -inf,   -inf, 2.5445, 2.9003, 3.0694, 3.1443, 3.1682, 3.1771,
         3.1799, 3.1799],
        [  -inf,   -inf,   -inf, 2.5458, 2.9028, 3.0727, 3.1480, 3.1728, 3.1817,
         3.1844, 3.1844],
        [  -inf,   -inf,   -inf, 2.5471, 2.9052, 3.0758, 3.1517, 3.1773, 3.1862,
         3.1889, 3.1889],
        [  -inf,   -inf,   -inf, 2.5484, 2.9077, 3.0789, 3.1553, 3.1812, 3.1907,
         3.1935, 3.1935],
        [  -inf,   -inf,   -inf, 2.5497, 2.9101, 3.0821, 3.1588, 3.1857, 3.1946,
         3.1980, 3.1980],
        [  -inf,   -inf,   -inf, 2.5509, 2.9126, 3.0852, 3.1622, 3.1903, 3.1992,
         3.2019, 3.2019],
        [  -inf,   -inf,   -inf, 2.5521, 2.9149, 3.0883, 3.1657, 3.1940, 3.2037,
         3.2064, 3.2064],
        [  -inf,   -inf,   -inf, 2.5532, 2.9171, 3.0915, 3.1690, 3.1977, 3.2074,
         3.2110, 3.2110],
        [  -inf,   -inf,   -inf, 2.5544, 2.9196, 3.0944, 3.1723, 3.2015, 3.2112,
         3.2147, 3.2149],
        [  -inf,   -inf,   -inf, 2.5557, 2.9220, 3.0974, 3.1756, 3.2051, 3.2149,
         3.2184, 3.2186],
        [  -inf,   -inf,   -inf, 2.5569, 2.9241, 3.1004, 3.1789, 3.2088, 3.2186,
         3.2222, 3.2224],
        [  -inf,   -inf,   -inf, 2.5581, 2.9263, 3.1034, 3.1822, 3.2123, 3.2223,
         3.2258, 3.2261],
        [  -inf,   -inf,   -inf, 2.5592, 2.9284, 3.1063, 3.1855, 3.2157, 3.2257,
         3.2295, 3.2298],
        [  -inf,   -inf,   -inf, 2.5604, 2.9307, 3.1093, 3.1886, 3.2191, 3.2291,
         3.2330, 3.2334],
        [  -inf,   -inf,   -inf, 2.5615, 2.9331, 3.1123, 3.1918, 3.2225, 3.2326,
         3.2364, 3.2369],
        [  -inf,   -inf,   -inf, 2.5627, 2.9352, 3.1152, 3.1949, 3.2258, 3.2359,
         3.2398, 3.2403],
        [  -inf,   -inf,   -inf, 2.5637, 2.9374, 3.1182, 3.1980, 3.2291, 3.2392,
         3.2432, 3.2438],
        [  -inf,   -inf,   -inf, 2.5648, 2.9395, 3.1212, 3.2011, 3.2324, 3.2425,
         3.2465, 3.2471],
        [  -inf,   -inf,   -inf, 2.5659, 2.9417, 3.1240, 3.2043, 3.2357, 3.2458,
         3.2498, 3.2504],
        [  -inf,   -inf,   -inf, 2.5669, 2.9438, 3.1269, 3.2072, 3.2390, 3.2491,
         3.2531, 3.2537],
        [  -inf,   -inf,   -inf, 2.5679, 2.9458, 3.1299, 3.2102, 3.2421, 3.2524,
         3.2564, 3.2570],
        [  -inf,   -inf,   -inf, 2.5689, 2.9477, 3.1327, 3.2132, 3.2452, 3.2555,
         3.2597, 3.2603],
        [  -inf,   -inf,   -inf, 2.5699, 2.9497, 3.1355, 3.2162, 3.2484, 3.2587,
         3.2628, 3.2636],
        [  -inf,   -inf,   -inf, 2.5709, 2.9517, 3.1383, 3.2191, 3.2515, 3.2618,
         3.2659, 3.2667],
        [  -inf,   -inf,   -inf, 2.5718, 2.9537, 3.1409, 3.2221, 3.2546, 3.2649,
         3.2691, 3.2699],
        [  -inf,   -inf,   -inf, 2.5727, 2.9556, 3.1434, 3.2251, 3.2577, 3.2681,
         3.2722, 3.2730],
        [  -inf,   -inf,   -inf, 2.5737, 2.9574, 3.1459, 3.2280, 3.2607, 3.2712,
         3.2753, 3.2761],
        [  -inf,   -inf,   -inf, 2.5745, 2.9592, 3.1484, 3.2310, 3.2637, 3.2742,
         3.2784, 3.2792],
        [  -inf,   -inf,   -inf, 2.5754, 2.9609, 3.1508, 3.2340, 3.2667, 3.2771,
         3.2814, 3.2824],
        [  -inf,   -inf,   -inf, 2.5764, 2.9627, 3.1533, 3.2368, 3.2696, 3.2801,
         3.2844, 3.2853],
        [  -inf,   -inf,   -inf, 2.5773, 2.9645, 3.1557, 3.2397, 3.2726, 3.2831,
         3.2874, 3.2883],
        [  -inf,   -inf,   -inf, 2.5782, 2.9663, 3.1581, 3.2427, 3.2756, 3.2861,
         3.2903, 3.2913],
        [  -inf,   -inf,   -inf, 2.5790, 2.9680, 3.1606, 3.2455, 3.2786, 3.2890,
         3.2933, 3.2943],
        [  -inf,   -inf,   -inf, 2.5799, 2.9697, 3.1629, 3.2483, 3.2815, 3.2920,
         3.2963, 3.2972],
        [  -inf,   -inf,   -inf, 2.5808, 2.9714, 3.1652, 3.2511, 3.2845, 3.2950,
         3.2993, 3.3002],
        [  -inf,   -inf,   -inf, 2.5816, 2.9731, 3.1676, 3.2538, 3.2875, 3.2979,
         3.3022, 3.3032],
        [  -inf,   -inf,   -inf, 2.5825, 2.9748, 3.1700, 3.2565, 3.2903, 3.3009,
         3.3052, 3.3061],
        [  -inf,   -inf,   -inf, 2.5833, 2.9764, 3.1721, 3.2593, 3.2932, 3.3037,
         3.3082, 3.3091],
        [  -inf,   -inf,   -inf, 2.5840, 2.9781, 3.1743, 3.2620, 3.2962, 3.3066,
         3.3110, 3.3121],
        [  -inf,   -inf,   -inf, 2.5847, 2.9798, 3.1764, 3.2647, 3.2990, 3.3096,
         3.3139, 3.3149],
        [  -inf,   -inf,   -inf, 2.5854, 2.9815, 3.1787, 3.2673, 3.3018, 3.3124,
         3.3169, 3.3178],
        [  -inf,   -inf,   -inf, 2.5861, 2.9830, 3.1811, 3.2698, 3.3046, 3.3152,
         3.3197, 3.3208],
        [  -inf,   -inf,   -inf, 2.5868, 2.9845, 3.1832, 3.2722, 3.3073, 3.3180,
         3.3225, 3.3236],
        [  -inf,   -inf,   -inf, 2.5874, 2.9862, 3.1854, 3.2747, 3.3100, 3.3208,
         3.3253, 3.3264],
        [  -inf,   -inf,   -inf, 2.5881, 2.9877, 3.1875, 3.2772, 3.3127, 3.3235,
         3.3280, 3.3292]])
tensor(0.0095) tensor(2.6680) (64, 6)
