tensor([[  -inf,   -inf,   -inf,   -inf,   -inf,   -inf,   -inf,   -inf,   -inf,
           -inf,   -inf],
        [  -inf, 1.0000, 1.0000, 1.0000, 1.0000, 1.0000, 1.0000, 1.0000, 1.0000,
         1.0000, 1.0000],
        [  -inf,   -inf, 1.7305, 1.7305, 1.7305, 1.7305, 1.7305, 1.7305, 1.7305,
         1.7305, 1.7305],
        [  -inf,   -inf, 1.8336, 2.2642, 2.2642, 2.2642, 2.2642, 2.2642, 2.2642,
         2.2642, 2.2642],
        [  -inf,   -inf, 1.8764, 2.3672, 2.6541, 2.6541, 2.6541, 2.6541, 2.6541,
         2.6541, 2.6541],
        [  -inf,   -inf, 1.9046, 2.4425, 2.7571, 2.9389, 2.9389, 2.9389, 2.9389,
         2.9389, 2.9389],
        [  -inf,   -inf, 1.9200, 2.5178, 2.8324, 3.0419, 3.1469, 3.1469, 3.1469,
         3.1469, 3.1469],
        [  -inf,   -inf, 1.9300, 2.5607, 2.9077, 3.1172, 3.2500, 3.2989, 3.2989,
         3.2989, 3.2989],
        [  -inf,   -inf, 1.9369, 2.5920, 2.9626, 3.1925, 3.3253, 3.4020, 3.4100,
         3.4100, 3.4100],
        [  -inf,   -inf, 1.9422, 2.6233, 3.0176, 3.2475, 3.4005, 3.4772, 3.5130,
         3.5130, 3.5130],
        [  -inf,   -inf, 1.9473, 2.6515, 3.0726, 3.3024, 3.4555, 3.5525, 3.5883,
         3.5941, 3.5941],
        [  -inf,   -inf, 1.9510, 2.6721, 3.1155, 3.3574, 3.5105, 3.6075, 3.6636,
         3.6694, 3.6694],
        [  -inf,   -inf, 1.9542, 2.6926, 3.1468, 3.4003, 3.5655, 3.6625, 3.7185,
         3.7447, 3.7447],
        [  -inf,   -inf, 1.9563, 2.7081, 3.1781, 3.4405, 3.6084, 3.7175, 3.7735,
         3.7997, 3.8039],
        [  -inf,   -inf, 1.9584, 2.7193, 3.2063, 3.4807, 3.6485, 3.7604, 3.8285,
         3.8547, 3.8589],
        [  -inf,   -inf, 1.9616, 2.7306, 3.2292, 3.5208, 3.6887, 3.8005, 3.8714,
         3.9096, 3.9139],
        [  -inf,   -inf, 1.9632, 2.7412, 3.2521, 3.5610, 3.7289, 3.8407, 3.9116,
         3.9525, 3.9689],
        [  -inf,   -inf, 1.9652, 2.7512, 3.2750, 3.5923, 3.7691, 3.8809, 3.9517,
         3.9927, 4.0118],
        [  -inf,   -inf, 1.9676, 2.7584, 3.2955, 3.6236, 3.8004, 3.9211, 3.9919,
         4.0329, 4.0519],
        [  -inf,   -inf, 1.9687, 2.7657, 3.3161, 3.6518, 3.8317, 3.9524, 4.0321,
         4.0730, 4.0921],
        [  -inf,   -inf, 1.9701, 2.7726, 3.3315, 3.6747, 3.8610, 3.9837, 4.0634,
         4.1132, 4.1323],
        [  -inf,   -inf, 1.9717, 2.7779, 3.3466, 3.6976, 3.8904, 4.0130, 4.0947,
         4.1445, 4.1725],
        [  -inf,   -inf, 1.9730, 2.7830, 3.3616, 3.7205, 3.9197, 4.0424, 4.1241,
         4.1758, 4.2038],
        [  -inf,   -inf, 1.9741, 2.7881, 3.3766, 3.7410, 3.9491, 4.0717, 4.1534,
         4.2052, 4.2351],
        [  -inf,   -inf, 1.9746, 2.7931, 3.3879, 3.7616, 3.9784, 4.1011, 4.1828,
         4.2345, 4.2645],
        [  -inf,   -inf, 1.9752, 2.7975, 3.3992, 3.7783, 4.0066, 4.1304, 4.2121,
         4.2639, 4.2938],
        [  -inf,   -inf, 1.9762, 2.8020, 3.4098, 3.7950, 4.0295, 4.1586, 4.2415,
         4.2932, 4.3231],
        [  -inf,   -inf, 1.9767, 2.8058, 3.4197, 3.8118, 4.0524, 4.1815, 4.2696,
         4.3226, 4.3525],
        [  -inf,   -inf, 1.9769, 2.8097, 3.4280, 3.8285, 4.0752, 4.2044, 4.2925,
         4.3507, 4.3818],
        [  -inf,   -inf, 1.9774, 2.8134, 3.4362, 3.8439, 4.0958, 4.2272, 4.3154,
         4.3736, 4.4100],
        [  -inf,   -inf, 1.9780, 2.8171, 3.4445, 3.8589, 4.1164, 4.2487, 4.3383,
         4.3965, 4.4329],
        [  -inf,   -inf, 1.9786, 2.8208, 3.4522, 3.8740, 4.1331, 4.2701, 4.3597,
         4.4194, 4.4558],
        [  -inf,   -inf, 1.9795, 2.8240, 3.4600, 3.8890, 4.1498, 4.2916, 4.3812,
         4.4408, 4.4787],
        [  -inf,   -inf, 1.9799, 2.8269, 3.4677, 3.9003, 4.1665, 4.3130, 4.4026,
         4.4623, 4.5001],
        [  -inf,   -inf,   -inf, 2.8298, 3.4750, 3.9115, 4.1833, 4.3344, 4.4240,
         4.4837, 4.5215],
        [  -inf,   -inf,   -inf, 2.8326, 3.4822, 3.9225, 4.1987, 4.3559, 4.4455,
         4.5051, 4.5430],
        [  -inf,   -inf,   -inf, 2.8353, 3.4892, 3.9335, 4.2137, 4.3765, 4.4669,
         4.5266, 4.5644],
        [  -inf,   -inf,   -inf, 2.8376, 3.4945, 3.9445, 4.2288, 4.3970, 4.4875,
         4.5480, 4.5858],
        [  -inf,   -inf,   -inf, 2.8400, 3.4998, 3.9555, 4.2438, 4.4137, 4.5081,
         4.5686, 4.6073],
        [  -inf,   -inf,   -inf, 2.8426, 3.5051, 3.9661, 4.2560, 4.4305, 4.5248,
         4.5892, 4.6279],
        [  -inf,   -inf,   -inf, 2.8450, 3.5104, 3.9760, 4.2682, 4.4472, 4.5415,
         4.6059, 4.6484],
        [  -inf,   -inf,   -inf, 2.8473, 3.5155, 3.9843, 4.2804, 4.4639, 4.5582,
         4.6226, 4.6652],
        [  -inf,   -inf,   -inf, 2.8497, 3.5205, 3.9925, 4.2926, 4.4793, 4.5749,
         4.6393, 4.6819],
        [  -inf,   -inf,   -inf, 2.8515, 3.5256, 4.0007, 4.3048, 4.4944, 4.5906,
         4.6560, 4.6986],
        [  -inf,   -inf,   -inf, 2.8533, 3.5300, 4.0085, 4.3161, 4.5094, 4.6062,
         4.6717, 4.7153],
        [  -inf,   -inf,   -inf, 2.8557, 3.5344, 4.0163, 4.3274, 4.5244, 4.6219,
         4.6874, 4.7310],
        [  -inf,   -inf,   -inf, 2.8575, 3.5383, 4.0240, 4.3384, 4.5366, 4.6376,
         4.7030, 4.7466],
        [  -inf,   -inf,   -inf, 2.8593, 3.5422, 4.0313, 4.3494, 4.5488, 4.6532,
         4.7187, 4.7623],
        [  -inf,   -inf,   -inf, 2.8611, 3.5459, 4.0385, 4.3603, 4.5611, 4.6689,
         4.7344, 4.7779],
        [  -inf,   -inf,   -inf, 2.8629, 3.5496, 4.0455, 4.3713, 4.5733, 4.6846,
         4.7500, 4.7936],
        [  -inf,   -inf,   -inf, 2.8646, 3.5533, 4.0515, 4.3819, 4.5855, 4.7000,
         4.7657, 4.8093],
        [  -inf,   -inf,   -inf, 2.8662, 3.5570, 4.0575, 4.3919, 4.5967, 4.7150,
         4.7811, 4.8249],
        [  -inf,   -inf,   -inf, 2.8678, 3.5607, 4.0635, 4.4001, 4.6080, 4.7301,
         4.7961, 4.8404],
        [  -inf,   -inf,   -inf, 2.8693, 3.5644, 4.0695, 4.4084, 4.6190, 4.7451,
         4.8112, 4.8554],
        [  -inf,   -inf,   -inf, 2.8708, 3.5676, 4.0752, 4.4166, 4.6300, 4.7573,
         4.8262, 4.8704],
        [  -inf,   -inf,   -inf, 2.8723, 3.5709, 4.0809, 4.4246, 4.6410, 4.7695,
         4.8384, 4.8855],
        [  -inf,   -inf,   -inf, 2.8737, 3.5741, 4.0865, 4.4326, 4.6519, 4.7817,
         4.8506, 4.8977],
        [  -inf,   -inf,   -inf, 2.8752, 3.5773, 4.0922, 4.4407, 4.6626, 4.7939,
         4.8628, 4.9099],
        [  -inf,   -inf,   -inf, 2.8767, 3.5805, 4.0979, 4.4487, 4.6725, 4.8061,
         4.8750, 4.9221],
        [  -inf,   -inf,   -inf, 2.8779, 3.5838, 4.1035, 4.4567, 4.6814, 4.8174,
         4.8873, 4.9343],
        [  -inf,   -inf,   -inf, 2.8794, 3.5870, 4.1088, 4.4645, 4.6904, 4.8287,
         4.8987, 4.9465],
        [  -inf,   -inf,   -inf, 2.8808, 3.5899, 4.1141, 4.4722, 4.6993, 4.8397,
         4.9101, 4.9580],
        [  -inf,   -inf,   -inf, 2.8821, 3.5928, 4.1195, 4.4800, 4.7082, 4.8507,
         4.9216, 4.9694],
        [  -inf,   -inf,   -inf, 2.8833, 3.5956, 4.1247, 4.4872, 4.7171, 4.8616,
         4.9330, 4.9808],
        [  -inf,   -inf,   -inf, 2.8845, 3.5984, 4.1298, 4.4945, 4.7260, 4.8726,
         4.9445, 4.9923],
        [  -inf,   -inf,   -inf, 2.8857, 3.6012, 4.1349, 4.5014, 4.7343, 4.8832,
         4.9559, 5.0037],
        [  -inf,   -inf,   -inf, 2.8869, 3.6040, 4.1399, 4.5075, 4.7425, 4.8932,
         4.9673, 5.0152],
        [  -inf,   -inf,   -inf, 2.8880, 3.6067, 4.1444, 4.5135, 4.7507, 4.9021,
         4.9788, 5.0266],
        [  -inf,   -inf,   -inf, 2.8891, 3.6094, 4.1488, 4.5195, 4.7588, 4.9110,
         4.9901, 5.0380],
        [  -inf,   -inf,   -inf, 2.8901, 3.6121, 4.1527, 4.5255, 4.7668, 4.9199,
         5.0013, 5.0493],
        [  -inf,   -inf,   -inf, 2.8911, 3.6148, 4.1565, 4.5312, 4.7748, 4.9289,
         5.0123, 5.0606],
        [  -inf,   -inf,   -inf, 2.8921, 3.6172, 4.1604, 4.5368, 4.7828, 4.9378,
         5.0233, 5.0716],
        [  -inf,   -inf,   -inf, 2.8931, 3.6195, 4.1643, 4.5425, 4.7909, 4.9467,
         5.0343, 5.0826],
        [  -inf,   -inf,   -inf, 2.8941, 3.6222, 4.1681, 4.5482, 4.7986, 4.9549,
         5.0453, 5.0935],
        [  -inf,   -inf,   -inf, 2.8950, 3.6245, 4.1720, 4.5538, 4.8064, 4.9632,
         5.0559, 5.1045],
        [  -inf,   -inf,   -inf, 2.8959, 3.6269, 4.1757, 4.5595, 4.8141, 4.9714,
         5.0658, 5.1151],
        [  -inf,   -inf,   -inf, 2.8967, 3.6292, 4.1794, 4.5648, 4.8214, 4.9794,
         5.0747, 5.1251],
        [  -inf,   -inf,   -inf, 2.8976, 3.6313, 4.1831, 4.5701, 4.8286, 4.9875,
         5.0837, 5.1340],
        [  -inf,   -inf,   -inf, 2.8984, 3.6334, 4.1868, 4.5754, 4.8356, 4.9955,
         5.0926, 5.1429],
        [  -inf,   -inf,   -inf, 2.8992, 3.6356, 4.1906, 4.5807, 4.8416, 5.0035,
         5.1015, 5.1518],
        [  -inf,   -inf,   -inf, 2.8999, 3.6377, 4.1943, 4.5858, 4.8476, 5.0115,
         5.1104, 5.1608],
        [  -inf,   -inf,   -inf, 2.9006, 3.6398, 4.1975, 4.5908, 4.8536, 5.0193,
         5.1193, 5.1697],
        [  -inf,   -inf,   -inf, 2.9013, 3.6419, 4.2007, 4.5959, 4.8596, 5.0270,
         5.1276, 5.1786],
        [  -inf,   -inf,   -inf, 2.9020, 3.6439, 4.2039, 4.6003, 4.8655, 5.0348,
         5.1358, 5.1870],
        [  -inf,   -inf,   -inf, 2.9027, 3.6459, 4.2072, 4.6047, 4.8714, 5.0421,
         5.1441, 5.1953],
        [  -inf,   -inf,   -inf, 2.9034, 3.6479, 4.2104, 4.6091, 4.8772, 5.0493,
         5.1521, 5.2037],
        [  -inf,   -inf,   -inf, 2.9040, 3.6499, 4.2136, 4.6135, 4.8831, 5.0563,
         5.1601, 5.2120],
        [  -inf,   -inf,   -inf, 2.9047, 3.6519, 4.2168, 4.6179, 4.8890, 5.0628,
         5.1681, 5.2204],
        [  -inf,   -inf,   -inf, 2.9052, 3.6539, 4.2197, 4.6223, 4.8948, 5.0693,
         5.1761, 5.2288],
        [  -inf,   -inf,   -inf, 2.9058, 3.6557, 4.2226, 4.6267, 4.9005, 5.0758,
         5.1842, 5.2371],
        [  -inf,   -inf,   -inf, 2.9063, 3.6575, 4.2255, 4.6309, 4.9061, 5.0823,
         5.1919, 5.2455],
        [  -inf,   -inf,   -inf, 2.9068, 3.6593, 4.2283, 4.6350, 4.9118, 5.0888,
         5.1997, 5.2538],
        [  -inf,   -inf,   -inf, 2.9074, 3.6611, 4.2311, 4.6391, 4.9175, 5.0954,
         5.2074, 5.2621],
        [  -inf,   -inf,   -inf, 2.9080, 3.6628, 4.2338, 4.6433, 4.9231, 5.1019,
         5.2147, 5.2703],
        [  -inf,   -inf,   -inf, 2.9087, 3.6646, 4.2365, 4.6474, 4.9288, 5.1079,
         5.2220, 5.2785],
        [  -inf,   -inf,   -inf, 2.9092, 3.6663, 4.2392, 4.6516, 4.9341, 5.1139,
         5.2289, 5.2866],
        [  -inf,   -inf,   -inf, 2.9098, 3.6680, 4.2420, 4.6557, 4.9394, 5.1199,
         5.2354, 5.2946],
        [  -inf,   -inf,   -inf, 2.9103, 3.6697, 4.2447, 4.6598, 4.9447, 5.1259,
         5.2419, 5.3026],
        [  -inf,   -inf,   -inf, 2.9108, 3.6714, 4.2474, 4.6640, 4.9500, 5.1318,
         5.2484, 5.3106],
        [  -inf,   -inf,   -inf, 2.9113, 3.6730, 4.2501, 4.6681, 4.9551, 5.1377,
         5.2550, 5.3186],
        [  -inf,   -inf,   -inf, 2.9118, 3.6746, 4.2528, 4.6720, 4.9602, 5.1435,
         5.2615, 5.3264],
        [  -inf,   -inf,   -inf, 2.9123, 3.6761, 4.2555, 4.6759, 4.9652, 5.1494,
         5.2680, 5.3342],
        [  -inf,   -inf,   -inf, 2.9128, 3.6776, 4.2578, 4.6797, 4.9696, 5.1552,
         5.2745, 5.3419],
        [  -inf,   -inf,   -inf, 2.9132, 3.6791, 4.2602, 4.6836, 4.9741, 5.1611,
         5.2805, 5.3492],
        [  -inf,   -inf,   -inf, 2.9137, 3.6805, 4.2628, 4.6875, 4.9785, 5.1668,
         5.2865, 5.3564],
        [  -inf,   -inf,   -inf, 2.9141, 3.6820, 4.2652, 4.6913, 4.9828, 5.1724,
         5.2926, 5.3634],
        [  -inf,   -inf,   -inf, 2.9145, 3.6834, 4.2676, 4.6951, 4.9872, 5.1781,
         5.2986, 5.3699],
        [  -inf,   -inf,   -inf, 2.9150, 3.6848, 4.2699, 4.6988, 4.9916, 5.1838,
         5.3044, 5.3764],
        [  -inf,   -inf,   -inf, 2.9154, 3.6862, 4.2723, 4.7025, 4.9960, 5.1894,
         5.3103, 5.3829],
        [  -inf,   -inf,   -inf, 2.9158, 3.6876, 4.2746, 4.7062, 5.0002, 5.1951,
         5.3162, 5.3894],
        [  -inf,   -inf,   -inf, 2.9161, 3.6889, 4.2770, 4.7099, 5.0043, 5.2004,
         5.3220, 5.3960],
        [  -inf,   -inf,   -inf, 2.9165, 3.6903, 4.2793, 4.7136, 5.0085, 5.2057,
         5.3279, 5.4025],
        [  -inf,   -inf,   -inf, 2.9170, 3.6916, 4.2817, 4.7168, 5.0126, 5.2110,
         5.3337, 5.4090],
        [  -inf,   -inf,   -inf, 2.9174, 3.6929, 4.2841, 4.7200, 5.0167, 5.2163,
         5.3394, 5.4150],
        [  -inf,   -inf,   -inf, 2.9178, 3.6942, 4.2864, 4.7233, 5.0209, 5.2214,
         5.3451, 5.4210],
        [  -inf,   -inf,   -inf, 2.9182, 3.6955, 4.2888, 4.7265, 5.0250, 5.2264,
         5.3507, 5.4270],
        [  -inf,   -inf,   -inf, 2.9186, 3.6968, 4.2911, 4.7297, 5.0291, 5.2315,
         5.3564, 5.4331],
        [  -inf,   -inf,   -inf, 2.9189, 3.6981, 4.2935, 4.7329, 5.0333, 5.2359,
         5.3621, 5.4389],
        [  -inf,   -inf,   -inf, 2.9193, 3.6993, 4.2958, 4.7362, 5.0374, 5.2403,
         5.3677, 5.4448],
        [  -inf,   -inf,   -inf, 2.9197, 3.7005, 4.2982, 4.7391, 5.0413, 5.2447,
         5.3730, 5.4506],
        [  -inf,   -inf,   -inf, 2.9201, 3.7017, 4.3003, 4.7420, 5.0452, 5.2491,
         5.3784, 5.4565],
        [  -inf,   -inf,   -inf, 2.9204, 3.7030, 4.3024, 4.7448, 5.0491, 5.2535,
         5.3837, 5.4624],
        [  -inf,   -inf,   -inf, 2.9207, 3.7042, 4.3045, 4.7476, 5.0529, 5.2579,
         5.3889, 5.4682],
        [  -inf,   -inf,   -inf, 2.9211, 3.7053, 4.3066, 4.7505, 5.0568, 5.2623,
         5.3940, 5.4739],
        [  -inf,   -inf,   -inf, 2.9214, 3.7065, 4.3088, 4.7533, 5.0606, 5.2666,
         5.3991, 5.4796],
        [  -inf,   -inf,   -inf, 2.9217, 3.7076, 4.3109, 4.7561, 5.0644, 5.2709,
         5.4042, 5.4852],
        [  -inf,   -inf,   -inf, 2.9220, 3.7088, 4.3129, 4.7589, 5.0681, 5.2752,
         5.4089, 5.4909],
        [  -inf,   -inf,   -inf, 2.9223, 3.7100, 4.3150, 4.7618, 5.0718, 5.2794,
         5.4137, 5.4966],
        [  -inf,   -inf,   -inf, 2.9226, 3.7111, 4.3171, 4.7646, 5.0755, 5.2837,
         5.4184, 5.5022]])
tensor(0.0218) tensor(2.4005) (64, 6)
