tensor([[  -inf,   -inf,   -inf,   -inf,   -inf,   -inf,   -inf,   -inf,   -inf,
           -inf,   -inf],
        [  -inf, 1.0000, 1.0000, 1.0000, 1.0000, 1.0000, 1.0000, 1.0000, 1.0000,
         1.0000, 1.0000],
        [  -inf,   -inf, 1.6547, 1.6547, 1.6547, 1.6547, 1.6547, 1.6547, 1.6547,
         1.6547, 1.6547],
        [  -inf,   -inf, 1.7834, 2.0833, 2.0833, 2.0833, 2.0833, 2.0833, 2.0833,
         2.0833, 2.0833],
        [  -inf,   -inf, 1.8393, 2.2121, 2.3639, 2.3639, 2.3639, 2.3639, 2.3639,
         2.3639, 2.3639],
        [  -inf,   -inf, 1.8682, 2.2964, 2.4927, 2.5476, 2.5476, 2.5476, 2.5476,
         2.5476, 2.5476],
        [  -inf,   -inf, 1.8880, 2.3806, 2.5770, 2.6764, 2.6764, 2.6764, 2.6764,
         2.6764, 2.6764],
        [  -inf,   -inf, 1.9021, 2.4365, 2.6613, 2.7607, 2.7967, 2.7967, 2.7967,
         2.7967, 2.7967],
        [  -inf,   -inf, 1.9115, 2.4731, 2.7171, 2.8450, 2.8810, 2.8810, 2.8810,
         2.8810, 2.8810],
        [  -inf,   -inf, 1.9185, 2.5097, 2.7723, 2.9008, 2.9652, 2.9652, 2.9652,
         2.9652, 2.9652],
        [  -inf,   -inf, 1.9257, 2.5386, 2.8275, 2.9560, 3.0211, 3.0440, 3.0440,
         3.0440, 3.0440],
        [  -inf,   -inf, 1.9307, 2.5584, 2.8827, 3.0112, 3.0763, 3.0999, 3.0999,
         3.0999, 3.0999],
        [  -inf,   -inf, 1.9349, 2.5773, 2.9193, 3.0664, 3.1315, 3.1551, 3.1551,
         3.1551, 3.1551],
        [  -inf,   -inf, 1.9378, 2.5962, 2.9559, 3.1030, 3.1867, 3.2102, 3.2102,
         3.2102, 3.2102],
        [  -inf,   -inf, 1.9422, 2.6128, 2.9848, 3.1396, 3.2233, 3.2654, 3.2654,
         3.2654, 3.2654],
        [  -inf,   -inf, 1.9464, 2.6269, 3.0087, 3.1757, 3.2598, 3.3020, 3.3170,
         3.3170, 3.3170],
        [  -inf,   -inf, 1.9487, 2.6399, 3.0327, 3.2118, 3.2960, 3.3386, 3.3536,
         3.3536, 3.3536],
        [  -inf,   -inf, 1.9509, 2.6528, 3.0566, 3.2480, 3.3321, 3.3747, 3.3901,
         3.3901, 3.3901],
        [  -inf,   -inf, 1.9533, 2.6621, 3.0764, 3.2841, 3.3682, 3.4108, 3.4263,
         3.4263, 3.4263],
        [  -inf,   -inf, 1.9546, 2.6714, 3.0953, 3.3130, 3.4044, 3.4470, 3.4624,
         3.4624, 3.4624],
        [  -inf,   -inf, 1.9561, 2.6807, 3.1143, 3.3370, 3.4333, 3.4831, 3.4985,
         3.4985, 3.4985],
        [  -inf,   -inf, 1.9576, 2.6878, 3.1308, 3.3609, 3.4572, 3.5120, 3.5347,
         3.5347, 3.5347],
        [  -inf,   -inf, 1.9592, 2.6950, 3.1450, 3.3849, 3.4812, 3.5360, 3.5636,
         3.5684, 3.5684],
        [  -inf,   -inf, 1.9604, 2.7021, 3.1579, 3.4046, 3.5051, 3.5599, 3.5875,
         3.5973, 3.5973],
        [  -inf,   -inf, 1.9617, 2.7093, 3.1709, 3.4236, 3.5288, 3.5839, 3.6115,
         3.6213, 3.6213],
        [  -inf,   -inf, 1.9630, 2.7154, 3.1832, 3.4425, 3.5524, 3.6075, 3.6354,
         3.6452, 3.6452],
        [  -inf,   -inf, 1.9643, 2.7215, 3.1956, 3.4591, 3.5761, 3.6312, 3.6591,
         3.6692, 3.6692],
        [  -inf,   -inf, 1.9651, 2.7265, 3.2080, 3.4747, 3.5997, 3.6548, 3.6827,
         3.6928, 3.6928],
        [  -inf,   -inf, 1.9656, 2.7313, 3.2189, 3.4904, 3.6234, 3.6785, 3.7064,
         3.7165, 3.7165],
        [  -inf,   -inf, 1.9662, 2.7359, 3.2297, 3.5061, 3.6432, 3.7021, 3.7300,
         3.7401, 3.7401],
        [  -inf,   -inf, 1.9668, 2.7406, 3.2406, 3.5218, 3.6621, 3.7219, 3.7537,
         3.7638, 3.7638],
        [  -inf,   -inf, 1.9678, 2.7452, 3.2499, 3.5359, 3.6810, 3.7408, 3.7735,
         3.7874, 3.7874],
        [  -inf,   -inf, 1.9681, 2.7494, 3.2592, 3.5489, 3.6976, 3.7598, 3.7924,
         3.8072, 3.8095],
        [  -inf,   -inf, 1.9689, 2.7531, 3.2684, 3.5618, 3.7133, 3.7763, 3.8113,
         3.8261, 3.8293],
        [  -inf,   -inf,   -inf, 2.7568, 3.2769, 3.5742, 3.7290, 3.7920, 3.8279,
         3.8451, 3.8482],
        [  -inf,   -inf,   -inf, 2.7609, 3.2854, 3.5866, 3.7446, 3.8077, 3.8436,
         3.8617, 3.8672],
        [  -inf,   -inf,   -inf, 2.7646, 3.2938, 3.5990, 3.7603, 3.8234, 3.8593,
         3.8773, 3.8837],
        [  -inf,   -inf,   -inf, 2.7684, 3.3010, 3.6098, 3.7745, 3.8391, 3.8749,
         3.8930, 3.8994],
        [  -inf,   -inf,   -inf, 2.7716, 3.3082, 3.6207, 3.7874, 3.8546, 3.8906,
         3.9087, 3.9151],
        [  -inf,   -inf,   -inf, 2.7749, 3.3153, 3.6315, 3.8003, 3.8700, 3.9061,
         3.9244, 3.9308],
        [  -inf,   -inf,   -inf, 2.7780, 3.3225, 3.6409, 3.8127, 3.8855, 3.9216,
         3.9399, 3.9465],
        [  -inf,   -inf,   -inf, 2.7809, 3.3286, 3.6501, 3.8251, 3.9010, 3.9371,
         3.9553, 3.9620],
        [  -inf,   -inf,   -inf, 2.7837, 3.3347, 3.6594, 3.8375, 3.9165, 3.9526,
         3.9708, 3.9774],
        [  -inf,   -inf,   -inf, 2.7864, 3.3408, 3.6678, 3.8484, 3.9320, 3.9681,
         3.9863, 3.9929],
        [  -inf,   -inf,   -inf, 2.7891, 3.3468, 3.6763, 3.8592, 3.9461, 3.9835,
         4.0018, 4.0084],
        [  -inf,   -inf,   -inf, 2.7917, 3.3529, 3.6848, 3.8701, 3.9591, 3.9977,
         4.0173, 4.0239],
        [  -inf,   -inf,   -inf, 2.7942, 3.3579, 3.6929, 3.8804, 3.9720, 4.0106,
         4.0314, 4.0394],
        [  -inf,   -inf,   -inf, 2.7967, 3.3626, 3.7010, 3.8906, 3.9844, 4.0236,
         4.0444, 4.0535],
        [  -inf,   -inf,   -inf, 2.7992, 3.3673, 3.7091, 3.9009, 3.9968, 4.0360,
         4.0573, 4.0665],
        [  -inf,   -inf,   -inf, 2.8018, 3.3721, 3.7172, 3.9112, 4.0092, 4.0483,
         4.0697, 4.0794],
        [  -inf,   -inf,   -inf, 2.8041, 3.3768, 3.7244, 3.9214, 4.0200, 4.0607,
         4.0821, 4.0918],
        [  -inf,   -inf,   -inf, 2.8063, 3.3815, 3.7316, 3.9307, 4.0309, 4.0716,
         4.0945, 4.1042],
        [  -inf,   -inf,   -inf, 2.8086, 3.3862, 3.7387, 3.9400, 4.0417, 4.0824,
         4.1053, 4.1166],
        [  -inf,   -inf,   -inf, 2.8105, 3.3909, 3.7459, 3.9492, 4.0520, 4.0933,
         4.1162, 4.1274],
        [  -inf,   -inf,   -inf, 2.8123, 3.3955, 3.7530, 3.9577, 4.0623, 4.1036,
         4.1270, 4.1383],
        [  -inf,   -inf,   -inf, 2.8141, 3.4003, 3.7601, 3.9662, 4.0725, 4.1138,
         4.1373, 4.1491],
        [  -inf,   -inf,   -inf, 2.8158, 3.4049, 3.7672, 3.9747, 4.0828, 4.1241,
         4.1476, 4.1594],
        [  -inf,   -inf,   -inf, 2.8174, 3.4090, 3.7744, 3.9828, 4.0931, 4.1344,
         4.1578, 4.1697],
        [  -inf,   -inf,   -inf, 2.8189, 3.4130, 3.7815, 3.9909, 4.1024, 4.1446,
         4.1681, 4.1799],
        [  -inf,   -inf,   -inf, 2.8204, 3.4170, 3.7886, 3.9990, 4.1116, 4.1548,
         4.1784, 4.1902],
        [  -inf,   -inf,   -inf, 2.8219, 3.4210, 3.7947, 4.0071, 4.1209, 4.1649,
         4.1885, 4.2005],
        [  -inf,   -inf,   -inf, 2.8234, 3.4247, 3.8008, 4.0143, 4.1294, 4.1750,
         4.1987, 4.2106],
        [  -inf,   -inf,   -inf, 2.8249, 3.4285, 3.8068, 4.0215, 4.1378, 4.1852,
         4.2088, 4.2208],
        [  -inf,   -inf,   -inf, 2.8264, 3.4325, 3.8129, 4.0286, 4.1463, 4.1953,
         4.2189, 4.2309],
        [  -inf,   -inf,   -inf, 2.8278, 3.4362, 3.8189, 4.0358, 4.1544, 4.2055,
         4.2291, 4.2410],
        [  -inf,   -inf,   -inf, 2.8293, 3.4400, 3.8245, 4.0429, 4.1625, 4.2156,
         4.2392, 4.2512],
        [  -inf,   -inf,   -inf, 2.8308, 3.4432, 3.8300, 4.0500, 4.1707, 4.2249,
         4.2493, 4.2613],
        [  -inf,   -inf,   -inf, 2.8322, 3.4465, 3.8356, 4.0571, 4.1788, 4.2342,
         4.2587, 4.2714],
        [  -inf,   -inf,   -inf, 2.8335, 3.4496, 3.8411, 4.0642, 4.1860, 4.2434,
         4.2679, 4.2808],
        [  -inf,   -inf,   -inf, 2.8348, 3.4527, 3.8461, 4.0713, 4.1932, 4.2519,
         4.2772, 4.2900],
        [  -inf,   -inf,   -inf, 2.8361, 3.4558, 3.8509, 4.0784, 4.2003, 4.2604,
         4.2856, 4.2993],
        [  -inf,   -inf,   -inf, 2.8374, 3.4589, 3.8556, 4.0845, 4.2075, 4.2688,
         4.2941, 4.3077],
        [  -inf,   -inf,   -inf, 2.8386, 3.4620, 3.8603, 4.0906, 4.2146, 4.2769,
         4.3026, 4.3162],
        [  -inf,   -inf,   -inf, 2.8398, 3.4650, 3.8650, 4.0967, 4.2217, 4.2851,
         4.3107, 4.3247],
        [  -inf,   -inf,   -inf, 2.8409, 3.4680, 3.8697, 4.1027, 4.2288, 4.2932,
         4.3188, 4.3328],
        [  -inf,   -inf,   -inf, 2.8420, 3.4709, 3.8744, 4.1088, 4.2359, 4.3013,
         4.3269, 4.3409],
        [  -inf,   -inf,   -inf, 2.8430, 3.4737, 3.8791, 4.1143, 4.2430, 4.3085,
         4.3350, 4.3490],
        [  -inf,   -inf,   -inf, 2.8440, 3.4764, 3.8838, 4.1199, 4.2501, 4.3157,
         4.3422, 4.3571],
        [  -inf,   -inf,   -inf, 2.8450, 3.4791, 3.8885, 4.1254, 4.2568, 4.3228,
         4.3494, 4.3643],
        [  -inf,   -inf,   -inf, 2.8459, 3.4817, 3.8931, 4.1310, 4.2635, 4.3300,
         4.3565, 4.3715],
        [  -inf,   -inf,   -inf, 2.8469, 3.4842, 3.8972, 4.1363, 4.2703, 4.3371,
         4.3637, 4.3786],
        [  -inf,   -inf,   -inf, 2.8479, 3.4867, 3.9012, 4.1416, 4.2770, 4.3442,
         4.3708, 4.3858],
        [  -inf,   -inf,   -inf, 2.8488, 3.4892, 3.9052, 4.1469, 4.2837, 4.3513,
         4.3779, 4.3929],
        [  -inf,   -inf,   -inf, 2.8498, 3.4917, 3.9092, 4.1522, 4.2904, 4.3584,
         4.3850, 4.4000],
        [  -inf,   -inf,   -inf, 2.8507, 3.4942, 3.9132, 4.1576, 4.2965, 4.3655,
         4.3921, 4.4071],
        [  -inf,   -inf,   -inf, 2.8516, 3.4966, 3.9172, 4.1625, 4.3026, 4.3726,
         4.3993, 4.4142],
        [  -inf,   -inf,   -inf, 2.8525, 3.4991, 3.9211, 4.1673, 4.3087, 4.3793,
         4.4064, 4.4214],
        [  -inf,   -inf,   -inf, 2.8534, 3.5015, 3.9251, 4.1720, 4.3147, 4.3861,
         4.4131, 4.4285],
        [  -inf,   -inf,   -inf, 2.8542, 3.5039, 3.9288, 4.1767, 4.3208, 4.3928,
         4.4198, 4.4352],
        [  -inf,   -inf,   -inf, 2.8551, 3.5064, 3.9326, 4.1814, 4.3263, 4.3995,
         4.4265, 4.4419],
        [  -inf,   -inf,   -inf, 2.8559, 3.5087, 3.9366, 4.1861, 4.3319, 4.4062,
         4.4332, 4.4486],
        [  -inf,   -inf,   -inf, 2.8568, 3.5109, 3.9403, 4.1908, 4.3374, 4.4129,
         4.4400, 4.4553],
        [  -inf,   -inf,   -inf, 2.8576, 3.5132, 3.9441, 4.1956, 4.3430, 4.4190,
         4.4467, 4.4621],
        [  -inf,   -inf,   -inf, 2.8585, 3.5154, 3.9473, 4.2002, 4.3483, 4.4251,
         4.4533, 4.4688],
        [  -inf,   -inf,   -inf, 2.8593, 3.5175, 3.9506, 4.2049, 4.3536, 4.4312,
         4.4600, 4.4754],
        [  -inf,   -inf,   -inf, 2.8602, 3.5196, 3.9537, 4.2096, 4.3589, 4.4372,
         4.4666, 4.4821],
        [  -inf,   -inf,   -inf, 2.8610, 3.5218, 3.9568, 4.2142, 4.3642, 4.4433,
         4.4732, 4.4887],
        [  -inf,   -inf,   -inf, 2.8618, 3.5238, 3.9599, 4.2189, 4.3695, 4.4488,
         4.4799, 4.4953],
        [  -inf,   -inf,   -inf, 2.8626, 3.5259, 3.9630, 4.2235, 4.3745, 4.4544,
         4.4865, 4.5020],
        [  -inf,   -inf,   -inf, 2.8634, 3.5279, 3.9661, 4.2282, 4.3793, 4.4599,
         4.4931, 4.5086],
        [  -inf,   -inf,   -inf, 2.8640, 3.5298, 3.9692, 4.2328, 4.3840, 4.4655,
         4.4998, 4.5152],
        [  -inf,   -inf,   -inf, 2.8646, 3.5317, 3.9723, 4.2375, 4.3887, 4.4708,
         4.5059, 4.5219],
        [  -inf,   -inf,   -inf, 2.8653, 3.5336, 3.9754, 4.2421, 4.3934, 4.4761,
         4.5120, 4.5280],
        [  -inf,   -inf,   -inf, 2.8660, 3.5354, 3.9784, 4.2468, 4.3981, 4.4814,
         4.5180, 4.5341],
        [  -inf,   -inf,   -inf, 2.8667, 3.5372, 3.9815, 4.2514, 4.4028, 4.4867,
         4.5241, 4.5401],
        [  -inf,   -inf,   -inf, 2.8673, 3.5390, 3.9846, 4.2560, 4.4075, 4.4921,
         4.5302, 4.5462],
        [  -inf,   -inf,   -inf, 2.8680, 3.5408, 3.9877, 4.2602, 4.4122, 4.4970,
         4.5357, 4.5522],
        [  -inf,   -inf,   -inf, 2.8685, 3.5426, 3.9908, 4.2642, 4.4169, 4.5018,
         4.5412, 4.5578],
        [  -inf,   -inf,   -inf, 2.8691, 3.5444, 3.9939, 4.2682, 4.4216, 4.5065,
         4.5468, 4.5633],
        [  -inf,   -inf,   -inf, 2.8697, 3.5462, 3.9969, 4.2722, 4.4262, 4.5112,
         4.5523, 4.5689],
        [  -inf,   -inf,   -inf, 2.8702, 3.5479, 4.0000, 4.2761, 4.4309, 4.5159,
         4.5577, 4.5744],
        [  -inf,   -inf,   -inf, 2.8708, 3.5495, 4.0031, 4.2801, 4.4355, 4.5206,
         4.5630, 4.5798],
        [  -inf,   -inf,   -inf, 2.8713, 3.5512, 4.0061, 4.2841, 4.4402, 4.5253,
         4.5683, 4.5851],
        [  -inf,   -inf,   -inf, 2.8718, 3.5529, 4.0091, 4.2880, 4.4448, 4.5301,
         4.5736, 4.5904],
        [  -inf,   -inf,   -inf, 2.8724, 3.5545, 4.0120, 4.2918, 4.4495, 4.5347,
         4.5789, 4.5957],
        [  -inf,   -inf,   -inf, 2.8729, 3.5562, 4.0148, 4.2956, 4.4541, 4.5394,
         4.5839, 4.6010],
        [  -inf,   -inf,   -inf, 2.8734, 3.5578, 4.0175, 4.2996, 4.4588, 4.5441,
         4.5886, 4.6060],
        [  -inf,   -inf,   -inf, 2.8740, 3.5595, 4.0202, 4.3033, 4.4634, 4.5487,
         4.5934, 4.6107],
        [  -inf,   -inf,   -inf, 2.8745, 3.5611, 4.0228, 4.3070, 4.4680, 4.5534,
         4.5981, 4.6155],
        [  -inf,   -inf,   -inf, 2.8750, 3.5628, 4.0254, 4.3106, 4.4722, 4.5580,
         4.6028, 4.6202],
        [  -inf,   -inf,   -inf, 2.8754, 3.5644, 4.0281, 4.3143, 4.4762, 4.5627,
         4.6075, 4.6249],
        [  -inf,   -inf,   -inf, 2.8760, 3.5659, 4.0307, 4.3179, 4.4802, 4.5673,
         4.6122, 4.6296],
        [  -inf,   -inf,   -inf, 2.8764, 3.5674, 4.0332, 4.3215, 4.4842, 4.5720,
         4.6169, 4.6343],
        [  -inf,   -inf,   -inf, 2.8769, 3.5689, 4.0358, 4.3252, 4.4881, 4.5766,
         4.6216, 4.6390],
        [  -inf,   -inf,   -inf, 2.8773, 3.5704, 4.0382, 4.3284, 4.4921, 4.5813,
         4.6263, 4.6437],
        [  -inf,   -inf,   -inf, 2.8777, 3.5719, 4.0408, 4.3317, 4.4961, 4.5859,
         4.6309, 4.6484],
        [  -inf,   -inf,   -inf, 2.8782, 3.5734, 4.0433, 4.3348, 4.5000, 4.5905,
         4.6356, 4.6530],
        [  -inf,   -inf,   -inf, 2.8786, 3.5748, 4.0457, 4.3379, 4.5037, 4.5949,
         4.6402, 4.6577],
        [  -inf,   -inf,   -inf, 2.8790, 3.5763, 4.0482, 4.3410, 4.5076, 4.5993,
         4.6449, 4.6623]])
tensor(0.0241) tensor(2.1728) (64, 5)
