tensor([[  -inf,   -inf,   -inf,   -inf,   -inf,   -inf,   -inf,   -inf,   -inf,
           -inf,   -inf],
        [  -inf, 1.0000, 1.0000, 1.0000, 1.0000, 1.0000, 1.0000, 1.0000, 1.0000,
         1.0000, 1.0000],
        [  -inf,   -inf, 1.6672, 1.6672, 1.6672, 1.6672, 1.6672, 1.6672, 1.6672,
         1.6672, 1.6672],
        [  -inf,   -inf, 1.7842, 2.1124, 2.1124, 2.1124, 2.1124, 2.1124, 2.1124,
         2.1124, 2.1124],
        [  -inf,   -inf, 1.8375, 2.2294, 2.4094, 2.4094, 2.4094, 2.4094, 2.4094,
         2.4094, 2.4094],
        [  -inf,   -inf, 1.8643, 2.3075, 2.5264, 2.6076, 2.6076, 2.6076, 2.6076,
         2.6076, 2.6076],
        [  -inf,   -inf, 1.8862, 2.3856, 2.6045, 2.7246, 2.7398, 2.7398, 2.7398,
         2.7398, 2.7398],
        [  -inf,   -inf, 1.9005, 2.4389, 2.6826, 2.8027, 2.8568, 2.8568, 2.8568,
         2.8568, 2.8568],
        [  -inf,   -inf, 1.9109, 2.4744, 2.7359, 2.8808, 2.9349, 2.9451, 2.9451,
         2.9451, 2.9451],
        [  -inf,   -inf, 1.9184, 2.5100, 2.7880, 2.9341, 3.0130, 3.0231, 3.0231,
         3.0231, 3.0231],
        [  -inf,   -inf, 1.9253, 2.5368, 2.8401, 2.9862, 3.0663, 3.1012, 3.1012,
         3.1012, 3.1012],
        [  -inf,   -inf, 1.9314, 2.5587, 2.8922, 3.0383, 3.1184, 3.1545, 3.1601,
         3.1601, 3.1601],
        [  -inf,   -inf, 1.9362, 2.5765, 2.9277, 3.0904, 3.1705, 3.2066, 3.2134,
         3.2134, 3.2134],
        [  -inf,   -inf, 1.9401, 2.5944, 2.9633, 3.1259, 3.2226, 3.2587, 3.2655,
         3.2655, 3.2655],
        [  -inf,   -inf, 1.9440, 2.6090, 2.9901, 3.1615, 3.2581, 3.3108, 3.3176,
         3.3176, 3.3176],
        [  -inf,   -inf, 1.9473, 2.6236, 3.0138, 3.1962, 3.2937, 3.3464, 3.3697,
         3.3697, 3.3697],
        [  -inf,   -inf, 1.9496, 2.6379, 3.0376, 3.2310, 3.3285, 3.3819, 3.4052,
         3.4089, 3.4089],
        [  -inf,   -inf, 1.9519, 2.6516, 3.0613, 3.2658, 3.3632, 3.4167, 3.4408,
         3.4445, 3.4445],
        [  -inf,   -inf, 1.9542, 2.6620, 3.0831, 3.3005, 3.3980, 3.4514, 3.4755,
         3.4801, 3.4801],
        [  -inf,   -inf, 1.9554, 2.6716, 3.1010, 3.3273, 3.4327, 3.4862, 3.5103,
         3.5148, 3.5148],
        [  -inf,   -inf, 1.9577, 2.6811, 3.1189, 3.3510, 3.4595, 3.5210, 3.5451,
         3.5496, 3.5496],
        [  -inf,   -inf, 1.9586, 2.6886, 3.1335, 3.3748, 3.4833, 3.5478, 3.5798,
         3.5843, 3.5843],
        [  -inf,   -inf, 1.9599, 2.6956, 3.1481, 3.3985, 3.5070, 3.5715, 3.6066,
         3.6191, 3.6191],
        [  -inf,   -inf, 1.9619, 2.7025, 3.1624, 3.4204, 3.5307, 3.5952, 3.6304,
         3.6459, 3.6459],
        [  -inf,   -inf, 1.9629, 2.7094, 3.1761, 3.4382, 3.5539, 3.6189, 3.6541,
         3.6696, 3.6721],
        [  -inf,   -inf, 1.9638, 2.7156, 3.1881, 3.4561, 3.5771, 3.6421, 3.6778,
         3.6934, 3.6958],
        [  -inf,   -inf, 1.9646, 2.7219, 3.2000, 3.4720, 3.6003, 3.6653, 3.7010,
         3.7171, 3.7196],
        [  -inf,   -inf, 1.9653, 2.7279, 3.2119, 3.4878, 3.6235, 3.6885, 3.7242,
         3.7403, 3.7433],
        [  -inf,   -inf, 1.9665, 2.7329, 3.2223, 3.5036, 3.6467, 3.7117, 3.7474,
         3.7635, 3.7665],
        [  -inf,   -inf, 1.9674, 2.7379, 3.2320, 3.5195, 3.6686, 3.7349, 3.7706,
         3.7867, 3.7897],
        [  -inf,   -inf, 1.9686, 2.7427, 3.2418, 3.5340, 3.6864, 3.7568, 3.7938,
         3.8098, 3.8129],
        [  -inf,   -inf, 1.9690, 2.7473, 3.2515, 3.5486, 3.7043, 3.7747, 3.8156,
         3.8330, 3.8361],
        [  -inf,   -inf, 1.9697, 2.7520, 3.2611, 3.5630, 3.7202, 3.7925, 3.8335,
         3.8549, 3.8592],
        [  -inf,   -inf, 1.9705, 2.7560, 3.2706, 3.5767, 3.7360, 3.8084, 3.8514,
         3.8728, 3.8811],
        [  -inf,   -inf,   -inf, 2.7601, 3.2798, 3.5886, 3.7518, 3.8242, 3.8672,
         3.8907, 3.8990],
        [  -inf,   -inf,   -inf, 2.7640, 3.2889, 3.6005, 3.7676, 3.8400, 3.8831,
         3.9065, 3.9169],
        [  -inf,   -inf,   -inf, 2.7679, 3.2980, 3.6125, 3.7822, 3.8559, 3.8989,
         3.9223, 3.9327],
        [  -inf,   -inf,   -inf, 2.7712, 3.3055, 3.6228, 3.7968, 3.8713, 3.9147,
         3.9382, 3.9485],
        [  -inf,   -inf,   -inf, 2.7743, 3.3125, 3.6326, 3.8112, 3.8868, 3.9302,
         3.9540, 3.9644],
        [  -inf,   -inf,   -inf, 2.7775, 3.3194, 3.6423, 3.8249, 3.9023, 3.9457,
         3.9695, 3.9802],
        [  -inf,   -inf,   -inf, 2.7807, 3.3263, 3.6520, 3.8368, 3.9178, 3.9611,
         3.9849, 3.9957],
        [  -inf,   -inf,   -inf, 2.7838, 3.3327, 3.6616, 3.8487, 3.9332, 3.9766,
         4.0004, 4.0111],
        [  -inf,   -inf,   -inf, 2.7866, 3.3391, 3.6712, 3.8607, 3.9487, 3.9921,
         4.0159, 4.0266],
        [  -inf,   -inf,   -inf, 2.7893, 3.3454, 3.6803, 3.8712, 3.9633, 4.0076,
         4.0314, 4.0421],
        [  -inf,   -inf,   -inf, 2.7919, 3.3517, 3.6894, 3.8818, 3.9779, 4.0222,
         4.0468, 4.0576],
        [  -inf,   -inf,   -inf, 2.7945, 3.3579, 3.6986, 3.8923, 3.9922, 4.0367,
         4.0614, 4.0730],
        [  -inf,   -inf,   -inf, 2.7971, 3.3640, 3.7065, 3.9029, 4.0059, 4.0511,
         4.0760, 4.0876],
        [  -inf,   -inf,   -inf, 2.7997, 3.3690, 3.7145, 3.9135, 4.0179, 4.0648,
         4.0904, 4.1022],
        [  -inf,   -inf,   -inf, 2.8022, 3.3739, 3.7225, 3.9238, 4.0298, 4.0767,
         4.1041, 4.1166],
        [  -inf,   -inf,   -inf, 2.8046, 3.3787, 3.7304, 3.9336, 4.0417, 4.0886,
         4.1160, 4.1303],
        [  -inf,   -inf,   -inf, 2.8069, 3.3834, 3.7379, 3.9433, 4.0523, 4.1006,
         4.1279, 4.1422],
        [  -inf,   -inf,   -inf, 2.8091, 3.3880, 3.7448, 3.9530, 4.0628, 4.1111,
         4.1399, 4.1541],
        [  -inf,   -inf,   -inf, 2.8113, 3.3926, 3.7518, 3.9626, 4.0734, 4.1217,
         4.1504, 4.1661],
        [  -inf,   -inf,   -inf, 2.8135, 3.3972, 3.7587, 3.9722, 4.0840, 4.1323,
         4.1610, 4.1766],
        [  -inf,   -inf,   -inf, 2.8151, 3.4019, 3.7652, 3.9813, 4.0945, 4.1428,
         4.1715, 4.1872],
        [  -inf,   -inf,   -inf, 2.8170, 3.4060, 3.7717, 3.9904, 4.1049, 4.1534,
         4.1821, 4.1977],
        [  -inf,   -inf,   -inf, 2.8187, 3.4102, 3.7782, 3.9996, 4.1146, 4.1638,
         4.1927, 4.2083],
        [  -inf,   -inf,   -inf, 2.8204, 3.4143, 3.7847, 4.0075, 4.1244, 4.1741,
         4.2030, 4.2189],
        [  -inf,   -inf,   -inf, 2.8219, 3.4185, 3.7910, 4.0155, 4.1341, 4.1844,
         4.2134, 4.2292],
        [  -inf,   -inf,   -inf, 2.8235, 3.4227, 3.7974, 4.0235, 4.1437, 4.1947,
         4.2237, 4.2396],
        [  -inf,   -inf,   -inf, 2.8251, 3.4268, 3.8038, 4.0314, 4.1532, 4.2051,
         4.2340, 4.2499],
        [  -inf,   -inf,   -inf, 2.8266, 3.4309, 3.8100, 4.0389, 4.1624, 4.2154,
         4.2443, 4.2602],
        [  -inf,   -inf,   -inf, 2.8281, 3.4349, 3.8163, 4.0458, 4.1715, 4.2257,
         4.2547, 4.2705],
        [  -inf,   -inf,   -inf, 2.8296, 3.4389, 3.8224, 4.0528, 4.1806, 4.2360,
         4.2650, 4.2809],
        [  -inf,   -inf,   -inf, 2.8311, 3.4428, 3.8285, 4.0597, 4.1886, 4.2458,
         4.2753, 4.2912],
        [  -inf,   -inf,   -inf, 2.8326, 3.4461, 3.8346, 4.0662, 4.1966, 4.2555,
         4.2850, 4.3015],
        [  -inf,   -inf,   -inf, 2.8340, 3.4494, 3.8407, 4.0727, 4.2045, 4.2652,
         4.2948, 4.3112],
        [  -inf,   -inf,   -inf, 2.8353, 3.4527, 3.8468, 4.0792, 4.2125, 4.2748,
         4.3045, 4.3210],
        [  -inf,   -inf,   -inf, 2.8368, 3.4560, 3.8529, 4.0857, 4.2199, 4.2844,
         4.3141, 4.3307],
        [  -inf,   -inf,   -inf, 2.8382, 3.4592, 3.8589, 4.0920, 4.2270, 4.2935,
         4.3236, 4.3403],
        [  -inf,   -inf,   -inf, 2.8395, 3.4623, 3.8639, 4.0984, 4.2340, 4.3026,
         4.3328, 4.3498],
        [  -inf,   -inf,   -inf, 2.8408, 3.4655, 3.8689, 4.1048, 4.2411, 4.3118,
         4.3419, 4.3590],
        [  -inf,   -inf,   -inf, 2.8420, 3.4686, 3.8737, 4.1110, 4.2481, 4.3197,
         4.3510, 4.3681],
        [  -inf,   -inf,   -inf, 2.8431, 3.4717, 3.8783, 4.1173, 4.2552, 4.3277,
         4.3590, 4.3773],
        [  -inf,   -inf,   -inf, 2.8444, 3.4748, 3.8830, 4.1234, 4.2622, 4.3357,
         4.3670, 4.3852],
        [  -inf,   -inf,   -inf, 2.8455, 3.4779, 3.8876, 4.1295, 4.2692, 4.3436,
         4.3749, 4.3932],
        [  -inf,   -inf,   -inf, 2.8467, 3.4808, 3.8922, 4.1356, 4.2761, 4.3511,
         4.3829, 4.4011],
        [  -inf,   -inf,   -inf, 2.8477, 3.4835, 3.8968, 4.1417, 4.2830, 4.3581,
         4.3904, 4.4091],
        [  -inf,   -inf,   -inf, 2.8485, 3.4862, 3.9011, 4.1478, 4.2895, 4.3652,
         4.3974, 4.4166],
        [  -inf,   -inf,   -inf, 2.8495, 3.4889, 3.9053, 4.1539, 4.2960, 4.3722,
         4.4044, 4.4236],
        [  -inf,   -inf,   -inf, 2.8505, 3.4915, 3.9096, 4.1599, 4.3025, 4.3793,
         4.4115, 4.4306],
        [  -inf,   -inf,   -inf, 2.8514, 3.4942, 3.9138, 4.1652, 4.3090, 4.3863,
         4.4185, 4.4377],
        [  -inf,   -inf,   -inf, 2.8522, 3.4968, 3.9180, 4.1706, 4.3154, 4.3934,
         4.4256, 4.4447],
        [  -inf,   -inf,   -inf, 2.8533, 3.4994, 3.9222, 4.1759, 4.3218, 4.4003,
         4.4326, 4.4518],
        [  -inf,   -inf,   -inf, 2.8542, 3.5019, 3.9263, 4.1812, 4.3281, 4.4072,
         4.4396, 4.4588],
        [  -inf,   -inf,   -inf, 2.8551, 3.5045, 3.9305, 4.1865, 4.3344, 4.4142,
         4.4465, 4.4658],
        [  -inf,   -inf,   -inf, 2.8561, 3.5068, 3.9346, 4.1915, 4.3406, 4.4207,
         4.4534, 4.4727],
        [  -inf,   -inf,   -inf, 2.8570, 3.5091, 3.9388, 4.1964, 4.3467, 4.4271,
         4.4603, 4.4796],
        [  -inf,   -inf,   -inf, 2.8579, 3.5114, 3.9429, 4.2012, 4.3528, 4.4336,
         4.4672, 4.4865],
        [  -inf,   -inf,   -inf, 2.8587, 3.5135, 3.9469, 4.2059, 4.3589, 4.4401,
         4.4741, 4.4934],
        [  -inf,   -inf,   -inf, 2.8596, 3.5157, 3.9509, 4.2105, 4.3650, 4.4465,
         4.4810, 4.5003],
        [  -inf,   -inf,   -inf, 2.8604, 3.5178, 3.9548, 4.2151, 4.3711, 4.4529,
         4.4879, 4.5072],
        [  -inf,   -inf,   -inf, 2.8612, 3.5199, 3.9581, 4.2197, 4.3772, 4.4593,
         4.4948, 4.5141],
        [  -inf,   -inf,   -inf, 2.8619, 3.5221, 3.9614, 4.2244, 4.3833, 4.4655,
         4.5016, 4.5210],
        [  -inf,   -inf,   -inf, 2.8627, 3.5242, 3.9647, 4.2287, 4.3886, 4.4718,
         4.5085, 4.5279],
        [  -inf,   -inf,   -inf, 2.8635, 3.5263, 3.9680, 4.2330, 4.3939, 4.4779,
         4.5150, 4.5347],
        [  -inf,   -inf,   -inf, 2.8642, 3.5283, 3.9711, 4.2374, 4.3992, 4.4839,
         4.5215, 4.5412],
        [  -inf,   -inf,   -inf, 2.8649, 3.5304, 3.9743, 4.2417, 4.4045, 4.4900,
         4.5280, 4.5477],
        [  -inf,   -inf,   -inf, 2.8657, 3.5325, 3.9775, 4.2460, 4.4098, 4.4961,
         4.5345, 4.5542],
        [  -inf,   -inf,   -inf, 2.8664, 3.5346, 3.9806, 4.2503, 4.4148, 4.5022,
         4.5409, 4.5607],
        [  -inf,   -inf,   -inf, 2.8670, 3.5365, 3.9837, 4.2545, 4.4198, 4.5083,
         4.5473, 4.5671],
        [  -inf,   -inf,   -inf, 2.8677, 3.5384, 3.9868, 4.2588, 4.4246, 4.5144,
         4.5537, 4.5735],
        [  -inf,   -inf,   -inf, 2.8683, 3.5403, 3.9899, 4.2631, 4.4292, 4.5197,
         4.5599, 4.5799],
        [  -inf,   -inf,   -inf, 2.8690, 3.5421, 3.9930, 4.2672, 4.4339, 4.5250,
         4.5661, 4.5861],
        [  -inf,   -inf,   -inf, 2.8696, 3.5439, 3.9961, 4.2714, 4.4385, 4.5303,
         4.5722, 4.5923],
        [  -inf,   -inf,   -inf, 2.8703, 3.5456, 3.9991, 4.2755, 4.4431, 4.5357,
         4.5783, 4.5984],
        [  -inf,   -inf,   -inf, 2.8708, 3.5474, 4.0022, 4.2797, 4.4477, 4.5410,
         4.5844, 4.6045],
        [  -inf,   -inf,   -inf, 2.8714, 3.5492, 4.0051, 4.2839, 4.4520, 4.5459,
         4.5905, 4.6106],
        [  -inf,   -inf,   -inf, 2.8721, 3.5509, 4.0078, 4.2880, 4.4564, 4.5509,
         4.5966, 4.6167],
        [  -inf,   -inf,   -inf, 2.8727, 3.5526, 4.0106, 4.2921, 4.4607, 4.5557,
         4.6027, 4.6228],
        [  -inf,   -inf,   -inf, 2.8734, 3.5544, 4.0134, 4.2962, 4.4650, 4.5604,
         4.6088, 4.6289],
        [  -inf,   -inf,   -inf, 2.8740, 3.5561, 4.0162, 4.3002, 4.4694, 4.5651,
         4.6141, 4.6350],
        [  -inf,   -inf,   -inf, 2.8746, 3.5578, 4.0189, 4.3043, 4.4736, 4.5698,
         4.6194, 4.6403],
        [  -inf,   -inf,   -inf, 2.8752, 3.5595, 4.0217, 4.3084, 4.4779, 4.5745,
         4.6247, 4.6456],
        [  -inf,   -inf,   -inf, 2.8758, 3.5612, 4.0245, 4.3124, 4.4821, 4.5792,
         4.6300, 4.6509],
        [  -inf,   -inf,   -inf, 2.8764, 3.5629, 4.0273, 4.3165, 4.4864, 4.5839,
         4.6354, 4.6562],
        [  -inf,   -inf,   -inf, 2.8770, 3.5646, 4.0300, 4.3206, 4.4906, 4.5886,
         4.6403, 4.6616],
        [  -inf,   -inf,   -inf, 2.8775, 3.5663, 4.0328, 4.3246, 4.4947, 4.5933,
         4.6453, 4.6665],
        [  -inf,   -inf,   -inf, 2.8781, 3.5680, 4.0356, 4.3287, 4.4989, 4.5979,
         4.6501, 4.6715],
        [  -inf,   -inf,   -inf, 2.8786, 3.5696, 4.0384, 4.3328, 4.5030, 4.6025,
         4.6548, 4.6763],
        [  -inf,   -inf,   -inf, 2.8792, 3.5711, 4.0411, 4.3368, 4.5072, 4.6071,
         4.6595, 4.6810],
        [  -inf,   -inf,   -inf, 2.8797, 3.5727, 4.0438, 4.3408, 4.5114, 4.6117,
         4.6642, 4.6857],
        [  -inf,   -inf,   -inf, 2.8802, 3.5743, 4.0465, 4.3447, 4.5154, 4.6161,
         4.6689, 4.6904],
        [  -inf,   -inf,   -inf, 2.8807, 3.5758, 4.0491, 4.3480, 4.5195, 4.6204,
         4.6736, 4.6951],
        [  -inf,   -inf,   -inf, 2.8812, 3.5773, 4.0518, 4.3513, 4.5236, 4.6247,
         4.6783, 4.6998],
        [  -inf,   -inf,   -inf, 2.8816, 3.5788, 4.0544, 4.3546, 4.5276, 4.6291,
         4.6830, 4.7045],
        [  -inf,   -inf,   -inf, 2.8821, 3.5803, 4.0570, 4.3579, 4.5317, 4.6334,
         4.6876, 4.7092],
        [  -inf,   -inf,   -inf, 2.8825, 3.5818, 4.0595, 4.3610, 4.5358, 4.6377,
         4.6923, 4.7138],
        [  -inf,   -inf,   -inf, 2.8830, 3.5832, 4.0621, 4.3642, 4.5398, 4.6419,
         4.6969, 4.7185]])
tensor(0.0240) tensor(2.1783) (64, 5)
