tensor([[  -inf,   -inf,   -inf,   -inf,   -inf,   -inf,   -inf,   -inf,   -inf,
           -inf,   -inf],
        [  -inf, 1.0000, 1.0000, 1.0000, 1.0000, 1.0000, 1.0000, 1.0000, 1.0000,
         1.0000, 1.0000],
        [  -inf,   -inf, 1.6508, 1.6508, 1.6508, 1.6508, 1.6508, 1.6508, 1.6508,
         1.6508, 1.6508],
        [  -inf,   -inf, 1.7701, 2.0743, 2.0743, 2.0743, 2.0743, 2.0743, 2.0743,
         2.0743, 2.0743],
        [  -inf,   -inf, 1.8234, 2.1937, 2.3499, 2.3499, 2.3499, 2.3499, 2.3499,
         2.3499, 2.3499],
        [  -inf,   -inf, 1.8516, 2.2714, 2.4693, 2.5293, 2.5293, 2.5293, 2.5293,
         2.5293, 2.5293],
        [  -inf,   -inf, 1.8727, 2.3490, 2.5470, 2.6487, 2.6487, 2.6487, 2.6487,
         2.6487, 2.6487],
        [  -inf,   -inf, 1.8885, 2.4023, 2.6247, 2.7264, 2.7654, 2.7654, 2.7654,
         2.7654, 2.7654],
        [  -inf,   -inf, 1.9007, 2.4369, 2.6779, 2.8040, 2.8431, 2.8431, 2.8431,
         2.8431, 2.8431],
        [  -inf,   -inf, 1.9100, 2.4716, 2.7285, 2.8573, 2.9208, 2.9208, 2.9208,
         2.9208, 2.9208],
        [  -inf,   -inf, 1.9180, 2.4998, 2.7790, 2.9078, 2.9740, 2.9967, 2.9967,
         2.9967, 2.9967],
        [  -inf,   -inf, 1.9227, 2.5209, 2.8296, 2.9584, 3.0246, 3.0500, 3.0500,
         3.0500, 3.0500],
        [  -inf,   -inf, 1.9274, 2.5393, 2.8642, 3.0089, 3.0751, 3.1005, 3.1005,
         3.1005, 3.1005],
        [  -inf,   -inf, 1.9329, 2.5576, 2.8989, 3.0436, 3.1257, 3.1511, 3.1511,
         3.1511, 3.1511],
        [  -inf,   -inf, 1.9359, 2.5734, 2.9271, 3.0782, 3.1603, 3.2016, 3.2016,
         3.2016, 3.2016],
        [  -inf,   -inf, 1.9392, 2.5876, 2.9496, 3.1111, 3.1950, 3.2363, 3.2511,
         3.2511, 3.2511],
        [  -inf,   -inf, 1.9416, 2.6014, 2.9722, 3.1440, 3.2279, 3.2710, 3.2857,
         3.2857, 3.2857],
        [  -inf,   -inf, 1.9443, 2.6151, 2.9947, 3.1769, 3.2608, 3.3038, 3.3204,
         3.3204, 3.3204],
        [  -inf,   -inf, 1.9461, 2.6273, 3.0158, 3.2098, 3.2937, 3.3367, 3.3533,
         3.3533, 3.3533],
        [  -inf,   -inf, 1.9479, 2.6376, 3.0342, 3.2380, 3.3266, 3.3696, 3.3862,
         3.3862, 3.3862],
        [  -inf,   -inf, 1.9496, 2.6478, 3.0526, 3.2606, 3.3548, 3.4025, 3.4191,
         3.4191, 3.4191],
        [  -inf,   -inf, 1.9515, 2.6571, 3.0683, 3.2831, 3.3773, 3.4307, 3.4520,
         3.4520, 3.4520],
        [  -inf,   -inf, 1.9527, 2.6651, 3.0826, 3.3057, 3.3999, 3.4533, 3.4802,
         3.4842, 3.4842],
        [  -inf,   -inf, 1.9551, 2.6730, 3.0963, 3.3268, 3.4224, 3.4758, 3.5027,
         3.5124, 3.5124],
        [  -inf,   -inf, 1.9558, 2.6810, 3.1101, 3.3452, 3.4438, 3.4984, 3.5253,
         3.5349, 3.5349],
        [  -inf,   -inf, 1.9575, 2.6873, 3.1222, 3.3635, 3.4652, 3.5198, 3.5478,
         3.5575, 3.5575],
        [  -inf,   -inf, 1.9586, 2.6937, 3.1342, 3.3793, 3.4867, 3.5412, 3.5692,
         3.5800, 3.5800],
        [  -inf,   -inf, 1.9601, 2.6997, 3.1461, 3.3940, 3.5081, 3.5626, 3.5907,
         3.6014, 3.6014],
        [  -inf,   -inf, 1.9613, 2.7058, 3.1581, 3.4086, 3.5295, 3.5840, 3.6121,
         3.6228, 3.6228],
        [  -inf,   -inf, 1.9621, 2.7110, 3.1683, 3.4233, 3.5506, 3.6054, 3.6335,
         3.6442, 3.6442],
        [  -inf,   -inf, 1.9632, 2.7162, 3.1786, 3.4380, 3.5690, 3.6266, 3.6549,
         3.6657, 3.6657],
        [  -inf,   -inf, 1.9641, 2.7210, 3.1879, 3.4522, 3.5873, 3.6449, 3.6760,
         3.6871, 3.6871],
        [  -inf,   -inf, 1.9652, 2.7259, 3.1971, 3.4660, 3.6031, 3.6633, 3.6944,
         3.7082, 3.7082],
        [  -inf,   -inf, 1.9655, 2.7311, 3.2064, 3.4797, 3.6177, 3.6790, 3.7127,
         3.7265, 3.7291],
        [  -inf,   -inf,   -inf, 2.7346, 3.2157, 3.4919, 3.6324, 3.6937, 3.7285,
         3.7449, 3.7475],
        [  -inf,   -inf,   -inf, 2.7380, 3.2246, 3.5039, 3.6471, 3.7084, 3.7432,
         3.7607, 3.7658],
        [  -inf,   -inf,   -inf, 2.7414, 3.2336, 3.5158, 3.6618, 3.7231, 3.7578,
         3.7753, 3.7816],
        [  -inf,   -inf,   -inf, 2.7445, 3.2425, 3.5277, 3.6760, 3.7377, 3.7725,
         3.7900, 3.7963],
        [  -inf,   -inf,   -inf, 2.7477, 3.2505, 3.5380, 3.6898, 3.7520, 3.7872,
         3.8047, 3.8110],
        [  -inf,   -inf,   -inf, 2.7511, 3.2585, 3.5483, 3.7035, 3.7659, 3.8014,
         3.8194, 3.8256],
        [  -inf,   -inf,   -inf, 2.7542, 3.2664, 3.5575, 3.7157, 3.7799, 3.8154,
         3.8336, 3.8403],
        [  -inf,   -inf,   -inf, 2.7574, 3.2731, 3.5668, 3.7276, 3.7938, 3.8293,
         3.8475, 3.8545],
        [  -inf,   -inf,   -inf, 2.7605, 3.2797, 3.5761, 3.7396, 3.8077, 3.8432,
         3.8615, 3.8685],
        [  -inf,   -inf,   -inf, 2.7635, 3.2864, 3.5854, 3.7515, 3.8217, 3.8572,
         3.8754, 3.8824],
        [  -inf,   -inf,   -inf, 2.7664, 3.2928, 3.5943, 3.7618, 3.8356, 3.8711,
         3.8893, 3.8963],
        [  -inf,   -inf,   -inf, 2.7689, 3.2991, 3.6033, 3.7720, 3.8493, 3.8850,
         3.9033, 3.9103],
        [  -inf,   -inf,   -inf, 2.7715, 3.3052, 3.6122, 3.7816, 3.8631, 3.8988,
         3.9172, 3.9242],
        [  -inf,   -inf,   -inf, 2.7740, 3.3112, 3.6202, 3.7912, 3.8753, 3.9125,
         3.9310, 3.9382],
        [  -inf,   -inf,   -inf, 2.7765, 3.3164, 3.6281, 3.8007, 3.8872, 3.9247,
         3.9447, 3.9519],
        [  -inf,   -inf,   -inf, 2.7787, 3.3216, 3.6361, 3.8103, 3.8992, 3.9367,
         3.9569, 3.9656],
        [  -inf,   -inf,   -inf, 2.7806, 3.3268, 3.6438, 3.8198, 3.9111, 3.9486,
         3.9688, 3.9778],
        [  -inf,   -inf,   -inf, 2.7828, 3.3320, 3.6516, 3.8291, 3.9214, 3.9605,
         3.9808, 3.9898],
        [  -inf,   -inf,   -inf, 2.7847, 3.3371, 3.6594, 3.8384, 3.9316, 3.9708,
         3.9927, 4.0017],
        [  -inf,   -inf,   -inf, 2.7866, 3.3419, 3.6672, 3.8476, 3.9412, 3.9811,
         4.0030, 4.0137],
        [  -inf,   -inf,   -inf, 2.7885, 3.3469, 3.6738, 3.8569, 3.9507, 3.9906,
         4.0132, 4.0239],
        [  -inf,   -inf,   -inf, 2.7903, 3.3520, 3.6805, 3.8659, 3.9603, 4.0002,
         4.0228, 4.0342],
        [  -inf,   -inf,   -inf, 2.7922, 3.3562, 3.6872, 3.8748, 3.9698, 4.0097,
         4.0323, 4.0437],
        [  -inf,   -inf,   -inf, 2.7939, 3.3603, 3.6935, 3.8837, 3.9794, 4.0193,
         4.0419, 4.0533],
        [  -inf,   -inf,   -inf, 2.7957, 3.3644, 3.6999, 3.8918, 3.9887, 4.0288,
         4.0514, 4.0628],
        [  -inf,   -inf,   -inf, 2.7975, 3.3686, 3.7059, 3.8997, 3.9979, 4.0381,
         4.0610, 4.0724],
        [  -inf,   -inf,   -inf, 2.7993, 3.3727, 3.7120, 3.9076, 4.0072, 4.0474,
         4.0703, 4.0819],
        [  -inf,   -inf,   -inf, 2.8010, 3.3768, 3.7180, 3.9154, 4.0165, 4.0566,
         4.0795, 4.0912],
        [  -inf,   -inf,   -inf, 2.8026, 3.3808, 3.7241, 3.9232, 4.0254, 4.0659,
         4.0888, 4.1005],
        [  -inf,   -inf,   -inf, 2.8044, 3.3847, 3.7301, 3.9309, 4.0344, 4.0750,
         4.0981, 4.1098],
        [  -inf,   -inf,   -inf, 2.8060, 3.3886, 3.7361, 3.9387, 4.0433, 4.0841,
         4.1072, 4.1190],
        [  -inf,   -inf,   -inf, 2.8075, 3.3922, 3.7422, 3.9454, 4.0513, 4.0931,
         4.1162, 4.1281],
        [  -inf,   -inf,   -inf, 2.8090, 3.3956, 3.7482, 3.9521, 4.0593, 4.1022,
         4.1253, 4.1372],
        [  -inf,   -inf,   -inf, 2.8105, 3.3990, 3.7540, 3.9587, 4.0672, 4.1113,
         4.1344, 4.1462],
        [  -inf,   -inf,   -inf, 2.8120, 3.4024, 3.7598, 3.9651, 4.0750, 4.1203,
         4.1434, 4.1553],
        [  -inf,   -inf,   -inf, 2.8134, 3.4057, 3.7657, 3.9714, 4.0827, 4.1294,
         4.1525, 4.1644],
        [  -inf,   -inf,   -inf, 2.8147, 3.4091, 3.7715, 3.9775, 4.0905, 4.1383,
         4.1616, 4.1734],
        [  -inf,   -inf,   -inf, 2.8159, 3.4122, 3.7767, 3.9835, 4.0983, 4.1473,
         4.1705, 4.1825],
        [  -inf,   -inf,   -inf, 2.8171, 3.4154, 3.7819, 3.9896, 4.1050, 4.1562,
         4.1795, 4.1915],
        [  -inf,   -inf,   -inf, 2.8185, 3.4188, 3.7871, 3.9956, 4.1116, 4.1642,
         4.1884, 4.2004],
        [  -inf,   -inf,   -inf, 2.8197, 3.4219, 3.7922, 4.0016, 4.1183, 4.1722,
         4.1964, 4.2094],
        [  -inf,   -inf,   -inf, 2.8210, 3.4251, 3.7974, 4.0077, 4.1247, 4.1801,
         4.2043, 4.2174],
        [  -inf,   -inf,   -inf, 2.8222, 3.4282, 3.8022, 4.0137, 4.1310, 4.1879,
         4.2123, 4.2253],
        [  -inf,   -inf,   -inf, 2.8233, 3.4313, 3.8071, 4.0197, 4.1372, 4.1956,
         4.2201, 4.2332],
        [  -inf,   -inf,   -inf, 2.8245, 3.4341, 3.8123, 4.0256, 4.1434, 4.2034,
         4.2278, 4.2410],
        [  -inf,   -inf,   -inf, 2.8257, 3.4366, 3.8166, 4.0314, 4.1497, 4.2112,
         4.2356, 4.2488],
        [  -inf,   -inf,   -inf, 2.8269, 3.4392, 3.8210, 4.0372, 4.1559, 4.2179,
         4.2434, 4.2565],
        [  -inf,   -inf,   -inf, 2.8280, 3.4417, 3.8253, 4.0430, 4.1621, 4.2245,
         4.2500, 4.2643],
        [  -inf,   -inf,   -inf, 2.8292, 3.4443, 3.8297, 4.0482, 4.1683, 4.2312,
         4.2567, 4.2710],
        [  -inf,   -inf,   -inf, 2.8304, 3.4466, 3.8338, 4.0534, 4.1744, 4.2376,
         4.2634, 4.2777],
        [  -inf,   -inf,   -inf, 2.8315, 3.4489, 3.8379, 4.0586, 4.1804, 4.2439,
         4.2697, 4.2843],
        [  -inf,   -inf,   -inf, 2.8326, 3.4511, 3.8421, 4.0638, 4.1864, 4.2501,
         4.2761, 4.2907],
        [  -inf,   -inf,   -inf, 2.8337, 3.4533, 3.8462, 4.0689, 4.1925, 4.2564,
         4.2823, 4.2970],
        [  -inf,   -inf,   -inf, 2.8348, 3.4554, 3.8504, 4.0740, 4.1985, 4.2626,
         4.2885, 4.3033],
        [  -inf,   -inf,   -inf, 2.8359, 3.4576, 3.8545, 4.0790, 4.2045, 4.2688,
         4.2948, 4.3095],
        [  -inf,   -inf,   -inf, 2.8370, 3.4598, 3.8584, 4.0841, 4.2106, 4.2750,
         4.3010, 4.3157],
        [  -inf,   -inf,   -inf, 2.8380, 3.4620, 3.8624, 4.0892, 4.2166, 4.2812,
         4.3072, 4.3219],
        [  -inf,   -inf,   -inf, 2.8389, 3.4642, 3.8663, 4.0942, 4.2224, 4.2873,
         4.3134, 4.3281],
        [  -inf,   -inf,   -inf, 2.8399, 3.4662, 3.8698, 4.0990, 4.2282, 4.2933,
         4.3194, 4.3343],
        [  -inf,   -inf,   -inf, 2.8409, 3.4683, 3.8732, 4.1041, 4.2341, 4.2993,
         4.3255, 4.3404],
        [  -inf,   -inf,   -inf, 2.8419, 3.4705, 3.8766, 4.1091, 4.2399, 4.3054,
         4.3315, 4.3464],
        [  -inf,   -inf,   -inf, 2.8429, 3.4725, 3.8800, 4.1135, 4.2451, 4.3114,
         4.3376, 4.3525],
        [  -inf,   -inf,   -inf, 2.8438, 3.4746, 3.8834, 4.1178, 4.2503, 4.3174,
         4.3436, 4.3585],
        [  -inf,   -inf,   -inf, 2.8447, 3.4766, 3.8867, 4.1222, 4.2555, 4.3235,
         4.3496, 4.3645],
        [  -inf,   -inf,   -inf, 2.8455, 3.4786, 3.8901, 4.1265, 4.2606, 4.3295,
         4.3557, 4.3706],
        [  -inf,   -inf,   -inf, 2.8463, 3.4806, 3.8935, 4.1306, 4.2658, 4.3353,
         4.3617, 4.3766],
        [  -inf,   -inf,   -inf, 2.8471, 3.4826, 3.8968, 4.1348, 4.2709, 4.3412,
         4.3676, 4.3826],
        [  -inf,   -inf,   -inf, 2.8479, 3.4845, 3.9002, 4.1389, 4.2759, 4.3470,
         4.3735, 4.3885],
        [  -inf,   -inf,   -inf, 2.8488, 3.4864, 3.9033, 4.1430, 4.2810, 4.3528,
         4.3794, 4.3944],
        [  -inf,   -inf,   -inf, 2.8496, 3.4883, 3.9065, 4.1472, 4.2860, 4.3580,
         4.3853, 4.4003],
        [  -inf,   -inf,   -inf, 2.8503, 3.4902, 3.9099, 4.1513, 4.2911, 4.3632,
         4.3912, 4.4062],
        [  -inf,   -inf,   -inf, 2.8511, 3.4920, 3.9130, 4.1553, 4.2959, 4.3684,
         4.3971, 4.4121],
        [  -inf,   -inf,   -inf, 2.8519, 3.4938, 3.9162, 4.1592, 4.3009, 4.3736,
         4.4030, 4.4180],
        [  -inf,   -inf,   -inf, 2.8526, 3.4957, 3.9193, 4.1631, 4.3060, 4.3787,
         4.4089, 4.4239],
        [  -inf,   -inf,   -inf, 2.8533, 3.4975, 3.9223, 4.1670, 4.3103, 4.3838,
         4.4147, 4.4298],
        [  -inf,   -inf,   -inf, 2.8540, 3.4992, 3.9252, 4.1710, 4.3147, 4.3888,
         4.4205, 4.4357],
        [  -inf,   -inf,   -inf, 2.8547, 3.5011, 3.9279, 4.1749, 4.3190, 4.3939,
         4.4264, 4.4415],
        [  -inf,   -inf,   -inf, 2.8553, 3.5028, 3.9306, 4.1788, 4.3234, 4.3989,
         4.4322, 4.4473],
        [  -inf,   -inf,   -inf, 2.8560, 3.5047, 3.9332, 4.1828, 4.3275, 4.4040,
         4.4374, 4.4531],
        [  -inf,   -inf,   -inf, 2.8566, 3.5064, 3.9359, 4.1867, 4.3316, 4.4088,
         4.4426, 4.4583],
        [  -inf,   -inf,   -inf, 2.8573, 3.5081, 3.9386, 4.1906, 4.3358, 4.4139,
         4.4478, 4.4636],
        [  -inf,   -inf,   -inf, 2.8579, 3.5097, 3.9413, 4.1945, 4.3399, 4.4189,
         4.4529, 4.4687],
        [  -inf,   -inf,   -inf, 2.8585, 3.5114, 3.9440, 4.1985, 4.3441, 4.4233,
         4.4581, 4.4739],
        [  -inf,   -inf,   -inf, 2.8592, 3.5130, 3.9467, 4.2024, 4.3482, 4.4276,
         4.4632, 4.4790],
        [  -inf,   -inf,   -inf, 2.8598, 3.5147, 3.9494, 4.2062, 4.3521, 4.4319,
         4.4682, 4.4841],
        [  -inf,   -inf,   -inf, 2.8603, 3.5163, 3.9521, 4.2100, 4.3561, 4.4363,
         4.4733, 4.4892],
        [  -inf,   -inf,   -inf, 2.8609, 3.5180, 3.9548, 4.2138, 4.3600, 4.4404,
         4.4783, 4.4942],
        [  -inf,   -inf,   -inf, 2.8615, 3.5196, 3.9575, 4.2175, 4.3639, 4.4446,
         4.4834, 4.4993],
        [  -inf,   -inf,   -inf, 2.8621, 3.5213, 3.9600, 4.2213, 4.3678, 4.4487,
         4.4882, 4.5043],
        [  -inf,   -inf,   -inf, 2.8627, 3.5229, 3.9626, 4.2249, 4.3718, 4.4528,
         4.4932, 4.5091],
        [  -inf,   -inf,   -inf, 2.8633, 3.5244, 3.9651, 4.2283, 4.3757, 4.4570,
         4.4983, 4.5142],
        [  -inf,   -inf,   -inf, 2.8638, 3.5259, 3.9677, 4.2317, 4.3796, 4.4611,
         4.5026, 4.5192],
        [  -inf,   -inf,   -inf, 2.8643, 3.5274, 3.9703, 4.2351, 4.3835, 4.4651,
         4.5070, 4.5236],
        [  -inf,   -inf,   -inf, 2.8647, 3.5289, 3.9728, 4.2384, 4.3875, 4.4692,
         4.5113, 4.5279],
        [  -inf,   -inf,   -inf, 2.8652, 3.5303, 3.9753, 4.2418, 4.3914, 4.4732,
         4.5157, 4.5323]])
tensor(0.0246) tensor(2.1257) (64, 5)
