tensor([[  -inf,   -inf,   -inf,   -inf,   -inf,   -inf,   -inf,   -inf,   -inf,
           -inf,   -inf],
        [  -inf, 1.0000, 1.0000, 1.0000, 1.0000, 1.0000, 1.0000, 1.0000, 1.0000,
         1.0000, 1.0000],
        [  -inf,   -inf, 1.7174, 1.7174, 1.7174, 1.7174, 1.7174, 1.7174, 1.7174,
         1.7174, 1.7174],
        [  -inf,   -inf, 1.8185, 2.2320, 2.2320, 2.2320, 2.2320, 2.2320, 2.2320,
         2.2320, 2.2320],
        [  -inf,   -inf, 1.8629, 2.3331, 2.6011, 2.6011, 2.6011, 2.6011, 2.6011,
         2.6011, 2.6011],
        [  -inf,   -inf, 1.8895, 2.4057, 2.7023, 2.8659, 2.8659, 2.8659, 2.8659,
         2.8659, 2.8659],
        [  -inf,   -inf, 1.9060, 2.4783, 2.7749, 2.9671, 3.0559, 3.0559, 3.0559,
         3.0559, 3.0559],
        [  -inf,   -inf, 1.9181, 2.5227, 2.8474, 3.0397, 3.1571, 3.1922, 3.1922,
         3.1922, 3.1922],
        [  -inf,   -inf, 1.9279, 2.5545, 2.8995, 3.1123, 3.2297, 3.2934, 3.2934,
         3.2934, 3.2934],
        [  -inf,   -inf, 1.9354, 2.5864, 2.9516, 3.1643, 3.3022, 3.3659, 3.3911,
         3.3911, 3.3911],
        [  -inf,   -inf, 1.9410, 2.6129, 3.0036, 3.2164, 3.3543, 3.4385, 3.4637,
         3.4637, 3.4637],
        [  -inf,   -inf, 1.9462, 2.6319, 3.0480, 3.2685, 3.4064, 3.4906, 3.5363,
         3.5363, 3.5363],
        [  -inf,   -inf, 1.9498, 2.6510, 3.0799, 3.3128, 3.4584, 3.5426, 3.5883,
         3.6064, 3.6064],
        [  -inf,   -inf, 1.9521, 2.6675, 3.1117, 3.3502, 3.5028, 3.5947, 3.6404,
         3.6585, 3.6585],
        [  -inf,   -inf, 1.9554, 2.6796, 3.1382, 3.3875, 3.5402, 3.6391, 3.6925,
         3.7105, 3.7105],
        [  -inf,   -inf, 1.9573, 2.6915, 3.1611, 3.4249, 3.5775, 3.6764, 3.7368,
         3.7626, 3.7626],
        [  -inf,   -inf, 1.9592, 2.7033, 3.1839, 3.4622, 3.6148, 3.7138, 3.7742,
         3.8070, 3.8129],
        [  -inf,   -inf, 1.9602, 2.7136, 3.2068, 3.4941, 3.6522, 3.7511, 3.8115,
         3.8443, 3.8573],
        [  -inf,   -inf, 1.9616, 2.7233, 3.2258, 3.5259, 3.6840, 3.7885, 3.8489,
         3.8817, 3.8946],
        [  -inf,   -inf, 1.9634, 2.7320, 3.2449, 3.5525, 3.7159, 3.8203, 3.8862,
         3.9190, 3.9320],
        [  -inf,   -inf, 1.9646, 2.7407, 3.2614, 3.5753, 3.7427, 3.8522, 3.9181,
         3.9564, 3.9693],
        [  -inf,   -inf, 1.9654, 2.7482, 3.2750, 3.5981, 3.7695, 3.8789, 3.9499,
         3.9882, 4.0067],
        [  -inf,   -inf, 1.9659, 2.7552, 3.2887, 3.6210, 3.7963, 3.9057, 3.9767,
         4.0200, 4.0385],
        [  -inf,   -inf, 1.9671, 2.7622, 3.3024, 3.6400, 3.8230, 3.9325, 4.0035,
         4.0468, 4.0704],
        [  -inf,   -inf, 1.9686, 2.7679, 3.3144, 3.6591, 3.8498, 3.9593, 4.0303,
         4.0736, 4.0971],
        [  -inf,   -inf, 1.9696, 2.7733, 3.3263, 3.6756, 3.8764, 3.9861, 4.0571,
         4.1004, 4.1239],
        [  -inf,   -inf, 1.9711, 2.7787, 3.3382, 3.6920, 3.8992, 4.0127, 4.0839,
         4.1272, 4.1507],
        [  -inf,   -inf, 1.9721, 2.7839, 3.3484, 3.7084, 3.9221, 4.0355, 4.1104,
         4.1540, 4.1775],
        [  -inf,   -inf, 1.9730, 2.7884, 3.3582, 3.7248, 3.9449, 4.0583, 4.1333,
         4.1805, 4.2043],
        [  -inf,   -inf, 1.9733, 2.7929, 3.3669, 3.7411, 3.9639, 4.0812, 4.1561,
         4.2034, 4.2309],
        [  -inf,   -inf, 1.9745, 2.7969, 3.3755, 3.7548, 3.9830, 4.1004, 4.1789,
         4.2262, 4.2537],
        [  -inf,   -inf, 1.9749, 2.8010, 3.3840, 3.7685, 3.9995, 4.1196, 4.1982,
         4.2491, 4.2765],
        [  -inf,   -inf, 1.9754, 2.8047, 3.3925, 3.7821, 4.0159, 4.1388, 4.2174,
         4.2683, 4.2994],
        [  -inf,   -inf, 1.9761, 2.8085, 3.4010, 3.7942, 4.0323, 4.1581, 4.2366,
         4.2875, 4.3186],
        [  -inf,   -inf,   -inf, 2.8121, 3.4086, 3.8061, 4.0487, 4.1773, 4.2558,
         4.3067, 4.3378],
        [  -inf,   -inf,   -inf, 2.8147, 3.4159, 3.8179, 4.0651, 4.1965, 4.2750,
         4.3259, 4.3570],
        [  -inf,   -inf,   -inf, 2.8176, 3.4232, 3.8282, 4.0787, 4.2155, 4.2943,
         4.3452, 4.3763],
        [  -inf,   -inf,   -inf, 2.8203, 3.4306, 3.8380, 4.0924, 4.2346, 4.3133,
         4.3644, 4.3955],
        [  -inf,   -inf,   -inf, 2.8230, 3.4376, 3.8478, 4.1060, 4.2511, 4.3323,
         4.3834, 4.4147],
        [  -inf,   -inf,   -inf, 2.8255, 3.4446, 3.8576, 4.1181, 4.2675, 4.3489,
         4.4025, 4.4337],
        [  -inf,   -inf,   -inf, 2.8281, 3.4508, 3.8674, 4.1300, 4.2839, 4.3653,
         4.4190, 4.4528],
        [  -inf,   -inf,   -inf, 2.8305, 3.4571, 3.8771, 4.1418, 4.3003, 4.3817,
         4.4354, 4.4693],
        [  -inf,   -inf,   -inf, 2.8324, 3.4633, 3.8858, 4.1536, 4.3167, 4.3980,
         4.4518, 4.4857],
        [  -inf,   -inf,   -inf, 2.8344, 3.4689, 3.8945, 4.1654, 4.3303, 4.4144,
         4.4682, 4.5021],
        [  -inf,   -inf,   -inf, 2.8364, 3.4743, 3.9030, 4.1771, 4.3440, 4.4282,
         4.4846, 4.5185],
        [  -inf,   -inf,   -inf, 2.8384, 3.4797, 3.9115, 4.1889, 4.3576, 4.4420,
         4.4983, 4.5349],
        [  -inf,   -inf,   -inf, 2.8402, 3.4849, 3.9200, 4.2006, 4.3697, 4.4558,
         4.5121, 4.5486],
        [  -inf,   -inf,   -inf, 2.8419, 3.4900, 3.9275, 4.2109, 4.3816, 4.4696,
         4.5259, 4.5624],
        [  -inf,   -inf,   -inf, 2.8436, 3.4950, 3.9348, 4.2207, 4.3934, 4.4834,
         4.5397, 4.5762],
        [  -inf,   -inf,   -inf, 2.8452, 3.5000, 3.9422, 4.2305, 4.4052, 4.4971,
         4.5535, 4.5900],
        [  -inf,   -inf,   -inf, 2.8466, 3.5045, 3.9495, 4.2403, 4.4170, 4.5109,
         4.5673, 4.6038],
        [  -inf,   -inf,   -inf, 2.8480, 3.5090, 3.9566, 4.2501, 4.4287, 4.5246,
         4.5811, 4.6176],
        [  -inf,   -inf,   -inf, 2.8495, 3.5131, 3.9636, 4.2598, 4.4405, 4.5383,
         4.5947, 4.6314],
        [  -inf,   -inf,   -inf, 2.8509, 3.5171, 3.9698, 4.2685, 4.4522, 4.5519,
         4.6084, 4.6450],
        [  -inf,   -inf,   -inf, 2.8523, 3.5210, 3.9760, 4.2772, 4.4624, 4.5640,
         4.6220, 4.6587],
        [  -inf,   -inf,   -inf, 2.8536, 3.5249, 3.9822, 4.2857, 4.4722, 4.5759,
         4.6341, 4.6723],
        [  -inf,   -inf,   -inf, 2.8549, 3.5287, 3.9883, 4.2942, 4.4820, 4.5877,
         4.6460, 4.6844],
        [  -inf,   -inf,   -inf, 2.8562, 3.5325, 3.9944, 4.3027, 4.4918, 4.5995,
         4.6578, 4.6963],
        [  -inf,   -inf,   -inf, 2.8575, 3.5362, 4.0005, 4.3102, 4.5016, 4.6112,
         4.6696, 4.7081],
        [  -inf,   -inf,   -inf, 2.8587, 3.5398, 4.0066, 4.3175, 4.5114, 4.6230,
         4.6813, 4.7199],
        [  -inf,   -inf,   -inf, 2.8599, 3.5430, 4.0123, 4.3249, 4.5201, 4.6347,
         4.6931, 4.7317],
        [  -inf,   -inf,   -inf, 2.8611, 3.5462, 4.0177, 4.3322, 4.5288, 4.6465,
         4.7049, 4.7434],
        [  -inf,   -inf,   -inf, 2.8622, 3.5495, 4.0231, 4.3393, 4.5373, 4.6567,
         4.7166, 4.7552],
        [  -inf,   -inf,   -inf, 2.8633, 3.5527, 4.0283, 4.3463, 4.5458, 4.6665,
         4.7268, 4.7669],
        [  -inf,   -inf,   -inf, 2.8642, 3.5559, 4.0336, 4.3533, 4.5543, 4.6763,
         4.7367, 4.7772],
        [  -inf,   -inf,   -inf, 2.8653, 3.5591, 4.0389, 4.3604, 4.5627, 4.6861,
         4.7466, 4.7870],
        [  -inf,   -inf,   -inf, 2.8663, 3.5620, 4.0441, 4.3674, 4.5712, 4.6959,
         4.7565, 4.7969],
        [  -inf,   -inf,   -inf, 2.8675, 3.5650, 4.0494, 4.3744, 4.5796, 4.7057,
         4.7664, 4.8068],
        [  -inf,   -inf,   -inf, 2.8687, 3.5679, 4.0547, 4.3814, 4.5880, 4.7144,
         4.7763, 4.8167],
        [  -inf,   -inf,   -inf, 2.8697, 3.5706, 4.0599, 4.3876, 4.5965, 4.7230,
         4.7862, 4.8266],
        [  -inf,   -inf,   -inf, 2.8708, 3.5734, 4.0649, 4.3939, 4.6049, 4.7315,
         4.7961, 4.8365],
        [  -inf,   -inf,   -inf, 2.8718, 3.5761, 4.0700, 4.4001, 4.6124, 4.7401,
         4.8060, 4.8464],
        [  -inf,   -inf,   -inf, 2.8728, 3.5788, 4.0750, 4.4062, 4.6197, 4.7486,
         4.8158, 4.8563],
        [  -inf,   -inf,   -inf, 2.8738, 3.5815, 4.0795, 4.4123, 4.6271, 4.7570,
         4.8256, 4.8661],
        [  -inf,   -inf,   -inf, 2.8748, 3.5842, 4.0840, 4.4184, 4.6344, 4.7654,
         4.8354, 4.8759],
        [  -inf,   -inf,   -inf, 2.8758, 3.5868, 4.0884, 4.4245, 4.6414, 4.7739,
         4.8452, 4.8857],
        [  -inf,   -inf,   -inf, 2.8768, 3.5894, 4.0929, 4.4301, 4.6485, 4.7823,
         4.8550, 4.8955],
        [  -inf,   -inf,   -inf, 2.8778, 3.5920, 4.0974, 4.4355, 4.6555, 4.7907,
         4.8636, 4.9053],
        [  -inf,   -inf,   -inf, 2.8787, 3.5943, 4.1018, 4.4409, 4.6625, 4.7992,
         4.8723, 4.9139],
        [  -inf,   -inf,   -inf, 2.8795, 3.5963, 4.1059, 4.4462, 4.6696, 4.8067,
         4.8808, 4.9226],
        [  -inf,   -inf,   -inf, 2.8804, 3.5983, 4.1099, 4.4514, 4.6766, 4.8140,
         4.8893, 4.9311],
        [  -inf,   -inf,   -inf, 2.8813, 3.6003, 4.1138, 4.4567, 4.6836, 4.8213,
         4.8978, 4.9396],
        [  -inf,   -inf,   -inf, 2.8820, 3.6023, 4.1177, 4.4620, 4.6898, 4.8287,
         4.9062, 4.9481],
        [  -inf,   -inf,   -inf, 2.8828, 3.6042, 4.1215, 4.4673, 4.6960, 4.8357,
         4.9147, 4.9566],
        [  -inf,   -inf,   -inf, 2.8836, 3.6061, 4.1253, 4.4725, 4.7023, 4.8427,
         4.9231, 4.9650],
        [  -inf,   -inf,   -inf, 2.8844, 3.6080, 4.1290, 4.4777, 4.7084, 4.8498,
         4.9315, 4.9734],
        [  -inf,   -inf,   -inf, 2.8852, 3.6100, 4.1326, 4.4828, 4.7145, 4.8568,
         4.9400, 4.9818],
        [  -inf,   -inf,   -inf, 2.8860, 3.6119, 4.1362, 4.4878, 4.7206, 4.8638,
         4.9484, 4.9903],
        [  -inf,   -inf,   -inf, 2.8867, 3.6138, 4.1399, 4.4929, 4.7267, 4.8709,
         4.9559, 4.9987],
        [  -inf,   -inf,   -inf, 2.8875, 3.6157, 4.1435, 4.4973, 4.7323, 4.8779,
         4.9633, 5.0062],
        [  -inf,   -inf,   -inf, 2.8882, 3.6175, 4.1471, 4.5018, 4.7377, 4.8841,
         4.9706, 5.0136],
        [  -inf,   -inf,   -inf, 2.8890, 3.6194, 4.1503, 4.5063, 4.7431, 4.8903,
         4.9779, 5.0209],
        [  -inf,   -inf,   -inf, 2.8898, 3.6212, 4.1535, 4.5108, 4.7484, 4.8965,
         4.9850, 5.0282],
        [  -inf,   -inf,   -inf, 2.8906, 3.6229, 4.1567, 4.5152, 4.7536, 4.9026,
         4.9920, 5.0353],
        [  -inf,   -inf,   -inf, 2.8913, 3.6246, 4.1600, 4.5197, 4.7589, 4.9087,
         4.9990, 5.0424],
        [  -inf,   -inf,   -inf, 2.8921, 3.6262, 4.1632, 4.5240, 4.7642, 4.9148,
         5.0061, 5.0495],
        [  -inf,   -inf,   -inf, 2.8928, 3.6279, 4.1664, 4.5284, 4.7694, 4.9209,
         5.0131, 5.0566],
        [  -inf,   -inf,   -inf, 2.8936, 3.6295, 4.1693, 4.5328, 4.7747, 4.9270,
         5.0201, 5.0637],
        [  -inf,   -inf,   -inf, 2.8943, 3.6310, 4.1722, 4.5372, 4.7799, 4.9330,
         5.0271, 5.0708],
        [  -inf,   -inf,   -inf, 2.8950, 3.6324, 4.1751, 4.5416, 4.7850, 4.9391,
         5.0333, 5.0779],
        [  -inf,   -inf,   -inf, 2.8956, 3.6338, 4.1779, 4.5456, 4.7900, 4.9451,
         5.0396, 5.0850],
        [  -inf,   -inf,   -inf, 2.8962, 3.6352, 4.1807, 4.5497, 4.7951, 4.9512,
         5.0458, 5.0921],
        [  -inf,   -inf,   -inf, 2.8968, 3.6366, 4.1834, 4.5535, 4.8001, 4.9572,
         5.0519, 5.0991],
        [  -inf,   -inf,   -inf, 2.8974, 3.6381, 4.1862, 4.5574, 4.8051, 4.9633,
         5.0580, 5.1062],
        [  -inf,   -inf,   -inf, 2.8979, 3.6395, 4.1890, 4.5613, 4.8102, 4.9689,
         5.0641, 5.1132],
        [  -inf,   -inf,   -inf, 2.8985, 3.6409, 4.1918, 4.5650, 4.8152, 4.9743,
         5.0702, 5.1202],
        [  -inf,   -inf,   -inf, 2.8990, 3.6423, 4.1944, 4.5688, 4.8203, 4.9797,
         5.0762, 5.1272],
        [  -inf,   -inf,   -inf, 2.8995, 3.6437, 4.1971, 4.5726, 4.8253, 4.9850,
         5.0823, 5.1343],
        [  -inf,   -inf,   -inf, 2.9001, 3.6450, 4.1998, 4.5764, 4.8298, 4.9902,
         5.0883, 5.1413],
        [  -inf,   -inf,   -inf, 2.9006, 3.6463, 4.2025, 4.5802, 4.8343, 4.9955,
         5.0944, 5.1475],
        [  -inf,   -inf,   -inf, 2.9011, 3.6477, 4.2052, 4.5839, 4.8387, 5.0008,
         5.1004, 5.1537],
        [  -inf,   -inf,   -inf, 2.9016, 3.6489, 4.2078, 4.5877, 4.8432, 5.0060,
         5.1065, 5.1599],
        [  -inf,   -inf,   -inf, 2.9021, 3.6501, 4.2103, 4.5915, 4.8477, 5.0113,
         5.1125, 5.1660],
        [  -inf,   -inf,   -inf, 2.9027, 3.6513, 4.2127, 4.5953, 4.8521, 5.0165,
         5.1182, 5.1721],
        [  -inf,   -inf,   -inf, 2.9031, 3.6525, 4.2150, 4.5991, 4.8565, 5.0216,
         5.1236, 5.1783],
        [  -inf,   -inf,   -inf, 2.9036, 3.6537, 4.2173, 4.6028, 4.8609, 5.0266,
         5.1290, 5.1844],
        [  -inf,   -inf,   -inf, 2.9040, 3.6549, 4.2196, 4.6065, 4.8652, 5.0317,
         5.1342, 5.1904],
        [  -inf,   -inf,   -inf, 2.9044, 3.6561, 4.2219, 4.6102, 4.8696, 5.0367,
         5.1395, 5.1965],
        [  -inf,   -inf,   -inf, 2.9049, 3.6573, 4.2242, 4.6138, 4.8740, 5.0417,
         5.1448, 5.2025],
        [  -inf,   -inf,   -inf, 2.9053, 3.6585, 4.2266, 4.6174, 4.8781, 5.0468,
         5.1500, 5.2086],
        [  -inf,   -inf,   -inf, 2.9057, 3.6597, 4.2289, 4.6210, 4.8821, 5.0518,
         5.1553, 5.2146],
        [  -inf,   -inf,   -inf, 2.9060, 3.6609, 4.2312, 4.6246, 4.8860, 5.0569,
         5.1606, 5.2207],
        [  -inf,   -inf,   -inf, 2.9064, 3.6620, 4.2335, 4.6278, 4.8898, 5.0619,
         5.1658, 5.2267],
        [  -inf,   -inf,   -inf, 2.9068, 3.6632, 4.2358, 4.6310, 4.8937, 5.0664,
         5.1708, 5.2324],
        [  -inf,   -inf,   -inf, 2.9071, 3.6643, 4.2381, 4.6343, 4.8975, 5.0709,
         5.1759, 5.2377],
        [  -inf,   -inf,   -inf, 2.9075, 3.6653, 4.2404, 4.6375, 4.9013, 5.0753,
         5.1809, 5.2431],
        [  -inf,   -inf,   -inf, 2.9078, 3.6663, 4.2425, 4.6407, 4.9050, 5.0798,
         5.1860, 5.2484],
        [  -inf,   -inf,   -inf, 2.9081, 3.6673, 4.2446, 4.6439, 4.9088, 5.0843,
         5.1910, 5.2537],
        [  -inf,   -inf,   -inf, 2.9085, 3.6685, 4.2467, 4.6471, 4.9126, 5.0887,
         5.1960, 5.2589]])
tensor(0.0225) tensor(2.3251) (64, 6)
