tensor([[  -inf,   -inf,   -inf,   -inf,   -inf,   -inf,   -inf,   -inf,   -inf,
           -inf,   -inf],
        [  -inf, 1.0000, 1.0000, 1.0000, 1.0000, 1.0000, 1.0000, 1.0000, 1.0000,
         1.0000, 1.0000],
        [  -inf,   -inf, 1.6702, 1.6702, 1.6702, 1.6702, 1.6702, 1.6702, 1.6702,
         1.6702, 1.6702],
        [  -inf,   -inf, 1.7912, 2.1194, 2.1194, 2.1194, 2.1194, 2.1194, 2.1194,
         2.1194, 2.1194],
        [  -inf,   -inf, 1.8433, 2.2404, 2.4205, 2.4205, 2.4205, 2.4205, 2.4205,
         2.4205, 2.4205],
        [  -inf,   -inf, 1.8725, 2.3215, 2.5415, 2.6223, 2.6223, 2.6223, 2.6223,
         2.6223, 2.6223],
        [  -inf,   -inf, 1.8929, 2.4025, 2.6225, 2.7433, 2.7575, 2.7575, 2.7575,
         2.7575, 2.7575],
        [  -inf,   -inf, 1.9080, 2.4546, 2.7036, 2.8243, 2.8785, 2.8785, 2.8785,
         2.8785, 2.8785],
        [  -inf,   -inf, 1.9175, 2.4895, 2.7579, 2.9054, 2.9596, 2.9691, 2.9691,
         2.9691, 2.9691],
        [  -inf,   -inf, 1.9267, 2.5244, 2.8123, 2.9597, 3.0406, 3.0502, 3.0502,
         3.0502, 3.0502],
        [  -inf,   -inf, 1.9335, 2.5536, 2.8666, 3.0141, 3.0950, 3.1313, 3.1313,
         3.1313, 3.1313],
        [  -inf,   -inf, 1.9378, 2.5741, 2.9187, 3.0684, 3.1493, 3.1856, 3.1920,
         3.1920, 3.1920],
        [  -inf,   -inf, 1.9413, 2.5937, 2.9536, 3.1205, 3.2037, 3.2400, 3.2464,
         3.2464, 3.2464],
        [  -inf,   -inf, 1.9446, 2.6133, 2.9885, 3.1569, 3.2557, 3.2943, 3.3007,
         3.3007, 3.3007],
        [  -inf,   -inf, 1.9479, 2.6284, 3.0177, 3.1933, 3.2921, 3.3464, 3.3551,
         3.3551, 3.3551],
        [  -inf,   -inf, 1.9504, 2.6430, 3.0411, 3.2297, 3.3286, 3.3828, 3.4071,
         3.4071, 3.4071],
        [  -inf,   -inf, 1.9533, 2.6567, 3.0645, 3.2661, 3.3650, 3.4192, 3.4435,
         3.4478, 3.4478],
        [  -inf,   -inf, 1.9553, 2.6704, 3.0879, 3.3010, 3.4014, 3.4556, 3.4799,
         3.4842, 3.4842],
        [  -inf,   -inf, 1.9570, 2.6805, 3.1083, 3.3359, 3.4363, 3.4920, 3.5164,
         3.5207, 3.5207],
        [  -inf,   -inf, 1.9586, 2.6907, 3.1279, 3.3652, 3.4712, 3.5269, 3.5528,
         3.5571, 3.5571],
        [  -inf,   -inf, 1.9605, 2.7001, 3.1475, 3.3885, 3.5004, 3.5618, 3.5877,
         3.5935, 3.5935],
        [  -inf,   -inf, 1.9626, 2.7093, 3.1626, 3.4119, 3.5248, 3.5910, 3.6226,
         3.6284, 3.6284],
        [  -inf,   -inf, 1.9644, 2.7161, 3.1772, 3.4353, 3.5492, 3.6155, 3.6518,
         3.6633, 3.6633],
        [  -inf,   -inf, 1.9654, 2.7224, 3.1909, 3.4558, 3.5736, 3.6399, 3.6762,
         3.6925, 3.6925],
        [  -inf,   -inf, 1.9668, 2.7288, 3.2046, 3.4754, 3.5980, 3.6643, 3.7006,
         3.7169, 3.7198],
        [  -inf,   -inf, 1.9680, 2.7351, 3.2178, 3.4950, 3.6224, 3.6887, 3.7250,
         3.7413, 3.7442],
        [  -inf,   -inf, 1.9695, 2.7414, 3.2309, 3.5106, 3.6458, 3.7131, 3.7494,
         3.7657, 3.7686],
        [  -inf,   -inf, 1.9713, 2.7475, 3.2440, 3.5263, 3.6692, 3.7365, 3.7738,
         3.7902, 3.7930],
        [  -inf,   -inf, 1.9716, 2.7537, 3.2542, 3.5420, 3.6926, 3.7599, 3.7972,
         3.8146, 3.8174],
        [  -inf,   -inf, 1.9727, 2.7583, 3.2643, 3.5576, 3.7131, 3.7832, 3.8206,
         3.8379, 3.8419],
        [  -inf,   -inf, 1.9736, 2.7628, 3.2741, 3.5728, 3.7326, 3.8037, 3.8440,
         3.8613, 3.8652],
        [  -inf,   -inf, 1.9746, 2.7672, 3.2839, 3.5874, 3.7522, 3.8233, 3.8644,
         3.8847, 3.8886],
        [  -inf,   -inf, 1.9752, 2.7707, 3.2937, 3.6011, 3.7679, 3.8429, 3.8840,
         3.9052, 3.9120],
        [  -inf,   -inf, 1.9758, 2.7743, 3.3032, 3.6148, 3.7836, 3.8592, 3.9036,
         3.9248, 3.9325],
        [  -inf,   -inf,   -inf, 2.7777, 3.3123, 3.6279, 3.7993, 3.8756, 3.9200,
         3.9444, 3.9521],
        [  -inf,   -inf,   -inf, 2.7810, 3.3215, 3.6411, 3.8149, 3.8920, 3.9364,
         3.9607, 3.9716],
        [  -inf,   -inf,   -inf, 2.7844, 3.3307, 3.6542, 3.8300, 3.9083, 3.9527,
         3.9771, 3.9880],
        [  -inf,   -inf,   -inf, 2.7873, 3.3399, 3.6643, 3.8447, 3.9247, 3.9691,
         3.9934, 4.0044],
        [  -inf,   -inf,   -inf, 2.7902, 3.3467, 3.6744, 3.8584, 3.9410, 3.9854,
         4.0098, 4.0207],
        [  -inf,   -inf,   -inf, 2.7929, 3.3535, 3.6843, 3.8721, 3.9567, 4.0018,
         4.0261, 4.0371],
        [  -inf,   -inf,   -inf, 2.7955, 3.3603, 3.6941, 3.8852, 3.9724, 4.0175,
         4.0425, 4.0534],
        [  -inf,   -inf,   -inf, 2.7982, 3.3671, 3.7039, 3.8983, 3.9881, 4.0331,
         4.0582, 4.0698],
        [  -inf,   -inf,   -inf, 2.8007, 3.3734, 3.7133, 3.9115, 4.0037, 4.0488,
         4.0739, 4.0855],
        [  -inf,   -inf,   -inf, 2.8032, 3.3797, 3.7225, 3.9220, 4.0188, 4.0645,
         4.0895, 4.1011],
        [  -inf,   -inf,   -inf, 2.8055, 3.3860, 3.7317, 3.9325, 4.0335, 4.0796,
         4.1052, 4.1168],
        [  -inf,   -inf,   -inf, 2.8078, 3.3923, 3.7409, 3.9430, 4.0472, 4.0942,
         4.1203, 4.1325],
        [  -inf,   -inf,   -inf, 2.8101, 3.3985, 3.7501, 3.9535, 4.0609, 4.1079,
         4.1349, 4.1476],
        [  -inf,   -inf,   -inf, 2.8123, 3.4047, 3.7589, 3.9640, 4.0740, 4.1216,
         4.1486, 4.1622],
        [  -inf,   -inf,   -inf, 2.8145, 3.4092, 3.7677, 3.9741, 4.0871, 4.1348,
         4.1624, 4.1759],
        [  -inf,   -inf,   -inf, 2.8167, 3.4138, 3.7765, 3.9843, 4.1003, 4.1479,
         4.1755, 4.1896],
        [  -inf,   -inf,   -inf, 2.8188, 3.4181, 3.7853, 3.9941, 4.1108, 4.1610,
         4.1886, 4.2028],
        [  -inf,   -inf,   -inf, 2.8207, 3.4224, 3.7921, 4.0039, 4.1213, 4.1720,
         4.2017, 4.2159],
        [  -inf,   -inf,   -inf, 2.8225, 3.4266, 3.7989, 4.0137, 4.1318, 4.1830,
         4.2127, 4.2290],
        [  -inf,   -inf,   -inf, 2.8244, 3.4309, 3.8057, 4.0231, 4.1423, 4.1939,
         4.2237, 4.2400],
        [  -inf,   -inf,   -inf, 2.8261, 3.4351, 3.8124, 4.0323, 4.1528, 4.2049,
         4.2346, 4.2510],
        [  -inf,   -inf,   -inf, 2.8279, 3.4393, 3.8190, 4.0415, 4.1629, 4.2159,
         4.2456, 4.2619],
        [  -inf,   -inf,   -inf, 2.8298, 3.4435, 3.8256, 4.0507, 4.1731, 4.2268,
         4.2566, 4.2729],
        [  -inf,   -inf,   -inf, 2.8316, 3.4478, 3.8322, 4.0599, 4.1829, 4.2378,
         4.2675, 4.2839],
        [  -inf,   -inf,   -inf, 2.8334, 3.4520, 3.8387, 4.0687, 4.1927, 4.2483,
         4.2785, 4.2948],
        [  -inf,   -inf,   -inf, 2.8352, 3.4562, 3.8453, 4.0775, 4.2025, 4.2588,
         4.2890, 4.3058],
        [  -inf,   -inf,   -inf, 2.8370, 3.4603, 3.8519, 4.0863, 4.2119, 4.2693,
         4.2995, 4.3163],
        [  -inf,   -inf,   -inf, 2.8386, 3.4645, 3.8582, 4.0951, 4.2211, 4.2798,
         4.3100, 4.3268],
        [  -inf,   -inf,   -inf, 2.8401, 3.4686, 3.8645, 4.1019, 4.2303, 4.2903,
         4.3205, 4.3373],
        [  -inf,   -inf,   -inf, 2.8417, 3.4721, 3.8708, 4.1087, 4.2395, 4.3004,
         4.3310, 4.3478],
        [  -inf,   -inf,   -inf, 2.8430, 3.4757, 3.8771, 4.1155, 4.2487, 4.3106,
         4.3412, 4.3583],
        [  -inf,   -inf,   -inf, 2.8444, 3.4791, 3.8833, 4.1223, 4.2575, 4.3204,
         4.3513, 4.3684],
        [  -inf,   -inf,   -inf, 2.8458, 3.4824, 3.8895, 4.1288, 4.2663, 4.3302,
         4.3611, 4.3786],
        [  -inf,   -inf,   -inf, 2.8471, 3.4858, 3.8956, 4.1354, 4.2751, 4.3400,
         4.3709, 4.3884],
        [  -inf,   -inf,   -inf, 2.8486, 3.4888, 3.9018, 4.1420, 4.2839, 4.3494,
         4.3807, 4.3982],
        [  -inf,   -inf,   -inf, 2.8499, 3.4919, 3.9079, 4.1485, 4.2909, 4.3586,
         4.3901, 4.4080],
        [  -inf,   -inf,   -inf, 2.8513, 3.4949, 3.9141, 4.1551, 4.2980, 4.3678,
         4.3993, 4.4174],
        [  -inf,   -inf,   -inf, 2.8527, 3.4979, 3.9186, 4.1617, 4.3050, 4.3770,
         4.4085, 4.4266],
        [  -inf,   -inf,   -inf, 2.8539, 3.5008, 3.9232, 4.1680, 4.3120, 4.3862,
         4.4177, 4.4358],
        [  -inf,   -inf,   -inf, 2.8552, 3.5035, 3.9278, 4.1743, 4.3191, 4.3950,
         4.4269, 4.4450],
        [  -inf,   -inf,   -inf, 2.8564, 3.5061, 3.9323, 4.1806, 4.3261, 4.4038,
         4.4357, 4.4542],
        [  -inf,   -inf,   -inf, 2.8575, 3.5088, 3.9369, 4.1869, 4.3329, 4.4126,
         4.4445, 4.4630],
        [  -inf,   -inf,   -inf, 2.8588, 3.5113, 3.9414, 4.1931, 4.3397, 4.4214,
         4.4533, 4.4718],
        [  -inf,   -inf,   -inf, 2.8600, 3.5138, 3.9458, 4.1993, 4.3465, 4.4284,
         4.4621, 4.4806],
        [  -inf,   -inf,   -inf, 2.8612, 3.5161, 3.9500, 4.2054, 4.3533, 4.4355,
         4.4694, 4.4894],
        [  -inf,   -inf,   -inf, 2.8624, 3.5185, 3.9542, 4.2116, 4.3599, 4.4425,
         4.4768, 4.4967],
        [  -inf,   -inf,   -inf, 2.8636, 3.5209, 3.9585, 4.2177, 4.3664, 4.4495,
         4.4841, 4.5041],
        [  -inf,   -inf,   -inf, 2.8647, 3.5233, 3.9627, 4.2239, 4.3730, 4.4566,
         4.4915, 4.5114],
        [  -inf,   -inf,   -inf, 2.8658, 3.5256, 3.9669, 4.2298, 4.3796, 4.4636,
         4.4988, 4.5188],
        [  -inf,   -inf,   -inf, 2.8669, 3.5280, 3.9712, 4.2357, 4.3862, 4.4704,
         4.5062, 4.5261],
        [  -inf,   -inf,   -inf, 2.8680, 3.5303, 3.9754, 4.2416, 4.3927, 4.4772,
         4.5135, 4.5335],
        [  -inf,   -inf,   -inf, 2.8691, 3.5326, 3.9796, 4.2475, 4.3991, 4.4840,
         4.5209, 4.5408],
        [  -inf,   -inf,   -inf, 2.8702, 3.5349, 3.9838, 4.2534, 4.4054, 4.4908,
         4.5279, 4.5482],
        [  -inf,   -inf,   -inf, 2.8713, 3.5371, 3.9879, 4.2580, 4.4117, 4.4974,
         4.5350, 4.5552],
        [  -inf,   -inf,   -inf, 2.8723, 3.5393, 3.9921, 4.2625, 4.4180, 4.5039,
         4.5420, 4.5623],
        [  -inf,   -inf,   -inf, 2.8732, 3.5415, 3.9962, 4.2671, 4.4242, 4.5105,
         4.5491, 4.5693],
        [  -inf,   -inf,   -inf, 2.8741, 3.5436, 3.9997, 4.2716, 4.4303, 4.5171,
         4.5561, 4.5763],
        [  -inf,   -inf,   -inf, 2.8749, 3.5455, 4.0033, 4.2762, 4.4365, 4.5237,
         4.5631, 4.5834],
        [  -inf,   -inf,   -inf, 2.8759, 3.5475, 4.0067, 4.2807, 4.4426, 4.5302,
         4.5699, 4.5904],
        [  -inf,   -inf,   -inf, 2.8769, 3.5495, 4.0100, 4.2851, 4.4488, 4.5366,
         4.5767, 4.5972],
        [  -inf,   -inf,   -inf, 2.8779, 3.5514, 4.0134, 4.2895, 4.4549, 4.5429,
         4.5835, 4.6040],
        [  -inf,   -inf,   -inf, 2.8787, 3.5532, 4.0164, 4.2939, 4.4608, 4.5492,
         4.5903, 4.6108],
        [  -inf,   -inf,   -inf, 2.8795, 3.5550, 4.0195, 4.2983, 4.4667, 4.5555,
         4.5969, 4.6176],
        [  -inf,   -inf,   -inf, 2.8804, 3.5569, 4.0226, 4.3027, 4.4726, 4.5617,
         4.6035, 4.6242],
        [  -inf,   -inf,   -inf, 2.8812, 3.5587, 4.0255, 4.3072, 4.4785, 4.5678,
         4.6100, 4.6307],
        [  -inf,   -inf,   -inf, 2.8821, 3.5605, 4.0284, 4.3116, 4.4844, 4.5740,
         4.6166, 4.6373],
        [  -inf,   -inf,   -inf, 2.8829, 3.5623, 4.0312, 4.3160, 4.4890, 4.5801,
         4.6232, 4.6439],
        [  -inf,   -inf,   -inf, 2.8837, 3.5641, 4.0341, 4.3204, 4.4936, 4.5863,
         4.6297, 4.6505],
        [  -inf,   -inf,   -inf, 2.8845, 3.5659, 4.0369, 4.3248, 4.4981, 4.5924,
         4.6361, 4.6570],
        [  -inf,   -inf,   -inf, 2.8853, 3.5677, 4.0398, 4.3291, 4.5027, 4.5983,
         4.6424, 4.6634],
        [  -inf,   -inf,   -inf, 2.8861, 3.5695, 4.0426, 4.3334, 4.5072, 4.6042,
         4.6487, 4.6697],
        [  -inf,   -inf,   -inf, 2.8868, 3.5713, 4.0454, 4.3376, 4.5118, 4.6101,
         4.6550, 4.6760],
        [  -inf,   -inf,   -inf, 2.8875, 3.5731, 4.0483, 4.3418, 4.5162, 4.6160,
         4.6612, 4.6823],
        [  -inf,   -inf,   -inf, 2.8881, 3.5749, 4.0511, 4.3461, 4.5206, 4.6219,
         4.6673, 4.6885],
        [  -inf,   -inf,   -inf, 2.8888, 3.5765, 4.0539, 4.3503, 4.5250, 4.6267,
         4.6735, 4.6946],
        [  -inf,   -inf,   -inf, 2.8894, 3.5782, 4.0567, 4.3545, 4.5294, 4.6314,
         4.6796, 4.7008],
        [  -inf,   -inf,   -inf, 2.8900, 3.5798, 4.0596, 4.3587, 4.5338, 4.6361,
         4.6858, 4.7069],
        [  -inf,   -inf,   -inf, 2.8905, 3.5815, 4.0624, 4.3630, 4.5382, 4.6408,
         4.6920, 4.7131],
        [  -inf,   -inf,   -inf, 2.8911, 3.5832, 4.0652, 4.3672, 4.5426, 4.6455,
         4.6978, 4.7192],
        [  -inf,   -inf,   -inf, 2.8916, 3.5848, 4.0681, 4.3713, 4.5470, 4.6503,
         4.7037, 4.7251],
        [  -inf,   -inf,   -inf, 2.8922, 3.5865, 4.0709, 4.3754, 4.5514, 4.6550,
         4.7096, 4.7310],
        [  -inf,   -inf,   -inf, 2.8928, 3.5880, 4.0737, 4.3796, 4.5558, 4.6595,
         4.7155, 4.7369],
        [  -inf,   -inf,   -inf, 2.8934, 3.5896, 4.0765, 4.3837, 4.5602, 4.6641,
         4.7214, 4.7428],
        [  -inf,   -inf,   -inf, 2.8939, 3.5911, 4.0793, 4.3878, 4.5644, 4.6687,
         4.7262, 4.7487],
        [  -inf,   -inf,   -inf, 2.8944, 3.5926, 4.0820, 4.3919, 4.5687, 4.6732,
         4.7309, 4.7537],
        [  -inf,   -inf,   -inf, 2.8949, 3.5942, 4.0848, 4.3961, 4.5729, 4.6778,
         4.7356, 4.7586],
        [  -inf,   -inf,   -inf, 2.8954, 3.5957, 4.0875, 4.4002, 4.5771, 4.6823,
         4.7403, 4.7635],
        [  -inf,   -inf,   -inf, 2.8959, 3.5972, 4.0901, 4.4037, 4.5813, 4.6867,
         4.7450, 4.7684],
        [  -inf,   -inf,   -inf, 2.8964, 3.5987, 4.0928, 4.4073, 4.5856, 4.6911,
         4.7498, 4.7734],
        [  -inf,   -inf,   -inf, 2.8968, 3.6002, 4.0953, 4.4107, 4.5898, 4.6955,
         4.7545, 4.7783],
        [  -inf,   -inf,   -inf, 2.8973, 3.6016, 4.0978, 4.4140, 4.5940, 4.6999,
         4.7590, 4.7832],
        [  -inf,   -inf,   -inf, 2.8977, 3.6031, 4.1002, 4.4174, 4.5982, 4.7043,
         4.7636, 4.7881],
        [  -inf,   -inf,   -inf, 2.8981, 3.6045, 4.1025, 4.4204, 4.6023, 4.7087,
         4.7682, 4.7931],
        [  -inf,   -inf,   -inf, 2.8985, 3.6059, 4.1049, 4.4235, 4.6065, 4.7131,
         4.7727, 4.7978],
        [  -inf,   -inf,   -inf, 2.8989, 3.6072, 4.1073, 4.4266, 4.6106, 4.7175,
         4.7773, 4.8025]])
tensor(0.0237) tensor(2.2059) (64, 5)
