tensor([[  -inf,   -inf,   -inf,   -inf,   -inf,   -inf,   -inf,   -inf,   -inf,
           -inf,   -inf],
        [  -inf, 1.0000, 1.0000, 1.0000, 1.0000, 1.0000, 1.0000, 1.0000, 1.0000,
         1.0000, 1.0000],
        [  -inf,   -inf, 1.6242, 1.6242, 1.6242, 1.6242, 1.6242, 1.6242, 1.6242,
         1.6242, 1.6242],
        [  -inf,   -inf, 1.7234, 2.0138, 2.0138, 2.0138, 2.0138, 2.0138, 2.0138,
         2.0138, 2.0138],
        [  -inf,   -inf, 1.7700, 2.1130, 2.2570, 2.2570, 2.2570, 2.2570, 2.2570,
         2.2570, 2.2570],
        [  -inf,   -inf, 1.7994, 2.1749, 2.3562, 2.4088, 2.4088, 2.4088, 2.4088,
         2.4088, 2.4088],
        [  -inf,   -inf, 1.8173, 2.2369, 2.4182, 2.5080, 2.5080, 2.5080, 2.5080,
         2.5080, 2.5080],
        [  -inf,   -inf, 1.8326, 2.2835, 2.4801, 2.5700, 2.6028, 2.6028, 2.6028,
         2.6028, 2.6028],
        [  -inf,   -inf, 1.8436, 2.3129, 2.5267, 2.6319, 2.6647, 2.6647, 2.6647,
         2.6647, 2.6647],
        [  -inf,   -inf, 1.8509, 2.3420, 2.5653, 2.6785, 2.7266, 2.7266, 2.7266,
         2.7266, 2.7266],
        [  -inf,   -inf, 1.8574, 2.3710, 2.6040, 2.7171, 2.7732, 2.7858, 2.7858,
         2.7858, 2.7858],
        [  -inf,   -inf, 1.8640, 2.3894, 2.6426, 2.7558, 2.8119, 2.8324, 2.8324,
         2.8324, 2.8324],
        [  -inf,   -inf, 1.8682, 2.4077, 2.6720, 2.7944, 2.8505, 2.8710, 2.8710,
         2.8710, 2.8710],
        [  -inf,   -inf, 1.8728, 2.4256, 2.7011, 2.8238, 2.8892, 2.9097, 2.9097,
         2.9097, 2.9097],
        [  -inf,   -inf, 1.8770, 2.4409, 2.7302, 2.8529, 2.9186, 2.9483, 2.9483,
         2.9483, 2.9483],
        [  -inf,   -inf, 1.8810, 2.4521, 2.7486, 2.8820, 2.9477, 2.9777, 2.9853,
         2.9853, 2.9853],
        [  -inf,   -inf, 1.8841, 2.4633, 2.7669, 2.9061, 2.9768, 3.0068, 3.0147,
         3.0147, 3.0147],
        [  -inf,   -inf, 1.8872, 2.4743, 2.7851, 2.9303, 3.0009, 3.0359, 3.0437,
         3.0437, 3.0437],
        [  -inf,   -inf, 1.8896, 2.4841, 2.8032, 2.9544, 3.0250, 3.0600, 3.0728,
         3.0728, 3.0728],
        [  -inf,   -inf, 1.8917, 2.4937, 2.8214, 2.9785, 3.0491, 3.0842, 3.0970,
         3.0970, 3.0970],
        [  -inf,   -inf, 1.8943, 2.5032, 2.8393, 2.9969, 3.0733, 3.1083, 3.1211,
         3.1211, 3.1211],
        [  -inf,   -inf, 1.8963, 2.5105, 2.8546, 3.0152, 3.0916, 3.1324, 3.1452,
         3.1452, 3.1452],
        [  -inf,   -inf, 1.8979, 2.5174, 2.8660, 3.0334, 3.1100, 3.1508, 3.1693,
         3.1693, 3.1693],
        [  -inf,   -inf, 1.8996, 2.5243, 2.8775, 3.0515, 3.1281, 3.1691, 3.1877,
         3.1924, 3.1924],
        [  -inf,   -inf, 1.9009, 2.5308, 2.8889, 3.0697, 3.1463, 3.1873, 3.2060,
         3.2107, 3.2107],
        [  -inf,   -inf, 1.9022, 2.5374, 2.9001, 3.0876, 3.1644, 3.2054, 3.2242,
         3.2291, 3.2291],
        [  -inf,   -inf, 1.9040, 2.5420, 2.9113, 3.1029, 3.1823, 3.2236, 3.2424,
         3.2472, 3.2472],
        [  -inf,   -inf, 1.9050, 2.5466, 2.9223, 3.1143, 3.1976, 3.2415, 3.2605,
         3.2654, 3.2654],
        [  -inf,   -inf, 1.9063, 2.5512, 2.9321, 3.1258, 3.2127, 3.2568, 3.2784,
         3.2836, 3.2836],
        [  -inf,   -inf, 1.9078, 2.5557, 2.9417, 3.1372, 3.2278, 3.2719, 3.2937,
         3.3015, 3.3015],
        [  -inf,   -inf, 1.9089, 2.5600, 2.9512, 3.1486, 3.2428, 3.2869, 3.3088,
         3.3168, 3.3168],
        [  -inf,   -inf, 1.9100, 2.5645, 2.9585, 3.1599, 3.2579, 3.3020, 3.3238,
         3.3318, 3.3318],
        [  -inf,   -inf, 1.9114, 2.5687, 2.9655, 3.1712, 3.2729, 3.3170, 3.3389,
         3.3469, 3.3469],
        [  -inf,   -inf, 1.9128, 2.5728, 2.9725, 3.1826, 3.2844, 3.3321, 3.3539,
         3.3619, 3.3619],
        [  -inf,   -inf,   -inf, 2.5769, 2.9794, 3.1938, 3.2958, 3.3435, 3.3690,
         3.3770, 3.3770],
        [  -inf,   -inf,   -inf, 2.5810, 2.9863, 3.2049, 3.3073, 3.3550, 3.3805,
         3.3921, 3.3921],
        [  -inf,   -inf,   -inf, 2.5851, 2.9932, 3.2159, 3.3186, 3.3665, 3.3919,
         3.4035, 3.4064],
        [  -inf,   -inf,   -inf, 2.5891, 2.9997, 3.2258, 3.3300, 3.3778, 3.4034,
         3.4150, 3.4179],
        [  -inf,   -inf,   -inf, 2.5922, 3.0063, 3.2353, 3.3413, 3.3891, 3.4147,
         3.4264, 3.4293],
        [  -inf,   -inf,   -inf, 2.5953, 3.0124, 3.2449, 3.3526, 3.4005, 3.4260,
         3.4378, 3.4408],
        [  -inf,   -inf,   -inf, 2.5982, 3.0186, 3.2522, 3.3638, 3.4118, 3.4374,
         3.4491, 3.4521],
        [  -inf,   -inf,   -inf, 2.6011, 3.0247, 3.2593, 3.3750, 3.4230, 3.4487,
         3.4604, 3.4635],
        [  -inf,   -inf,   -inf, 2.6040, 3.0307, 3.2665, 3.3860, 3.4341, 3.4599,
         3.4718, 3.4748],
        [  -inf,   -inf,   -inf, 2.6066, 3.0366, 3.2736, 3.3958, 3.4451, 3.4711,
         3.4829, 3.4861],
        [  -inf,   -inf,   -inf, 2.6095, 3.0426, 3.2808, 3.4054, 3.4550, 3.4821,
         3.4941, 3.4973],
        [  -inf,   -inf,   -inf, 2.6121, 3.0472, 3.2877, 3.4149, 3.4645, 3.4919,
         3.5051, 3.5085],
        [  -inf,   -inf,   -inf, 2.6147, 3.0518, 3.2947, 3.4222, 3.4741, 3.5014,
         3.5149, 3.5195],
        [  -inf,   -inf,   -inf, 2.6173, 3.0564, 3.3017, 3.4294, 3.4835, 3.5110,
         3.5245, 3.5293],
        [  -inf,   -inf,   -inf, 2.6198, 3.0609, 3.3086, 3.4365, 3.4929, 3.5204,
         3.5340, 3.5389],
        [  -inf,   -inf,   -inf, 2.6223, 3.0652, 3.3154, 3.4437, 3.5023, 3.5298,
         3.5434, 3.5484],
        [  -inf,   -inf,   -inf, 2.6247, 3.0697, 3.3219, 3.4508, 3.5117, 3.5392,
         3.5528, 3.5578],
        [  -inf,   -inf,   -inf, 2.6269, 3.0740, 3.3285, 3.4579, 3.5211, 3.5486,
         3.5622, 3.5672],
        [  -inf,   -inf,   -inf, 2.6294, 3.0783, 3.3347, 3.4650, 3.5305, 3.5580,
         3.5716, 3.5766],
        [  -inf,   -inf,   -inf, 2.6316, 3.0826, 3.3408, 3.4720, 3.5378, 3.5674,
         3.5810, 3.5860],
        [  -inf,   -inf,   -inf, 2.6336, 3.0868, 3.3470, 3.4791, 3.5449, 3.5747,
         3.5904, 3.5954],
        [  -inf,   -inf,   -inf, 2.6355, 3.0909, 3.3529, 3.4862, 3.5521, 3.5818,
         3.5977, 3.6048],
        [  -inf,   -inf,   -inf, 2.6375, 3.0950, 3.3589, 3.4932, 3.5592, 3.5890,
         3.6049, 3.6121],
        [  -inf,   -inf,   -inf, 2.6394, 3.0991, 3.3648, 3.5001, 3.5664, 3.5961,
         3.6120, 3.6193],
        [  -inf,   -inf,   -inf, 2.6413, 3.1032, 3.3695, 3.5071, 3.5734, 3.6033,
         3.6192, 3.6264],
        [  -inf,   -inf,   -inf, 2.6431, 3.1072, 3.3741, 3.5140, 3.5805, 3.6104,
         3.6263, 3.6336],
        [  -inf,   -inf,   -inf, 2.6449, 3.1103, 3.3786, 3.5209, 3.5876, 3.6174,
         3.6334, 3.6407],
        [  -inf,   -inf,   -inf, 2.6465, 3.1134, 3.3832, 3.5274, 3.5947, 3.6245,
         3.6405, 3.6478],
        [  -inf,   -inf,   -inf, 2.6482, 3.1163, 3.3875, 3.5340, 3.6017, 3.6316,
         3.6476, 3.6549],
        [  -inf,   -inf,   -inf, 2.6498, 3.1192, 3.3920, 3.5401, 3.6087, 3.6387,
         3.6546, 3.6619],
        [  -inf,   -inf,   -inf, 2.6513, 3.1221, 3.3963, 3.5462, 3.6157, 3.6456,
         3.6617, 3.6690],
        [  -inf,   -inf,   -inf, 2.6529, 3.1250, 3.4007, 3.5524, 3.6227, 3.6526,
         3.6687, 3.6761],
        [  -inf,   -inf,   -inf, 2.6544, 3.1279, 3.4051, 3.5583, 3.6295, 3.6596,
         3.6757, 3.6831],
        [  -inf,   -inf,   -inf, 2.6559, 3.1307, 3.4094, 3.5643, 3.6364, 3.6665,
         3.6826, 3.6900],
        [  -inf,   -inf,   -inf, 2.6573, 3.1336, 3.4137, 3.5703, 3.6429, 3.6733,
         3.6895, 3.6970],
        [  -inf,   -inf,   -inf, 2.6588, 3.1365, 3.4180, 3.5749, 3.6495, 3.6798,
         3.6964, 3.7039],
        [  -inf,   -inf,   -inf, 2.6603, 3.1394, 3.4223, 3.5795, 3.6556, 3.6864,
         3.7029, 3.7108],
        [  -inf,   -inf,   -inf, 2.6617, 3.1422, 3.4265, 3.5841, 3.6618, 3.6926,
         3.7095, 3.7173],
        [  -inf,   -inf,   -inf, 2.6632, 3.1451, 3.4306, 3.5886, 3.6679, 3.6987,
         3.7156, 3.7239],
        [  -inf,   -inf,   -inf, 2.6646, 3.1479, 3.4346, 3.5931, 3.6739, 3.7048,
         3.7218, 3.7300],
        [  -inf,   -inf,   -inf, 2.6659, 3.1506, 3.4388, 3.5975, 3.6799, 3.7108,
         3.7279, 3.7361],
        [  -inf,   -inf,   -inf, 2.6672, 3.1534, 3.4428, 3.6020, 3.6858, 3.7168,
         3.7339, 3.7423],
        [  -inf,   -inf,   -inf, 2.6685, 3.1560, 3.4468, 3.6065, 3.6904, 3.7227,
         3.7398, 3.7482],
        [  -inf,   -inf,   -inf, 2.6697, 3.1586, 3.4507, 3.6109, 3.6951, 3.7286,
         3.7458, 3.7542],
        [  -inf,   -inf,   -inf, 2.6710, 3.1613, 3.4545, 3.6153, 3.6996, 3.7345,
         3.7516, 3.7602],
        [  -inf,   -inf,   -inf, 2.6723, 3.1638, 3.4583, 3.6197, 3.7042, 3.7403,
         3.7575, 3.7660],
        [  -inf,   -inf,   -inf, 2.6735, 3.1664, 3.4622, 3.6241, 3.7086, 3.7462,
         3.7634, 3.7719],
        [  -inf,   -inf,   -inf, 2.6747, 3.1689, 3.4660, 3.6284, 3.7131, 3.7521,
         3.7692, 3.7778],
        [  -inf,   -inf,   -inf, 2.6760, 3.1715, 3.4698, 3.6328, 3.7176, 3.7579,
         3.7751, 3.7836],
        [  -inf,   -inf,   -inf, 2.6773, 3.1740, 3.4735, 3.6372, 3.7220, 3.7638,
         3.7810, 3.7895],
        [  -inf,   -inf,   -inf, 2.6785, 3.1766, 3.4773, 3.6414, 3.7265, 3.7684,
         3.7869, 3.7954],
        [  -inf,   -inf,   -inf, 2.6797, 3.1791, 3.4810, 3.6457, 3.7309, 3.7731,
         3.7915, 3.8012],
        [  -inf,   -inf,   -inf, 2.6807, 3.1816, 3.4847, 3.6500, 3.7353, 3.7776,
         3.7961, 3.8059],
        [  -inf,   -inf,   -inf, 2.6818, 3.1840, 3.4878, 3.6542, 3.7397, 3.7822,
         3.8007, 3.8105],
        [  -inf,   -inf,   -inf, 2.6829, 3.1862, 3.4909, 3.6583, 3.7441, 3.7866,
         3.8052, 3.8150],
        [  -inf,   -inf,   -inf, 2.6839, 3.1887, 3.4938, 3.6624, 3.7486, 3.7911,
         3.8097, 3.8196],
        [  -inf,   -inf,   -inf, 2.6850, 3.1908, 3.4967, 3.6665, 3.7530, 3.7956,
         3.8141, 3.8241],
        [  -inf,   -inf,   -inf, 2.6860, 3.1928, 3.4996, 3.6706, 3.7574, 3.8000,
         3.8186, 3.8285],
        [  -inf,   -inf,   -inf, 2.6869, 3.1948, 3.5025, 3.6746, 3.7618, 3.8045,
         3.8231, 3.8330],
        [  -inf,   -inf,   -inf, 2.6878, 3.1967, 3.5054, 3.6784, 3.7661, 3.8089,
         3.8275, 3.8374],
        [  -inf,   -inf,   -inf, 2.6887, 3.1987, 3.5083, 3.6822, 3.7705, 3.8133,
         3.8319, 3.8419],
        [  -inf,   -inf,   -inf, 2.6896, 3.2006, 3.5112, 3.6861, 3.7748, 3.8177,
         3.8364, 3.8463],
        [  -inf,   -inf,   -inf, 2.6905, 3.2024, 3.5141, 3.6899, 3.7792, 3.8221,
         3.8408, 3.8507],
        [  -inf,   -inf,   -inf, 2.6914, 3.2042, 3.5169, 3.6937, 3.7835, 3.8266,
         3.8452, 3.8552],
        [  -inf,   -inf,   -inf, 2.6923, 3.2060, 3.5198, 3.6976, 3.7878, 3.8310,
         3.8496, 3.8596],
        [  -inf,   -inf,   -inf, 2.6931, 3.2079, 3.5226, 3.7013, 3.7921, 3.8354,
         3.8540, 3.8640],
        [  -inf,   -inf,   -inf, 2.6939, 3.2097, 3.5255, 3.7050, 3.7963, 3.8398,
         3.8584, 3.8684],
        [  -inf,   -inf,   -inf, 2.6947, 3.2115, 3.5281, 3.7087, 3.8004, 3.8441,
         3.8628, 3.8728],
        [  -inf,   -inf,   -inf, 2.6955, 3.2133, 3.5310, 3.7125, 3.8044, 3.8485,
         3.8672, 3.8772],
        [  -inf,   -inf,   -inf, 2.6964, 3.2151, 3.5336, 3.7156, 3.8085, 3.8528,
         3.8715, 3.8816],
        [  -inf,   -inf,   -inf, 2.6971, 3.2169, 3.5363, 3.7187, 3.8126, 3.8572,
         3.8759, 3.8859],
        [  -inf,   -inf,   -inf, 2.6979, 3.2186, 3.5390, 3.7216, 3.8166, 3.8615,
         3.8802, 3.8903],
        [  -inf,   -inf,   -inf, 2.6987, 3.2203, 3.5417, 3.7245, 3.8204, 3.8658,
         3.8845, 3.8946],
        [  -inf,   -inf,   -inf, 2.6995, 3.2221, 3.5443, 3.7274, 3.8243, 3.8700,
         3.8888, 3.8989],
        [  -inf,   -inf,   -inf, 2.7002, 3.2237, 3.5469, 3.7303, 3.8281, 3.8742,
         3.8931, 3.9032],
        [  -inf,   -inf,   -inf, 2.7010, 3.2254, 3.5495, 3.7331, 3.8319, 3.8784,
         3.8973, 3.9075],
        [  -inf,   -inf,   -inf, 2.7018, 3.2270, 3.5521, 3.7360, 3.8358, 3.8824,
         3.9014, 3.9117],
        [  -inf,   -inf,   -inf, 2.7026, 3.2286, 3.5547, 3.7389, 3.8396, 3.8865,
         3.9055, 3.9158],
        [  -inf,   -inf,   -inf, 2.7033, 3.2303, 3.5572, 3.7418, 3.8433, 3.8906,
         3.9096, 3.9199],
        [  -inf,   -inf,   -inf, 2.7040, 3.2319, 3.5598, 3.7447, 3.8471, 3.8946,
         3.9136, 3.9240],
        [  -inf,   -inf,   -inf, 2.7047, 3.2336, 3.5623, 3.7475, 3.8508, 3.8984,
         3.9176, 3.9280],
        [  -inf,   -inf,   -inf, 2.7054, 3.2352, 3.5648, 3.7504, 3.8545, 3.9023,
         3.9215, 3.9320],
        [  -inf,   -inf,   -inf, 2.7061, 3.2367, 3.5673, 3.7532, 3.8576, 3.9061,
         3.9253, 3.9359],
        [  -inf,   -inf,   -inf, 2.7068, 3.2383, 3.5698, 3.7559, 3.8607, 3.9099,
         3.9291, 3.9397],
        [  -inf,   -inf,   -inf, 2.7074, 3.2399, 3.5722, 3.7587, 3.8636, 3.9138,
         3.9330, 3.9435],
        [  -inf,   -inf,   -inf, 2.7081, 3.2414, 3.5744, 3.7614, 3.8665, 3.9176,
         3.9368, 3.9474],
        [  -inf,   -inf,   -inf, 2.7087, 3.2429, 3.5769, 3.7641, 3.8694, 3.9213,
         3.9407, 3.9512],
        [  -inf,   -inf,   -inf, 2.7093, 3.2444, 3.5791, 3.7668, 3.8723, 3.9250,
         3.9444, 3.9550],
        [  -inf,   -inf,   -inf, 2.7098, 3.2459, 3.5811, 3.7696, 3.8752, 3.9288,
         3.9481, 3.9588],
        [  -inf,   -inf,   -inf, 2.7104, 3.2473, 3.5830, 3.7723, 3.8781, 3.9325,
         3.9518, 3.9625],
        [  -inf,   -inf,   -inf, 2.7109, 3.2488, 3.5850, 3.7750, 3.8810, 3.9356,
         3.9555, 3.9662],
        [  -inf,   -inf,   -inf, 2.7114, 3.2503, 3.5869, 3.7776, 3.8838, 3.9387,
         3.9592, 3.9699],
        [  -inf,   -inf,   -inf, 2.7119, 3.2517, 3.5888, 3.7803, 3.8867, 3.9416,
         3.9629, 3.9736],
        [  -inf,   -inf,   -inf, 2.7123, 3.2532, 3.5907, 3.7830, 3.8896, 3.9445,
         3.9665, 3.9772],
        [  -inf,   -inf,   -inf, 2.7128, 3.2546, 3.5925, 3.7856, 3.8924, 3.9474,
         3.9702, 3.9809]])
tensor(0.0079) tensor(3.2648) (64, 7)
