tensor([[  -inf,   -inf,   -inf,   -inf,   -inf,   -inf,   -inf,   -inf,   -inf,
           -inf,   -inf],
        [  -inf, 1.0000, 1.0000, 1.0000, 1.0000, 1.0000, 1.0000, 1.0000, 1.0000,
         1.0000, 1.0000],
        [  -inf,   -inf, 1.7325, 1.7325, 1.7325, 1.7325, 1.7325, 1.7325, 1.7325,
         1.7325, 1.7325],
        [  -inf,   -inf, 1.8183, 2.2690, 2.2690, 2.2690, 2.2690, 2.2690, 2.2690,
         2.2690, 2.2690],
        [  -inf,   -inf, 1.8563, 2.3548, 2.6619, 2.6619, 2.6619, 2.6619, 2.6619,
         2.6619, 2.6619],
        [  -inf,   -inf, 1.8774, 2.4177, 2.7478, 2.9498, 2.9498, 2.9498, 2.9498,
         2.9498, 2.9498],
        [  -inf,   -inf, 1.8902, 2.4806, 2.8107, 3.0356, 3.1606, 3.1606, 3.1606,
         3.1606, 3.1606],
        [  -inf,   -inf, 1.9005, 2.5186, 2.8736, 3.0985, 3.2464, 3.3150, 3.3150,
         3.3150, 3.3150],
        [  -inf,   -inf, 1.9094, 2.5464, 2.9197, 3.1614, 3.3093, 3.4009, 3.4281,
         3.4281, 3.4281],
        [  -inf,   -inf, 1.9161, 2.5742, 2.9657, 3.2075, 3.3722, 3.4638, 3.5140,
         3.5140, 3.5140],
        [  -inf,   -inf, 1.9203, 2.5953, 3.0118, 3.2536, 3.4183, 3.5267, 3.5769,
         3.5968, 3.5968],
        [  -inf,   -inf, 1.9251, 2.6108, 3.0498, 3.2996, 3.4644, 3.5727, 3.6398,
         3.6597, 3.6597],
        [  -inf,   -inf, 1.9291, 2.6263, 3.0776, 3.3376, 3.5105, 3.6188, 3.6858,
         3.7226, 3.7226],
        [  -inf,   -inf, 1.9315, 2.6391, 3.1054, 3.3714, 3.5484, 3.6649, 3.7319,
         3.7687, 3.7833],
        [  -inf,   -inf, 1.9349, 2.6494, 3.1265, 3.4051, 3.5822, 3.7029, 3.7780,
         3.8148, 3.8294],
        [  -inf,   -inf, 1.9379, 2.6587, 3.1469, 3.4388, 3.6159, 3.7366, 3.8160,
         3.8608, 3.8754],
        [  -inf,   -inf, 1.9398, 2.6681, 3.1673, 3.4726, 3.6497, 3.7703, 3.8497,
         3.8988, 3.9215],
        [  -inf,   -inf, 1.9425, 2.6770, 3.1876, 3.5004, 3.6834, 3.8041, 3.8835,
         3.9326, 3.9595],
        [  -inf,   -inf, 1.9444, 2.6845, 3.2031, 3.5282, 3.7112, 3.8378, 3.9172,
         3.9663, 3.9932],
        [  -inf,   -inf, 1.9454, 2.6920, 3.2186, 3.5493, 3.7390, 3.8657, 3.9509,
         4.0000, 4.0270],
        [  -inf,   -inf, 1.9471, 2.6994, 3.2314, 3.5697, 3.7638, 3.8935, 3.9788,
         4.0338, 4.0607],
        [  -inf,   -inf, 1.9477, 2.7062, 3.2427, 3.5901, 3.7885, 3.9182, 4.0066,
         4.0616, 4.0945],
        [  -inf,   -inf, 1.9500, 2.7126, 3.2540, 3.6105, 3.8132, 3.9429, 4.0313,
         4.0894, 4.1223],
        [  -inf,   -inf, 1.9510, 2.7191, 3.2653, 3.6259, 3.8379, 3.9676, 4.0560,
         4.1141, 4.1501],
        [  -inf,   -inf, 1.9523, 2.7241, 3.2756, 3.6414, 3.8626, 3.9923, 4.0807,
         4.1389, 4.1748],
        [  -inf,   -inf, 1.9538, 2.7290, 3.2850, 3.6563, 3.8837, 4.0171, 4.1054,
         4.1636, 4.1995],
        [  -inf,   -inf, 1.9553, 2.7332, 3.2944, 3.6712, 3.9041, 4.0382, 4.1302,
         4.1883, 4.2243],
        [  -inf,   -inf, 1.9564, 2.7380, 3.3032, 3.6861, 3.9245, 4.0585, 4.1513,
         4.2130, 4.2490],
        [  -inf,   -inf, 1.9571, 2.7420, 3.3108, 3.7011, 3.9449, 4.0789, 4.1716,
         4.2341, 4.2737],
        [  -inf,   -inf, 1.9582, 2.7456, 3.3183, 3.7139, 3.9603, 4.0993, 4.1920,
         4.2545, 4.2948],
        [  -inf,   -inf, 1.9591, 2.7488, 3.3257, 3.7252, 3.9758, 4.1174, 4.2124,
         4.2749, 4.3152],
        [  -inf,   -inf, 1.9600, 2.7522, 3.3325, 3.7365, 3.9907, 4.1355, 4.2305,
         4.2952, 4.3355],
        [  -inf,   -inf, 1.9604, 2.7555, 3.3394, 3.7479, 4.0056, 4.1536, 4.2486,
         4.3133, 4.3559],
        [  -inf,   -inf, 1.9616, 2.7587, 3.3463, 3.7581, 4.0206, 4.1717, 4.2667,
         4.3314, 4.3740],
        [  -inf,   -inf,   -inf, 2.7618, 3.3531, 3.7675, 4.0355, 4.1898, 4.2848,
         4.3496, 4.3921],
        [  -inf,   -inf,   -inf, 2.7647, 3.3595, 3.7769, 4.0483, 4.2079, 4.3029,
         4.3677, 4.4102],
        [  -inf,   -inf,   -inf, 2.7676, 3.3660, 3.7857, 4.0596, 4.2234, 4.3210,
         4.3858, 4.4283],
        [  -inf,   -inf,   -inf, 2.7705, 3.3715, 3.7940, 4.0709, 4.2388, 4.3365,
         4.4039, 4.4464],
        [  -inf,   -inf,   -inf, 2.7734, 3.3770, 3.8023, 4.0823, 4.2538, 4.3519,
         4.4193, 4.4645],
        [  -inf,   -inf,   -inf, 2.7763, 3.3826, 3.8106, 4.0932, 4.2687, 4.3669,
         4.4348, 4.4800],
        [  -inf,   -inf,   -inf, 2.7788, 3.3880, 3.8189, 4.1041, 4.2836, 4.3818,
         4.4497, 4.4955],
        [  -inf,   -inf,   -inf, 2.7810, 3.3934, 3.8264, 4.1151, 4.2985, 4.3967,
         4.4646, 4.5104],
        [  -inf,   -inf,   -inf, 2.7835, 3.3988, 3.8340, 4.1260, 4.3113, 4.4116,
         4.4796, 4.5253],
        [  -inf,   -inf,   -inf, 2.7856, 3.4037, 3.8414, 4.1369, 4.3227, 4.4249,
         4.4945, 4.5402],
        [  -inf,   -inf,   -inf, 2.7877, 3.4087, 3.8482, 4.1472, 4.3340, 4.4382,
         4.5077, 4.5552],
        [  -inf,   -inf,   -inf, 2.7899, 3.4134, 3.8551, 4.1566, 4.3453, 4.4514,
         4.5210, 4.5684],
        [  -inf,   -inf,   -inf, 2.7920, 3.4182, 3.8620, 4.1660, 4.3562, 4.4647,
         4.5343, 4.5817],
        [  -inf,   -inf,   -inf, 2.7940, 3.4229, 3.8687, 4.1748, 4.3672, 4.4779,
         4.5475, 4.5949],
        [  -inf,   -inf,   -inf, 2.7959, 3.4272, 3.8752, 4.1831, 4.3781, 4.4912,
         4.5608, 4.6082],
        [  -inf,   -inf,   -inf, 2.7977, 3.4319, 3.8817, 4.1914, 4.3890, 4.5045,
         4.5740, 4.6215],
        [  -inf,   -inf,   -inf, 2.7995, 3.4359, 3.8872, 4.1997, 4.4000, 4.5173,
         4.5873, 4.6347],
        [  -inf,   -inf,   -inf, 2.8013, 3.4395, 3.8927, 4.2080, 4.4102, 4.5286,
         4.6001, 4.6480],
        [  -inf,   -inf,   -inf, 2.8030, 3.4431, 3.8982, 4.2155, 4.4196, 4.5399,
         4.6114, 4.6608],
        [  -inf,   -inf,   -inf, 2.8048, 3.4468, 3.9036, 4.2230, 4.4290, 4.5512,
         4.6228, 4.6721],
        [  -inf,   -inf,   -inf, 2.8062, 3.4503, 3.9090, 4.2304, 4.4378, 4.5622,
         4.6341, 4.6834],
        [  -inf,   -inf,   -inf, 2.8077, 3.4536, 3.9144, 4.2373, 4.4461, 4.5731,
         4.6450, 4.6948],
        [  -inf,   -inf,   -inf, 2.8090, 3.4570, 3.9195, 4.2442, 4.4544, 4.5840,
         4.6559, 4.7057],
        [  -inf,   -inf,   -inf, 2.8104, 3.4602, 3.9245, 4.2510, 4.4627, 4.5950,
         4.6669, 4.7166],
        [  -inf,   -inf,   -inf, 2.8121, 3.4635, 3.9295, 4.2578, 4.4710, 4.6059,
         4.6778, 4.7276],
        [  -inf,   -inf,   -inf, 2.8135, 3.4665, 3.9346, 4.2643, 4.4790, 4.6162,
         4.6887, 4.7385],
        [  -inf,   -inf,   -inf, 2.8150, 3.4694, 3.9395, 4.2707, 4.4870, 4.6256,
         4.6990, 4.7494],
        [  -inf,   -inf,   -inf, 2.8164, 3.4723, 3.9445, 4.2768, 4.4950, 4.6349,
         4.7087, 4.7597],
        [  -inf,   -inf,   -inf, 2.8177, 3.4753, 3.9492, 4.2829, 4.5031, 4.6438,
         4.7184, 4.7694],
        [  -inf,   -inf,   -inf, 2.8190, 3.4782, 3.9540, 4.2890, 4.5111, 4.6521,
         4.7282, 4.7791],
        [  -inf,   -inf,   -inf, 2.8202, 3.4811, 3.9587, 4.2951, 4.5191, 4.6604,
         4.7379, 4.7888],
        [  -inf,   -inf,   -inf, 2.8216, 3.4837, 3.9630, 4.3011, 4.5266, 4.6687,
         4.7476, 4.7986],
        [  -inf,   -inf,   -inf, 2.8230, 3.4863, 3.9677, 4.3066, 4.5341, 4.6770,
         4.7573, 4.8083],
        [  -inf,   -inf,   -inf, 2.8242, 3.4887, 3.9718, 4.3122, 4.5415, 4.6850,
         4.7670, 4.8180],
        [  -inf,   -inf,   -inf, 2.8254, 3.4911, 3.9758, 4.3177, 4.5484, 4.6930,
         4.7767, 4.8277],
        [  -inf,   -inf,   -inf, 2.8265, 3.4936, 3.9799, 4.3231, 4.5552, 4.7010,
         4.7861, 4.8374],
        [  -inf,   -inf,   -inf, 2.8276, 3.4960, 3.9839, 4.3285, 4.5621, 4.7090,
         4.7955, 4.8468],
        [  -inf,   -inf,   -inf, 2.8287, 3.4984, 3.9879, 4.3339, 4.5689, 4.7170,
         4.8043, 4.8562],
        [  -inf,   -inf,   -inf, 2.8298, 3.5008, 3.9918, 4.3389, 4.5754, 4.7250,
         4.8126, 4.8650],
        [  -inf,   -inf,   -inf, 2.8307, 3.5031, 3.9958, 4.3439, 4.5818, 4.7325,
         4.8209, 4.8733],
        [  -inf,   -inf,   -inf, 2.8318, 3.5055, 3.9997, 4.3490, 4.5879, 4.7401,
         4.8292, 4.8816],
        [  -inf,   -inf,   -inf, 2.8328, 3.5079, 4.0037, 4.3540, 4.5940, 4.7474,
         4.8375, 4.8899],
        [  -inf,   -inf,   -inf, 2.8339, 3.5102, 4.0076, 4.3590, 4.6001, 4.7543,
         4.8455, 4.8982],
        [  -inf,   -inf,   -inf, 2.8348, 3.5126, 4.0116, 4.3639, 4.6061, 4.7612,
         4.8535, 4.9062],
        [  -inf,   -inf,   -inf, 2.8357, 3.5148, 4.0152, 4.3687, 4.6122, 4.7680,
         4.8615, 4.9142],
        [  -inf,   -inf,   -inf, 2.8367, 3.5171, 4.0189, 4.3734, 4.6177, 4.7748,
         4.8695, 4.9222],
        [  -inf,   -inf,   -inf, 2.8377, 3.5192, 4.0225, 4.3782, 4.6232, 4.7813,
         4.8775, 4.9302],
        [  -inf,   -inf,   -inf, 2.8386, 3.5214, 4.0261, 4.3824, 4.6288, 4.7878,
         4.8855, 4.9382],
        [  -inf,   -inf,   -inf, 2.8395, 3.5235, 4.0295, 4.3872, 4.6342, 4.7938,
         4.8931, 4.9462],
        [  -inf,   -inf,   -inf, 2.8404, 3.5257, 4.0330, 4.3912, 4.6396, 4.7999,
         4.9006, 4.9538],
        [  -inf,   -inf,   -inf, 2.8413, 3.5278, 4.0365, 4.3953, 4.6450, 4.8060,
         4.9080, 4.9613],
        [  -inf,   -inf,   -inf, 2.8422, 3.5299, 4.0400, 4.3993, 4.6500, 4.8121,
         4.9149, 4.9687],
        [  -inf,   -inf,   -inf, 2.8431, 3.5320, 4.0432, 4.4033, 4.6550, 4.8181,
         4.9217, 4.9758],
        [  -inf,   -inf,   -inf, 2.8440, 3.5340, 4.0466, 4.4073, 4.6601, 4.8240,
         4.9286, 4.9829],
        [  -inf,   -inf,   -inf, 2.8449, 3.5359, 4.0498, 4.4113, 4.6651, 4.8299,
         4.9354, 4.9900],
        [  -inf,   -inf,   -inf, 2.8457, 3.5377, 4.0531, 4.4152, 4.6701, 4.8357,
         4.9418, 4.9971],
        [  -inf,   -inf,   -inf, 2.8465, 3.5395, 4.0561, 4.4192, 4.6750, 4.8416,
         4.9483, 5.0042],
        [  -inf,   -inf,   -inf, 2.8473, 3.5413, 4.0590, 4.4231, 4.6798, 4.8475,
         4.9544, 5.0113],
        [  -inf,   -inf,   -inf, 2.8481, 3.5431, 4.0619, 4.4271, 4.6845, 4.8533,
         4.9605, 5.0185],
        [  -inf,   -inf,   -inf, 2.8489, 3.5449, 4.0649, 4.4310, 4.6892, 4.8592,
         4.9665, 5.0256],
        [  -inf,   -inf,   -inf, 2.8497, 3.5466, 4.0678, 4.4347, 4.6937, 4.8647,
         4.9726, 5.0327],
        [  -inf,   -inf,   -inf, 2.8505, 3.5483, 4.0707, 4.4384, 4.6983, 4.8702,
         4.9787, 5.0396],
        [  -inf,   -inf,   -inf, 2.8513, 3.5499, 4.0733, 4.4421, 4.7027, 4.8757,
         4.9846, 5.0464],
        [  -inf,   -inf,   -inf, 2.8520, 3.5515, 4.0760, 4.4458, 4.7072, 4.8811,
         4.9904, 5.0533],
        [  -inf,   -inf,   -inf, 2.8528, 3.5530, 4.0787, 4.4495, 4.7116, 4.8865,
         4.9963, 5.0601],
        [  -inf,   -inf,   -inf, 2.8535, 3.5546, 4.0813, 4.4531, 4.7161, 4.8919,
         5.0021, 5.0665],
        [  -inf,   -inf,   -inf, 2.8542, 3.5562, 4.0839, 4.4567, 4.7205, 4.8970,
         5.0080, 5.0730],
        [  -inf,   -inf,   -inf, 2.8549, 3.5577, 4.0866, 4.4604, 4.7250, 4.9020,
         5.0139, 5.0791],
        [  -inf,   -inf,   -inf, 2.8555, 3.5591, 4.0890, 4.4639, 4.7290, 4.9070,
         5.0197, 5.0852],
        [  -inf,   -inf,   -inf, 2.8562, 3.5606, 4.0914, 4.4674, 4.7330, 4.9121,
         5.0253, 5.0913],
        [  -inf,   -inf,   -inf, 2.8569, 3.5620, 4.0938, 4.4709, 4.7371, 4.9170,
         5.0308, 5.0973],
        [  -inf,   -inf,   -inf, 2.8575, 3.5635, 4.0962, 4.4744, 4.7411, 4.9220,
         5.0363, 5.1034],
        [  -inf,   -inf,   -inf, 2.8581, 3.5650, 4.0986, 4.4778, 4.7451, 4.9267,
         5.0417, 5.1093],
        [  -inf,   -inf,   -inf, 2.8587, 3.5664, 4.1010, 4.4811, 4.7490, 4.9315,
         5.0471, 5.1151],
        [  -inf,   -inf,   -inf, 2.8592, 3.5679, 4.1034, 4.4844, 4.7530, 4.9362,
         5.0525, 5.1210],
        [  -inf,   -inf,   -inf, 2.8598, 3.5693, 4.1058, 4.4877, 4.7570, 4.9407,
         5.0575, 5.1269],
        [  -inf,   -inf,   -inf, 2.8603, 3.5707, 4.1082, 4.4910, 4.7609, 4.9452,
         5.0626, 5.1327],
        [  -inf,   -inf,   -inf, 2.8608, 3.5721, 4.1105, 4.4940, 4.7649, 4.9497,
         5.0676, 5.1386],
        [  -inf,   -inf,   -inf, 2.8612, 3.5734, 4.1129, 4.4970, 4.7688, 4.9541,
         5.0726, 5.1445],
        [  -inf,   -inf,   -inf, 2.8617, 3.5748, 4.1151, 4.4999, 4.7725, 4.9586,
         5.0776, 5.1500],
        [  -inf,   -inf,   -inf, 2.8621, 3.5761, 4.1173, 4.5029, 4.7762, 4.9630,
         5.0825, 5.1555],
        [  -inf,   -inf,   -inf, 2.8625, 3.5774, 4.1195, 4.5058, 4.7799, 4.9675,
         5.0873, 5.1610],
        [  -inf,   -inf,   -inf, 2.8629, 3.5788, 4.1216, 4.5088, 4.7836, 4.9719,
         5.0920, 5.1664],
        [  -inf,   -inf,   -inf, 2.8633, 3.5801, 4.1237, 4.5117, 4.7873, 4.9760,
         5.0968, 5.1718],
        [  -inf,   -inf,   -inf, 2.8637, 3.5814, 4.1259, 4.5146, 4.7909, 4.9800,
         5.1012, 5.1772],
        [  -inf,   -inf,   -inf, 2.8641, 3.5827, 4.1280, 4.5175, 4.7945, 4.9841,
         5.1058, 5.1822],
        [  -inf,   -inf,   -inf, 2.8644, 3.5840, 4.1302, 4.5205, 4.7982, 4.9881,
         5.1102, 5.1873],
        [  -inf,   -inf,   -inf, 2.8648, 3.5853, 4.1323, 4.5234, 4.8017, 4.9921,
         5.1147, 5.1923],
        [  -inf,   -inf,   -inf, 2.8651, 3.5866, 4.1343, 4.5263, 4.8052, 4.9960,
         5.1191, 5.1973],
        [  -inf,   -inf,   -inf, 2.8654, 3.5879, 4.1362, 4.5292, 4.8087, 5.0000,
         5.1236, 5.2023],
        [  -inf,   -inf,   -inf, 2.8658, 3.5892, 4.1381, 4.5321, 4.8121, 5.0039,
         5.1280, 5.2073],
        [  -inf,   -inf,   -inf, 2.8661, 3.5904, 4.1400, 4.5350, 4.8156, 5.0079,
         5.1325, 5.2120],
        [  -inf,   -inf,   -inf, 2.8663, 3.5917, 4.1419, 4.5379, 4.8189, 5.0119,
         5.1368, 5.2167],
        [  -inf,   -inf,   -inf, 2.8666, 3.5930, 4.1437, 4.5408, 4.8222, 5.0158,
         5.1411, 5.2215],
        [  -inf,   -inf,   -inf, 2.8669, 3.5941, 4.1455, 4.5436, 4.8255, 5.0195,
         5.1454, 5.2259]])
tensor(0.0062) tensor(4.1921) (64, 10) tensor(5.2259)
