tensor([[  -inf,   -inf,   -inf,   -inf,   -inf,   -inf,   -inf,   -inf,   -inf,
           -inf,   -inf],
        [  -inf, 1.0000, 1.0000, 1.0000, 1.0000, 1.0000, 1.0000, 1.0000, 1.0000,
         1.0000, 1.0000],
        [  -inf,   -inf, 1.6024, 1.6024, 1.6024, 1.6024, 1.6024, 1.6024, 1.6024,
         1.6024, 1.6024],
        [  -inf,   -inf, 1.7197, 1.9653, 1.9653, 1.9653, 1.9653, 1.9653, 1.9653,
         1.9653, 1.9653],
        [  -inf,   -inf, 1.7703, 2.0826, 2.1839, 2.1839, 2.1839, 2.1839, 2.1839,
         2.1839, 2.1839],
        [  -inf,   -inf, 1.8018, 2.1532, 2.3012, 2.3156, 2.3156, 2.3156, 2.3156,
         2.3156, 2.3156],
        [  -inf,   -inf, 1.8227, 2.2239, 2.3718, 2.4329, 2.4329, 2.4329, 2.4329,
         2.4329, 2.4329],
        [  -inf,   -inf, 1.8388, 2.2745, 2.4425, 2.5035, 2.5122, 2.5122, 2.5122,
         2.5122, 2.5122],
        [  -inf,   -inf, 1.8510, 2.3060, 2.4931, 2.5742, 2.5829, 2.5829, 2.5829,
         2.5829, 2.5829],
        [  -inf,   -inf, 1.8621, 2.3365, 2.5357, 2.6248, 2.6535, 2.6535, 2.6535,
         2.6535, 2.6535],
        [  -inf,   -inf, 1.8707, 2.3670, 2.5782, 2.6674, 2.7041, 2.7041, 2.7041,
         2.7041, 2.7041],
        [  -inf,   -inf, 1.8763, 2.3879, 2.6208, 2.7099, 2.7467, 2.7519, 2.7519,
         2.7519, 2.7519],
        [  -inf,   -inf, 1.8816, 2.4068, 2.6523, 2.7525, 2.7893, 2.7945, 2.7945,
         2.7945, 2.7945],
        [  -inf,   -inf, 1.8866, 2.4258, 2.6828, 2.7840, 2.8318, 2.8370, 2.8370,
         2.8370, 2.8370],
        [  -inf,   -inf, 1.8910, 2.4419, 2.7133, 2.8145, 2.8633, 2.8796, 2.8796,
         2.8796, 2.8796],
        [  -inf,   -inf, 1.8956, 2.4557, 2.7342, 2.8450, 2.8938, 2.9111, 2.9111,
         2.9111, 2.9111],
        [  -inf,   -inf, 1.8988, 2.4683, 2.7531, 2.8706, 2.9243, 2.9416, 2.9416,
         2.9416, 2.9416],
        [  -inf,   -inf, 1.9021, 2.4809, 2.7721, 2.8962, 2.9499, 2.9721, 2.9721,
         2.9721, 2.9721],
        [  -inf,   -inf, 1.9048, 2.4931, 2.7905, 2.9219, 2.9756, 2.9977, 3.0009,
         3.0009, 3.0009],
        [  -inf,   -inf, 1.9075, 2.5042, 2.8088, 2.9475, 3.0012, 3.0234, 3.0265,
         3.0265, 3.0265],
        [  -inf,   -inf, 1.9098, 2.5139, 2.8272, 2.9684, 3.0269, 3.0490, 3.0521,
         3.0521, 3.0521],
        [  -inf,   -inf, 1.9121, 2.5236, 2.8433, 2.9874, 3.0478, 3.0746, 3.0778,
         3.0778, 3.0778],
        [  -inf,   -inf, 1.9141, 2.5322, 2.8571, 3.0064, 3.0667, 3.0955, 3.1034,
         3.1034, 3.1034],
        [  -inf,   -inf, 1.9166, 2.5395, 2.8697, 3.0247, 3.0857, 3.1145, 3.1243,
         3.1243, 3.1243],
        [  -inf,   -inf, 1.9187, 2.5469, 2.8823, 3.0431, 3.1041, 3.1335, 3.1433,
         3.1433, 3.1433],
        [  -inf,   -inf, 1.9207, 2.5535, 2.8945, 3.0615, 3.1224, 3.1519, 3.1623,
         3.1623, 3.1623],
        [  -inf,   -inf, 1.9221, 2.5602, 2.9059, 3.0776, 3.1408, 3.1702, 3.1806,
         3.1806, 3.1806],
        [  -inf,   -inf, 1.9239, 2.5662, 2.9173, 3.0913, 3.1569, 3.1886, 3.1990,
         3.1990, 3.1990],
        [  -inf,   -inf, 1.9256, 2.5721, 2.9287, 3.1039, 3.1723, 3.2047, 3.2174,
         3.2174, 3.2174],
        [  -inf,   -inf, 1.9269, 2.5777, 2.9398, 3.1165, 3.1878, 3.2201, 3.2335,
         3.2347, 3.2347],
        [  -inf,   -inf, 1.9278, 2.5830, 2.9495, 3.1287, 3.2032, 3.2356, 3.2489,
         3.2508, 3.2508],
        [  -inf,   -inf, 1.9292, 2.5882, 2.9592, 3.1401, 3.2187, 3.2510, 3.2644,
         3.2663, 3.2663],
        [  -inf,   -inf, 1.9303, 2.5934, 2.9678, 3.1516, 3.2341, 3.2665, 3.2798,
         3.2817, 3.2817],
        [  -inf,   -inf, 1.9317, 2.5984, 2.9761, 3.1630, 3.2479, 3.2819, 3.2953,
         3.2971, 3.2971],
        [  -inf,   -inf,   -inf, 2.6028, 2.9844, 3.1741, 3.2605, 3.2957, 3.3107,
         3.3126, 3.3126],
        [  -inf,   -inf,   -inf, 2.6074, 2.9927, 3.1852, 3.2731, 3.3083, 3.3245,
         3.3280, 3.3280],
        [  -inf,   -inf,   -inf, 2.6111, 3.0003, 3.1962, 3.2853, 3.3209, 3.3370,
         3.3418, 3.3418],
        [  -inf,   -inf,   -inf, 2.6148, 3.0079, 3.2073, 3.2967, 3.3331, 3.3496,
         3.3544, 3.3544],
        [  -inf,   -inf,   -inf, 2.6181, 3.0155, 3.2183, 3.3081, 3.3445, 3.3618,
         3.3670, 3.3670],
        [  -inf,   -inf,   -inf, 2.6215, 3.0228, 3.2280, 3.3196, 3.3559, 3.3733,
         3.3792, 3.3792],
        [  -inf,   -inf,   -inf, 2.6247, 3.0302, 3.2377, 3.3307, 3.3673, 3.3847,
         3.3906, 3.3906],
        [  -inf,   -inf,   -inf, 2.6280, 3.0368, 3.2463, 3.3417, 3.3784, 3.3961,
         3.4020, 3.4020],
        [  -inf,   -inf,   -inf, 2.6312, 3.0435, 3.2546, 3.3528, 3.3895, 3.4072,
         3.4135, 3.4135],
        [  -inf,   -inf,   -inf, 2.6344, 3.0495, 3.2629, 3.3638, 3.4006, 3.4183,
         3.4246, 3.4246],
        [  -inf,   -inf,   -inf, 2.6374, 3.0554, 3.2712, 3.3749, 3.4116, 3.4294,
         3.4356, 3.4356],
        [  -inf,   -inf,   -inf, 2.6404, 3.0612, 3.2788, 3.3846, 3.4227, 3.4404,
         3.4467, 3.4467],
        [  -inf,   -inf,   -inf, 2.6432, 3.0671, 3.2864, 3.3943, 3.4324, 3.4515,
         3.4578, 3.4578],
        [  -inf,   -inf,   -inf, 2.6459, 3.0729, 3.2940, 3.4029, 3.4421, 3.4612,
         3.4688, 3.4688],
        [  -inf,   -inf,   -inf, 2.6486, 3.0785, 3.3013, 3.4112, 3.4514, 3.4709,
         3.4785, 3.4793],
        [  -inf,   -inf,   -inf, 2.6513, 3.0838, 3.3087, 3.4195, 3.4607, 3.4802,
         3.4882, 3.4890],
        [  -inf,   -inf,   -inf, 2.6540, 3.0890, 3.3155, 3.4278, 3.4700, 3.4895,
         3.4975, 3.4987],
        [  -inf,   -inf,   -inf, 2.6567, 3.0942, 3.3224, 3.4354, 3.4793, 3.4988,
         3.5068, 3.5080],
        [  -inf,   -inf,   -inf, 2.6592, 3.0992, 3.3293, 3.4429, 3.4886, 3.5081,
         3.5161, 3.5173],
        [  -inf,   -inf,   -inf, 2.6617, 3.1036, 3.3362, 3.4505, 3.4979, 3.5174,
         3.5254, 3.5266],
        [  -inf,   -inf,   -inf, 2.6641, 3.1082, 3.3429, 3.4579, 3.5065, 3.5267,
         3.5347, 3.5359],
        [  -inf,   -inf,   -inf, 2.6664, 3.1126, 3.3496, 3.4652, 3.5148, 3.5353,
         3.5440, 3.5452],
        [  -inf,   -inf,   -inf, 2.6687, 3.1170, 3.3555, 3.4721, 3.5231, 3.5436,
         3.5526, 3.5545],
        [  -inf,   -inf,   -inf, 2.6708, 3.1215, 3.3614, 3.4790, 3.5314, 3.5519,
         3.5609, 3.5631],
        [  -inf,   -inf,   -inf, 2.6732, 3.1255, 3.3673, 3.4859, 3.5390, 3.5602,
         3.5692, 3.5714],
        [  -inf,   -inf,   -inf, 2.6753, 3.1295, 3.3731, 3.4928, 3.5466, 3.5678,
         3.5775, 3.5797],
        [  -inf,   -inf,   -inf, 2.6773, 3.1336, 3.3790, 3.4994, 3.5541, 3.5753,
         3.5851, 3.5880],
        [  -inf,   -inf,   -inf, 2.6793, 3.1373, 3.3846, 3.5061, 3.5615, 3.5829,
         3.5927, 3.5955],
        [  -inf,   -inf,   -inf, 2.6812, 3.1409, 3.3899, 3.5128, 3.5688, 3.5903,
         3.6003, 3.6031],
        [  -inf,   -inf,   -inf, 2.6832, 3.1445, 3.3951, 3.5195, 3.5757, 3.5976,
         3.6076, 3.6107],
        [  -inf,   -inf,   -inf, 2.6851, 3.1481, 3.4002, 3.5261, 3.5826, 3.6045,
         3.6150, 3.6181],
        [  -inf,   -inf,   -inf, 2.6870, 3.1517, 3.4052, 3.5328, 3.5895, 3.6114,
         3.6219, 3.6254],
        [  -inf,   -inf,   -inf, 2.6889, 3.1552, 3.4102, 3.5395, 3.5964, 3.6183,
         3.6287, 3.6323],
        [  -inf,   -inf,   -inf, 2.6906, 3.1588, 3.4152, 3.5454, 3.6031, 3.6252,
         3.6356, 3.6392],
        [  -inf,   -inf,   -inf, 2.6922, 3.1624, 3.4202, 3.5513, 3.6098, 3.6319,
         3.6425, 3.6461],
        [  -inf,   -inf,   -inf, 2.6938, 3.1658, 3.4252, 3.5572, 3.6164, 3.6385,
         3.6492, 3.6530],
        [  -inf,   -inf,   -inf, 2.6955, 3.1691, 3.4302, 3.5630, 3.6231, 3.6452,
         3.6559, 3.6596],
        [  -inf,   -inf,   -inf, 2.6971, 3.1723, 3.4352, 3.5689, 3.6297, 3.6519,
         3.6625, 3.6663],
        [  -inf,   -inf,   -inf, 2.6987, 3.1756, 3.4398, 3.5745, 3.6364, 3.6585,
         3.6692, 3.6730],
        [  -inf,   -inf,   -inf, 2.7003, 3.1788, 3.4443, 3.5798, 3.6431, 3.6652,
         3.6759, 3.6797],
        [  -inf,   -inf,   -inf, 2.7019, 3.1820, 3.4489, 3.5849, 3.6490, 3.6719,
         3.6825, 3.6863],
        [  -inf,   -inf,   -inf, 2.7035, 3.1852, 3.4535, 3.5901, 3.6549, 3.6778,
         3.6892, 3.6930],
        [  -inf,   -inf,   -inf, 2.7050, 3.1883, 3.4579, 3.5951, 3.6608, 3.6837,
         3.6951, 3.6996],
        [  -inf,   -inf,   -inf, 2.7065, 3.1914, 3.4625, 3.6001, 3.6666, 3.6896,
         3.7011, 3.7056],
        [  -inf,   -inf,   -inf, 2.7079, 3.1944, 3.4669, 3.6051, 3.6725, 3.6954,
         3.7069, 3.7115],
        [  -inf,   -inf,   -inf, 2.7093, 3.1974, 3.4713, 3.6101, 3.6781, 3.7013,
         3.7128, 3.7174],
        [  -inf,   -inf,   -inf, 2.7107, 3.2002, 3.4757, 3.6151, 3.6834, 3.7069,
         3.7186, 3.7232],
        [  -inf,   -inf,   -inf, 2.7120, 3.2029, 3.4798, 3.6201, 3.6885, 3.7125,
         3.7242, 3.7290],
        [  -inf,   -inf,   -inf, 2.7134, 3.2056, 3.4838, 3.6251, 3.6937, 3.7181,
         3.7298, 3.7346],
        [  -inf,   -inf,   -inf, 2.7148, 3.2083, 3.4878, 3.6296, 3.6987, 3.7237,
         3.7354, 3.7403],
        [  -inf,   -inf,   -inf, 2.7161, 3.2110, 3.4915, 3.6342, 3.7037, 3.7293,
         3.7410, 3.7459],
        [  -inf,   -inf,   -inf, 2.7174, 3.2137, 3.4952, 3.6388, 3.7087, 3.7349,
         3.7466, 3.7515],
        [  -inf,   -inf,   -inf, 2.7187, 3.2162, 3.4988, 3.6433, 3.7137, 3.7405,
         3.7522, 3.7571],
        [  -inf,   -inf,   -inf, 2.7200, 3.2187, 3.5024, 3.6478, 3.7187, 3.7461,
         3.7578, 3.7627],
        [  -inf,   -inf,   -inf, 2.7213, 3.2211, 3.5059, 3.6523, 3.7237, 3.7514,
         3.7634, 3.7683],
        [  -inf,   -inf,   -inf, 2.7226, 3.2234, 3.5095, 3.6568, 3.7287, 3.7566,
         3.7687, 3.7739],
        [  -inf,   -inf,   -inf, 2.7238, 3.2257, 3.5131, 3.6612, 3.7333, 3.7618,
         3.7739, 3.7792],
        [  -inf,   -inf,   -inf, 2.7250, 3.2280, 3.5167, 3.6656, 3.7378, 3.7668,
         3.7791, 3.7844],
        [  -inf,   -inf,   -inf, 2.7262, 3.2302, 3.5202, 3.6698, 3.7424, 3.7717,
         3.7841, 3.7895],
        [  -inf,   -inf,   -inf, 2.7274, 3.2325, 3.5237, 3.6739, 3.7470, 3.7767,
         3.7891, 3.7945],
        [  -inf,   -inf,   -inf, 2.7286, 3.2347, 3.5272, 3.6781, 3.7514, 3.7817,
         3.7941, 3.7995],
        [  -inf,   -inf,   -inf, 2.7298, 3.2369, 3.5308, 3.6822, 3.7560, 3.7867,
         3.7991, 3.8045],
        [  -inf,   -inf,   -inf, 2.7310, 3.2391, 3.5341, 3.6864, 3.7604, 3.7917,
         3.8041, 3.8095],
        [  -inf,   -inf,   -inf, 2.7321, 3.2414, 3.5375, 3.6904, 3.7648, 3.7967,
         3.8091, 3.8145],
        [  -inf,   -inf,   -inf, 2.7331, 3.2436, 3.5407, 3.6944, 3.7692, 3.8013,
         3.8141, 3.8195],
        [  -inf,   -inf,   -inf, 2.7342, 3.2457, 3.5440, 3.6985, 3.7734, 3.8059,
         3.8186, 3.8245],
        [  -inf,   -inf,   -inf, 2.7352, 3.2477, 3.5472, 3.7021, 3.7775, 3.8104,
         3.8232, 3.8291],
        [  -inf,   -inf,   -inf, 2.7362, 3.2497, 3.5504, 3.7058, 3.7817, 3.8150,
         3.8278, 3.8336],
        [  -inf,   -inf,   -inf, 2.7372, 3.2518, 3.5535, 3.7094, 3.7858, 3.8194,
         3.8323, 3.8382],
        [  -inf,   -inf,   -inf, 2.7382, 3.2538, 3.5566, 3.7130, 3.7900, 3.8240,
         3.8368, 3.8428],
        [  -inf,   -inf,   -inf, 2.7392, 3.2558, 3.5597, 3.7166, 3.7940, 3.8284,
         3.8413, 3.8472],
        [  -inf,   -inf,   -inf, 2.7402, 3.2577, 3.5628, 3.7201, 3.7980, 3.8328,
         3.8458, 3.8518],
        [  -inf,   -inf,   -inf, 2.7412, 3.2597, 3.5658, 3.7237, 3.8021, 3.8373,
         3.8502, 3.8562],
        [  -inf,   -inf,   -inf, 2.7420, 3.2616, 3.5685, 3.7273, 3.8061, 3.8414,
         3.8546, 3.8606],
        [  -inf,   -inf,   -inf, 2.7429, 3.2635, 3.5712, 3.7308, 3.8101, 3.8456,
         3.8588, 3.8651],
        [  -inf,   -inf,   -inf, 2.7437, 3.2655, 3.5740, 3.7343, 3.8141, 3.8497,
         3.8629, 3.8692],
        [  -inf,   -inf,   -inf, 2.7445, 3.2674, 3.5767, 3.7379, 3.8181, 3.8539,
         3.8671, 3.8734],
        [  -inf,   -inf,   -inf, 2.7453, 3.2693, 3.5794, 3.7414, 3.8221, 3.8580,
         3.8712, 3.8775],
        [  -inf,   -inf,   -inf, 2.7461, 3.2712, 3.5820, 3.7447, 3.8262, 3.8620,
         3.8754, 3.8817],
        [  -inf,   -inf,   -inf, 2.7469, 3.2730, 3.5847, 3.7481, 3.8298, 3.8661,
         3.8794, 3.8858],
        [  -inf,   -inf,   -inf, 2.7476, 3.2748, 3.5874, 3.7513, 3.8335, 3.8701,
         3.8834, 3.8898],
        [  -inf,   -inf,   -inf, 2.7483, 3.2766, 3.5900, 3.7546, 3.8371, 3.8741,
         3.8874, 3.8939],
        [  -inf,   -inf,   -inf, 2.7490, 3.2783, 3.5927, 3.7578, 3.8407, 3.8781,
         3.8914, 3.8979],
        [  -inf,   -inf,   -inf, 2.7498, 3.2799, 3.5952, 3.7610, 3.8443, 3.8821,
         3.8955, 3.9019],
        [  -inf,   -inf,   -inf, 2.7505, 3.2816, 3.5977, 3.7641, 3.8478, 3.8862,
         3.8995, 3.9059],
        [  -inf,   -inf,   -inf, 2.7511, 3.2832, 3.6001, 3.7672, 3.8514, 3.8902,
         3.9035, 3.9099],
        [  -inf,   -inf,   -inf, 2.7518, 3.2848, 3.6026, 3.7704, 3.8550, 3.8942,
         3.9075, 3.9139],
        [  -inf,   -inf,   -inf, 2.7524, 3.2865, 3.6050, 3.7734, 3.8585, 3.8979,
         3.9115, 3.9180],
        [  -inf,   -inf,   -inf, 2.7531, 3.2881, 3.6074, 3.7764, 3.8620, 3.9016,
         3.9152, 3.9220],
        [  -inf,   -inf,   -inf, 2.7537, 3.2897, 3.6099, 3.7794, 3.8656, 3.9051,
         3.9189, 3.9257],
        [  -inf,   -inf,   -inf, 2.7543, 3.2914, 3.6122, 3.7824, 3.8691, 3.9087,
         3.9225, 3.9294],
        [  -inf,   -inf,   -inf, 2.7549, 3.2930, 3.6145, 3.7854, 3.8724, 3.9123,
         3.9261, 3.9329],
        [  -inf,   -inf,   -inf, 2.7556, 3.2946, 3.6167, 3.7884, 3.8758, 3.9159,
         3.9296, 3.9365],
        [  -inf,   -inf,   -inf, 2.7561, 3.2962, 3.6190, 3.7914, 3.8790, 3.9194,
         3.9332, 3.9401],
        [  -inf,   -inf,   -inf, 2.7567, 3.2978, 3.6212, 3.7944, 3.8823, 3.9230,
         3.9368, 3.9437]])
tensor(0.0080) tensor(3.2350) (64, 7) tensor(3.9437)
