tensor([[  -inf,   -inf,   -inf,   -inf,   -inf,   -inf,   -inf,   -inf,   -inf,
           -inf,   -inf],
        [  -inf, 1.0000, 1.0000, 1.0000, 1.0000, 1.0000, 1.0000, 1.0000, 1.0000,
         1.0000, 1.0000],
        [  -inf,   -inf, 1.6201, 1.6201, 1.6201, 1.6201, 1.6201, 1.6201, 1.6201,
         1.6201, 1.6201],
        [  -inf,   -inf, 1.7243, 2.0046, 2.0046, 2.0046, 2.0046, 2.0046, 2.0046,
         2.0046, 2.0046],
        [  -inf,   -inf, 1.7724, 2.1088, 2.2431, 2.2431, 2.2431, 2.2431, 2.2431,
         2.2431, 2.2431],
        [  -inf,   -inf, 1.8008, 2.1734, 2.3473, 2.3909, 2.3909, 2.3909, 2.3909,
         2.3909, 2.3909],
        [  -inf,   -inf, 1.8227, 2.2381, 2.4119, 2.4951, 2.4951, 2.4951, 2.4951,
         2.4951, 2.4951],
        [  -inf,   -inf, 1.8386, 2.2862, 2.4765, 2.5597, 2.5868, 2.5868, 2.5868,
         2.5868, 2.5868],
        [  -inf,   -inf, 1.8515, 2.3160, 2.5246, 2.6244, 2.6514, 2.6514, 2.6514,
         2.6514, 2.6514],
        [  -inf,   -inf, 1.8615, 2.3458, 2.5647, 2.6725, 2.7160, 2.7160, 2.7160,
         2.7160, 2.7160],
        [  -inf,   -inf, 1.8706, 2.3742, 2.6047, 2.7125, 2.7641, 2.7729, 2.7729,
         2.7729, 2.7729],
        [  -inf,   -inf, 1.8783, 2.3961, 2.6448, 2.7526, 2.8042, 2.8210, 2.8210,
         2.8210, 2.8210],
        [  -inf,   -inf, 1.8843, 2.4137, 2.6746, 2.7927, 2.8443, 2.8611, 2.8611,
         2.8611, 2.8611],
        [  -inf,   -inf, 1.8890, 2.4313, 2.7045, 2.8225, 2.8843, 2.9011, 2.9011,
         2.9011, 2.9011],
        [  -inf,   -inf, 1.8939, 2.4472, 2.7329, 2.8523, 2.9142, 2.9412, 2.9412,
         2.9412, 2.9412],
        [  -inf,   -inf, 1.8981, 2.4608, 2.7548, 2.8807, 2.9440, 2.9710, 2.9765,
         2.9765, 2.9765],
        [  -inf,   -inf, 1.9016, 2.4744, 2.7732, 2.9056, 2.9724, 3.0009, 3.0063,
         3.0063, 3.0063],
        [  -inf,   -inf, 1.9041, 2.4873, 2.7917, 2.9304, 2.9972, 3.0293, 3.0361,
         3.0361, 3.0361],
        [  -inf,   -inf, 1.9070, 2.4981, 2.8102, 2.9552, 3.0221, 3.0541, 3.0645,
         3.0645, 3.0645],
        [  -inf,   -inf, 1.9095, 2.5081, 2.8278, 2.9801, 3.0469, 3.0789, 3.0894,
         3.0894, 3.0894],
        [  -inf,   -inf, 1.9117, 2.5180, 2.8455, 3.0020, 3.0718, 3.1038, 3.1142,
         3.1142, 3.1142],
        [  -inf,   -inf, 1.9139, 2.5279, 2.8614, 3.0205, 3.0937, 3.1286, 3.1390,
         3.1390, 3.1390],
        [  -inf,   -inf, 1.9158, 2.5370, 2.8749, 3.0390, 3.1122, 3.1505, 3.1639,
         3.1639, 3.1639],
        [  -inf,   -inf, 1.9186, 2.5450, 2.8885, 3.0575, 3.1307, 3.1690, 3.1858,
         3.1858, 3.1858],
        [  -inf,   -inf, 1.9206, 2.5530, 2.9014, 3.0751, 3.1492, 3.1875, 3.2043,
         3.2077, 3.2077],
        [  -inf,   -inf, 1.9223, 2.5607, 2.9123, 3.0927, 3.1668, 3.2060, 3.2228,
         3.2262, 3.2262],
        [  -inf,   -inf, 1.9233, 2.5669, 2.9233, 3.1086, 3.1844, 3.2236, 3.2413,
         3.2446, 3.2446],
        [  -inf,   -inf, 1.9247, 2.5731, 2.9342, 3.1222, 3.2003, 3.2412, 3.2589,
         3.2631, 3.2631],
        [  -inf,   -inf, 1.9265, 2.5791, 2.9450, 3.1358, 3.2157, 3.2571, 3.2765,
         3.2808, 3.2808],
        [  -inf,   -inf, 1.9273, 2.5847, 2.9550, 3.1487, 3.2311, 3.2726, 3.2924,
         3.2984, 3.2984],
        [  -inf,   -inf, 1.9290, 2.5904, 2.9649, 3.1601, 3.2465, 3.2880, 3.3078,
         3.3143, 3.3143],
        [  -inf,   -inf, 1.9298, 2.5954, 2.9748, 3.1716, 3.2619, 3.3034, 3.3232,
         3.3297, 3.3297],
        [  -inf,   -inf, 1.9310, 2.6004, 2.9839, 3.1831, 3.2773, 3.3188, 3.3386,
         3.3451, 3.3451],
        [  -inf,   -inf, 1.9318, 2.6052, 2.9923, 3.1945, 3.2909, 3.3342, 3.3540,
         3.3605, 3.3605],
        [  -inf,   -inf,   -inf, 2.6100, 3.0007, 3.2055, 3.3045, 3.3478, 3.3694,
         3.3759, 3.3759],
        [  -inf,   -inf,   -inf, 2.6148, 3.0091, 3.2164, 3.3174, 3.3613, 3.3830,
         3.3913, 3.3913],
        [  -inf,   -inf,   -inf, 2.6195, 3.0171, 3.2273, 3.3289, 3.3742, 3.3966,
         3.4049, 3.4049],
        [  -inf,   -inf,   -inf, 2.6237, 3.0251, 3.2382, 3.3403, 3.3857, 3.4095,
         3.4185, 3.4185],
        [  -inf,   -inf,   -inf, 2.6274, 3.0328, 3.2482, 3.3518, 3.3972, 3.4210,
         3.4314, 3.4320],
        [  -inf,   -inf,   -inf, 2.6312, 3.0396, 3.2580, 3.3633, 3.4086, 3.4324,
         3.4428, 3.4449],
        [  -inf,   -inf,   -inf, 2.6347, 3.0463, 3.2679, 3.3742, 3.4201, 3.4439,
         3.4543, 3.4564],
        [  -inf,   -inf,   -inf, 2.6377, 3.0530, 3.2770, 3.3851, 3.4310, 3.4554,
         3.4658, 3.4679],
        [  -inf,   -inf,   -inf, 2.6407, 3.0592, 3.2854, 3.3960, 3.4420, 3.4663,
         3.4772, 3.4793],
        [  -inf,   -inf,   -inf, 2.6437, 3.0654, 3.2938, 3.4069, 3.4529, 3.4772,
         3.4882, 3.4908],
        [  -inf,   -inf,   -inf, 2.6466, 3.0715, 3.3022, 3.4169, 3.4637, 3.4881,
         3.4991, 3.5017],
        [  -inf,   -inf,   -inf, 2.6496, 3.0776, 3.3102, 3.4267, 3.4737, 3.4990,
         3.5100, 3.5126],
        [  -inf,   -inf,   -inf, 2.6525, 3.0838, 3.3182, 3.4366, 3.4836, 3.5090,
         3.5209, 3.5236],
        [  -inf,   -inf,   -inf, 2.6551, 3.0898, 3.3259, 3.4457, 3.4935, 3.5189,
         3.5309, 3.5344],
        [  -inf,   -inf,   -inf, 2.6579, 3.0954, 3.3327, 3.4541, 3.5030, 3.5287,
         3.5407, 3.5444],
        [  -inf,   -inf,   -inf, 2.6605, 3.1010, 3.3395, 3.4625, 3.5126, 3.5383,
         3.5506, 3.5543],
        [  -inf,   -inf,   -inf, 2.6631, 3.1061, 3.3463, 3.4710, 3.5221, 3.5478,
         3.5601, 3.5641],
        [  -inf,   -inf,   -inf, 2.6656, 3.1111, 3.3530, 3.4790, 3.5317, 3.5574,
         3.5697, 3.5737],
        [  -inf,   -inf,   -inf, 2.6679, 3.1160, 3.3598, 3.4870, 3.5412, 3.5669,
         3.5792, 3.5832],
        [  -inf,   -inf,   -inf, 2.6702, 3.1210, 3.3665, 3.4947, 3.5508, 3.5765,
         3.5888, 3.5928],
        [  -inf,   -inf,   -inf, 2.6725, 3.1260, 3.3732, 3.5018, 3.5599, 3.5860,
         3.5983, 3.6023],
        [  -inf,   -inf,   -inf, 2.6747, 3.1307, 3.3794, 3.5089, 3.5683, 3.5951,
         3.6079, 3.6119],
        [  -inf,   -inf,   -inf, 2.6770, 3.1356, 3.3856, 3.5160, 3.5767, 3.6036,
         3.6170, 3.6215],
        [  -inf,   -inf,   -inf, 2.6793, 3.1403, 3.3917, 3.5231, 3.5851, 3.6120,
         3.6254, 3.6306],
        [  -inf,   -inf,   -inf, 2.6816, 3.1451, 3.3979, 3.5302, 3.5931, 3.6204,
         3.6338, 3.6390],
        [  -inf,   -inf,   -inf, 2.6837, 3.1493, 3.4040, 3.5370, 3.6011, 3.6284,
         3.6423, 3.6474],
        [  -inf,   -inf,   -inf, 2.6859, 3.1531, 3.4100, 3.5438, 3.6088, 3.6364,
         3.6503, 3.6558],
        [  -inf,   -inf,   -inf, 2.6879, 3.1570, 3.4156, 3.5505, 3.6160, 3.6441,
         3.6583, 3.6638],
        [  -inf,   -inf,   -inf, 2.6897, 3.1608, 3.4213, 3.5573, 3.6231, 3.6512,
         3.6660, 3.6718],
        [  -inf,   -inf,   -inf, 2.6915, 3.1646, 3.4265, 3.5640, 3.6302, 3.6583,
         3.6731, 3.6795],
        [  -inf,   -inf,   -inf, 2.6932, 3.1683, 3.4317, 3.5708, 3.6373, 3.6654,
         3.6802, 3.6866],
        [  -inf,   -inf,   -inf, 2.6948, 3.1718, 3.4369, 3.5775, 3.6444, 3.6725,
         3.6873, 3.6937],
        [  -inf,   -inf,   -inf, 2.6965, 3.1753, 3.4421, 3.5837, 3.6512, 3.6797,
         3.6944, 3.7008],
        [  -inf,   -inf,   -inf, 2.6982, 3.1788, 3.4472, 3.5899, 3.6579, 3.6864,
         3.7015, 3.7080],
        [  -inf,   -inf,   -inf, 2.6998, 3.1823, 3.4522, 3.5960, 3.6647, 3.6932,
         3.7083, 3.7151],
        [  -inf,   -inf,   -inf, 2.7014, 3.1854, 3.4571, 3.6021, 3.6715, 3.7000,
         3.7151, 3.7218],
        [  -inf,   -inf,   -inf, 2.7029, 3.1885, 3.4621, 3.6083, 3.6782, 3.7067,
         3.7218, 3.7286],
        [  -inf,   -inf,   -inf, 2.7045, 3.1916, 3.4670, 3.6143, 3.6850, 3.7135,
         3.7286, 3.7354],
        [  -inf,   -inf,   -inf, 2.7058, 3.1947, 3.4718, 3.6199, 3.6917, 3.7202,
         3.7353, 3.7422],
        [  -inf,   -inf,   -inf, 2.7072, 3.1978, 3.4766, 3.6255, 3.6979, 3.7269,
         3.7421, 3.7489],
        [  -inf,   -inf,   -inf, 2.7087, 3.2009, 3.4814, 3.6308, 3.7041, 3.7331,
         3.7488, 3.7556],
        [  -inf,   -inf,   -inf, 2.7101, 3.2040, 3.4862, 3.6360, 3.7102, 3.7393,
         3.7550, 3.7624],
        [  -inf,   -inf,   -inf, 2.7115, 3.2069, 3.4904, 3.6412, 3.7163, 3.7455,
         3.7612, 3.7686],
        [  -inf,   -inf,   -inf, 2.7128, 3.2099, 3.4946, 3.6464, 3.7224, 3.7516,
         3.7673, 3.7748],
        [  -inf,   -inf,   -inf, 2.7143, 3.2129, 3.4987, 3.6514, 3.7284, 3.7577,
         3.7734, 3.7809],
        [  -inf,   -inf,   -inf, 2.7157, 3.2158, 3.5029, 3.6564, 3.7341, 3.7637,
         3.7795, 3.7870],
        [  -inf,   -inf,   -inf, 2.7170, 3.2188, 3.5071, 3.6614, 3.7397, 3.7696,
         3.7855, 3.7931],
        [  -inf,   -inf,   -inf, 2.7184, 3.2218, 3.5113, 3.6664, 3.7449, 3.7755,
         3.7915, 3.7991],
        [  -inf,   -inf,   -inf, 2.7198, 3.2247, 3.5154, 3.6713, 3.7502, 3.7815,
         3.7974, 3.8050],
        [  -inf,   -inf,   -inf, 2.7211, 3.2276, 3.5193, 3.6761, 3.7554, 3.7874,
         3.8033, 3.8110],
        [  -inf,   -inf,   -inf, 2.7225, 3.2302, 3.5231, 3.6809, 3.7606, 3.7933,
         3.8092, 3.8169],
        [  -inf,   -inf,   -inf, 2.7237, 3.2330, 3.5270, 3.6857, 3.7656, 3.7992,
         3.8152, 3.8228],
        [  -inf,   -inf,   -inf, 2.7250, 3.2356, 3.5308, 3.6905, 3.7706, 3.8052,
         3.8211, 3.8287],
        [  -inf,   -inf,   -inf, 2.7262, 3.2382, 3.5346, 3.6947, 3.7756, 3.8108,
         3.8270, 3.8346],
        [  -inf,   -inf,   -inf, 2.7274, 3.2407, 3.5384, 3.6989, 3.7805, 3.8164,
         3.8327, 3.8406],
        [  -inf,   -inf,   -inf, 2.7286, 3.2431, 3.5421, 3.7031, 3.7855, 3.8217,
         3.8383, 3.8462],
        [  -inf,   -inf,   -inf, 2.7297, 3.2454, 3.5459, 3.7073, 3.7903, 3.8269,
         3.8435, 3.8519],
        [  -inf,   -inf,   -inf, 2.7308, 3.2477, 3.5496, 3.7115, 3.7951, 3.8321,
         3.8487, 3.8571],
        [  -inf,   -inf,   -inf, 2.7318, 3.2500, 3.5531, 3.7157, 3.7999, 3.8373,
         3.8540, 3.8623],
        [  -inf,   -inf,   -inf, 2.7329, 3.2523, 3.5566, 3.7198, 3.8047, 3.8423,
         3.8592, 3.8675],
        [  -inf,   -inf,   -inf, 2.7339, 3.2545, 3.5601, 3.7240, 3.8091, 3.8474,
         3.8642, 3.8727],
        [  -inf,   -inf,   -inf, 2.7350, 3.2568, 3.5636, 3.7282, 3.8135, 3.8523,
         3.8692, 3.8778],
        [  -inf,   -inf,   -inf, 2.7360, 3.2591, 3.5667, 3.7324, 3.8179, 3.8573,
         3.8742, 3.8828],
        [  -inf,   -inf,   -inf, 2.7371, 3.2614, 3.5698, 3.7365, 3.8223, 3.8622,
         3.8791, 3.8877],
        [  -inf,   -inf,   -inf, 2.7380, 3.2636, 3.5729, 3.7407, 3.8267, 3.8670,
         3.8841, 3.8927],
        [  -inf,   -inf,   -inf, 2.7391, 3.2658, 3.5760, 3.7446, 3.8311, 3.8718,
         3.8889, 3.8977],
        [  -inf,   -inf,   -inf, 2.7400, 3.2680, 3.5791, 3.7484, 3.8353, 3.8766,
         3.8937, 3.9024],
        [  -inf,   -inf,   -inf, 2.7410, 3.2700, 3.5822, 3.7523, 3.8395, 3.8814,
         3.8985, 3.9073],
        [  -inf,   -inf,   -inf, 2.7418, 3.2719, 3.5853, 3.7561, 3.8437, 3.8858,
         3.9032, 3.9120],
        [  -inf,   -inf,   -inf, 2.7427, 3.2737, 3.5884, 3.7598, 3.8479, 3.8902,
         3.9077, 3.9168],
        [  -inf,   -inf,   -inf, 2.7436, 3.2756, 3.5915, 3.7636, 3.8521, 3.8946,
         3.9121, 3.9212],
        [  -inf,   -inf,   -inf, 2.7445, 3.2774, 3.5945, 3.7674, 3.8563, 3.8990,
         3.9165, 3.9256],
        [  -inf,   -inf,   -inf, 2.7453, 3.2793, 3.5976, 3.7711, 3.8605, 3.9034,
         3.9209, 3.9300],
        [  -inf,   -inf,   -inf, 2.7461, 3.2811, 3.6005, 3.7749, 3.8647, 3.9078,
         3.9253, 3.9344],
        [  -inf,   -inf,   -inf, 2.7469, 3.2829, 3.6035, 3.7784, 3.8688, 3.9120,
         3.9297, 3.9389],
        [  -inf,   -inf,   -inf, 2.7477, 3.2848, 3.6065, 3.7819, 3.8730, 3.9162,
         3.9339, 3.9433],
        [  -inf,   -inf,   -inf, 2.7484, 3.2866, 3.6095, 3.7854, 3.8772, 3.9204,
         3.9381, 3.9475],
        [  -inf,   -inf,   -inf, 2.7492, 3.2885, 3.6124, 3.7889, 3.8814, 3.9246,
         3.9423, 3.9517],
        [  -inf,   -inf,   -inf, 2.7500, 3.2903, 3.6154, 3.7921, 3.8852, 3.9288,
         3.9465, 3.9559],
        [  -inf,   -inf,   -inf, 2.7507, 3.2921, 3.6183, 3.7953, 3.8891, 3.9330,
         3.9507, 3.9601],
        [  -inf,   -inf,   -inf, 2.7515, 3.2939, 3.6212, 3.7986, 3.8929, 3.9372,
         3.9549, 3.9643],
        [  -inf,   -inf,   -inf, 2.7521, 3.2956, 3.6238, 3.8018, 3.8967, 3.9414,
         3.9591, 3.9685],
        [  -inf,   -inf,   -inf, 2.7527, 3.2973, 3.6266, 3.8051, 3.9005, 3.9456,
         3.9633, 3.9726],
        [  -inf,   -inf,   -inf, 2.7534, 3.2990, 3.6292, 3.8082, 3.9043, 3.9497,
         3.9674, 3.9768],
        [  -inf,   -inf,   -inf, 2.7540, 3.3006, 3.6319, 3.8113, 3.9081, 3.9539,
         3.9716, 3.9810],
        [  -inf,   -inf,   -inf, 2.7546, 3.3023, 3.6344, 3.8144, 3.9118, 3.9581,
         3.9758, 3.9852],
        [  -inf,   -inf,   -inf, 2.7552, 3.3040, 3.6367, 3.8175, 3.9155, 3.9619,
         3.9800, 3.9893],
        [  -inf,   -inf,   -inf, 2.7558, 3.3056, 3.6391, 3.8206, 3.9190, 3.9658,
         3.9838, 3.9935],
        [  -inf,   -inf,   -inf, 2.7565, 3.3072, 3.6415, 3.8237, 3.9225, 3.9696,
         3.9876, 3.9974],
        [  -inf,   -inf,   -inf, 2.7571, 3.3088, 3.6439, 3.8268, 3.9260, 3.9734,
         3.9915, 4.0012],
        [  -inf,   -inf,   -inf, 2.7576, 3.3104, 3.6462, 3.8299, 3.9295, 3.9772,
         3.9953, 4.0050],
        [  -inf,   -inf,   -inf, 2.7581, 3.3119, 3.6485, 3.8329, 3.9327, 3.9810,
         3.9991, 4.0088],
        [  -inf,   -inf,   -inf, 2.7586, 3.3135, 3.6508, 3.8360, 3.9360, 3.9848,
         4.0029, 4.0126],
        [  -inf,   -inf,   -inf, 2.7591, 3.3149, 3.6531, 3.8390, 3.9392, 3.9885,
         4.0067, 4.0164],
        [  -inf,   -inf,   -inf, 2.7596, 3.3163, 3.6554, 3.8420, 3.9425, 3.9922,
         4.0104, 4.0202]])
tensor(0.0089) tensor(2.8922) (64, 7) tensor(4.0202)
