tensor([[  -inf,   -inf,   -inf,   -inf,   -inf,   -inf,   -inf,   -inf,   -inf,
           -inf,   -inf],
        [  -inf, 1.0000, 1.0000, 1.0000, 1.0000, 1.0000, 1.0000, 1.0000, 1.0000,
         1.0000, 1.0000],
        [  -inf,   -inf, 1.5428, 1.5428, 1.5428, 1.5428, 1.5428, 1.5428, 1.5428,
         1.5428, 1.5428],
        [  -inf,   -inf, 1.6538, 1.8374, 1.8374, 1.8374, 1.8374, 1.8374, 1.8374,
         1.8374, 1.8374],
        [  -inf,   -inf, 1.7066, 1.9484, 1.9974, 1.9974, 1.9974, 1.9974, 1.9974,
         1.9974, 1.9974],
        [  -inf,   -inf, 1.7426, 2.0087, 2.1084, 2.1084, 2.1084, 2.1084, 2.1084,
         2.1084, 2.1084],
        [  -inf,   -inf, 1.7662, 2.0689, 2.1686, 2.1952, 2.1952, 2.1952, 2.1952,
         2.1952, 2.1952],
        [  -inf,   -inf, 1.7858, 2.1217, 2.2289, 2.2554, 2.2554, 2.2554, 2.2554,
         2.2554, 2.2554],
        [  -inf,   -inf, 1.8003, 2.1577, 2.2817, 2.3157, 2.3157, 2.3157, 2.3157,
         2.3157, 2.3157],
        [  -inf,   -inf, 1.8116, 2.1864, 2.3177, 2.3685, 2.3685, 2.3685, 2.3685,
         2.3685, 2.3685],
        [  -inf,   -inf, 1.8220, 2.2151, 2.3504, 2.4045, 2.4156, 2.4156, 2.4156,
         2.4156, 2.4156],
        [  -inf,   -inf, 1.8307, 2.2387, 2.3831, 2.4372, 2.4516, 2.4516, 2.4516,
         2.4516, 2.4516],
        [  -inf,   -inf, 1.8386, 2.2583, 2.4158, 2.4699, 2.4843, 2.4843, 2.4843,
         2.4843, 2.4843],
        [  -inf,   -inf, 1.8447, 2.2778, 2.4444, 2.5026, 2.5170, 2.5170, 2.5170,
         2.5170, 2.5170],
        [  -inf,   -inf, 1.8511, 2.2973, 2.4731, 2.5312, 2.5497, 2.5497, 2.5497,
         2.5497, 2.5497],
        [  -inf,   -inf, 1.8564, 2.3118, 2.4967, 2.5599, 2.5784, 2.5784, 2.5784,
         2.5784, 2.5784],
        [  -inf,   -inf, 1.8607, 2.3246, 2.5163, 2.5835, 2.6070, 2.6070, 2.6070,
         2.6070, 2.6070],
        [  -inf,   -inf, 1.8655, 2.3375, 2.5358, 2.6031, 2.6306, 2.6326, 2.6326,
         2.6326, 2.6326],
        [  -inf,   -inf, 1.8705, 2.3498, 2.5554, 2.6226, 2.6502, 2.6562, 2.6562,
         2.6562, 2.6562],
        [  -inf,   -inf, 1.8743, 2.3611, 2.5709, 2.6422, 2.6698, 2.6758, 2.6758,
         2.6758, 2.6758],
        [  -inf,   -inf, 1.8775, 2.3717, 2.5865, 2.6599, 2.6893, 2.6953, 2.6953,
         2.6953, 2.6953],
        [  -inf,   -inf, 1.8800, 2.3824, 2.6020, 2.6777, 2.7071, 2.7149, 2.7149,
         2.7149, 2.7149],
        [  -inf,   -inf, 1.8829, 2.3928, 2.6165, 2.6954, 2.7248, 2.7326, 2.7326,
         2.7326, 2.7326],
        [  -inf,   -inf, 1.8860, 2.4015, 2.6294, 2.7132, 2.7426, 2.7504, 2.7504,
         2.7504, 2.7504],
        [  -inf,   -inf, 1.8880, 2.4094, 2.6422, 2.7287, 2.7603, 2.7681, 2.7681,
         2.7681, 2.7681],
        [  -inf,   -inf, 1.8903, 2.4172, 2.6545, 2.7443, 2.7759, 2.7859, 2.7859,
         2.7859, 2.7859],
        [  -inf,   -inf, 1.8924, 2.4251, 2.6658, 2.7599, 2.7914, 2.8014, 2.8014,
         2.8014, 2.8014],
        [  -inf,   -inf, 1.8940, 2.4312, 2.6764, 2.7744, 2.8070, 2.8170, 2.8170,
         2.8170, 2.8170],
        [  -inf,   -inf, 1.8957, 2.4376, 2.6871, 2.7872, 2.8215, 2.8326, 2.8326,
         2.8326, 2.8326],
        [  -inf,   -inf, 1.8973, 2.4437, 2.6977, 2.8000, 2.8343, 2.8471, 2.8471,
         2.8471, 2.8471],
        [  -inf,   -inf, 1.8995, 2.4499, 2.7083, 2.8123, 2.8471, 2.8599, 2.8609,
         2.8609, 2.8609],
        [  -inf,   -inf, 1.9014, 2.4557, 2.7189, 2.8236, 2.8594, 2.8727, 2.8737,
         2.8737, 2.8737],
        [  -inf,   -inf, 1.9032, 2.4616, 2.7293, 2.8342, 2.8707, 2.8850, 2.8866,
         2.8866, 2.8866],
        [  -inf,   -inf, 1.9050, 2.4672, 2.7380, 2.8449, 2.8814, 2.8963, 2.8989,
         2.8989, 2.8989],
        [  -inf,   -inf,   -inf, 2.4729, 2.7459, 2.8555, 2.8920, 2.9069, 2.9102,
         2.9102, 2.9102],
        [  -inf,   -inf,   -inf, 2.4782, 2.7538, 2.8661, 2.9026, 2.9176, 2.9208,
         2.9208, 2.9208],
        [  -inf,   -inf,   -inf, 2.4829, 2.7616, 2.8767, 2.9132, 2.9282, 2.9315,
         2.9315, 2.9315],
        [  -inf,   -inf,   -inf, 2.4876, 2.7686, 2.8871, 2.9238, 2.9388, 2.9421,
         2.9421, 2.9421],
        [  -inf,   -inf,   -inf, 2.4923, 2.7755, 2.8958, 2.9342, 2.9494, 2.9527,
         2.9527, 2.9527],
        [  -inf,   -inf,   -inf, 2.4970, 2.7825, 2.9042, 2.9439, 2.9598, 2.9633,
         2.9633, 2.9633],
        [  -inf,   -inf,   -inf, 2.5017, 2.7892, 2.9127, 2.9535, 2.9694, 2.9737,
         2.9737, 2.9737],
        [  -inf,   -inf,   -inf, 2.5060, 2.7959, 2.9211, 2.9631, 2.9791, 2.9833,
         2.9833, 2.9833],
        [  -inf,   -inf,   -inf, 2.5103, 2.8025, 2.9296, 2.9728, 2.9887, 2.9929,
         2.9929, 2.9929],
        [  -inf,   -inf,   -inf, 2.5143, 2.8087, 2.9375, 2.9824, 2.9983, 3.0026,
         3.0026, 3.0026],
        [  -inf,   -inf,   -inf, 2.5183, 2.8150, 2.9453, 2.9911, 3.0080, 3.0122,
         3.0122, 3.0122],
        [  -inf,   -inf,   -inf, 2.5221, 2.8212, 2.9532, 2.9995, 3.0167, 3.0219,
         3.0219, 3.0219],
        [  -inf,   -inf,   -inf, 2.5256, 2.8273, 2.9602, 3.0080, 3.0251, 3.0306,
         3.0306, 3.0306],
        [  -inf,   -inf,   -inf, 2.5289, 2.8332, 2.9671, 3.0164, 3.0336, 3.0390,
         3.0390, 3.0390],
        [  -inf,   -inf,   -inf, 2.5323, 2.8390, 2.9741, 3.0249, 3.0420, 3.0474,
         3.0474, 3.0474],
        [  -inf,   -inf,   -inf, 2.5357, 2.8448, 2.9808, 3.0328, 3.0504, 3.0559,
         3.0559, 3.0559],
        [  -inf,   -inf,   -inf, 2.5389, 2.8506, 2.9875, 3.0406, 3.0583, 3.0643,
         3.0643, 3.0643],
        [  -inf,   -inf,   -inf, 2.5417, 2.8564, 2.9941, 3.0485, 3.0662, 3.0722,
         3.0722, 3.0722],
        [  -inf,   -inf,   -inf, 2.5446, 2.8620, 3.0003, 3.0555, 3.0741, 3.0801,
         3.0801, 3.0801],
        [  -inf,   -inf,   -inf, 2.5474, 2.8677, 3.0066, 3.0624, 3.0810, 3.0880,
         3.0880, 3.0880],
        [  -inf,   -inf,   -inf, 2.5502, 2.8730, 3.0128, 3.0694, 3.0880, 3.0949,
         3.0955, 3.0955],
        [  -inf,   -inf,   -inf, 2.5531, 2.8777, 3.0189, 3.0761, 3.0949, 3.1019,
         3.1025, 3.1025],
        [  -inf,   -inf,   -inf, 2.5559, 2.8824, 3.0248, 3.0827, 3.1016, 3.1088,
         3.1094, 3.1094],
        [  -inf,   -inf,   -inf, 2.5586, 2.8871, 3.0306, 3.0894, 3.1083, 3.1155,
         3.1164, 3.1164],
        [  -inf,   -inf,   -inf, 2.5612, 2.8918, 3.0364, 3.0956, 3.1150, 3.1222,
         3.1231, 3.1231],
        [  -inf,   -inf,   -inf, 2.5639, 2.8965, 3.0422, 3.1019, 3.1211, 3.1289,
         3.1297, 3.1297],
        [  -inf,   -inf,   -inf, 2.5665, 2.9008, 3.0480, 3.1081, 3.1275, 3.1350,
         3.1364, 3.1364],
        [  -inf,   -inf,   -inf, 2.5689, 2.9051, 3.0537, 3.1142, 3.1336, 3.1414,
         3.1426, 3.1426],
        [  -inf,   -inf,   -inf, 2.5715, 2.9093, 3.0595, 3.1201, 3.1398, 3.1475,
         3.1489, 3.1489],
        [  -inf,   -inf,   -inf, 2.5741, 2.9136, 3.0652, 3.1259, 3.1456, 3.1537,
         3.1551, 3.1551],
        [  -inf,   -inf,   -inf, 2.5764, 2.9179, 3.0710, 3.1317, 3.1515, 3.1595,
         3.1612, 3.1612],
        [  -inf,   -inf,   -inf, 2.5786, 2.9219, 3.0766, 3.1375, 3.1573, 3.1654,
         3.1671, 3.1671],
        [  -inf,   -inf,   -inf, 2.5808, 2.9259, 3.0823, 3.1432, 3.1631, 3.1712,
         3.1729, 3.1729],
        [  -inf,   -inf,   -inf, 2.5829, 2.9297, 3.0876, 3.1490, 3.1688, 3.1769,
         3.1787, 3.1787],
        [  -inf,   -inf,   -inf, 2.5851, 2.9332, 3.0923, 3.1548, 3.1746, 3.1827,
         3.1845, 3.1845],
        [  -inf,   -inf,   -inf, 2.5872, 2.9365, 3.0970, 3.1605, 3.1803, 3.1885,
         3.1902, 3.1902],
        [  -inf,   -inf,   -inf, 2.5893, 2.9399, 3.1017, 3.1663, 3.1861, 3.1942,
         3.1960, 3.1960],
        [  -inf,   -inf,   -inf, 2.5913, 2.9433, 3.1064, 3.1719, 3.1919, 3.2000,
         3.2018, 3.2018],
        [  -inf,   -inf,   -inf, 2.5932, 2.9466, 3.1111, 3.1776, 3.1975, 3.2057,
         3.2075, 3.2075],
        [  -inf,   -inf,   -inf, 2.5951, 2.9499, 3.1154, 3.1829, 3.2031, 3.2114,
         3.2133, 3.2133],
        [  -inf,   -inf,   -inf, 2.5969, 2.9532, 3.1197, 3.1876, 3.2084, 3.2170,
         3.2189, 3.2189],
        [  -inf,   -inf,   -inf, 2.5986, 2.9564, 3.1240, 3.1923, 3.2137, 3.2223,
         3.2246, 3.2246],
        [  -inf,   -inf,   -inf, 2.6003, 2.9596, 3.1282, 3.1970, 3.2189, 3.2276,
         3.2299, 3.2299],
        [  -inf,   -inf,   -inf, 2.6022, 2.9628, 3.1325, 3.2017, 3.2241, 3.2328,
         3.2351, 3.2351],
        [  -inf,   -inf,   -inf, 2.6041, 2.9660, 3.1365, 3.2064, 3.2294, 3.2380,
         3.2403, 3.2403],
        [  -inf,   -inf,   -inf, 2.6059, 2.9692, 3.1405, 3.2110, 3.2346, 3.2432,
         3.2456, 3.2456],
        [  -inf,   -inf,   -inf, 2.6077, 2.9723, 3.1443, 3.2156, 3.2398, 3.2485,
         3.2508, 3.2508],
        [  -inf,   -inf,   -inf, 2.6095, 2.9755, 3.1481, 3.2202, 3.2445, 3.2537,
         3.2560, 3.2560],
        [  -inf,   -inf,   -inf, 2.6112, 2.9786, 3.1518, 3.2247, 3.2493, 3.2584,
         3.2612, 3.2612],
        [  -inf,   -inf,   -inf, 2.6129, 2.9817, 3.1556, 3.2293, 3.2539, 3.2632,
         3.2660, 3.2660],
        [  -inf,   -inf,   -inf, 2.6145, 2.9847, 3.1594, 3.2336, 3.2586, 3.2678,
         3.2707, 3.2707],
        [  -inf,   -inf,   -inf, 2.6161, 2.9876, 3.1630, 3.2379, 3.2634, 3.2725,
         3.2753, 3.2753],
        [  -inf,   -inf,   -inf, 2.6177, 2.9905, 3.1667, 3.2422, 3.2680, 3.2773,
         3.2801, 3.2801],
        [  -inf,   -inf,   -inf, 2.6191, 2.9933, 3.1703, 3.2465, 3.2725, 3.2818,
         3.2848, 3.2848],
        [  -inf,   -inf,   -inf, 2.6207, 2.9961, 3.1739, 3.2507, 3.2771, 3.2864,
         3.2894, 3.2894],
        [  -inf,   -inf,   -inf, 2.6223, 2.9990, 3.1775, 3.2547, 3.2817, 3.2910,
         3.2940, 3.2940],
        [  -inf,   -inf,   -inf, 2.6236, 3.0018, 3.1812, 3.2587, 3.2863, 3.2956,
         3.2985, 3.2985],
        [  -inf,   -inf,   -inf, 2.6249, 3.0045, 3.1847, 3.2625, 3.2906, 3.3002,
         3.3031, 3.3031],
        [  -inf,   -inf,   -inf, 2.6262, 3.0071, 3.1880, 3.2663, 3.2949, 3.3045,
         3.3077, 3.3077],
        [  -inf,   -inf,   -inf, 2.6274, 3.0097, 3.1914, 3.2701, 3.2991, 3.3087,
         3.3120, 3.3120],
        [  -inf,   -inf,   -inf, 2.6287, 3.0123, 3.1948, 3.2738, 3.3034, 3.3130,
         3.3163, 3.3163],
        [  -inf,   -inf,   -inf, 2.6299, 3.0149, 3.1981, 3.2776, 3.3077, 3.3173,
         3.3206, 3.3206],
        [  -inf,   -inf,   -inf, 2.6312, 3.0174, 3.2014, 3.2812, 3.3117, 3.3216,
         3.3248, 3.3248],
        [  -inf,   -inf,   -inf, 2.6324, 3.0200, 3.2047, 3.2849, 3.3157, 3.3256,
         3.3291, 3.3291],
        [  -inf,   -inf,   -inf, 2.6335, 3.0225, 3.2079, 3.2885, 3.3195, 3.3296,
         3.3331, 3.3332],
        [  -inf,   -inf,   -inf, 2.6347, 3.0251, 3.2111, 3.2921, 3.3232, 3.3334,
         3.3371, 3.3372],
        [  -inf,   -inf,   -inf, 2.6359, 3.0277, 3.2143, 3.2958, 3.3270, 3.3371,
         3.3409, 3.3412],
        [  -inf,   -inf,   -inf, 2.6370, 3.0300, 3.2175, 3.2994, 3.3308, 3.3409,
         3.3447, 3.3450],
        [  -inf,   -inf,   -inf, 2.6382, 3.0323, 3.2207, 3.3029, 3.3346, 3.3447,
         3.3484, 3.3488],
        [  -inf,   -inf,   -inf, 2.6393, 3.0347, 3.2238, 3.3062, 3.3382, 3.3485,
         3.3522, 3.3525],
        [  -inf,   -inf,   -inf, 2.6404, 3.0370, 3.2270, 3.3097, 3.3418, 3.3521,
         3.3560, 3.3563],
        [  -inf,   -inf,   -inf, 2.6414, 3.0392, 3.2302, 3.3130, 3.3455, 3.3557,
         3.3596, 3.3601],
        [  -inf,   -inf,   -inf, 2.6425, 3.0413, 3.2333, 3.3163, 3.3491, 3.3593,
         3.3632, 3.3637],
        [  -inf,   -inf,   -inf, 2.6435, 3.0435, 3.2364, 3.3196, 3.3527, 3.3630,
         3.3669, 3.3673],
        [  -inf,   -inf,   -inf, 2.6445, 3.0457, 3.2396, 3.3230, 3.3564, 3.3666,
         3.3705, 3.3710],
        [  -inf,   -inf,   -inf, 2.6454, 3.0478, 3.2426, 3.3262, 3.3598, 3.3702,
         3.3741, 3.3746],
        [  -inf,   -inf,   -inf, 2.6464, 3.0500, 3.2457, 3.3293, 3.3632, 3.3737,
         3.3778, 3.3782],
        [  -inf,   -inf,   -inf, 2.6474, 3.0522, 3.2488, 3.3325, 3.3666, 3.3770,
         3.3812, 3.3819],
        [  -inf,   -inf,   -inf, 2.6484, 3.0543, 3.2516, 3.3357, 3.3699, 3.3805,
         3.3846, 3.3853],
        [  -inf,   -inf,   -inf, 2.6494, 3.0565, 3.2545, 3.3389, 3.3733, 3.3838,
         3.3880, 3.3887],
        [  -inf,   -inf,   -inf, 2.6503, 3.0586, 3.2573, 3.3421, 3.3766, 3.3872,
         3.3914, 3.3921],
        [  -inf,   -inf,   -inf, 2.6513, 3.0607, 3.2601, 3.3452, 3.3799, 3.3905,
         3.3947, 3.3954],
        [  -inf,   -inf,   -inf, 2.6523, 3.0628, 3.2630, 3.3484, 3.3831, 3.3938,
         3.3980, 3.3988],
        [  -inf,   -inf,   -inf, 2.6533, 3.0649, 3.2658, 3.3515, 3.3863, 3.3970,
         3.4013, 3.4021],
        [  -inf,   -inf,   -inf, 2.6542, 3.0668, 3.2685, 3.3546, 3.3895, 3.4002,
         3.4045, 3.4054],
        [  -inf,   -inf,   -inf, 2.6551, 3.0687, 3.2711, 3.3578, 3.3927, 3.4034,
         3.4077, 3.4086],
        [  -inf,   -inf,   -inf, 2.6560, 3.0706, 3.2737, 3.3609, 3.3958, 3.4065,
         3.4109, 3.4118],
        [  -inf,   -inf,   -inf, 2.6569, 3.0724, 3.2764, 3.3640, 3.3990, 3.4097,
         3.4141, 3.4150],
        [  -inf,   -inf,   -inf, 2.6578, 3.0742, 3.2789, 3.3672, 3.4022, 3.4129,
         3.4173, 3.4182],
        [  -inf,   -inf,   -inf, 2.6586, 3.0761, 3.2815, 3.3703, 3.4053, 3.4161,
         3.4204, 3.4213],
        [  -inf,   -inf,   -inf, 2.6595, 3.0779, 3.2840, 3.3734, 3.4085, 3.4192,
         3.4236, 3.4245],
        [  -inf,   -inf,   -inf, 2.6603, 3.0797, 3.2866, 3.3765, 3.4116, 3.4223,
         3.4268, 3.4277],
        [  -inf,   -inf,   -inf, 2.6611, 3.0815, 3.2891, 3.3795, 3.4147, 3.4255,
         3.4299, 3.4308],
        [  -inf,   -inf,   -inf, 2.6619, 3.0832, 3.2917, 3.3826, 3.4179, 3.4286,
         3.4330, 3.4340],
        [  -inf,   -inf,   -inf, 2.6626, 3.0851, 3.2940, 3.3855, 3.4210, 3.4317,
         3.4362, 3.4371]])
tensor(0.0096) tensor(2.6835) (32, 6) tensor(2.8866)
