tensor([[  -inf,   -inf,   -inf,   -inf,   -inf,   -inf,   -inf,   -inf,   -inf,
           -inf,   -inf],
        [  -inf, 1.0000, 1.0000, 1.0000, 1.0000, 1.0000, 1.0000, 1.0000, 1.0000,
         1.0000, 1.0000],
        [  -inf,   -inf, 1.5938, 1.5938, 1.5938, 1.5938, 1.5938, 1.5938, 1.5938,
         1.5938, 1.5938],
        [  -inf,   -inf, 1.7117, 1.9464, 1.9464, 1.9464, 1.9464, 1.9464, 1.9464,
         1.9464, 1.9464],
        [  -inf,   -inf, 1.7674, 2.0643, 2.1558, 2.1558, 2.1558, 2.1558, 2.1558,
         2.1558, 2.1558],
        [  -inf,   -inf, 1.8013, 2.1343, 2.2737, 2.2801, 2.2801, 2.2801, 2.2801,
         2.2801, 2.2801],
        [  -inf,   -inf, 1.8224, 2.2043, 2.3437, 2.3980, 2.3980, 2.3980, 2.3980,
         2.3980, 2.3980],
        [  -inf,   -inf, 1.8387, 2.2600, 2.4137, 2.4680, 2.4718, 2.4718, 2.4718,
         2.4718, 2.4718],
        [  -inf,   -inf, 1.8495, 2.2939, 2.4694, 2.5380, 2.5418, 2.5418, 2.5418,
         2.5418, 2.5418],
        [  -inf,   -inf, 1.8612, 2.3270, 2.5110, 2.5937, 2.6118, 2.6118, 2.6118,
         2.6118, 2.6118],
        [  -inf,   -inf, 1.8698, 2.3601, 2.5525, 2.6353, 2.6675, 2.6675, 2.6675,
         2.6675, 2.6675],
        [  -inf,   -inf, 1.8761, 2.3812, 2.5941, 2.6769, 2.7091, 2.7114, 2.7114,
         2.7114, 2.7114],
        [  -inf,   -inf, 1.8827, 2.4013, 2.6280, 2.7184, 2.7507, 2.7529, 2.7529,
         2.7529, 2.7529],
        [  -inf,   -inf, 1.8872, 2.4214, 2.6611, 2.7523, 2.7923, 2.7945, 2.7945,
         2.7945, 2.7945],
        [  -inf,   -inf, 1.8913, 2.4377, 2.6942, 2.7854, 2.8262, 2.8361, 2.8361,
         2.8361, 2.8361],
        [  -inf,   -inf, 1.8943, 2.4516, 2.7153, 2.8185, 2.8592, 2.8700, 2.8700,
         2.8700, 2.8700],
        [  -inf,   -inf, 1.8982, 2.4642, 2.7354, 2.8432, 2.8923, 2.9031, 2.9031,
         2.9031, 2.9031],
        [  -inf,   -inf, 1.9008, 2.4767, 2.7555, 2.8678, 2.9170, 2.9361, 2.9361,
         2.9361, 2.9361],
        [  -inf,   -inf, 1.9037, 2.4875, 2.7752, 2.8925, 2.9417, 2.9608, 2.9622,
         2.9622, 2.9622],
        [  -inf,   -inf, 1.9066, 2.4992, 2.7948, 2.9172, 2.9664, 2.9855, 2.9869,
         2.9869, 2.9869],
        [  -inf,   -inf, 1.9095, 2.5089, 2.8144, 2.9383, 2.9910, 3.0102, 3.0115,
         3.0115, 3.0115],
        [  -inf,   -inf, 1.9116, 2.5185, 2.8307, 2.9584, 3.0121, 3.0349, 3.0362,
         3.0362, 3.0362],
        [  -inf,   -inf, 1.9136, 2.5271, 2.8446, 2.9786, 3.0323, 3.0560, 3.0609,
         3.0609, 3.0609],
        [  -inf,   -inf, 1.9156, 2.5341, 2.8572, 2.9982, 3.0524, 3.0761, 3.0820,
         3.0820, 3.0820],
        [  -inf,   -inf, 1.9179, 2.5407, 2.8697, 3.0179, 3.0720, 3.0962, 3.1021,
         3.1021, 3.1021],
        [  -inf,   -inf, 1.9193, 2.5475, 2.8816, 3.0375, 3.0917, 3.1159, 3.1223,
         3.1223, 3.1223],
        [  -inf,   -inf, 1.9210, 2.5540, 2.8936, 3.0538, 3.1113, 3.1355, 3.1419,
         3.1419, 3.1419],
        [  -inf,   -inf, 1.9224, 2.5606, 2.9056, 3.0677, 3.1276, 3.1552, 3.1616,
         3.1616, 3.1616],
        [  -inf,   -inf, 1.9240, 2.5670, 2.9163, 3.0802, 3.1423, 3.1715, 3.1812,
         3.1812, 3.1812],
        [  -inf,   -inf, 1.9254, 2.5735, 2.9280, 3.0928, 3.1569, 3.1861, 3.1975,
         3.1975, 3.1975],
        [  -inf,   -inf, 1.9268, 2.5799, 2.9377, 3.1047, 3.1716, 3.2008, 3.2121,
         3.2129, 3.2129],
        [  -inf,   -inf, 1.9280, 2.5850, 2.9474, 3.1167, 3.1863, 3.2154, 3.2268,
         3.2276, 3.2276],
        [  -inf,   -inf, 1.9291, 2.5901, 2.9560, 3.1286, 3.2009, 3.2301, 3.2415,
         3.2423, 3.2423],
        [  -inf,   -inf, 1.9305, 2.5946, 2.9643, 3.1403, 3.2148, 3.2447, 3.2561,
         3.2569, 3.2569],
        [  -inf,   -inf,   -inf, 2.5987, 2.9725, 3.1519, 3.2273, 3.2586, 3.2708,
         3.2716, 3.2716],
        [  -inf,   -inf,   -inf, 2.6027, 2.9808, 3.1636, 3.2399, 3.2712, 3.2847,
         3.2862, 3.2862],
        [  -inf,   -inf,   -inf, 2.6067, 2.9882, 3.1753, 3.2518, 3.2837, 3.2972,
         3.3001, 3.3001],
        [  -inf,   -inf,   -inf, 2.6106, 2.9956, 3.1861, 3.2638, 3.2957, 3.3097,
         3.3127, 3.3127],
        [  -inf,   -inf,   -inf, 2.6144, 3.0031, 3.1978, 3.2757, 3.3076, 3.3217,
         3.3252, 3.3252],
        [  -inf,   -inf,   -inf, 2.6183, 3.0100, 3.2074, 3.2874, 3.3196, 3.3336,
         3.3371, 3.3371],
        [  -inf,   -inf,   -inf, 2.6220, 3.0166, 3.2171, 3.2991, 3.3312, 3.3456,
         3.3491, 3.3491],
        [  -inf,   -inf,   -inf, 2.6252, 3.0234, 3.2257, 3.3107, 3.3429, 3.3573,
         3.3611, 3.3611],
        [  -inf,   -inf,   -inf, 2.6289, 3.0300, 3.2340, 3.3224, 3.3546, 3.3689,
         3.3727, 3.3727],
        [  -inf,   -inf,   -inf, 2.6320, 3.0365, 3.2422, 3.3332, 3.3662, 3.3806,
         3.3844, 3.3844],
        [  -inf,   -inf,   -inf, 2.6347, 3.0429, 3.2505, 3.3449, 3.3771, 3.3922,
         3.3960, 3.3960],
        [  -inf,   -inf,   -inf, 2.6375, 3.0494, 3.2579, 3.3546, 3.3887, 3.4031,
         3.4077, 3.4077],
        [  -inf,   -inf,   -inf, 2.6404, 3.0558, 3.2654, 3.3642, 3.3984, 3.4147,
         3.4185, 3.4185],
        [  -inf,   -inf,   -inf, 2.6433, 3.0616, 3.2728, 3.3728, 3.4081, 3.4244,
         3.4302, 3.4302],
        [  -inf,   -inf,   -inf, 2.6460, 3.0673, 3.2799, 3.3811, 3.4168, 3.4341,
         3.4399, 3.4399],
        [  -inf,   -inf,   -inf, 2.6487, 3.0731, 3.2870, 3.3893, 3.4255, 3.4428,
         3.4496, 3.4496],
        [  -inf,   -inf,   -inf, 2.6512, 3.0782, 3.2941, 3.3976, 3.4342, 3.4515,
         3.4583, 3.4587],
        [  -inf,   -inf,   -inf, 2.6536, 3.0833, 3.3012, 3.4050, 3.4429, 3.4602,
         3.4670, 3.4674],
        [  -inf,   -inf,   -inf, 2.6561, 3.0878, 3.3081, 3.4125, 3.4516, 3.4689,
         3.4757, 3.4761],
        [  -inf,   -inf,   -inf, 2.6585, 3.0919, 3.3147, 3.4199, 3.4603, 3.4776,
         3.4844, 3.4849],
        [  -inf,   -inf,   -inf, 2.6608, 3.0961, 3.3215, 3.4270, 3.4689, 3.4863,
         3.4931, 3.4936],
        [  -inf,   -inf,   -inf, 2.6629, 3.1002, 3.3281, 3.4341, 3.4772, 3.4949,
         3.5018, 3.5023],
        [  -inf,   -inf,   -inf, 2.6649, 3.1041, 3.3346, 3.4412, 3.4854, 3.5032,
         3.5104, 3.5110],
        [  -inf,   -inf,   -inf, 2.6670, 3.1081, 3.3410, 3.4483, 3.4937, 3.5114,
         3.5186, 3.5196],
        [  -inf,   -inf,   -inf, 2.6692, 3.1121, 3.3475, 3.4553, 3.5011, 3.5197,
         3.5269, 3.5278],
        [  -inf,   -inf,   -inf, 2.6712, 3.1161, 3.3539, 3.4622, 3.5085, 3.5271,
         3.5351, 3.5361],
        [  -inf,   -inf,   -inf, 2.6733, 3.1200, 3.3597, 3.4691, 3.5160, 3.5346,
         3.5426, 3.5443],
        [  -inf,   -inf,   -inf, 2.6753, 3.1239, 3.3654, 3.4760, 3.5231, 3.5420,
         3.5500, 3.5518],
        [  -inf,   -inf,   -inf, 2.6772, 3.1278, 3.3712, 3.4830, 3.5302, 3.5491,
         3.5575, 3.5592],
        [  -inf,   -inf,   -inf, 2.6791, 3.1317, 3.3763, 3.4899, 3.5373, 3.5562,
         3.5646, 3.5666],
        [  -inf,   -inf,   -inf, 2.6809, 3.1356, 3.3814, 3.4964, 3.5444, 3.5633,
         3.5717, 3.5737],
        [  -inf,   -inf,   -inf, 2.6827, 3.1395, 3.3863, 3.5032, 3.5513, 3.5704,
         3.5788, 3.5808],
        [  -inf,   -inf,   -inf, 2.6845, 3.1434, 3.3912, 3.5098, 3.5582, 3.5773,
         3.5859, 3.5879],
        [  -inf,   -inf,   -inf, 2.6862, 3.1472, 3.3961, 3.5164, 3.5652, 3.5843,
         3.5928, 3.5950],
        [  -inf,   -inf,   -inf, 2.6879, 3.1511, 3.4010, 3.5228, 3.5721, 3.5912,
         3.5997, 3.6020],
        [  -inf,   -inf,   -inf, 2.6894, 3.1549, 3.4059, 3.5293, 3.5790, 3.5981,
         3.6067, 3.6089],
        [  -inf,   -inf,   -inf, 2.6912, 3.1587, 3.4108, 3.5357, 3.5859, 3.6050,
         3.6136, 3.6158],
        [  -inf,   -inf,   -inf, 2.6929, 3.1624, 3.4153, 3.5414, 3.5925, 3.6120,
         3.6205, 3.6228],
        [  -inf,   -inf,   -inf, 2.6946, 3.1656, 3.4197, 3.5472, 3.5993, 3.6185,
         3.6274, 3.6297],
        [  -inf,   -inf,   -inf, 2.6962, 3.1693, 3.4241, 3.5529, 3.6059, 3.6253,
         3.6340, 3.6366],
        [  -inf,   -inf,   -inf, 2.6977, 3.1724, 3.4286, 3.5580, 3.6124, 3.6319,
         3.6408, 3.6432],
        [  -inf,   -inf,   -inf, 2.6992, 3.1754, 3.4330, 3.5631, 3.6188, 3.6385,
         3.6474, 3.6500],
        [  -inf,   -inf,   -inf, 2.7007, 3.1785, 3.4371, 3.5680, 3.6253, 3.6449,
         3.6539, 3.6565],
        [  -inf,   -inf,   -inf, 2.7023, 3.1815, 3.4412, 3.5729, 3.6317, 3.6514,
         3.6603, 3.6631],
        [  -inf,   -inf,   -inf, 2.7036, 3.1842, 3.4453, 3.5778, 3.6375, 3.6578,
         3.6668, 3.6695],
        [  -inf,   -inf,   -inf, 2.7050, 3.1870, 3.4493, 3.5827, 3.6432, 3.6635,
         3.6732, 3.6760],
        [  -inf,   -inf,   -inf, 2.7064, 3.1899, 3.4533, 3.5877, 3.6490, 3.6693,
         3.6790, 3.6824],
        [  -inf,   -inf,   -inf, 2.7078, 3.1928, 3.4573, 3.5926, 3.6541, 3.6750,
         3.6847, 3.6882],
        [  -inf,   -inf,   -inf, 2.7091, 3.1955, 3.4613, 3.5971, 3.6592, 3.6802,
         3.6905, 3.6939],
        [  -inf,   -inf,   -inf, 2.7104, 3.1982, 3.4652, 3.6015, 3.6641, 3.6854,
         3.6956, 3.6997],
        [  -inf,   -inf,   -inf, 2.7117, 3.2006, 3.4691, 3.6059, 3.6690, 3.6905,
         3.7008, 3.7048],
        [  -inf,   -inf,   -inf, 2.7130, 3.2031, 3.4730, 3.6103, 3.6739, 3.6957,
         3.7060, 3.7100],
        [  -inf,   -inf,   -inf, 2.7142, 3.2056, 3.4769, 3.6147, 3.6788, 3.7009,
         3.7112, 3.7152],
        [  -inf,   -inf,   -inf, 2.7154, 3.2080, 3.4808, 3.6189, 3.6837, 3.7060,
         3.7163, 3.7203],
        [  -inf,   -inf,   -inf, 2.7167, 3.2104, 3.4847, 3.6232, 3.6886, 3.7112,
         3.7215, 3.7255],
        [  -inf,   -inf,   -inf, 2.7180, 3.2127, 3.4886, 3.6274, 3.6931, 3.7163,
         3.7267, 3.7307],
        [  -inf,   -inf,   -inf, 2.7192, 3.2151, 3.4924, 3.6316, 3.6975, 3.7214,
         3.7318, 3.7358],
        [  -inf,   -inf,   -inf, 2.7204, 3.2175, 3.4962, 3.6358, 3.7019, 3.7263,
         3.7369, 3.7409],
        [  -inf,   -inf,   -inf, 2.7217, 3.2199, 3.5000, 3.6399, 3.7064, 3.7312,
         3.7418, 3.7460],
        [  -inf,   -inf,   -inf, 2.7228, 3.2222, 3.5039, 3.6440, 3.7108, 3.7361,
         3.7467, 3.7510],
        [  -inf,   -inf,   -inf, 2.7240, 3.2246, 3.5076, 3.6481, 3.7150, 3.7410,
         3.7516, 3.7559],
        [  -inf,   -inf,   -inf, 2.7252, 3.2269, 3.5110, 3.6521, 3.7192, 3.7459,
         3.7565, 3.7608],
        [  -inf,   -inf,   -inf, 2.7264, 3.2292, 3.5145, 3.6561, 3.7234, 3.7508,
         3.7614, 3.7657],
        [  -inf,   -inf,   -inf, 2.7275, 3.2314, 3.5179, 3.6601, 3.7276, 3.7553,
         3.7663, 3.7706],
        [  -inf,   -inf,   -inf, 2.7285, 3.2338, 3.5213, 3.6641, 3.7319, 3.7597,
         3.7708, 3.7755],
        [  -inf,   -inf,   -inf, 2.7296, 3.2360, 3.5247, 3.6680, 3.7360, 3.7642,
         3.7752, 3.7800],
        [  -inf,   -inf,   -inf, 2.7306, 3.2382, 3.5281, 3.6719, 3.7401, 3.7686,
         3.7796, 3.7844],
        [  -inf,   -inf,   -inf, 2.7315, 3.2403, 3.5312, 3.6758, 3.7442, 3.7730,
         3.7840, 3.7888],
        [  -inf,   -inf,   -inf, 2.7324, 3.2423, 3.5343, 3.6797, 3.7483, 3.7772,
         3.7884, 3.7932],
        [  -inf,   -inf,   -inf, 2.7334, 3.2444, 3.5373, 3.6836, 3.7524, 3.7814,
         3.7927, 3.7976],
        [  -inf,   -inf,   -inf, 2.7343, 3.2466, 3.5403, 3.6875, 3.7566, 3.7856,
         3.7969, 3.8018],
        [  -inf,   -inf,   -inf, 2.7352, 3.2485, 3.5430, 3.6914, 3.7607, 3.7899,
         3.8011, 3.8061],
        [  -inf,   -inf,   -inf, 2.7360, 3.2507, 3.5458, 3.6952, 3.7648, 3.7941,
         3.8053, 3.8103],
        [  -inf,   -inf,   -inf, 2.7370, 3.2526, 3.5487, 3.6991, 3.7689, 3.7982,
         3.8095, 3.8145],
        [  -inf,   -inf,   -inf, 2.7378, 3.2545, 3.5516, 3.7029, 3.7729, 3.8023,
         3.8136, 3.8187],
        [  -inf,   -inf,   -inf, 2.7386, 3.2564, 3.5543, 3.7067, 3.7769, 3.8064,
         3.8178, 3.8228],
        [  -inf,   -inf,   -inf, 2.7395, 3.2583, 3.5570, 3.7104, 3.7808, 3.8105,
         3.8219, 3.8270],
        [  -inf,   -inf,   -inf, 2.7403, 3.2602, 3.5595, 3.7138, 3.7848, 3.8147,
         3.8260, 3.8311],
        [  -inf,   -inf,   -inf, 2.7411, 3.2620, 3.5620, 3.7173, 3.7887, 3.8188,
         3.8301, 3.8352],
        [  -inf,   -inf,   -inf, 2.7419, 3.2638, 3.5644, 3.7207, 3.7926, 3.8229,
         3.8342, 3.8393],
        [  -inf,   -inf,   -inf, 2.7428, 3.2656, 3.5669, 3.7241, 3.7965, 3.8270,
         3.8383, 3.8434],
        [  -inf,   -inf,   -inf, 2.7436, 3.2673, 3.5693, 3.7275, 3.8004, 3.8311,
         3.8424, 3.8475],
        [  -inf,   -inf,   -inf, 2.7443, 3.2691, 3.5717, 3.7310, 3.8043, 3.8351,
         3.8465, 3.8516],
        [  -inf,   -inf,   -inf, 2.7451, 3.2708, 3.5742, 3.7341, 3.8082, 3.8391,
         3.8505, 3.8557],
        [  -inf,   -inf,   -inf, 2.7458, 3.2724, 3.5766, 3.7371, 3.8121, 3.8430,
         3.8545, 3.8597],
        [  -inf,   -inf,   -inf, 2.7465, 3.2741, 3.5789, 3.7401, 3.8159, 3.8470,
         3.8585, 3.8637],
        [  -inf,   -inf,   -inf, 2.7473, 3.2758, 3.5813, 3.7432, 3.8198, 3.8509,
         3.8625, 3.8677],
        [  -inf,   -inf,   -inf, 2.7480, 3.2775, 3.5837, 3.7461, 3.8236, 3.8548,
         3.8664, 3.8717],
        [  -inf,   -inf,   -inf, 2.7487, 3.2791, 3.5860, 3.7490, 3.8274, 3.8587,
         3.8703, 3.8756],
        [  -inf,   -inf,   -inf, 2.7494, 3.2807, 3.5884, 3.7519, 3.8311, 3.8626,
         3.8742, 3.8795],
        [  -inf,   -inf,   -inf, 2.7502, 3.2823, 3.5908, 3.7548, 3.8346, 3.8665,
         3.8781, 3.8834],
        [  -inf,   -inf,   -inf, 2.7508, 3.2839, 3.5931, 3.7577, 3.8380, 3.8704,
         3.8820, 3.8873],
        [  -inf,   -inf,   -inf, 2.7515, 3.2854, 3.5955, 3.7606, 3.8415, 3.8743,
         3.8859, 3.8912],
        [  -inf,   -inf,   -inf, 2.7521, 3.2870, 3.5978, 3.7635, 3.8449, 3.8781,
         3.8898, 3.8951],
        [  -inf,   -inf,   -inf, 2.7527, 3.2885, 3.6001, 3.7664, 3.8483, 3.8820,
         3.8936, 3.8990]])
tensor(0.0094) tensor(3.1775) (64, 7)
