tensor([[  -inf,   -inf,   -inf,   -inf,   -inf,   -inf,   -inf,   -inf,   -inf,
           -inf,   -inf,   -inf,   -inf,   -inf,   -inf,   -inf,   -inf],
        [  -inf, 1.0000, 1.0000, 1.0000, 1.0000, 1.0000, 1.0000, 1.0000, 1.0000,
         1.0000, 1.0000, 1.0000, 1.0000, 1.0000, 1.0000, 1.0000, 1.0000],
        [  -inf,   -inf, 1.5391, 1.5391, 1.5391, 1.5391, 1.5391, 1.5391, 1.5391,
         1.5391, 1.5391, 1.5391, 1.5391, 1.5391, 1.5391, 1.5391, 1.5391],
        [  -inf,   -inf, 1.6491, 1.8297, 1.8297, 1.8297, 1.8297, 1.8297, 1.8297,
         1.8297, 1.8297, 1.8297, 1.8297, 1.8297, 1.8297, 1.8297, 1.8297],
        [  -inf,   -inf, 1.7018, 1.9397, 1.9864, 1.9864, 1.9864, 1.9864, 1.9864,
         1.9864, 1.9864, 1.9864, 1.9864, 1.9864, 1.9864, 1.9864, 1.9864],
        [  -inf,   -inf, 1.7354, 1.9990, 2.0964, 2.0964, 2.0964, 2.0964, 2.0964,
         2.0964, 2.0964, 2.0964, 2.0964, 2.0964, 2.0964, 2.0964, 2.0964],
        [  -inf,   -inf, 1.7613, 2.0583, 2.1557, 2.1809, 2.1809, 2.1809, 2.1809,
         2.1809, 2.1809, 2.1809, 2.1809, 2.1809, 2.1809, 2.1809, 2.1809],
        [  -inf,   -inf, 1.7803, 2.1110, 2.2150, 2.2402, 2.2402, 2.2402, 2.2402,
         2.2402, 2.2402, 2.2402, 2.2402, 2.2402, 2.2402, 2.2402, 2.2402],
        [  -inf,   -inf, 1.7953, 2.1446, 2.2677, 2.2995, 2.2995, 2.2995, 2.2995,
         2.2995, 2.2995, 2.2995, 2.2995, 2.2995, 2.2995, 2.2995, 2.2995],
        [  -inf,   -inf, 1.8077, 2.1730, 2.3013, 2.3522, 2.3522, 2.3522, 2.3522,
         2.3522, 2.3522, 2.3522, 2.3522, 2.3522, 2.3522, 2.3522, 2.3522],
        [  -inf,   -inf, 1.8185, 2.2015, 2.3333, 2.3858, 2.3977, 2.3977, 2.3977,
         2.3977, 2.3977, 2.3977, 2.3977, 2.3977, 2.3977, 2.3977, 2.3977],
        [  -inf,   -inf, 1.8274, 2.2274, 2.3652, 2.4177, 2.4313, 2.4313, 2.4313,
         2.4313, 2.4313, 2.4313, 2.4313, 2.4313, 2.4313, 2.4313, 2.4313],
        [  -inf,   -inf, 1.8345, 2.2464, 2.3972, 2.4497, 2.4633, 2.4633, 2.4633,
         2.4633, 2.4633, 2.4633, 2.4633, 2.4633, 2.4633, 2.4633, 2.4633],
        [  -inf,   -inf, 1.8411, 2.2645, 2.4256, 2.4817, 2.4952, 2.4952, 2.4952,
         2.4952, 2.4952, 2.4952, 2.4952, 2.4952, 2.4952, 2.4952, 2.4952],
        [  -inf,   -inf, 1.8463, 2.2826, 2.4540, 2.5101, 2.5272, 2.5272, 2.5272,
         2.5272, 2.5272, 2.5272, 2.5272, 2.5272, 2.5272, 2.5272, 2.5272],
        [  -inf,   -inf, 1.8518, 2.2976, 2.4799, 2.5385, 2.5556, 2.5556, 2.5556,
         2.5556, 2.5556, 2.5556, 2.5556, 2.5556, 2.5556, 2.5556, 2.5556],
        [  -inf,   -inf, 1.8571, 2.3115, 2.4989, 2.5644, 2.5840, 2.5840, 2.5840,
         2.5840, 2.5840, 2.5840, 2.5840, 2.5840, 2.5840, 2.5840, 2.5840],
        [  -inf,   -inf, 1.8613, 2.3255, 2.5171, 2.5834, 2.6099, 2.6099, 2.6099,
         2.6099, 2.6099, 2.6099, 2.6099, 2.6099, 2.6099, 2.6099, 2.6099],
        [  -inf,   -inf, 1.8641, 2.3379, 2.5352, 2.6015, 2.6289, 2.6345, 2.6345,
         2.6345, 2.6345, 2.6345, 2.6345, 2.6345, 2.6345, 2.6345, 2.6345],
        [  -inf,   -inf, 1.8676, 2.3500, 2.5505, 2.6196, 2.6471, 2.6535, 2.6535,
         2.6535, 2.6535, 2.6535, 2.6535, 2.6535, 2.6535, 2.6535, 2.6535],
        [  -inf,   -inf, 1.8715, 2.3608, 2.5658, 2.6369, 2.6652, 2.6716, 2.6716,
         2.6716, 2.6716, 2.6716, 2.6716, 2.6716, 2.6716, 2.6716, 2.6716],
        [  -inf,   -inf, 1.8740, 2.3710, 2.5811, 2.6541, 2.6824, 2.6897, 2.6897,
         2.6897, 2.6897, 2.6897, 2.6897, 2.6897, 2.6897, 2.6897, 2.6897],
        [  -inf,   -inf, 1.8767, 2.3813, 2.5961, 2.6713, 2.6996, 2.7069, 2.7069,
         2.7069, 2.7069, 2.7069, 2.7069, 2.7069, 2.7069, 2.7069, 2.7069],
        [  -inf,   -inf, 1.8790, 2.3902, 2.6101, 2.6886, 2.7169, 2.7242, 2.7242,
         2.7242, 2.7242, 2.7242, 2.7242, 2.7242, 2.7242, 2.7242, 2.7242],
        [  -inf,   -inf, 1.8814, 2.3983, 2.6240, 2.7039, 2.7341, 2.7414, 2.7414,
         2.7414, 2.7414, 2.7414, 2.7414, 2.7414, 2.7414, 2.7414, 2.7414],
        [  -inf,   -inf, 1.8835, 2.4064, 2.6364, 2.7192, 2.7494, 2.7587, 2.7587,
         2.7587, 2.7587, 2.7587, 2.7587, 2.7587, 2.7587, 2.7587, 2.7587],
        [  -inf,   -inf, 1.8855, 2.4135, 2.6485, 2.7345, 2.7647, 2.7740, 2.7740,
         2.7740, 2.7740, 2.7740, 2.7740, 2.7740, 2.7740, 2.7740, 2.7740],
        [  -inf,   -inf, 1.8870, 2.4201, 2.6593, 2.7495, 2.7801, 2.7893, 2.7893,
         2.7893, 2.7893, 2.7893, 2.7893, 2.7893, 2.7893, 2.7893, 2.7893],
        [  -inf,   -inf, 1.8895, 2.4268, 2.6696, 2.7635, 2.7951, 2.8046, 2.8046,
         2.8046, 2.8046, 2.8046, 2.8046, 2.8046, 2.8046, 2.8046, 2.8046],
        [  -inf,   -inf, 1.8919, 2.4334, 2.6798, 2.7774, 2.8090, 2.8196, 2.8196,
         2.8196, 2.8196, 2.8196, 2.8196, 2.8196, 2.8196, 2.8196, 2.8196],
        [  -inf,   -inf, 1.8931, 2.4393, 2.6896, 2.7898, 2.8230, 2.8336, 2.8336,
         2.8336, 2.8336, 2.8336, 2.8336, 2.8336, 2.8336, 2.8336, 2.8336],
        [  -inf,   -inf, 1.8950, 2.4451, 2.6994, 2.8019, 2.8354, 2.8475, 2.8475,
         2.8475, 2.8475, 2.8475, 2.8475, 2.8475, 2.8475, 2.8475, 2.8475],
        [  -inf,   -inf, 1.8969, 2.4509, 2.7091, 2.8127, 2.8475, 2.8599, 2.8608,
         2.8608, 2.8608, 2.8608, 2.8608, 2.8608, 2.8608, 2.8608, 2.8608],
        [  -inf,   -inf, 1.8992, 2.4567, 2.7180, 2.8230, 2.8583, 2.8720, 2.8732,
         2.8732, 2.8732, 2.8732, 2.8732, 2.8732, 2.8732, 2.8732, 2.8732],
        [  -inf,   -inf,   -inf, 2.4619, 2.7261, 2.8332, 2.8685, 2.8828, 2.8853,
         2.8853, 2.8853, 2.8853, 2.8853, 2.8853, 2.8853, 2.8853, 2.8853],
        [  -inf,   -inf,   -inf, 2.4674, 2.7342, 2.8430, 2.8788, 2.8931, 2.8961,
         2.8961, 2.8961, 2.8961, 2.8961, 2.8961, 2.8961, 2.8961, 2.8961],
        [  -inf,   -inf,   -inf, 2.4727, 2.7417, 2.8528, 2.8885, 2.9033, 2.9063,
         2.9063, 2.9063, 2.9063, 2.9063, 2.9063, 2.9063, 2.9063, 2.9063],
        [  -inf,   -inf,   -inf, 2.4775, 2.7492, 2.8625, 2.8983, 2.9131, 2.9165,
         2.9165, 2.9165, 2.9165, 2.9165, 2.9165, 2.9165, 2.9165, 2.9165],
        [  -inf,   -inf,   -inf, 2.4823, 2.7568, 2.8714, 2.9081, 2.9228, 2.9263,
         2.9263, 2.9263, 2.9263, 2.9263, 2.9263, 2.9263, 2.9263, 2.9263],
        [  -inf,   -inf,   -inf, 2.4865, 2.7639, 2.8797, 2.9173, 2.9326, 2.9361,
         2.9361, 2.9361, 2.9361, 2.9361, 2.9361, 2.9361, 2.9361, 2.9361],
        [  -inf,   -inf,   -inf, 2.4903, 2.7706, 2.8879, 2.9266, 2.9419, 2.9458,
         2.9458, 2.9458, 2.9458, 2.9458, 2.9458, 2.9458, 2.9458, 2.9458],
        [  -inf,   -inf,   -inf, 2.4941, 2.7772, 2.8962, 2.9359, 2.9512, 2.9551,
         2.9551, 2.9551, 2.9551, 2.9551, 2.9551, 2.9551, 2.9551, 2.9551],
        [  -inf,   -inf,   -inf, 2.4978, 2.7838, 2.9045, 2.9452, 2.9605, 2.9644,
         2.9644, 2.9644, 2.9644, 2.9644, 2.9644, 2.9644, 2.9644, 2.9644],
        [  -inf,   -inf,   -inf, 2.5015, 2.7904, 2.9125, 2.9545, 2.9698, 2.9737,
         2.9737, 2.9737, 2.9737, 2.9737, 2.9737, 2.9737, 2.9737, 2.9737],
        [  -inf,   -inf,   -inf, 2.5051, 2.7969, 2.9206, 2.9634, 2.9791, 2.9830,
         2.9830, 2.9830, 2.9830, 2.9830, 2.9830, 2.9830, 2.9830, 2.9830],
        [  -inf,   -inf,   -inf, 2.5086, 2.8034, 2.9282, 2.9717, 2.9880, 2.9923,
         2.9923, 2.9923, 2.9923, 2.9923, 2.9923, 2.9923, 2.9923, 2.9923],
        [  -inf,   -inf,   -inf, 2.5117, 2.8092, 2.9357, 2.9799, 2.9962, 3.0012,
         3.0012, 3.0012, 3.0012, 3.0012, 3.0012, 3.0012, 3.0012, 3.0012],
        [  -inf,   -inf,   -inf, 2.5153, 2.8151, 2.9432, 2.9882, 3.0045, 3.0095,
         3.0095, 3.0095, 3.0095, 3.0095, 3.0095, 3.0095, 3.0095, 3.0095],
        [  -inf,   -inf,   -inf, 2.5188, 2.8209, 2.9503, 2.9964, 3.0127, 3.0177,
         3.0177, 3.0177, 3.0177, 3.0177, 3.0177, 3.0177, 3.0177, 3.0177],
        [  -inf,   -inf,   -inf, 2.5218, 2.8267, 2.9570, 3.0045, 3.0210, 3.0260,
         3.0260, 3.0260, 3.0260, 3.0260, 3.0260, 3.0260, 3.0260, 3.0260],
        [  -inf,   -inf,   -inf, 2.5247, 2.8322, 2.9637, 3.0126, 3.0291, 3.0342,
         3.0342, 3.0342, 3.0342, 3.0342, 3.0342, 3.0342, 3.0342, 3.0342],
        [  -inf,   -inf,   -inf, 2.5276, 2.8377, 2.9703, 3.0201, 3.0372, 3.0423,
         3.0423, 3.0423, 3.0423, 3.0423, 3.0423, 3.0423, 3.0423, 3.0423],
        [  -inf,   -inf,   -inf, 2.5304, 2.8432, 2.9768, 3.0277, 3.0447, 3.0504,
         3.0504, 3.0504, 3.0504, 3.0504, 3.0504, 3.0504, 3.0504, 3.0504],
        [  -inf,   -inf,   -inf, 2.5333, 2.8484, 2.9833, 3.0352, 3.0522, 3.0579,
         3.0579, 3.0579, 3.0579, 3.0579, 3.0579, 3.0579, 3.0579, 3.0579],
        [  -inf,   -inf,   -inf, 2.5361, 2.8539, 2.9898, 3.0423, 3.0597, 3.0655,
         3.0655, 3.0655, 3.0655, 3.0655, 3.0655, 3.0655, 3.0655, 3.0655],
        [  -inf,   -inf,   -inf, 2.5390, 2.8592, 2.9957, 3.0490, 3.0668, 3.0730,
         3.0730, 3.0730, 3.0730, 3.0730, 3.0730, 3.0730, 3.0730, 3.0730],
        [  -inf,   -inf,   -inf, 2.5418, 2.8640, 3.0015, 3.0557, 3.0735, 3.0801,
         3.0801, 3.0801, 3.0801, 3.0801, 3.0801, 3.0801, 3.0801, 3.0801],
        [  -inf,   -inf,   -inf, 2.5446, 2.8688, 3.0073, 3.0623, 3.0802, 3.0868,
         3.0872, 3.0872, 3.0872, 3.0872, 3.0872, 3.0872, 3.0872, 3.0872],
        [  -inf,   -inf,   -inf, 2.5471, 2.8732, 3.0131, 3.0688, 3.0868, 3.0934,
         3.0939, 3.0939, 3.0939, 3.0939, 3.0939, 3.0939, 3.0939, 3.0939],
        [  -inf,   -inf,   -inf, 2.5498, 2.8775, 3.0186, 3.0753, 3.0933, 3.1000,
         3.1006, 3.1006, 3.1006, 3.1006, 3.1006, 3.1006, 3.1006, 3.1006],
        [  -inf,   -inf,   -inf, 2.5521, 2.8819, 3.0241, 3.0818, 3.0999, 3.1066,
         3.1072, 3.1072, 3.1072, 3.1072, 3.1072, 3.1072, 3.1072, 3.1072],
        [  -inf,   -inf,   -inf, 2.5545, 2.8861, 3.0296, 3.0877, 3.1064, 3.1131,
         3.1137, 3.1137, 3.1137, 3.1137, 3.1137, 3.1137, 3.1137, 3.1137],
        [  -inf,   -inf,   -inf, 2.5567, 2.8899, 3.0349, 3.0935, 3.1122, 3.1196,
         3.1202, 3.1202, 3.1202, 3.1202, 3.1202, 3.1202, 3.1202, 3.1202],
        [  -inf,   -inf,   -inf, 2.5590, 2.8937, 3.0403, 3.0993, 3.1180, 3.1254,
         3.1268, 3.1268, 3.1268, 3.1268, 3.1268, 3.1268, 3.1268, 3.1268],
        [  -inf,   -inf,   -inf, 2.5611, 2.8974, 3.0456, 3.1051, 3.1238, 3.1313,
         3.1326, 3.1326, 3.1326, 3.1326, 3.1326, 3.1326, 3.1326, 3.1326],
        [  -inf,   -inf,   -inf, 2.5632, 2.9011, 3.0509, 3.1106, 3.1296, 3.1371,
         3.1384, 3.1384, 3.1384, 3.1384, 3.1384, 3.1384, 3.1384, 3.1384],
        [  -inf,   -inf,   -inf, 2.5653, 2.9047, 3.0562, 3.1161, 3.1351, 3.1429,
         3.1442, 3.1442, 3.1442, 3.1442, 3.1442, 3.1442, 3.1442, 3.1442],
        [  -inf,   -inf,   -inf, 2.5674, 2.9083, 3.0614, 3.1216, 3.1407, 3.1484,
         3.1500, 3.1500, 3.1500, 3.1500, 3.1500, 3.1500, 3.1500, 3.1500],
        [  -inf,   -inf,   -inf, 2.5695, 2.9120, 3.0667, 3.1269, 3.1462, 3.1539,
         3.1555, 3.1555, 3.1555, 3.1555, 3.1555, 3.1555, 3.1555, 3.1555],
        [  -inf,   -inf,   -inf, 2.5716, 2.9155, 3.0715, 3.1323, 3.1515, 3.1594,
         3.1610, 3.1610, 3.1610, 3.1610, 3.1610, 3.1610, 3.1610, 3.1610],
        [  -inf,   -inf,   -inf, 2.5737, 2.9191, 3.0763, 3.1376, 3.1569, 3.1647,
         3.1666, 3.1666, 3.1666, 3.1666, 3.1666, 3.1666, 3.1666, 3.1666],
        [  -inf,   -inf,   -inf, 2.5758, 2.9222, 3.0807, 3.1429, 3.1622, 3.1701,
         3.1718, 3.1718, 3.1718, 3.1718, 3.1718, 3.1718, 3.1718, 3.1718],
        [  -inf,   -inf,   -inf, 2.5777, 2.9257, 3.0850, 3.1482, 3.1675, 3.1754,
         3.1773, 3.1773, 3.1773, 3.1773, 3.1773, 3.1773, 3.1773, 3.1773],
        [  -inf,   -inf,   -inf, 2.5794, 2.9293, 3.0894, 3.1534, 3.1727, 3.1807,
         3.1826, 3.1826, 3.1826, 3.1826, 3.1826, 3.1826, 3.1826, 3.1826],
        [  -inf,   -inf,   -inf, 2.5813, 2.9324, 3.0936, 3.1587, 3.1780, 3.1860,
         3.1878, 3.1878, 3.1878, 3.1878, 3.1878, 3.1878, 3.1878, 3.1878],
        [  -inf,   -inf,   -inf, 2.5832, 2.9355, 3.0976, 3.1635, 3.1832, 3.1912,
         3.1931, 3.1931, 3.1931, 3.1931, 3.1931, 3.1931, 3.1931, 3.1931],
        [  -inf,   -inf,   -inf, 2.5850, 2.9387, 3.1017, 3.1683, 3.1883, 3.1965,
         3.1983, 3.1983, 3.1983, 3.1983, 3.1983, 3.1983, 3.1983, 3.1983],
        [  -inf,   -inf,   -inf, 2.5867, 2.9418, 3.1058, 3.1727, 3.1933, 3.2015,
         3.2036, 3.2036, 3.2036, 3.2036, 3.2036, 3.2036, 3.2036, 3.2036],
        [  -inf,   -inf,   -inf, 2.5886, 2.9449, 3.1098, 3.1772, 3.1983, 3.2065,
         3.2086, 3.2086, 3.2086, 3.2086, 3.2086, 3.2086, 3.2086, 3.2086],
        [  -inf,   -inf,   -inf, 2.5905, 2.9481, 3.1136, 3.1816, 3.2033, 3.2115,
         3.2136, 3.2136, 3.2136, 3.2136, 3.2136, 3.2136, 3.2136, 3.2136],
        [  -inf,   -inf,   -inf, 2.5922, 2.9512, 3.1175, 3.1861, 3.2083, 3.2165,
         3.2186, 3.2186, 3.2186, 3.2186, 3.2186, 3.2186, 3.2186, 3.2186],
        [  -inf,   -inf,   -inf, 2.5940, 2.9543, 3.1212, 3.1906, 3.2133, 3.2215,
         3.2236, 3.2236, 3.2236, 3.2236, 3.2236, 3.2236, 3.2236, 3.2236],
        [  -inf,   -inf,   -inf, 2.5956, 2.9574, 3.1249, 3.1949, 3.2181, 3.2265,
         3.2287, 3.2287, 3.2287, 3.2287, 3.2287, 3.2287, 3.2287, 3.2287],
        [  -inf,   -inf,   -inf, 2.5973, 2.9604, 3.1285, 3.1993, 3.2229, 3.2313,
         3.2337, 3.2337, 3.2337, 3.2337, 3.2337, 3.2337, 3.2337, 3.2337],
        [  -inf,   -inf,   -inf, 2.5988, 2.9633, 3.1321, 3.2036, 3.2273, 3.2361,
         3.2385, 3.2385, 3.2385, 3.2385, 3.2385, 3.2385, 3.2385, 3.2385],
        [  -inf,   -inf,   -inf, 2.6003, 2.9662, 3.1357, 3.2078, 3.2318, 3.2406,
         3.2433, 3.2433, 3.2433, 3.2433, 3.2433, 3.2433, 3.2433, 3.2433],
        [  -inf,   -inf,   -inf, 2.6016, 2.9690, 3.1392, 3.2119, 3.2362, 3.2450,
         3.2477, 3.2477, 3.2477, 3.2477, 3.2477, 3.2477, 3.2477, 3.2477],
        [  -inf,   -inf,   -inf, 2.6031, 2.9719, 3.1428, 3.2159, 3.2407, 3.2495,
         3.2522, 3.2522, 3.2522, 3.2522, 3.2522, 3.2522, 3.2522, 3.2522],
        [  -inf,   -inf,   -inf, 2.6044, 2.9747, 3.1463, 3.2200, 3.2452, 3.2539,
         3.2566, 3.2566, 3.2566, 3.2566, 3.2566, 3.2566, 3.2566, 3.2566],
        [  -inf,   -inf,   -inf, 2.6058, 2.9776, 3.1498, 3.2241, 3.2495, 3.2584,
         3.2611, 3.2611, 3.2611, 3.2611, 3.2611, 3.2611, 3.2611, 3.2611],
        [  -inf,   -inf,   -inf, 2.6072, 2.9804, 3.1533, 3.2279, 3.2539, 3.2627,
         3.2655, 3.2655, 3.2655, 3.2655, 3.2655, 3.2655, 3.2655, 3.2655],
        [  -inf,   -inf,   -inf, 2.6085, 2.9832, 3.1569, 3.2317, 3.2582, 3.2671,
         3.2699, 3.2699, 3.2699, 3.2699, 3.2699, 3.2699, 3.2699, 3.2699],
        [  -inf,   -inf,   -inf, 2.6099, 2.9857, 3.1604, 3.2354, 3.2624, 3.2715,
         3.2742, 3.2742, 3.2742, 3.2742, 3.2742, 3.2742, 3.2742, 3.2742],
        [  -inf,   -inf,   -inf, 2.6112, 2.9884, 3.1639, 3.2391, 3.2665, 3.2757,
         3.2786, 3.2786, 3.2786, 3.2786, 3.2786, 3.2786, 3.2786, 3.2786],
        [  -inf,   -inf,   -inf, 2.6125, 2.9909, 3.1671, 3.2427, 3.2705, 3.2797,
         3.2828, 3.2828, 3.2828, 3.2828, 3.2828, 3.2828, 3.2828, 3.2828],
        [  -inf,   -inf,   -inf, 2.6138, 2.9935, 3.1706, 3.2463, 3.2746, 3.2838,
         3.2869, 3.2869, 3.2869, 3.2869, 3.2869, 3.2869, 3.2869, 3.2869],
        [  -inf,   -inf,   -inf, 2.6150, 2.9961, 3.1741, 3.2499, 3.2787, 3.2878,
         3.2909, 3.2909, 3.2909, 3.2909, 3.2909, 3.2909, 3.2909, 3.2909],
        [  -inf,   -inf,   -inf, 2.6163, 2.9984, 3.1772, 3.2535, 3.2825, 3.2919,
         3.2950, 3.2950, 3.2950, 3.2950, 3.2950, 3.2950, 3.2950, 3.2950],
        [  -inf,   -inf,   -inf, 2.6176, 3.0008, 3.1804, 3.2570, 3.2863, 3.2957,
         3.2990, 3.2990, 3.2990, 3.2990, 3.2990, 3.2990, 3.2990, 3.2990],
        [  -inf,   -inf,   -inf, 2.6188, 3.0031, 3.1835, 3.2606, 3.2900, 3.2996,
         3.3029, 3.3029, 3.3029, 3.3029, 3.3029, 3.3029, 3.3029, 3.3029],
        [  -inf,   -inf,   -inf, 2.6200, 3.0053, 3.1866, 3.2641, 3.2937, 3.3032,
         3.3067, 3.3067, 3.3067, 3.3067, 3.3067, 3.3067, 3.3067, 3.3067],
        [  -inf,   -inf,   -inf, 2.6212, 3.0075, 3.1898, 3.2676, 3.2973, 3.3069,
         3.3104, 3.3105, 3.3105, 3.3105, 3.3105, 3.3105, 3.3105, 3.3105],
        [  -inf,   -inf,   -inf, 2.6223, 3.0096, 3.1929, 3.2711, 3.3009, 3.3105,
         3.3141, 3.3142, 3.3142, 3.3142, 3.3142, 3.3142, 3.3142, 3.3142],
        [  -inf,   -inf,   -inf, 2.6235, 3.0116, 3.1960, 3.2746, 3.3045, 3.3142,
         3.3177, 3.3179, 3.3179, 3.3179, 3.3179, 3.3179, 3.3179, 3.3179],
        [  -inf,   -inf,   -inf, 2.6246, 3.0137, 3.1991, 3.2781, 3.3081, 3.3178,
         3.3213, 3.3215, 3.3215, 3.3215, 3.3215, 3.3215, 3.3215, 3.3215],
        [  -inf,   -inf,   -inf, 2.6257, 3.0158, 3.2023, 3.2813, 3.3116, 3.3213,
         3.3249, 3.3251, 3.3251, 3.3251, 3.3251, 3.3251, 3.3251, 3.3251],
        [  -inf,   -inf,   -inf, 2.6269, 3.0180, 3.2052, 3.2848, 3.3152, 3.3249,
         3.3284, 3.3287, 3.3287, 3.3287, 3.3287, 3.3287, 3.3287, 3.3287],
        [  -inf,   -inf,   -inf, 2.6280, 3.0200, 3.2082, 3.2883, 3.3187, 3.3284,
         3.3320, 3.3323, 3.3323, 3.3323, 3.3323, 3.3323, 3.3323, 3.3323],
        [  -inf,   -inf,   -inf, 2.6291, 3.0221, 3.2112, 3.2915, 3.3222, 3.3319,
         3.3355, 3.3359, 3.3359, 3.3359, 3.3359, 3.3359, 3.3359, 3.3359],
        [  -inf,   -inf,   -inf, 2.6302, 3.0242, 3.2142, 3.2946, 3.3257, 3.3354,
         3.3390, 3.3394, 3.3394, 3.3394, 3.3394, 3.3394, 3.3394, 3.3394],
        [  -inf,   -inf,   -inf, 2.6312, 3.0263, 3.2171, 3.2978, 3.3292, 3.3389,
         3.3426, 3.3429, 3.3429, 3.3429, 3.3429, 3.3429, 3.3429, 3.3429],
        [  -inf,   -inf,   -inf, 2.6322, 3.0283, 3.2200, 3.3009, 3.3327, 3.3425,
         3.3461, 3.3464, 3.3464, 3.3464, 3.3464, 3.3464, 3.3464, 3.3464],
        [  -inf,   -inf,   -inf, 2.6332, 3.0303, 3.2229, 3.3040, 3.3359, 3.3460,
         3.3496, 3.3499, 3.3499, 3.3499, 3.3499, 3.3499, 3.3499, 3.3499],
        [  -inf,   -inf,   -inf, 2.6342, 3.0323, 3.2258, 3.3071, 3.3394, 3.3491,
         3.3531, 3.3534, 3.3534, 3.3534, 3.3534, 3.3534, 3.3534, 3.3534],
        [  -inf,   -inf,   -inf, 2.6352, 3.0343, 3.2286, 3.3103, 3.3429, 3.3527,
         3.3563, 3.3570, 3.3570, 3.3570, 3.3570, 3.3570, 3.3570, 3.3570],
        [  -inf,   -inf,   -inf, 2.6362, 3.0363, 3.2315, 3.3134, 3.3461, 3.3562,
         3.3598, 3.3601, 3.3601, 3.3601, 3.3601, 3.3601, 3.3601, 3.3601],
        [  -inf,   -inf,   -inf, 2.6372, 3.0383, 3.2343, 3.3165, 3.3492, 3.3593,
         3.3633, 3.3636, 3.3636, 3.3636, 3.3636, 3.3636, 3.3636, 3.3636],
        [  -inf,   -inf,   -inf, 2.6382, 3.0403, 3.2371, 3.3195, 3.3524, 3.3624,
         3.3664, 3.3672, 3.3672, 3.3672, 3.3672, 3.3672, 3.3672, 3.3672],
        [  -inf,   -inf,   -inf, 2.6392, 3.0422, 3.2399, 3.3225, 3.3555, 3.3656,
         3.3696, 3.3703, 3.3703, 3.3703, 3.3703, 3.3703, 3.3703, 3.3703],
        [  -inf,   -inf,   -inf, 2.6401, 3.0441, 3.2425, 3.3254, 3.3586, 3.3687,
         3.3727, 3.3734, 3.3734, 3.3734, 3.3734, 3.3734, 3.3734, 3.3734],
        [  -inf,   -inf,   -inf, 2.6410, 3.0460, 3.2451, 3.3284, 3.3617, 3.3718,
         3.3758, 3.3766, 3.3766, 3.3766, 3.3766, 3.3766, 3.3766, 3.3766],
        [  -inf,   -inf,   -inf, 2.6419, 3.0479, 3.2477, 3.3314, 3.3649, 3.3750,
         3.3790, 3.3797, 3.3797, 3.3797, 3.3797, 3.3797, 3.3797, 3.3797],
        [  -inf,   -inf,   -inf, 2.6427, 3.0497, 3.2503, 3.3342, 3.3680, 3.3781,
         3.3821, 3.3828, 3.3828, 3.3828, 3.3828, 3.3828, 3.3828, 3.3828],
        [  -inf,   -inf,   -inf, 2.6435, 3.0515, 3.2528, 3.3371, 3.3711, 3.3812,
         3.3852, 3.3859, 3.3859, 3.3859, 3.3859, 3.3859, 3.3859, 3.3859],
        [  -inf,   -inf,   -inf, 2.6443, 3.0534, 3.2552, 3.3400, 3.3741, 3.3843,
         3.3883, 3.3891, 3.3891, 3.3891, 3.3891, 3.3891, 3.3891, 3.3891],
        [  -inf,   -inf,   -inf, 2.6451, 3.0552, 3.2575, 3.3429, 3.3771, 3.3873,
         3.3915, 3.3922, 3.3922, 3.3922, 3.3922, 3.3922, 3.3922, 3.3922],
        [  -inf,   -inf,   -inf, 2.6458, 3.0570, 3.2599, 3.3457, 3.3800, 3.3903,
         3.3944, 3.3953, 3.3953, 3.3953, 3.3953, 3.3953, 3.3953, 3.3953],
        [  -inf,   -inf,   -inf, 2.6466, 3.0588, 3.2622, 3.3486, 3.3830, 3.3933,
         3.3974, 3.3983, 3.3983, 3.3983, 3.3983, 3.3983, 3.3983, 3.3983],
        [  -inf,   -inf,   -inf, 2.6473, 3.0607, 3.2646, 3.3514, 3.3860, 3.3962,
         3.4004, 3.4013, 3.4013, 3.4013, 3.4013, 3.4013, 3.4013, 3.4013]])
tensor(0.0095) tensor(3.1326) (64, 9)
