tensor([[  -inf,   -inf,   -inf,   -inf,   -inf,   -inf,   -inf,   -inf,   -inf,
           -inf,   -inf,   -inf,   -inf,   -inf,   -inf,   -inf,   -inf],
        [  -inf, 1.0000, 1.0000, 1.0000, 1.0000, 1.0000, 1.0000, 1.0000, 1.0000,
         1.0000, 1.0000, 1.0000, 1.0000, 1.0000, 1.0000, 1.0000, 1.0000],
        [  -inf,   -inf, 1.5391, 1.5391, 1.5391, 1.5391, 1.5391, 1.5391, 1.5391,
         1.5391, 1.5391, 1.5391, 1.5391, 1.5391, 1.5391, 1.5391, 1.5391],
        [  -inf,   -inf, 1.6491, 1.8297, 1.8297, 1.8297, 1.8297, 1.8297, 1.8297,
         1.8297, 1.8297, 1.8297, 1.8297, 1.8297, 1.8297, 1.8297, 1.8297],
        [  -inf,   -inf, 1.7018, 1.9397, 1.9864, 1.9864, 1.9864, 1.9864, 1.9864,
         1.9864, 1.9864, 1.9864, 1.9864, 1.9864, 1.9864, 1.9864, 1.9864],
        [  -inf,   -inf, 1.7354, 1.9990, 2.0964, 2.0964, 2.0964, 2.0964, 2.0964,
         2.0964, 2.0964, 2.0964, 2.0964, 2.0964, 2.0964, 2.0964, 2.0964],
        [  -inf,   -inf, 1.7613, 2.0583, 2.1557, 2.1809, 2.1809, 2.1809, 2.1809,
         2.1809, 2.1809, 2.1809, 2.1809, 2.1809, 2.1809, 2.1809, 2.1809],
        [  -inf,   -inf, 1.7803, 2.1110, 2.2150, 2.2402, 2.2402, 2.2402, 2.2402,
         2.2402, 2.2402, 2.2402, 2.2402, 2.2402, 2.2402, 2.2402, 2.2402],
        [  -inf,   -inf, 1.7953, 2.1446, 2.2677, 2.2995, 2.2995, 2.2995, 2.2995,
         2.2995, 2.2995, 2.2995, 2.2995, 2.2995, 2.2995, 2.2995, 2.2995],
        [  -inf,   -inf, 1.8077, 2.1730, 2.3013, 2.3522, 2.3522, 2.3522, 2.3522,
         2.3522, 2.3522, 2.3522, 2.3522, 2.3522, 2.3522, 2.3522, 2.3522],
        [  -inf,   -inf, 1.8185, 2.2015, 2.3333, 2.3858, 2.3977, 2.3977, 2.3977,
         2.3977, 2.3977, 2.3977, 2.3977, 2.3977, 2.3977, 2.3977, 2.3977],
        [  -inf,   -inf, 1.8274, 2.2274, 2.3652, 2.4177, 2.4313, 2.4313, 2.4313,
         2.4313, 2.4313, 2.4313, 2.4313, 2.4313, 2.4313, 2.4313, 2.4313],
        [  -inf,   -inf, 1.8345, 2.2464, 2.3972, 2.4497, 2.4633, 2.4633, 2.4633,
         2.4633, 2.4633, 2.4633, 2.4633, 2.4633, 2.4633, 2.4633, 2.4633],
        [  -inf,   -inf, 1.8411, 2.2645, 2.4256, 2.4817, 2.4952, 2.4952, 2.4952,
         2.4952, 2.4952, 2.4952, 2.4952, 2.4952, 2.4952, 2.4952, 2.4952],
        [  -inf,   -inf, 1.8463, 2.2826, 2.4540, 2.5101, 2.5272, 2.5272, 2.5272,
         2.5272, 2.5272, 2.5272, 2.5272, 2.5272, 2.5272, 2.5272, 2.5272],
        [  -inf,   -inf, 1.8518, 2.2976, 2.4799, 2.5385, 2.5556, 2.5556, 2.5556,
         2.5556, 2.5556, 2.5556, 2.5556, 2.5556, 2.5556, 2.5556, 2.5556],
        [  -inf,   -inf, 1.8571, 2.3115, 2.4989, 2.5644, 2.5840, 2.5840, 2.5840,
         2.5840, 2.5840, 2.5840, 2.5840, 2.5840, 2.5840, 2.5840, 2.5840],
        [  -inf,   -inf, 1.8613, 2.3255, 2.5171, 2.5834, 2.6099, 2.6099, 2.6099,
         2.6099, 2.6099, 2.6099, 2.6099, 2.6099, 2.6099, 2.6099, 2.6099],
        [  -inf,   -inf, 1.8641, 2.3379, 2.5352, 2.6015, 2.6289, 2.6345, 2.6345,
         2.6345, 2.6345, 2.6345, 2.6345, 2.6345, 2.6345, 2.6345, 2.6345],
        [  -inf,   -inf, 1.8676, 2.3500, 2.5505, 2.6196, 2.6471, 2.6535, 2.6535,
         2.6535, 2.6535, 2.6535, 2.6535, 2.6535, 2.6535, 2.6535, 2.6535],
        [  -inf,   -inf, 1.8715, 2.3608, 2.5658, 2.6369, 2.6652, 2.6716, 2.6716,
         2.6716, 2.6716, 2.6716, 2.6716, 2.6716, 2.6716, 2.6716, 2.6716],
        [  -inf,   -inf, 1.8740, 2.3710, 2.5811, 2.6541, 2.6824, 2.6897, 2.6897,
         2.6897, 2.6897, 2.6897, 2.6897, 2.6897, 2.6897, 2.6897, 2.6897],
        [  -inf,   -inf, 1.8767, 2.3813, 2.5961, 2.6713, 2.6996, 2.7069, 2.7069,
         2.7069, 2.7069, 2.7069, 2.7069, 2.7069, 2.7069, 2.7069, 2.7069],
        [  -inf,   -inf, 1.8790, 2.3902, 2.6101, 2.6886, 2.7169, 2.7242, 2.7242,
         2.7242, 2.7242, 2.7242, 2.7242, 2.7242, 2.7242, 2.7242, 2.7242],
        [  -inf,   -inf, 1.8814, 2.3983, 2.6240, 2.7039, 2.7341, 2.7414, 2.7414,
         2.7414, 2.7414, 2.7414, 2.7414, 2.7414, 2.7414, 2.7414, 2.7414],
        [  -inf,   -inf, 1.8835, 2.4064, 2.6364, 2.7192, 2.7494, 2.7587, 2.7587,
         2.7587, 2.7587, 2.7587, 2.7587, 2.7587, 2.7587, 2.7587, 2.7587],
        [  -inf,   -inf, 1.8855, 2.4135, 2.6485, 2.7345, 2.7647, 2.7740, 2.7740,
         2.7740, 2.7740, 2.7740, 2.7740, 2.7740, 2.7740, 2.7740, 2.7740],
        [  -inf,   -inf, 1.8870, 2.4201, 2.6593, 2.7495, 2.7801, 2.7893, 2.7893,
         2.7893, 2.7893, 2.7893, 2.7893, 2.7893, 2.7893, 2.7893, 2.7893],
        [  -inf,   -inf, 1.8895, 2.4268, 2.6696, 2.7635, 2.7951, 2.8046, 2.8046,
         2.8046, 2.8046, 2.8046, 2.8046, 2.8046, 2.8046, 2.8046, 2.8046],
        [  -inf,   -inf, 1.8919, 2.4334, 2.6798, 2.7774, 2.8090, 2.8196, 2.8196,
         2.8196, 2.8196, 2.8196, 2.8196, 2.8196, 2.8196, 2.8196, 2.8196],
        [  -inf,   -inf, 1.8931, 2.4393, 2.6896, 2.7898, 2.8230, 2.8336, 2.8336,
         2.8336, 2.8336, 2.8336, 2.8336, 2.8336, 2.8336, 2.8336, 2.8336],
        [  -inf,   -inf, 1.8950, 2.4451, 2.6994, 2.8019, 2.8354, 2.8475, 2.8475,
         2.8475, 2.8475, 2.8475, 2.8475, 2.8475, 2.8475, 2.8475, 2.8475],
        [  -inf,   -inf, 1.8969, 2.4509, 2.7091, 2.8127, 2.8475, 2.8599, 2.8608,
         2.8608, 2.8608, 2.8608, 2.8608, 2.8608, 2.8608, 2.8608, 2.8608],
        [  -inf,   -inf, 1.8992, 2.4567, 2.7180, 2.8230, 2.8583, 2.8720, 2.8732,
         2.8732, 2.8732, 2.8732, 2.8732, 2.8732, 2.8732, 2.8732, 2.8732],
        [  -inf,   -inf,   -inf, 2.4619, 2.7261, 2.8332, 2.8685, 2.8828, 2.8853,
         2.8853, 2.8853, 2.8853, 2.8853, 2.8853, 2.8853, 2.8853, 2.8853],
        [  -inf,   -inf,   -inf, 2.4674, 2.7342, 2.8430, 2.8788, 2.8931, 2.8961,
         2.8961, 2.8961, 2.8961, 2.8961, 2.8961, 2.8961, 2.8961, 2.8961],
        [  -inf,   -inf,   -inf, 2.4727, 2.7417, 2.8528, 2.8885, 2.9033, 2.9063,
         2.9063, 2.9063, 2.9063, 2.9063, 2.9063, 2.9063, 2.9063, 2.9063],
        [  -inf,   -inf,   -inf, 2.4775, 2.7492, 2.8625, 2.8983, 2.9131, 2.9165,
         2.9165, 2.9165, 2.9165, 2.9165, 2.9165, 2.9165, 2.9165, 2.9165],
        [  -inf,   -inf,   -inf, 2.4823, 2.7568, 2.8714, 2.9081, 2.9228, 2.9263,
         2.9263, 2.9263, 2.9263, 2.9263, 2.9263, 2.9263, 2.9263, 2.9263],
        [  -inf,   -inf,   -inf, 2.4865, 2.7639, 2.8797, 2.9173, 2.9326, 2.9361,
         2.9361, 2.9361, 2.9361, 2.9361, 2.9361, 2.9361, 2.9361, 2.9361],
        [  -inf,   -inf,   -inf, 2.4903, 2.7706, 2.8879, 2.9266, 2.9419, 2.9458,
         2.9458, 2.9458, 2.9458, 2.9458, 2.9458, 2.9458, 2.9458, 2.9458],
        [  -inf,   -inf,   -inf, 2.4941, 2.7772, 2.8962, 2.9359, 2.9512, 2.9551,
         2.9551, 2.9551, 2.9551, 2.9551, 2.9551, 2.9551, 2.9551, 2.9551],
        [  -inf,   -inf,   -inf, 2.4978, 2.7838, 2.9045, 2.9452, 2.9605, 2.9644,
         2.9644, 2.9644, 2.9644, 2.9644, 2.9644, 2.9644, 2.9644, 2.9644],
        [  -inf,   -inf,   -inf, 2.5015, 2.7904, 2.9125, 2.9545, 2.9698, 2.9737,
         2.9737, 2.9737, 2.9737, 2.9737, 2.9737, 2.9737, 2.9737, 2.9737],
        [  -inf,   -inf,   -inf, 2.5051, 2.7969, 2.9206, 2.9634, 2.9791, 2.9830,
         2.9830, 2.9830, 2.9830, 2.9830, 2.9830, 2.9830, 2.9830, 2.9830],
        [  -inf,   -inf,   -inf, 2.5086, 2.8034, 2.9282, 2.9717, 2.9880, 2.9923,
         2.9923, 2.9923, 2.9923, 2.9923, 2.9923, 2.9923, 2.9923, 2.9923],
        [  -inf,   -inf,   -inf, 2.5117, 2.8092, 2.9357, 2.9799, 2.9962, 3.0012,
         3.0012, 3.0012, 3.0012, 3.0012, 3.0012, 3.0012, 3.0012, 3.0012],
        [  -inf,   -inf,   -inf, 2.5153, 2.8151, 2.9432, 2.9882, 3.0045, 3.0095,
         3.0095, 3.0095, 3.0095, 3.0095, 3.0095, 3.0095, 3.0095, 3.0095],
        [  -inf,   -inf,   -inf, 2.5188, 2.8209, 2.9503, 2.9964, 3.0127, 3.0177,
         3.0177, 3.0177, 3.0177, 3.0177, 3.0177, 3.0177, 3.0177, 3.0177],
        [  -inf,   -inf,   -inf, 2.5218, 2.8267, 2.9570, 3.0045, 3.0210, 3.0260,
         3.0260, 3.0260, 3.0260, 3.0260, 3.0260, 3.0260, 3.0260, 3.0260],
        [  -inf,   -inf,   -inf, 2.5247, 2.8322, 2.9637, 3.0126, 3.0291, 3.0342,
         3.0342, 3.0342, 3.0342, 3.0342, 3.0342, 3.0342, 3.0342, 3.0342],
        [  -inf,   -inf,   -inf, 2.5276, 2.8377, 2.9703, 3.0201, 3.0372, 3.0423,
         3.0423, 3.0423, 3.0423, 3.0423, 3.0423, 3.0423, 3.0423, 3.0423],
        [  -inf,   -inf,   -inf, 2.5304, 2.8432, 2.9768, 3.0277, 3.0447, 3.0504,
         3.0504, 3.0504, 3.0504, 3.0504, 3.0504, 3.0504, 3.0504, 3.0504],
        [  -inf,   -inf,   -inf, 2.5333, 2.8484, 2.9833, 3.0352, 3.0522, 3.0579,
         3.0579, 3.0579, 3.0579, 3.0579, 3.0579, 3.0579, 3.0579, 3.0579],
        [  -inf,   -inf,   -inf, 2.5361, 2.8539, 2.9898, 3.0423, 3.0597, 3.0655,
         3.0655, 3.0655, 3.0655, 3.0655, 3.0655, 3.0655, 3.0655, 3.0655],
        [  -inf,   -inf,   -inf, 2.5390, 2.8592, 2.9957, 3.0490, 3.0668, 3.0730,
         3.0730, 3.0730, 3.0730, 3.0730, 3.0730, 3.0730, 3.0730, 3.0730],
        [  -inf,   -inf,   -inf, 2.5418, 2.8640, 3.0015, 3.0557, 3.0735, 3.0801,
         3.0801, 3.0801, 3.0801, 3.0801, 3.0801, 3.0801, 3.0801, 3.0801],
        [  -inf,   -inf,   -inf, 2.5446, 2.8688, 3.0073, 3.0623, 3.0802, 3.0868,
         3.0872, 3.0872, 3.0872, 3.0872, 3.0872, 3.0872, 3.0872, 3.0872],
        [  -inf,   -inf,   -inf, 2.5471, 2.8732, 3.0131, 3.0688, 3.0868, 3.0934,
         3.0939, 3.0939, 3.0939, 3.0939, 3.0939, 3.0939, 3.0939, 3.0939],
        [  -inf,   -inf,   -inf, 2.5498, 2.8775, 3.0186, 3.0753, 3.0933, 3.1000,
         3.1006, 3.1006, 3.1006, 3.1006, 3.1006, 3.1006, 3.1006, 3.1006],
        [  -inf,   -inf,   -inf, 2.5521, 2.8819, 3.0241, 3.0818, 3.0999, 3.1066,
         3.1072, 3.1072, 3.1072, 3.1072, 3.1072, 3.1072, 3.1072, 3.1072],
        [  -inf,   -inf,   -inf, 2.5545, 2.8861, 3.0296, 3.0877, 3.1064, 3.1131,
         3.1137, 3.1137, 3.1137, 3.1137, 3.1137, 3.1137, 3.1137, 3.1137],
        [  -inf,   -inf,   -inf, 2.5567, 2.8899, 3.0349, 3.0935, 3.1122, 3.1196,
         3.1202, 3.1202, 3.1202, 3.1202, 3.1202, 3.1202, 3.1202, 3.1202],
        [  -inf,   -inf,   -inf, 2.5590, 2.8937, 3.0403, 3.0993, 3.1180, 3.1254,
         3.1268, 3.1268, 3.1268, 3.1268, 3.1268, 3.1268, 3.1268, 3.1268],
        [  -inf,   -inf,   -inf, 2.5611, 2.8974, 3.0456, 3.1051, 3.1238, 3.1313,
         3.1326, 3.1326, 3.1326, 3.1326, 3.1326, 3.1326, 3.1326, 3.1326],
        [  -inf,   -inf,   -inf, 2.5632, 2.9011, 3.0509, 3.1106, 3.1296, 3.1371,
         3.1384, 3.1384, 3.1384, 3.1384, 3.1384, 3.1384, 3.1384, 3.1384],
        [  -inf,   -inf,   -inf, 2.5653, 2.9047, 3.0562, 3.1161, 3.1351, 3.1429,
         3.1442, 3.1442, 3.1442, 3.1442, 3.1442, 3.1442, 3.1442, 3.1442],
        [  -inf,   -inf,   -inf, 2.5674, 2.9083, 3.0614, 3.1216, 3.1407, 3.1484,
         3.1500, 3.1500, 3.1500, 3.1500, 3.1500, 3.1500, 3.1500, 3.1500],
        [  -inf,   -inf,   -inf, 2.5695, 2.9120, 3.0667, 3.1269, 3.1462, 3.1539,
         3.1555, 3.1555, 3.1555, 3.1555, 3.1555, 3.1555, 3.1555, 3.1555],
        [  -inf,   -inf,   -inf, 2.5716, 2.9155, 3.0715, 3.1323, 3.1515, 3.1594,
         3.1610, 3.1610, 3.1610, 3.1610, 3.1610, 3.1610, 3.1610, 3.1610],
        [  -inf,   -inf,   -inf, 2.5737, 2.9191, 3.0763, 3.1376, 3.1569, 3.1647,
         3.1666, 3.1666, 3.1666, 3.1666, 3.1666, 3.1666, 3.1666, 3.1666],
        [  -inf,   -inf,   -inf, 2.5758, 2.9222, 3.0807, 3.1429, 3.1622, 3.1701,
         3.1718, 3.1718, 3.1718, 3.1718, 3.1718, 3.1718, 3.1718, 3.1718],
        [  -inf,   -inf,   -inf, 2.5777, 2.9257, 3.0850, 3.1482, 3.1675, 3.1754,
         3.1773, 3.1773, 3.1773, 3.1773, 3.1773, 3.1773, 3.1773, 3.1773],
        [  -inf,   -inf,   -inf, 2.5794, 2.9293, 3.0894, 3.1534, 3.1727, 3.1807,
         3.1826, 3.1826, 3.1826, 3.1826, 3.1826, 3.1826, 3.1826, 3.1826],
        [  -inf,   -inf,   -inf, 2.5813, 2.9324, 3.0936, 3.1587, 3.1780, 3.1860,
         3.1878, 3.1878, 3.1878, 3.1878, 3.1878, 3.1878, 3.1878, 3.1878],
        [  -inf,   -inf,   -inf, 2.5832, 2.9355, 3.0976, 3.1635, 3.1832, 3.1912,
         3.1931, 3.1931, 3.1931, 3.1931, 3.1931, 3.1931, 3.1931, 3.1931],
        [  -inf,   -inf,   -inf, 2.5850, 2.9387, 3.1017, 3.1683, 3.1883, 3.1965,
         3.1983, 3.1983, 3.1983, 3.1983, 3.1983, 3.1983, 3.1983, 3.1983],
        [  -inf,   -inf,   -inf, 2.5867, 2.9418, 3.1058, 3.1727, 3.1933, 3.2015,
         3.2036, 3.2036, 3.2036, 3.2036, 3.2036, 3.2036, 3.2036, 3.2036],
        [  -inf,   -inf,   -inf, 2.5886, 2.9449, 3.1098, 3.1772, 3.1983, 3.2065,
         3.2086, 3.2086, 3.2086, 3.2086, 3.2086, 3.2086, 3.2086, 3.2086],
        [  -inf,   -inf,   -inf, 2.5905, 2.9481, 3.1136, 3.1816, 3.2033, 3.2115,
         3.2136, 3.2136, 3.2136, 3.2136, 3.2136, 3.2136, 3.2136, 3.2136],
        [  -inf,   -inf,   -inf, 2.5922, 2.9512, 3.1175, 3.1861, 3.2083, 3.2165,
         3.2186, 3.2186, 3.2186, 3.2186, 3.2186, 3.2186, 3.2186, 3.2186],
        [  -inf,   -inf,   -inf, 2.5940, 2.9543, 3.1212, 3.1906, 3.2133, 3.2215,
         3.2236, 3.2236, 3.2236, 3.2236, 3.2236, 3.2236, 3.2236, 3.2236],
        [  -inf,   -inf,   -inf, 2.5956, 2.9574, 3.1249, 3.1949, 3.2181, 3.2265,
         3.2287, 3.2287, 3.2287, 3.2287, 3.2287, 3.2287, 3.2287, 3.2287],
        [  -inf,   -inf,   -inf, 2.5973, 2.9604, 3.1285, 3.1993, 3.2229, 3.2313,
         3.2337, 3.2337, 3.2337, 3.2337, 3.2337, 3.2337, 3.2337, 3.2337],
        [  -inf,   -inf,   -inf, 2.5988, 2.9633, 3.1321, 3.2036, 3.2273, 3.2361,
         3.2385, 3.2385, 3.2385, 3.2385, 3.2385, 3.2385, 3.2385, 3.2385],
        [  -inf,   -inf,   -inf, 2.6003, 2.9662, 3.1357, 3.2078, 3.2318, 3.2406,
         3.2433, 3.2433, 3.2433, 3.2433, 3.2433, 3.2433, 3.2433, 3.2433],
        [  -inf,   -inf,   -inf, 2.6016, 2.9690, 3.1392, 3.2119, 3.2362, 3.2450,
         3.2477, 3.2477, 3.2477, 3.2477, 3.2477, 3.2477, 3.2477, 3.2477],
        [  -inf,   -inf,   -inf, 2.6031, 2.9719, 3.1428, 3.2159, 3.2407, 3.2495,
         3.2522, 3.2522, 3.2522, 3.2522, 3.2522, 3.2522, 3.2522, 3.2522],
        [  -inf,   -inf,   -inf, 2.6044, 2.9747, 3.1463, 3.2200, 3.2452, 3.2539,
         3.2566, 3.2566, 3.2566, 3.2566, 3.2566, 3.2566, 3.2566, 3.2566],
        [  -inf,   -inf,   -inf, 2.6058, 2.9776, 3.1498, 3.2241, 3.2495, 3.2584,
         3.2611, 3.2611, 3.2611, 3.2611, 3.2611, 3.2611, 3.2611, 3.2611],
        [  -inf,   -inf,   -inf, 2.6072, 2.9804, 3.1533, 3.2279, 3.2539, 3.2627,
         3.2655, 3.2655, 3.2655, 3.2655, 3.2655, 3.2655, 3.2655, 3.2655],
        [  -inf,   -inf,   -inf, 2.6085, 2.9832, 3.1569, 3.2317, 3.2582, 3.2671,
         3.2699, 3.2699, 3.2699, 3.2699, 3.2699, 3.2699, 3.2699, 3.2699],
        [  -inf,   -inf,   -inf, 2.6099, 2.9857, 3.1604, 3.2354, 3.2624, 3.2715,
         3.2742, 3.2742, 3.2742, 3.2742, 3.2742, 3.2742, 3.2742, 3.2742],
        [  -inf,   -inf,   -inf, 2.6112, 2.9884, 3.1639, 3.2391, 3.2665, 3.2757,
         3.2786, 3.2786, 3.2786, 3.2786, 3.2786, 3.2786, 3.2786, 3.2786],
        [  -inf,   -inf,   -inf, 2.6125, 2.9909, 3.1671, 3.2427, 3.2705, 3.2797,
         3.2828, 3.2828, 3.2828, 3.2828, 3.2828, 3.2828, 3.2828, 3.2828],
        [  -inf,   -inf,   -inf, 2.6138, 2.9935, 3.1706, 3.2463, 3.2746, 3.2838,
         3.2869, 3.2869, 3.2869, 3.2869, 3.2869, 3.2869, 3.2869, 3.2869],
        [  -inf,   -inf,   -inf, 2.6150, 2.9961, 3.1741, 3.2499, 3.2787, 3.2878,
         3.2909, 3.2909, 3.2909, 3.2909, 3.2909, 3.2909, 3.2909, 3.2909],
        [  -inf,   -inf,   -inf, 2.6163, 2.9984, 3.1772, 3.2535, 3.2825, 3.2919,
         3.2950, 3.2950, 3.2950, 3.2950, 3.2950, 3.2950, 3.2950, 3.2950],
        [  -inf,   -inf,   -inf, 2.6176, 3.0008, 3.1804, 3.2570, 3.2863, 3.2957,
         3.2990, 3.2990, 3.2990, 3.2990, 3.2990, 3.2990, 3.2990, 3.2990],
        [  -inf,   -inf,   -inf, 2.6188, 3.0031, 3.1835, 3.2606, 3.2900, 3.2996,
         3.3029, 3.3029, 3.3029, 3.3029, 3.3029, 3.3029, 3.3029, 3.3029],
        [  -inf,   -inf,   -inf, 2.6200, 3.0053, 3.1866, 3.2641, 3.2937, 3.3032,
         3.3067, 3.3067, 3.3067, 3.3067, 3.3067, 3.3067, 3.3067, 3.3067],
        [  -inf,   -inf,   -inf, 2.6212, 3.0075, 3.1898, 3.2676, 3.2973, 3.3069,
         3.3104, 3.3105, 3.3105, 3.3105, 3.3105, 3.3105, 3.3105, 3.3105],
        [  -inf,   -inf,   -inf, 2.6223, 3.0096, 3.1929, 3.2711, 3.3009, 3.3105,
         3.3141, 3.3142, 3.3142, 3.3142, 3.3142, 3.3142, 3.3142, 3.3142],
        [  -inf,   -inf,   -inf, 2.6235, 3.0116, 3.1960, 3.2746, 3.3045, 3.3142,
         3.3177, 3.3179, 3.3179, 3.3179, 3.3179, 3.3179, 3.3179, 3.3179],
        [  -inf,   -inf,   -inf, 2.6246, 3.0137, 3.1991, 3.2781, 3.3081, 3.3178,
         3.3213, 3.3215, 3.3215, 3.3215, 3.3215, 3.3215, 3.3215, 3.3215],
        [  -inf,   -inf,   -inf, 2.6257, 3.0158, 3.2023, 3.2813, 3.3116, 3.3213,
         3.3249, 3.3251, 3.3251, 3.3251, 3.3251, 3.3251, 3.3251, 3.3251],
        [  -inf,   -inf,   -inf, 2.6269, 3.0180, 3.2052, 3.2848, 3.3152, 3.3249,
         3.3284, 3.3287, 3.3287, 3.3287, 3.3287, 3.3287, 3.3287, 3.3287],
        [  -inf,   -inf,   -inf, 2.6280, 3.0200, 3.2082, 3.2883, 3.3187, 3.3284,
         3.3320, 3.3323, 3.3323, 3.3323, 3.3323, 3.3323, 3.3323, 3.3323],
        [  -inf,   -inf,   -inf, 2.6291, 3.0221, 3.2112, 3.2915, 3.3222, 3.3319,
         3.3355, 3.3359, 3.3359, 3.3359, 3.3359, 3.3359, 3.3359, 3.3359],
        [  -inf,   -inf,   -inf, 2.6302, 3.0242, 3.2142, 3.2946, 3.3257, 3.3354,
         3.3390, 3.3394, 3.3394, 3.3394, 3.3394, 3.3394, 3.3394, 3.3394],
        [  -inf,   -inf,   -inf, 2.6312, 3.0263, 3.2171, 3.2978, 3.3292, 3.3389,
         3.3426, 3.3429, 3.3429, 3.3429, 3.3429, 3.3429, 3.3429, 3.3429],
        [  -inf,   -inf,   -inf, 2.6322, 3.0283, 3.2200, 3.3009, 3.3327, 3.3425,
         3.3461, 3.3464, 3.3464, 3.3464, 3.3464, 3.3464, 3.3464, 3.3464],
        [  -inf,   -inf,   -inf, 2.6332, 3.0303, 3.2229, 3.3040, 3.3359, 3.3460,
         3.3496, 3.3499, 3.3499, 3.3499, 3.3499, 3.3499, 3.3499, 3.3499],
        [  -inf,   -inf,   -inf, 2.6342, 3.0323, 3.2258, 3.3071, 3.3394, 3.3491,
         3.3531, 3.3534, 3.3534, 3.3534, 3.3534, 3.3534, 3.3534, 3.3534],
        [  -inf,   -inf,   -inf, 2.6352, 3.0343, 3.2286, 3.3103, 3.3429, 3.3527,
         3.3563, 3.3570, 3.3570, 3.3570, 3.3570, 3.3570, 3.3570, 3.3570],
        [  -inf,   -inf,   -inf, 2.6362, 3.0363, 3.2315, 3.3134, 3.3461, 3.3562,
         3.3598, 3.3601, 3.3601, 3.3601, 3.3601, 3.3601, 3.3601, 3.3601],
        [  -inf,   -inf,   -inf, 2.6372, 3.0383, 3.2343, 3.3165, 3.3492, 3.3593,
         3.3633, 3.3636, 3.3636, 3.3636, 3.3636, 3.3636, 3.3636, 3.3636],
        [  -inf,   -inf,   -inf, 2.6382, 3.0403, 3.2371, 3.3195, 3.3524, 3.3624,
         3.3664, 3.3672, 3.3672, 3.3672, 3.3672, 3.3672, 3.3672, 3.3672],
        [  -inf,   -inf,   -inf, 2.6392, 3.0422, 3.2399, 3.3225, 3.3555, 3.3656,
         3.3696, 3.3703, 3.3703, 3.3703, 3.3703, 3.3703, 3.3703, 3.3703],
        [  -inf,   -inf,   -inf, 2.6401, 3.0441, 3.2425, 3.3254, 3.3586, 3.3687,
         3.3727, 3.3734, 3.3734, 3.3734, 3.3734, 3.3734, 3.3734, 3.3734],
        [  -inf,   -inf,   -inf, 2.6410, 3.0460, 3.2451, 3.3284, 3.3617, 3.3718,
         3.3758, 3.3766, 3.3766, 3.3766, 3.3766, 3.3766, 3.3766, 3.3766],
        [  -inf,   -inf,   -inf, 2.6419, 3.0479, 3.2477, 3.3314, 3.3649, 3.3750,
         3.3790, 3.3797, 3.3797, 3.3797, 3.3797, 3.3797, 3.3797, 3.3797],
        [  -inf,   -inf,   -inf, 2.6427, 3.0497, 3.2503, 3.3342, 3.3680, 3.3781,
         3.3821, 3.3828, 3.3828, 3.3828, 3.3828, 3.3828, 3.3828, 3.3828],
        [  -inf,   -inf,   -inf, 2.6435, 3.0515, 3.2528, 3.3371, 3.3711, 3.3812,
         3.3852, 3.3859, 3.3859, 3.3859, 3.3859, 3.3859, 3.3859, 3.3859],
        [  -inf,   -inf,   -inf, 2.6443, 3.0534, 3.2552, 3.3400, 3.3741, 3.3843,
         3.3883, 3.3891, 3.3891, 3.3891, 3.3891, 3.3891, 3.3891, 3.3891],
        [  -inf,   -inf,   -inf, 2.6451, 3.0552, 3.2575, 3.3429, 3.3771, 3.3873,
         3.3915, 3.3922, 3.3922, 3.3922, 3.3922, 3.3922, 3.3922, 3.3922],
        [  -inf,   -inf,   -inf, 2.6458, 3.0570, 3.2599, 3.3457, 3.3800, 3.3903,
         3.3944, 3.3953, 3.3953, 3.3953, 3.3953, 3.3953, 3.3953, 3.3953],
        [  -inf,   -inf,   -inf, 2.6466, 3.0588, 3.2622, 3.3486, 3.3830, 3.3933,
         3.3974, 3.3983, 3.3983, 3.3983, 3.3983, 3.3983, 3.3983, 3.3983],
        [  -inf,   -inf,   -inf, 2.6473, 3.0607, 3.2646, 3.3514, 3.3860, 3.3962,
         3.4004, 3.4013, 3.4013, 3.4013, 3.4013, 3.4013, 3.4013, 3.4013],
        [  -inf,   -inf,   -inf, 2.6480, 3.0625, 3.2669, 3.3542, 3.3888, 3.3992,
         3.4034, 3.4042, 3.4042, 3.4042, 3.4042, 3.4042, 3.4042, 3.4042],
        [  -inf,   -inf,   -inf, 2.6486, 3.0643, 3.2692, 3.3571, 3.3917, 3.4021,
         3.4063, 3.4072, 3.4072, 3.4072, 3.4072, 3.4072, 3.4072, 3.4072],
        [  -inf,   -inf,   -inf, 2.6493, 3.0659, 3.2715, 3.3599, 3.3946, 3.4050,
         3.4092, 3.4102, 3.4102, 3.4102, 3.4102, 3.4102, 3.4102, 3.4102],
        [  -inf,   -inf,   -inf, 2.6499, 3.0676, 3.2736, 3.3627, 3.3975, 3.4078,
         3.4121, 3.4130, 3.4130, 3.4130, 3.4130, 3.4130, 3.4130, 3.4130],
        [  -inf,   -inf,   -inf, 2.6505, 3.0692, 3.2757, 3.3655, 3.4003, 3.4107,
         3.4150, 3.4160, 3.4160, 3.4160, 3.4160, 3.4160, 3.4160, 3.4160],
        [  -inf,   -inf,   -inf, 2.6512, 3.0708, 3.2778, 3.3683, 3.4032, 3.4135,
         3.4178, 3.4188, 3.4188, 3.4188, 3.4188, 3.4188, 3.4188, 3.4188],
        [  -inf,   -inf,   -inf, 2.6518, 3.0723, 3.2799, 3.3709, 3.4060, 3.4164,
         3.4207, 3.4217, 3.4217, 3.4217, 3.4217, 3.4217, 3.4217, 3.4217],
        [  -inf,   -inf,   -inf, 2.6524, 3.0739, 3.2820, 3.3735, 3.4088, 3.4192,
         3.4235, 3.4245, 3.4245, 3.4245, 3.4245, 3.4245, 3.4245, 3.4245],
        [  -inf,   -inf,   -inf, 2.6530, 3.0754, 3.2841, 3.3761, 3.4117, 3.4221,
         3.4264, 3.4274, 3.4274, 3.4274, 3.4274, 3.4274, 3.4274, 3.4274],
        [  -inf,   -inf,   -inf, 2.6536, 3.0769, 3.2862, 3.3787, 3.4145, 3.4249,
         3.4292, 3.4302, 3.4302, 3.4302, 3.4302, 3.4302, 3.4302, 3.4302],
        [  -inf,   -inf,   -inf, 2.6541, 3.0785, 3.2883, 3.3813, 3.4173, 3.4277,
         3.4320, 3.4330, 3.4330, 3.4330, 3.4330, 3.4330, 3.4330, 3.4330],
        [  -inf,   -inf,   -inf, 2.6547, 3.0800, 3.2903, 3.3836, 3.4202, 3.4306,
         3.4349, 3.4359, 3.4359, 3.4359, 3.4359, 3.4359, 3.4359, 3.4359],
        [  -inf,   -inf,   -inf, 2.6553, 3.0816, 3.2924, 3.3860, 3.4229, 3.4334,
         3.4377, 3.4387, 3.4387, 3.4387, 3.4387, 3.4387, 3.4387, 3.4387],
        [  -inf,   -inf,   -inf, 2.6558, 3.0831, 3.2945, 3.3883, 3.4255, 3.4362,
         3.4405, 3.4416, 3.4416, 3.4416, 3.4416, 3.4416, 3.4416, 3.4416],
        [  -inf,   -inf,   -inf, 2.6563, 3.0846, 3.2964, 3.3907, 3.4281, 3.4389,
         3.4433, 3.4444, 3.4444, 3.4444, 3.4444, 3.4444, 3.4444, 3.4444],
        [  -inf,   -inf,   -inf, 2.6569, 3.0862, 3.2984, 3.3930, 3.4307, 3.4416,
         3.4460, 3.4471, 3.4471, 3.4471, 3.4471, 3.4471, 3.4471, 3.4471],
        [  -inf,   -inf,   -inf, 2.6573, 3.0877, 3.3004, 3.3954, 3.4333, 3.4443,
         3.4487, 3.4498, 3.4498, 3.4498, 3.4498, 3.4498, 3.4498, 3.4498],
        [  -inf,   -inf,   -inf, 2.6578, 3.0892, 3.3024, 3.3977, 3.4359, 3.4470,
         3.4514, 3.4525, 3.4525, 3.4525, 3.4525, 3.4525, 3.4525, 3.4525],
        [  -inf,   -inf,   -inf, 2.6583, 3.0907, 3.3044, 3.3999, 3.4383, 3.4497,
         3.4541, 3.4552, 3.4552, 3.4552, 3.4552, 3.4552, 3.4552, 3.4552],
        [  -inf,   -inf,   -inf, 2.6588, 3.0922, 3.3064, 3.4021, 3.4407, 3.4524,
         3.4568, 3.4579, 3.4579, 3.4579, 3.4579, 3.4579, 3.4579, 3.4579],
        [  -inf,   -inf,   -inf, 2.6592, 3.0937, 3.3083, 3.4043, 3.4431, 3.4551,
         3.4595, 3.4606, 3.4606, 3.4606, 3.4606, 3.4606, 3.4606, 3.4606],
        [  -inf,   -inf,   -inf, 2.6597, 3.0952, 3.3103, 3.4065, 3.4455, 3.4577,
         3.4622, 3.4633, 3.4633, 3.4633, 3.4633, 3.4633, 3.4633, 3.4633],
        [  -inf,   -inf,   -inf, 2.6601, 3.0967, 3.3122, 3.4087, 3.4479, 3.4603,
         3.4648, 3.4660, 3.4660, 3.4660, 3.4660, 3.4660, 3.4660, 3.4660],
        [  -inf,   -inf,   -inf, 2.6605, 3.0982, 3.3142, 3.4109, 3.4503, 3.4629,
         3.4674, 3.4686, 3.4686, 3.4686, 3.4686, 3.4686, 3.4686, 3.4686],
        [  -inf,   -inf,   -inf, 2.6610, 3.0995, 3.3161, 3.4130, 3.4526, 3.4654,
         3.4700, 3.4712, 3.4712, 3.4712, 3.4712, 3.4712, 3.4712, 3.4712],
        [  -inf,   -inf,   -inf, 2.6613, 3.1010, 3.3180, 3.4151, 3.4550, 3.4680,
         3.4726, 3.4738, 3.4738, 3.4738, 3.4738, 3.4738, 3.4738, 3.4738],
        [  -inf,   -inf,   -inf, 2.6617, 3.1023, 3.3199, 3.4171, 3.4573, 3.4704,
         3.4752, 3.4764, 3.4764, 3.4764, 3.4764, 3.4764, 3.4764, 3.4764],
        [  -inf,   -inf,   -inf, 2.6621, 3.1037, 3.3218, 3.4192, 3.4597, 3.4728,
         3.4776, 3.4790, 3.4790, 3.4790, 3.4790, 3.4790, 3.4790, 3.4790],
        [  -inf,   -inf,   -inf, 2.6625, 3.1051, 3.3236, 3.4214, 3.4620, 3.4752,
         3.4800, 3.4814, 3.4814, 3.4814, 3.4814, 3.4814, 3.4814, 3.4814],
        [  -inf,   -inf,   -inf, 2.6629, 3.1064, 3.3254, 3.4235, 3.4644, 3.4776,
         3.4824, 3.4838, 3.4838, 3.4838, 3.4838, 3.4838, 3.4838, 3.4838],
        [  -inf,   -inf,   -inf, 2.6632, 3.1078, 3.3273, 3.4255, 3.4667, 3.4800,
         3.4848, 3.4862, 3.4862, 3.4862, 3.4862, 3.4862, 3.4862, 3.4862],
        [  -inf,   -inf,   -inf, 2.6636, 3.1091, 3.3291, 3.4276, 3.4689, 3.4824,
         3.4872, 3.4886, 3.4886, 3.4886, 3.4886, 3.4886, 3.4886, 3.4886],
        [  -inf,   -inf,   -inf, 2.6640, 3.1105, 3.3309, 3.4297, 3.4711, 3.4848,
         3.4896, 3.4910, 3.4910, 3.4910, 3.4910, 3.4910, 3.4910, 3.4910],
        [  -inf,   -inf,   -inf, 2.6644, 3.1118, 3.3327, 3.4318, 3.4733, 3.4871,
         3.4919, 3.4934, 3.4934, 3.4934, 3.4934, 3.4934, 3.4934, 3.4934],
        [  -inf,   -inf,   -inf, 2.6647, 3.1131, 3.3346, 3.4338, 3.4755, 3.4895,
         3.4943, 3.4958, 3.4958, 3.4958, 3.4958, 3.4958, 3.4958, 3.4958],
        [  -inf,   -inf,   -inf, 2.6651, 3.1143, 3.3364, 3.4358, 3.4777, 3.4918,
         3.4966, 3.4981, 3.4981, 3.4981, 3.4981, 3.4981, 3.4981, 3.4981],
        [  -inf,   -inf,   -inf, 2.6654, 3.1156, 3.3382, 3.4378, 3.4799, 3.4942,
         3.4990, 3.5005, 3.5005, 3.5005, 3.5005, 3.5005, 3.5005, 3.5005],
        [  -inf,   -inf,   -inf, 2.6658, 3.1168, 3.3399, 3.4398, 3.4820, 3.4965,
         3.5013, 3.5028, 3.5028, 3.5028, 3.5028, 3.5028, 3.5028, 3.5028],
        [  -inf,   -inf,   -inf, 2.6661, 3.1181, 3.3415, 3.4418, 3.4841, 3.4988,
         3.5037, 3.5052, 3.5052, 3.5052, 3.5052, 3.5052, 3.5052, 3.5052],
        [  -inf,   -inf,   -inf, 2.6664, 3.1193, 3.3432, 3.4438, 3.4861, 3.5011,
         3.5059, 3.5075, 3.5075, 3.5075, 3.5075, 3.5075, 3.5075, 3.5075],
        [  -inf,   -inf,   -inf, 2.6667, 3.1205, 3.3449, 3.4458, 3.4882, 3.5032,
         3.5082, 3.5098, 3.5098, 3.5098, 3.5098, 3.5098, 3.5098, 3.5098],
        [  -inf,   -inf,   -inf, 2.6670, 3.1217, 3.3466, 3.4477, 3.4904, 3.5054,
         3.5104, 3.5120, 3.5120, 3.5120, 3.5120, 3.5120, 3.5120, 3.5120],
        [  -inf,   -inf,   -inf, 2.6673, 3.1229, 3.3483, 3.4497, 3.4925, 3.5076,
         3.5126, 3.5142, 3.5142, 3.5142, 3.5142, 3.5142, 3.5142, 3.5142],
        [  -inf,   -inf,   -inf, 2.6676, 3.1241, 3.3500, 3.4516, 3.4945, 3.5098,
         3.5147, 3.5164, 3.5164, 3.5164, 3.5164, 3.5164, 3.5164, 3.5164],
        [  -inf,   -inf,   -inf, 2.6679, 3.1252, 3.3517, 3.4536, 3.4966, 3.5120,
         3.5169, 3.5186, 3.5186, 3.5186, 3.5186, 3.5186, 3.5186, 3.5186],
        [  -inf,   -inf,   -inf, 2.6682, 3.1264, 3.3534, 3.4555, 3.4987, 3.5141,
         3.5191, 3.5208, 3.5208, 3.5208, 3.5208, 3.5208, 3.5208, 3.5208],
        [  -inf,   -inf,   -inf, 2.6685, 3.1275, 3.3550, 3.4574, 3.5008, 3.5162,
         3.5212, 3.5230, 3.5230, 3.5230, 3.5230, 3.5230, 3.5230, 3.5230],
        [  -inf,   -inf,   -inf, 2.6688, 3.1286, 3.3567, 3.4593, 3.5028, 3.5183,
         3.5233, 3.5251, 3.5251, 3.5251, 3.5251, 3.5251, 3.5251, 3.5251],
        [  -inf,   -inf,   -inf, 2.6691, 3.1298, 3.3584, 3.4612, 3.5048, 3.5204,
         3.5254, 3.5272, 3.5272, 3.5272, 3.5272, 3.5272, 3.5272, 3.5272],
        [  -inf,   -inf,   -inf, 2.6693, 3.1309, 3.3601, 3.4631, 3.5068, 3.5225,
         3.5275, 3.5293, 3.5293, 3.5293, 3.5293, 3.5293, 3.5293, 3.5293],
        [  -inf,   -inf,   -inf, 2.6696, 3.1320, 3.3618, 3.4650, 3.5088, 3.5246,
         3.5296, 3.5314, 3.5314, 3.5314, 3.5314, 3.5314, 3.5314, 3.5314],
        [  -inf,   -inf,   -inf, 2.6699, 3.1332, 3.3635, 3.4669, 3.5108, 3.5267,
         3.5317, 3.5335, 3.5335, 3.5335, 3.5335, 3.5335, 3.5335, 3.5335],
        [  -inf,   -inf,   -inf, 2.6702, 3.1343, 3.3651, 3.4688, 3.5128, 3.5288,
         3.5338, 3.5356, 3.5356, 3.5356, 3.5356, 3.5356, 3.5356, 3.5356],
        [  -inf,   -inf,   -inf, 2.6705, 3.1354, 3.3668, 3.4707, 3.5148, 3.5308,
         3.5359, 3.5377, 3.5377, 3.5377, 3.5377, 3.5377, 3.5377, 3.5377],
        [  -inf,   -inf,   -inf, 2.6707, 3.1366, 3.3684, 3.4726, 3.5167, 3.5329,
         3.5380, 3.5398, 3.5398, 3.5398, 3.5398, 3.5398, 3.5398, 3.5398],
        [  -inf,   -inf,   -inf, 2.6710, 3.1377, 3.3700, 3.4745, 3.5187, 3.5350,
         3.5400, 3.5418, 3.5418, 3.5418, 3.5418, 3.5418, 3.5418, 3.5418],
        [  -inf,   -inf,   -inf, 2.6713, 3.1388, 3.3716, 3.4764, 3.5206, 3.5370,
         3.5421, 3.5439, 3.5439, 3.5439, 3.5439, 3.5439, 3.5439, 3.5439],
        [  -inf,   -inf,   -inf, 2.6716, 3.1399, 3.3732, 3.4783, 3.5226, 3.5389,
         3.5441, 3.5459, 3.5460, 3.5460, 3.5460, 3.5460, 3.5460, 3.5460],
        [  -inf,   -inf,   -inf, 2.6718, 3.1411, 3.3748, 3.4802, 3.5245, 3.5409,
         3.5461, 3.5479, 3.5480, 3.5480, 3.5480, 3.5480, 3.5480, 3.5480],
        [  -inf,   -inf,   -inf, 2.6721, 3.1421, 3.3763, 3.4819, 3.5264, 3.5429,
         3.5481, 3.5499, 3.5500, 3.5500, 3.5500, 3.5500, 3.5500, 3.5500],
        [  -inf,   -inf,   -inf, 2.6723, 3.1432, 3.3778, 3.4838, 3.5283, 3.5449,
         3.5501, 3.5519, 3.5520, 3.5520, 3.5520, 3.5520, 3.5520, 3.5520],
        [  -inf,   -inf,   -inf, 2.6726, 3.1442, 3.3794, 3.4857, 3.5302, 3.5469,
         3.5521, 3.5539, 3.5540, 3.5540, 3.5540, 3.5540, 3.5540, 3.5540],
        [  -inf,   -inf,   -inf, 2.6729, 3.1452, 3.3809, 3.4875, 3.5321, 3.5489,
         3.5541, 3.5559, 3.5560, 3.5560, 3.5560, 3.5560, 3.5560, 3.5560],
        [  -inf,   -inf,   -inf, 2.6731, 3.1462, 3.3824, 3.4892, 3.5340, 3.5508,
         3.5560, 3.5579, 3.5580, 3.5580, 3.5580, 3.5580, 3.5580, 3.5580],
        [  -inf,   -inf,   -inf, 2.6733, 3.1472, 3.3840, 3.4911, 3.5359, 3.5527,
         3.5579, 3.5598, 3.5600, 3.5600, 3.5600, 3.5600, 3.5600, 3.5600],
        [  -inf,   -inf,   -inf, 2.6736, 3.1482, 3.3855, 3.4930, 3.5378, 3.5547,
         3.5599, 3.5618, 3.5619, 3.5619, 3.5619, 3.5619, 3.5619, 3.5619],
        [  -inf,   -inf,   -inf, 2.6738, 3.1492, 3.3871, 3.4947, 3.5397, 3.5566,
         3.5618, 3.5637, 3.5639, 3.5639, 3.5639, 3.5639, 3.5639, 3.5639],
        [  -inf,   -inf,   -inf, 2.6741, 3.1502, 3.3886, 3.4965, 3.5416, 3.5585,
         3.5637, 3.5657, 3.5658, 3.5658, 3.5658, 3.5658, 3.5658, 3.5658],
        [  -inf,   -inf,   -inf, 2.6743, 3.1512, 3.3901, 3.4982, 3.5435, 3.5604,
         3.5657, 3.5676, 3.5677, 3.5677, 3.5677, 3.5677, 3.5677, 3.5677],
        [  -inf,   -inf,   -inf, 2.6745, 3.1522, 3.3916, 3.4999, 3.5454, 3.5623,
         3.5676, 3.5695, 3.5697, 3.5697, 3.5697, 3.5697, 3.5697, 3.5697],
        [  -inf,   -inf,   -inf, 2.6747, 3.1531, 3.3931, 3.5016, 3.5473, 3.5642,
         3.5695, 3.5714, 3.5716, 3.5716, 3.5716, 3.5716, 3.5716, 3.5716],
        [  -inf,   -inf,   -inf, 2.6750, 3.1541, 3.3946, 3.5033, 3.5492, 3.5661,
         3.5714, 3.5733, 3.5735, 3.5735, 3.5735, 3.5735, 3.5735, 3.5735],
        [  -inf,   -inf,   -inf, 2.6752, 3.1551, 3.3961, 3.5049, 3.5509, 3.5680,
         3.5733, 3.5752, 3.5754, 3.5754, 3.5754, 3.5754, 3.5754, 3.5754],
        [  -inf,   -inf,   -inf, 2.6754, 3.1561, 3.3976, 3.5066, 3.5528, 3.5699,
         3.5752, 3.5771, 3.5773, 3.5773, 3.5773, 3.5773, 3.5773, 3.5773],
        [  -inf,   -inf,   -inf, 2.6757, 3.1571, 3.3991, 3.5083, 3.5547, 3.5718,
         3.5771, 3.5790, 3.5792, 3.5792, 3.5792, 3.5792, 3.5792, 3.5792],
        [  -inf,   -inf,   -inf, 2.6759, 3.1580, 3.4005, 3.5100, 3.5565, 3.5737,
         3.5790, 3.5809, 3.5811, 3.5811, 3.5811, 3.5811, 3.5811, 3.5811],
        [  -inf,   -inf,   -inf, 2.6761, 3.1590, 3.4019, 3.5117, 3.5582, 3.5756,
         3.5808, 3.5828, 3.5830, 3.5830, 3.5830, 3.5830, 3.5830, 3.5830],
        [  -inf,   -inf,   -inf, 2.6764, 3.1599, 3.4033, 3.5134, 3.5601, 3.5775,
         3.5827, 3.5847, 3.5849, 3.5849, 3.5849, 3.5849, 3.5849, 3.5849],
        [  -inf,   -inf,   -inf, 2.6766, 3.1609, 3.4047, 3.5151, 3.5620, 3.5794,
         3.5846, 3.5866, 3.5868, 3.5868, 3.5868, 3.5868, 3.5868, 3.5868],
        [  -inf,   -inf,   -inf, 2.6768, 3.1619, 3.4061, 3.5167, 3.5637, 3.5813,
         3.5865, 3.5885, 3.5887, 3.5887, 3.5887, 3.5887, 3.5887, 3.5887],
        [  -inf,   -inf,   -inf, 2.6770, 3.1628, 3.4074, 3.5184, 3.5655, 3.5831,
         3.5884, 3.5904, 3.5906, 3.5906, 3.5906, 3.5906, 3.5906, 3.5906],
        [  -inf,   -inf,   -inf, 2.6772, 3.1637, 3.4088, 3.5201, 3.5672, 3.5849,
         3.5902, 3.5923, 3.5925, 3.5925, 3.5925, 3.5925, 3.5925, 3.5925],
        [  -inf,   -inf,   -inf, 2.6774, 3.1646, 3.4102, 3.5218, 3.5689, 3.5868,
         3.5920, 3.5940, 3.5943, 3.5943, 3.5943, 3.5943, 3.5943, 3.5943],
        [  -inf,   -inf,   -inf, 2.6777, 3.1655, 3.4115, 3.5235, 3.5706, 3.5886,
         3.5939, 3.5959, 3.5961, 3.5961, 3.5961, 3.5961, 3.5961, 3.5961],
        [  -inf,   -inf,   -inf, 2.6779, 3.1664, 3.4129, 3.5251, 3.5723, 3.5904,
         3.5957, 3.5978, 3.5980, 3.5980, 3.5980, 3.5980, 3.5980, 3.5980],
        [  -inf,   -inf,   -inf, 2.6781, 3.1673, 3.4143, 3.5268, 3.5739, 3.5922,
         3.5975, 3.5996, 3.5998, 3.5998, 3.5998, 3.5998, 3.5998, 3.5998],
        [  -inf,   -inf,   -inf, 2.6783, 3.1681, 3.4156, 3.5284, 3.5756, 3.5941,
         3.5993, 3.6013, 3.6016, 3.6016, 3.6016, 3.6016, 3.6016, 3.6016],
        [  -inf,   -inf,   -inf, 2.6785, 3.1690, 3.4169, 3.5300, 3.5773, 3.5959,
         3.6012, 3.6032, 3.6034, 3.6034, 3.6034, 3.6034, 3.6034, 3.6034],
        [  -inf,   -inf,   -inf, 2.6787, 3.1699, 3.4182, 3.5316, 3.5790, 3.5976,
         3.6030, 3.6051, 3.6053, 3.6053, 3.6053, 3.6053, 3.6053, 3.6053],
        [  -inf,   -inf,   -inf, 2.6789, 3.1707, 3.4195, 3.5332, 3.5807, 3.5993,
         3.6048, 3.6068, 3.6071, 3.6071, 3.6071, 3.6071, 3.6071, 3.6071],
        [  -inf,   -inf,   -inf, 2.6791, 3.1715, 3.4208, 3.5348, 3.5824, 3.6010,
         3.6065, 3.6086, 3.6089, 3.6089, 3.6089, 3.6089, 3.6089, 3.6089],
        [  -inf,   -inf,   -inf, 2.6793, 3.1723, 3.4221, 3.5364, 3.5841, 3.6027,
         3.6081, 3.6103, 3.6107, 3.6107, 3.6107, 3.6107, 3.6107, 3.6107],
        [  -inf,   -inf,   -inf, 2.6794, 3.1731, 3.4233, 3.5380, 3.5857, 3.6044,
         3.6098, 3.6120, 3.6124, 3.6124, 3.6124, 3.6124, 3.6124, 3.6124],
        [  -inf,   -inf,   -inf, 2.6796, 3.1739, 3.4245, 3.5395, 3.5874, 3.6061,
         3.6115, 3.6137, 3.6141, 3.6141, 3.6141, 3.6141, 3.6141, 3.6141],
        [  -inf,   -inf,   -inf, 2.6798, 3.1747, 3.4258, 3.5411, 3.5891, 3.6078,
         3.6132, 3.6154, 3.6158, 3.6158, 3.6158, 3.6158, 3.6158, 3.6158],
        [  -inf,   -inf,   -inf, 2.6800, 3.1755, 3.4270, 3.5426, 3.5908, 3.6095,
         3.6149, 3.6171, 3.6174, 3.6174, 3.6174, 3.6174, 3.6174, 3.6174],
        [  -inf,   -inf,   -inf, 2.6802, 3.1763, 3.4282, 3.5442, 3.5925, 3.6111,
         3.6166, 3.6187, 3.6191, 3.6191, 3.6191, 3.6191, 3.6191, 3.6191],
        [  -inf,   -inf,   -inf, 2.6804, 3.1770, 3.4294, 3.5457, 3.5941, 3.6128,
         3.6183, 3.6204, 3.6208, 3.6208, 3.6208, 3.6208, 3.6208, 3.6208],
        [  -inf,   -inf,   -inf, 2.6805, 3.1778, 3.4306, 3.5473, 3.5958, 3.6145,
         3.6200, 3.6221, 3.6225, 3.6225, 3.6225, 3.6225, 3.6225, 3.6225],
        [  -inf,   -inf,   -inf, 2.6807, 3.1785, 3.4317, 3.5488, 3.5974, 3.6162,
         3.6216, 3.6238, 3.6242, 3.6242, 3.6242, 3.6242, 3.6242, 3.6242],
        [  -inf,   -inf,   -inf, 2.6809, 3.1793, 3.4328, 3.5503, 3.5990, 3.6179,
         3.6233, 3.6255, 3.6259, 3.6259, 3.6259, 3.6259, 3.6259, 3.6259],
        [  -inf,   -inf,   -inf, 2.6811, 3.1800, 3.4340, 3.5519, 3.6006, 3.6196,
         3.6250, 3.6272, 3.6276, 3.6276, 3.6276, 3.6276, 3.6276, 3.6276],
        [  -inf,   -inf,   -inf, 2.6813, 3.1808, 3.4351, 3.5534, 3.6022, 3.6212,
         3.6267, 3.6289, 3.6292, 3.6292, 3.6292, 3.6292, 3.6292, 3.6292],
        [  -inf,   -inf,   -inf, 2.6814, 3.1815, 3.4362, 3.5549, 3.6038, 3.6229,
         3.6284, 3.6305, 3.6309, 3.6309, 3.6309, 3.6309, 3.6309, 3.6309],
        [  -inf,   -inf,   -inf, 2.6816, 3.1822, 3.4374, 3.5565, 3.6054, 3.6246,
         3.6301, 3.6322, 3.6326, 3.6326, 3.6326, 3.6326, 3.6326, 3.6326],
        [  -inf,   -inf,   -inf, 2.6818, 3.1830, 3.4385, 3.5580, 3.6070, 3.6263,
         3.6317, 3.6339, 3.6343, 3.6343, 3.6343, 3.6343, 3.6343, 3.6343],
        [  -inf,   -inf,   -inf, 2.6820, 3.1837, 3.4396, 3.5595, 3.6085, 3.6279,
         3.6334, 3.6356, 3.6360, 3.6360, 3.6360, 3.6360, 3.6360, 3.6360],
        [  -inf,   -inf,   -inf, 2.6821, 3.1844, 3.4408, 3.5610, 3.6101, 3.6295,
         3.6350, 3.6372, 3.6377, 3.6377, 3.6377, 3.6377, 3.6377, 3.6377],
        [  -inf,   -inf,   -inf, 2.6823, 3.1852, 3.4419, 3.5625, 3.6116, 3.6311,
         3.6367, 3.6389, 3.6393, 3.6393, 3.6393, 3.6393, 3.6393, 3.6393],
        [  -inf,   -inf,   -inf, 2.6825, 3.1859, 3.4430, 3.5640, 3.6132, 3.6327,
         3.6383, 3.6405, 3.6410, 3.6410, 3.6410, 3.6410, 3.6410, 3.6410],
        [  -inf,   -inf,   -inf, 2.6826, 3.1866, 3.4441, 3.5654, 3.6147, 3.6343,
         3.6399, 3.6421, 3.6426, 3.6426, 3.6426, 3.6426, 3.6426, 3.6426],
        [  -inf,   -inf,   -inf, 2.6828, 3.1874, 3.4453, 3.5668, 3.6163, 3.6359,
         3.6415, 3.6437, 3.6442, 3.6442, 3.6442, 3.6442, 3.6442, 3.6442],
        [  -inf,   -inf,   -inf, 2.6829, 3.1881, 3.4464, 3.5682, 3.6178, 3.6375,
         3.6431, 3.6453, 3.6458, 3.6458, 3.6458, 3.6458, 3.6458, 3.6458],
        [  -inf,   -inf,   -inf, 2.6831, 3.1888, 3.4475, 3.5696, 3.6193, 3.6391,
         3.6447, 3.6469, 3.6474, 3.6474, 3.6474, 3.6474, 3.6474, 3.6474],
        [  -inf,   -inf,   -inf, 2.6832, 3.1895, 3.4486, 3.5710, 3.6209, 3.6407,
         3.6463, 3.6485, 3.6490, 3.6490, 3.6490, 3.6490, 3.6490, 3.6490],
        [  -inf,   -inf,   -inf, 2.6834, 3.1903, 3.4497, 3.5724, 3.6224, 3.6422,
         3.6478, 3.6501, 3.6506, 3.6506, 3.6506, 3.6506, 3.6506, 3.6506],
        [  -inf,   -inf,   -inf, 2.6835, 3.1910, 3.4509, 3.5738, 3.6239, 3.6438,
         3.6494, 3.6517, 3.6522, 3.6522, 3.6522, 3.6522, 3.6522, 3.6522],
        [  -inf,   -inf,   -inf, 2.6836, 3.1917, 3.4520, 3.5752, 3.6255, 3.6453,
         3.6509, 3.6532, 3.6537, 3.6537, 3.6537, 3.6537, 3.6537, 3.6537],
        [  -inf,   -inf,   -inf, 2.6838, 3.1924, 3.4530, 3.5765, 3.6270, 3.6469,
         3.6525, 3.6548, 3.6553, 3.6553, 3.6553, 3.6553, 3.6553, 3.6553],
        [  -inf,   -inf,   -inf, 2.6839, 3.1931, 3.4541, 3.5779, 3.6285, 3.6484,
         3.6540, 3.6563, 3.6568, 3.6568, 3.6568, 3.6568, 3.6568, 3.6568],
        [  -inf,   -inf,   -inf, 2.6841, 3.1938, 3.4552, 3.5793, 3.6301, 3.6499,
         3.6555, 3.6578, 3.6584, 3.6584, 3.6584, 3.6584, 3.6584, 3.6584],
        [  -inf,   -inf,   -inf, 2.6842, 3.1945, 3.4563, 3.5806, 3.6316, 3.6515,
         3.6571, 3.6594, 3.6599, 3.6599, 3.6599, 3.6599, 3.6599, 3.6599],
        [  -inf,   -inf,   -inf, 2.6843, 3.1952, 3.4573, 3.5820, 3.6331, 3.6530,
         3.6586, 3.6609, 3.6615, 3.6615, 3.6615, 3.6615, 3.6615, 3.6615],
        [  -inf,   -inf,   -inf, 2.6845, 3.1959, 3.4584, 3.5833, 3.6346, 3.6545,
         3.6601, 3.6625, 3.6630, 3.6630, 3.6630, 3.6630, 3.6630, 3.6630],
        [  -inf,   -inf,   -inf, 2.6846, 3.1966, 3.4595, 3.5846, 3.6361, 3.6561,
         3.6617, 3.6640, 3.6645, 3.6645, 3.6645, 3.6645, 3.6645, 3.6645],
        [  -inf,   -inf,   -inf, 2.6847, 3.1972, 3.4606, 3.5859, 3.6377, 3.6576,
         3.6632, 3.6655, 3.6661, 3.6661, 3.6661, 3.6661, 3.6661, 3.6661],
        [  -inf,   -inf,   -inf, 2.6849, 3.1979, 3.4616, 3.5871, 3.6392, 3.6591,
         3.6647, 3.6671, 3.6676, 3.6676, 3.6676, 3.6676, 3.6676, 3.6676],
        [  -inf,   -inf,   -inf, 2.6850, 3.1986, 3.4627, 3.5884, 3.6407, 3.6607,
         3.6663, 3.6686, 3.6691, 3.6691, 3.6691, 3.6691, 3.6691, 3.6691],
        [  -inf,   -inf,   -inf, 2.6851, 3.1992, 3.4638, 3.5897, 3.6421, 3.6622,
         3.6678, 3.6701, 3.6707, 3.6707, 3.6707, 3.6707, 3.6707, 3.6707],
        [  -inf,   -inf,   -inf, 2.6853, 3.1999, 3.4649, 3.5909, 3.6436, 3.6637,
         3.6693, 3.6717, 3.6722, 3.6722, 3.6722, 3.6722, 3.6722, 3.6722],
        [  -inf,   -inf,   -inf, 2.6854, 3.2005, 3.4659, 3.5922, 3.6450, 3.6653,
         3.6709, 3.6732, 3.6737, 3.6737, 3.6737, 3.6737, 3.6737, 3.6737],
        [  -inf,   -inf,   -inf, 2.6855, 3.2012, 3.4670, 3.5935, 3.6464, 3.6668,
         3.6724, 3.6747, 3.6753, 3.6753, 3.6753, 3.6753, 3.6753, 3.6753],
        [  -inf,   -inf,   -inf, 2.6857, 3.2018, 3.4680, 3.5947, 3.6478, 3.6683,
         3.6739, 3.6762, 3.6768, 3.6768, 3.6768, 3.6768, 3.6768, 3.6768],
        [  -inf,   -inf,   -inf, 2.6858, 3.2025, 3.4690, 3.5960, 3.6492, 3.6698,
         3.6754, 3.6778, 3.6783, 3.6783, 3.6783, 3.6783, 3.6783, 3.6783],
        [  -inf,   -inf,   -inf, 2.6859, 3.2031, 3.4701, 3.5972, 3.6506, 3.6713,
         3.6769, 3.6793, 3.6798, 3.6798, 3.6798, 3.6798, 3.6798, 3.6798],
        [  -inf,   -inf,   -inf, 2.6861, 3.2037, 3.4711, 3.5984, 3.6520, 3.6728,
         3.6784, 3.6808, 3.6813, 3.6813, 3.6813, 3.6813, 3.6813, 3.6813],
        [  -inf,   -inf,   -inf, 2.6862, 3.2044, 3.4721, 3.5997, 3.6533, 3.6743,
         3.6799, 3.6823, 3.6828, 3.6828, 3.6828, 3.6828, 3.6828, 3.6828],
        [  -inf,   -inf,   -inf, 2.6863, 3.2050, 3.4731, 3.6009, 3.6547, 3.6757,
         3.6814, 3.6838, 3.6843, 3.6843, 3.6843, 3.6843, 3.6843, 3.6843],
        [  -inf,   -inf,   -inf, 2.6864, 3.2057, 3.4742, 3.6021, 3.6561, 3.6771,
         3.6829, 3.6853, 3.6858, 3.6858, 3.6858, 3.6858, 3.6858, 3.6858],
        [  -inf,   -inf,   -inf, 2.6866, 3.2063, 3.4752, 3.6033, 3.6574, 3.6785,
         3.6843, 3.6867, 3.6873, 3.6873, 3.6873, 3.6873, 3.6873, 3.6873],
        [  -inf,   -inf,   -inf, 2.6867, 3.2069, 3.4762, 3.6044, 3.6588, 3.6799,
         3.6858, 3.6882, 3.6888, 3.6888, 3.6888, 3.6888, 3.6888, 3.6888],
        [  -inf,   -inf,   -inf, 2.6868, 3.2076, 3.4771, 3.6055, 3.6601, 3.6813,
         3.6872, 3.6896, 3.6902, 3.6902, 3.6902, 3.6902, 3.6902, 3.6902],
        [  -inf,   -inf,   -inf, 2.6869, 3.2082, 3.4781, 3.6067, 3.6615, 3.6827,
         3.6887, 3.6911, 3.6917, 3.6917, 3.6917, 3.6917, 3.6917, 3.6917],
        [  -inf,   -inf,   -inf, 2.6870, 3.2088, 3.4791, 3.6078, 3.6628, 3.6841,
         3.6902, 3.6925, 3.6932, 3.6932, 3.6932, 3.6932, 3.6932, 3.6932],
        [  -inf,   -inf,   -inf, 2.6872, 3.2094, 3.4801, 3.6089, 3.6641, 3.6855,
         3.6916, 3.6940, 3.6946, 3.6946, 3.6946, 3.6946, 3.6946, 3.6946],
        [  -inf,   -inf,   -inf, 2.6873, 3.2100, 3.4811, 3.6101, 3.6653, 3.6869,
         3.6931, 3.6955, 3.6961, 3.6961, 3.6961, 3.6961, 3.6961, 3.6961],
        [  -inf,   -inf,   -inf, 2.6874, 3.2107, 3.4821, 3.6112, 3.6666, 3.6882,
         3.6945, 3.6969, 3.6975, 3.6975, 3.6975, 3.6975, 3.6975, 3.6975],
        [  -inf,   -inf,   -inf, 2.6875, 3.2113, 3.4831, 3.6123, 3.6679, 3.6896,
         3.6959, 3.6984, 3.6990, 3.6990, 3.6990, 3.6990, 3.6990, 3.6990],
        [  -inf,   -inf,   -inf, 2.6876, 3.2119, 3.4840, 3.6135, 3.6691, 3.6909,
         3.6973, 3.6998, 3.7004, 3.7004, 3.7004, 3.7004, 3.7004, 3.7004],
        [  -inf,   -inf,   -inf, 2.6877, 3.2125, 3.4850, 3.6146, 3.6704, 3.6923,
         3.6987, 3.7012, 3.7018, 3.7018, 3.7018, 3.7018, 3.7018, 3.7018],
        [  -inf,   -inf,   -inf, 2.6878, 3.2131, 3.4860, 3.6157, 3.6717, 3.6936,
         3.7001, 3.7026, 3.7032, 3.7032, 3.7032, 3.7032, 3.7032, 3.7032],
        [  -inf,   -inf,   -inf, 2.6880, 3.2137, 3.4869, 3.6168, 3.6729, 3.6949,
         3.7015, 3.7040, 3.7046, 3.7046, 3.7046, 3.7046, 3.7046, 3.7046],
        [  -inf,   -inf,   -inf, 2.6881, 3.2143, 3.4879, 3.6180, 3.6742, 3.6962,
         3.7029, 3.7054, 3.7060, 3.7060, 3.7060, 3.7060, 3.7060, 3.7060],
        [  -inf,   -inf,   -inf, 2.6882, 3.2149, 3.4888, 3.6191, 3.6754, 3.6975,
         3.7043, 3.7067, 3.7074, 3.7074, 3.7074, 3.7074, 3.7074, 3.7074],
        [  -inf,   -inf,   -inf, 2.6883, 3.2155, 3.4898, 3.6202, 3.6766, 3.6988,
         3.7056, 3.7081, 3.7088, 3.7088, 3.7088, 3.7088, 3.7088, 3.7088],
        [  -inf,   -inf,   -inf, 2.6884, 3.2161, 3.4907, 3.6213, 3.6778, 3.7001,
         3.7070, 3.7095, 3.7102, 3.7102, 3.7102, 3.7102, 3.7102, 3.7102],
        [  -inf,   -inf,   -inf, 2.6885, 3.2167, 3.4916, 3.6224, 3.6791, 3.7014,
         3.7084, 3.7108, 3.7116, 3.7116, 3.7116, 3.7116, 3.7116, 3.7116],
        [  -inf,   -inf,   -inf, 2.6886, 3.2173, 3.4925, 3.6236, 3.6803, 3.7027,
         3.7097, 3.7122, 3.7129, 3.7129, 3.7129, 3.7129, 3.7129, 3.7129],
        [  -inf,   -inf,   -inf, 2.6887, 3.2178, 3.4934, 3.6247, 3.6814, 3.7040,
         3.7111, 3.7136, 3.7143, 3.7143, 3.7143, 3.7143, 3.7143, 3.7143],
        [  -inf,   -inf,   -inf, 2.6888, 3.2184, 3.4943, 3.6257, 3.6826, 3.7052,
         3.7124, 3.7149, 3.7156, 3.7156, 3.7156, 3.7156, 3.7156, 3.7156],
        [  -inf,   -inf,   -inf, 2.6889, 3.2190, 3.4952, 3.6268, 3.6838, 3.7065,
         3.7137, 3.7162, 3.7170, 3.7170, 3.7170, 3.7170, 3.7170, 3.7170],
        [  -inf,   -inf,   -inf, 2.6890, 3.2196, 3.4961, 3.6279, 3.6850, 3.7078,
         3.7150, 3.7175, 3.7183, 3.7183, 3.7183, 3.7183, 3.7183, 3.7183],
        [  -inf,   -inf,   -inf, 2.6891, 3.2201, 3.4970, 3.6290, 3.6862, 3.7090,
         3.7163, 3.7188, 3.7196, 3.7196, 3.7196, 3.7196, 3.7196, 3.7196],
        [  -inf,   -inf,   -inf, 2.6892, 3.2207, 3.4978, 3.6300, 3.6873, 3.7103,
         3.7176, 3.7201, 3.7209, 3.7209, 3.7209, 3.7209, 3.7209, 3.7209],
        [  -inf,   -inf,   -inf, 2.6893, 3.2212, 3.4987, 3.6311, 3.6885, 3.7116,
         3.7189, 3.7214, 3.7222, 3.7222, 3.7222, 3.7222, 3.7222, 3.7222],
        [  -inf,   -inf,   -inf, 2.6894, 3.2218, 3.4995, 3.6322, 3.6897, 3.7129,
         3.7201, 3.7227, 3.7235, 3.7235, 3.7235, 3.7235, 3.7235, 3.7235],
        [  -inf,   -inf,   -inf, 2.6895, 3.2223, 3.5004, 3.6333, 3.6908, 3.7141,
         3.7214, 3.7240, 3.7248, 3.7248, 3.7248, 3.7248, 3.7248, 3.7248],
        [  -inf,   -inf,   -inf, 2.6896, 3.2229, 3.5012, 3.6343, 3.6919, 3.7154,
         3.7227, 3.7253, 3.7261, 3.7261, 3.7261, 3.7261, 3.7261, 3.7261],
        [  -inf,   -inf,   -inf, 2.6897, 3.2234, 3.5021, 3.6354, 3.6931, 3.7166,
         3.7240, 3.7266, 3.7274, 3.7274, 3.7274, 3.7274, 3.7274, 3.7274],
        [  -inf,   -inf,   -inf, 2.6898, 3.2240, 3.5029, 3.6365, 3.6942, 3.7178,
         3.7253, 3.7279, 3.7287, 3.7287, 3.7287, 3.7287, 3.7287, 3.7287],
        [  -inf,   -inf,   -inf, 2.6899, 3.2245, 3.5037, 3.6376, 3.6953, 3.7190,
         3.7266, 3.7291, 3.7299, 3.7299, 3.7299, 3.7299, 3.7299, 3.7299],
        [  -inf,   -inf,   -inf, 2.6900, 3.2250, 3.5046, 3.6386, 3.6964, 3.7203,
         3.7278, 3.7304, 3.7312, 3.7312, 3.7312, 3.7312, 3.7312, 3.7312],
        [  -inf,   -inf,   -inf, 2.6901, 3.2256, 3.5054, 3.6397, 3.6976, 3.7214,
         3.7291, 3.7317, 3.7325, 3.7325, 3.7325, 3.7325, 3.7325, 3.7325],
        [  -inf,   -inf,   -inf, 2.6902, 3.2261, 3.5062, 3.6407, 3.6987, 3.7226,
         3.7304, 3.7329, 3.7337, 3.7337, 3.7337, 3.7337, 3.7337, 3.7337],
        [  -inf,   -inf,   -inf, 2.6903, 3.2266, 3.5071, 3.6418, 3.6998, 3.7238,
         3.7316, 3.7342, 3.7350, 3.7350, 3.7350, 3.7350, 3.7350, 3.7350],
        [  -inf,   -inf,   -inf, 2.6904, 3.2272, 3.5079, 3.6428, 3.7010, 3.7250,
         3.7329, 3.7355, 3.7363, 3.7363, 3.7363, 3.7363, 3.7363, 3.7363],
        [  -inf,   -inf,   -inf, 2.6905, 3.2277, 3.5087, 3.6439, 3.7021, 3.7262,
         3.7341, 3.7367, 3.7376, 3.7376, 3.7376, 3.7376, 3.7376, 3.7376],
        [  -inf,   -inf,   -inf, 2.6906, 3.2282, 3.5095, 3.6449, 3.7032, 3.7274,
         3.7354, 3.7380, 3.7388, 3.7388, 3.7388, 3.7388, 3.7388, 3.7388],
        [  -inf,   -inf,   -inf, 2.6907, 3.2288, 3.5104, 3.6459, 3.7043, 3.7285,
         3.7366, 3.7392, 3.7401, 3.7401, 3.7401, 3.7401, 3.7401, 3.7401],
        [  -inf,   -inf,   -inf, 2.6908, 3.2293, 3.5112, 3.6470, 3.7055, 3.7297,
         3.7378, 3.7404, 3.7413, 3.7413, 3.7413, 3.7413, 3.7413, 3.7413],
        [  -inf,   -inf,   -inf, 2.6909, 3.2298, 3.5120, 3.6480, 3.7066, 3.7308,
         3.7390, 3.7417, 3.7425, 3.7425, 3.7425, 3.7425, 3.7425, 3.7425],
        [  -inf,   -inf,   -inf, 2.6910, 3.2303, 3.5129, 3.6490, 3.7077, 3.7320,
         3.7402, 3.7429, 3.7437, 3.7437, 3.7437, 3.7437, 3.7437, 3.7437],
        [  -inf,   -inf,   -inf, 2.6911, 3.2309, 3.5137, 3.6501, 3.7088, 3.7331,
         3.7414, 3.7441, 3.7450, 3.7450, 3.7450, 3.7450, 3.7450, 3.7450],
        [  -inf,   -inf,   -inf, 2.6912, 3.2314, 3.5145, 3.6511, 3.7099, 3.7342,
         3.7426, 3.7453, 3.7461, 3.7461, 3.7461, 3.7461, 3.7461, 3.7461],
        [  -inf,   -inf,   -inf, 2.6912, 3.2319, 3.5153, 3.6521, 3.7110, 3.7354,
         3.7438, 3.7464, 3.7473, 3.7473, 3.7473, 3.7473, 3.7473, 3.7473],
        [  -inf,   -inf,   -inf, 2.6913, 3.2324, 3.5162, 3.6531, 3.7121, 3.7365,
         3.7450, 3.7476, 3.7485, 3.7485, 3.7485, 3.7485, 3.7485, 3.7485],
        [  -inf,   -inf,   -inf, 2.6914, 3.2329, 3.5170, 3.6541, 3.7131, 3.7376,
         3.7461, 3.7488, 3.7497, 3.7497, 3.7497, 3.7497, 3.7497, 3.7497],
        [  -inf,   -inf,   -inf, 2.6915, 3.2333, 3.5178, 3.6551, 3.7142, 3.7388,
         3.7473, 3.7500, 3.7509, 3.7509, 3.7509, 3.7509, 3.7509, 3.7509],
        [  -inf,   -inf,   -inf, 2.6916, 3.2338, 3.5186, 3.6561, 3.7153, 3.7399,
         3.7485, 3.7512, 3.7521, 3.7521, 3.7521, 3.7521, 3.7521, 3.7521],
        [  -inf,   -inf,   -inf, 2.6917, 3.2343, 3.5194, 3.6571, 3.7164, 3.7410,
         3.7496, 3.7523, 3.7532, 3.7532, 3.7532, 3.7532, 3.7532, 3.7532],
        [  -inf,   -inf,   -inf, 2.6918, 3.2347, 3.5202, 3.6580, 3.7174, 3.7422,
         3.7508, 3.7535, 3.7544, 3.7544, 3.7544, 3.7544, 3.7544, 3.7544],
        [  -inf,   -inf,   -inf, 2.6918, 3.2352, 3.5210, 3.6590, 3.7185, 3.7433,
         3.7519, 3.7546, 3.7555, 3.7555, 3.7555, 3.7555, 3.7555, 3.7555],
        [  -inf,   -inf,   -inf, 2.6919, 3.2357, 3.5218, 3.6600, 3.7196, 3.7444,
         3.7530, 3.7557, 3.7567, 3.7567, 3.7567, 3.7567, 3.7567, 3.7567],
        [  -inf,   -inf,   -inf, 2.6920, 3.2361, 3.5226, 3.6610, 3.7207, 3.7455,
         3.7542, 3.7569, 3.7578, 3.7578, 3.7578, 3.7578, 3.7578, 3.7578],
        [  -inf,   -inf,   -inf, 2.6921, 3.2366, 3.5235, 3.6620, 3.7217, 3.7467,
         3.7553, 3.7580, 3.7589, 3.7589, 3.7589, 3.7589, 3.7589, 3.7589],
        [  -inf,   -inf,   -inf, 2.6922, 3.2371, 3.5243, 3.6629, 3.7228, 3.7478,
         3.7564, 3.7591, 3.7601, 3.7601, 3.7601, 3.7601, 3.7601, 3.7601],
        [  -inf,   -inf,   -inf, 2.6922, 3.2375, 3.5251, 3.6639, 3.7239, 3.7489,
         3.7576, 3.7603, 3.7612, 3.7612, 3.7612, 3.7612, 3.7612, 3.7612],
        [  -inf,   -inf,   -inf, 2.6923, 3.2380, 3.5259, 3.6649, 3.7249, 3.7500,
         3.7587, 3.7614, 3.7623, 3.7623, 3.7623, 3.7623, 3.7623, 3.7623],
        [  -inf,   -inf,   -inf, 2.6924, 3.2384, 3.5266, 3.6658, 3.7260, 3.7511,
         3.7598, 3.7625, 3.7635, 3.7635, 3.7635, 3.7635, 3.7635, 3.7635],
        [  -inf,   -inf,   -inf, 2.6925, 3.2388, 3.5274, 3.6668, 3.7270, 3.7522,
         3.7609, 3.7637, 3.7646, 3.7646, 3.7646, 3.7646, 3.7646, 3.7646],
        [  -inf,   -inf,   -inf, 2.6926, 3.2393, 3.5282, 3.6677, 3.7281, 3.7533,
         3.7621, 3.7648, 3.7657, 3.7657, 3.7657, 3.7657, 3.7657, 3.7657],
        [  -inf,   -inf,   -inf, 2.6926, 3.2397, 3.5290, 3.6687, 3.7291, 3.7543,
         3.7632, 3.7659, 3.7669, 3.7669, 3.7669, 3.7669, 3.7669, 3.7669],
        [  -inf,   -inf,   -inf, 2.6927, 3.2401, 3.5298, 3.6696, 3.7302, 3.7554,
         3.7643, 3.7670, 3.7680, 3.7680, 3.7680, 3.7680, 3.7680, 3.7680],
        [  -inf,   -inf,   -inf, 2.6928, 3.2405, 3.5305, 3.6705, 3.7312, 3.7565,
         3.7654, 3.7682, 3.7691, 3.7691, 3.7691, 3.7691, 3.7691, 3.7691],
        [  -inf,   -inf,   -inf, 2.6929, 3.2410, 3.5313, 3.6714, 3.7322, 3.7576,
         3.7666, 3.7693, 3.7702, 3.7702, 3.7702, 3.7702, 3.7702, 3.7702],
        [  -inf,   -inf,   -inf, 2.6930, 3.2414, 3.5320, 3.6723, 3.7333, 3.7586,
         3.7677, 3.7704, 3.7714, 3.7714, 3.7714, 3.7714, 3.7714, 3.7714],
        [  -inf,   -inf,   -inf, 2.6930, 3.2418, 3.5328, 3.6732, 3.7343, 3.7597,
         3.7688, 3.7715, 3.7725, 3.7725, 3.7725, 3.7725, 3.7725, 3.7725],
        [  -inf,   -inf,   -inf, 2.6931, 3.2422, 3.5335, 3.6741, 3.7353, 3.7608,
         3.7699, 3.7726, 3.7736, 3.7736, 3.7736, 3.7736, 3.7736, 3.7736],
        [  -inf,   -inf,   -inf, 2.6932, 3.2427, 3.5342, 3.6751, 3.7363, 3.7619,
         3.7710, 3.7737, 3.7747, 3.7747, 3.7747, 3.7747, 3.7747, 3.7747],
        [  -inf,   -inf,   -inf, 2.6933, 3.2431, 3.5350, 3.6760, 3.7374, 3.7629,
         3.7720, 3.7748, 3.7758, 3.7758, 3.7758, 3.7758, 3.7758, 3.7758],
        [  -inf,   -inf,   -inf, 2.6933, 3.2435, 3.5357, 3.6769, 3.7384, 3.7640,
         3.7731, 3.7759, 3.7769, 3.7769, 3.7769, 3.7769, 3.7769, 3.7769],
        [  -inf,   -inf,   -inf, 2.6934, 3.2439, 3.5364, 3.6778, 3.7394, 3.7651,
         3.7742, 3.7770, 3.7780, 3.7780, 3.7780, 3.7780, 3.7780, 3.7780],
        [  -inf,   -inf,   -inf, 2.6935, 3.2443, 3.5372, 3.6787, 3.7404, 3.7661,
         3.7753, 3.7780, 3.7790, 3.7791, 3.7791, 3.7791, 3.7791, 3.7791],
        [  -inf,   -inf,   -inf, 2.6936, 3.2448, 3.5379, 3.6796, 3.7414, 3.7672,
         3.7763, 3.7791, 3.7801, 3.7802, 3.7802, 3.7802, 3.7802, 3.7802],
        [  -inf,   -inf,   -inf, 2.6936, 3.2452, 3.5386, 3.6805, 3.7425, 3.7682,
         3.7774, 3.7802, 3.7812, 3.7812, 3.7812, 3.7812, 3.7812, 3.7812],
        [  -inf,   -inf,   -inf, 2.6937, 3.2456, 3.5394, 3.6814, 3.7435, 3.7693,
         3.7785, 3.7813, 3.7823, 3.7823, 3.7823, 3.7823, 3.7823, 3.7823],
        [  -inf,   -inf,   -inf, 2.6938, 3.2460, 3.5401, 3.6823, 3.7445, 3.7703,
         3.7796, 3.7823, 3.7833, 3.7834, 3.7834, 3.7834, 3.7834, 3.7834],
        [  -inf,   -inf,   -inf, 2.6938, 3.2464, 3.5408, 3.6832, 3.7455, 3.7713,
         3.7806, 3.7834, 3.7844, 3.7845, 3.7845, 3.7845, 3.7845, 3.7845],
        [  -inf,   -inf,   -inf, 2.6939, 3.2468, 3.5416, 3.6841, 3.7466, 3.7724,
         3.7817, 3.7845, 3.7855, 3.7855, 3.7855, 3.7855, 3.7855, 3.7855],
        [  -inf,   -inf,   -inf, 2.6940, 3.2472, 3.5423, 3.6850, 3.7476, 3.7734,
         3.7828, 3.7856, 3.7866, 3.7866, 3.7866, 3.7866, 3.7866, 3.7866],
        [  -inf,   -inf,   -inf, 2.6940, 3.2475, 3.5430, 3.6860, 3.7486, 3.7745,
         3.7839, 3.7866, 3.7876, 3.7877, 3.7877, 3.7877, 3.7877, 3.7877],
        [  -inf,   -inf,   -inf, 2.6941, 3.2479, 3.5437, 3.6869, 3.7496, 3.7755,
         3.7849, 3.7877, 3.7887, 3.7887, 3.7887, 3.7887, 3.7887, 3.7887],
        [  -inf,   -inf,   -inf, 2.6942, 3.2483, 3.5445, 3.6878, 3.7506, 3.7765,
         3.7860, 3.7888, 3.7898, 3.7898, 3.7898, 3.7898, 3.7898, 3.7898],
        [  -inf,   -inf,   -inf, 2.6942, 3.2487, 3.5452, 3.6887, 3.7517, 3.7775,
         3.7870, 3.7898, 3.7908, 3.7909, 3.7909, 3.7909, 3.7909, 3.7909],
        [  -inf,   -inf,   -inf, 2.6943, 3.2491, 3.5459, 3.6896, 3.7527, 3.7785,
         3.7880, 3.7908, 3.7919, 3.7919, 3.7919, 3.7919, 3.7919, 3.7919],
        [  -inf,   -inf,   -inf, 2.6944, 3.2495, 3.5466, 3.6905, 3.7537, 3.7796,
         3.7891, 3.7919, 3.7929, 3.7930, 3.7930, 3.7930, 3.7930, 3.7930],
        [  -inf,   -inf,   -inf, 2.6944, 3.2499, 3.5473, 3.6914, 3.7547, 3.7806,
         3.7901, 3.7929, 3.7940, 3.7940, 3.7940, 3.7940, 3.7940, 3.7940],
        [  -inf,   -inf,   -inf, 2.6945, 3.2502, 3.5480, 3.6923, 3.7557, 3.7816,
         3.7912, 3.7940, 3.7950, 3.7951, 3.7951, 3.7951, 3.7951, 3.7951],
        [  -inf,   -inf,   -inf, 2.6946, 3.2506, 3.5487, 3.6932, 3.7566, 3.7826,
         3.7922, 3.7950, 3.7960, 3.7961, 3.7961, 3.7961, 3.7961, 3.7961],
        [  -inf,   -inf,   -inf, 2.6946, 3.2510, 3.5494, 3.6941, 3.7576, 3.7837,
         3.7932, 3.7960, 3.7971, 3.7972, 3.7972, 3.7972, 3.7972, 3.7972],
        [  -inf,   -inf,   -inf, 2.6947, 3.2514, 3.5501, 3.6950, 3.7586, 3.7847,
         3.7943, 3.7971, 3.7981, 3.7982, 3.7982, 3.7982, 3.7982, 3.7982],
        [  -inf,   -inf,   -inf, 2.6948, 3.2517, 3.5508, 3.6958, 3.7596, 3.7857,
         3.7953, 3.7981, 3.7992, 3.7992, 3.7992, 3.7992, 3.7992, 3.7992],
        [  -inf,   -inf,   -inf, 2.6948, 3.2521, 3.5515, 3.6967, 3.7606, 3.7867,
         3.7963, 3.7991, 3.8002, 3.8003, 3.8003, 3.8003, 3.8003, 3.8003],
        [  -inf,   -inf,   -inf, 2.6949, 3.2524, 3.5522, 3.6976, 3.7616, 3.7877,
         3.7973, 3.8001, 3.8012, 3.8013, 3.8013, 3.8013, 3.8013, 3.8013],
        [  -inf,   -inf,   -inf, 2.6950, 3.2528, 3.5528, 3.6985, 3.7626, 3.7888,
         3.7983, 3.8012, 3.8022, 3.8023, 3.8023, 3.8023, 3.8023, 3.8023],
        [  -inf,   -inf,   -inf, 2.6950, 3.2532, 3.5535, 3.6993, 3.7635, 3.7898,
         3.7994, 3.8022, 3.8032, 3.8033, 3.8033, 3.8033, 3.8033, 3.8033],
        [  -inf,   -inf,   -inf, 2.6951, 3.2535, 3.5542, 3.7002, 3.7645, 3.7908,
         3.8004, 3.8032, 3.8043, 3.8044, 3.8044, 3.8044, 3.8044, 3.8044],
        [  -inf,   -inf,   -inf, 2.6952, 3.2539, 3.5548, 3.7011, 3.7654, 3.7918,
         3.8014, 3.8042, 3.8053, 3.8054, 3.8054, 3.8054, 3.8054, 3.8054],
        [  -inf,   -inf,   -inf, 2.6952, 3.2542, 3.5555, 3.7019, 3.7664, 3.7928,
         3.8024, 3.8053, 3.8063, 3.8064, 3.8064, 3.8064, 3.8064, 3.8064],
        [  -inf,   -inf,   -inf, 2.6953, 3.2546, 3.5562, 3.7027, 3.7674, 3.7939,
         3.8035, 3.8063, 3.8073, 3.8074, 3.8074, 3.8074, 3.8074, 3.8074],
        [  -inf,   -inf,   -inf, 2.6953, 3.2549, 3.5568, 3.7036, 3.7683, 3.7949,
         3.8045, 3.8073, 3.8084, 3.8084, 3.8084, 3.8084, 3.8084, 3.8084],
        [  -inf,   -inf,   -inf, 2.6954, 3.2553, 3.5575, 3.7044, 3.7693, 3.7959,
         3.8055, 3.8083, 3.8094, 3.8095, 3.8095, 3.8095, 3.8095, 3.8095],
        [  -inf,   -inf,   -inf, 2.6955, 3.2556, 3.5581, 3.7052, 3.7702, 3.7968,
         3.8065, 3.8093, 3.8104, 3.8105, 3.8105, 3.8105, 3.8105, 3.8105],
        [  -inf,   -inf,   -inf, 2.6955, 3.2560, 3.5588, 3.7061, 3.7711, 3.7978,
         3.8075, 3.8104, 3.8114, 3.8115, 3.8115, 3.8115, 3.8115, 3.8115],
        [  -inf,   -inf,   -inf, 2.6956, 3.2563, 3.5594, 3.7069, 3.7720, 3.7988,
         3.8086, 3.8114, 3.8124, 3.8125, 3.8125, 3.8125, 3.8125, 3.8125],
        [  -inf,   -inf,   -inf, 2.6957, 3.2567, 3.5601, 3.7077, 3.7729, 3.7998,
         3.8096, 3.8124, 3.8135, 3.8136, 3.8136, 3.8136, 3.8136, 3.8136],
        [  -inf,   -inf,   -inf, 2.6957, 3.2570, 3.5607, 3.7085, 3.7738, 3.8008,
         3.8106, 3.8134, 3.8145, 3.8146, 3.8146, 3.8146, 3.8146, 3.8146],
        [  -inf,   -inf,   -inf, 2.6958, 3.2574, 3.5614, 3.7094, 3.7747, 3.8018,
         3.8116, 3.8145, 3.8155, 3.8156, 3.8156, 3.8156, 3.8156, 3.8156],
        [  -inf,   -inf,   -inf, 2.6958, 3.2577, 3.5620, 3.7102, 3.7756, 3.8028,
         3.8126, 3.8155, 3.8165, 3.8166, 3.8166, 3.8166, 3.8166, 3.8166],
        [  -inf,   -inf,   -inf, 2.6959, 3.2581, 3.5626, 3.7110, 3.7765, 3.8037,
         3.8136, 3.8165, 3.8175, 3.8176, 3.8176, 3.8176, 3.8176, 3.8176],
        [  -inf,   -inf,   -inf, 2.6960, 3.2584, 3.5633, 3.7119, 3.7775, 3.8047,
         3.8146, 3.8175, 3.8186, 3.8187, 3.8187, 3.8187, 3.8187, 3.8187],
        [  -inf,   -inf,   -inf, 2.6960, 3.2588, 3.5639, 3.7127, 3.7784, 3.8057,
         3.8156, 3.8185, 3.8196, 3.8197, 3.8197, 3.8197, 3.8197, 3.8197],
        [  -inf,   -inf,   -inf, 2.6961, 3.2591, 3.5646, 3.7135, 3.7793, 3.8066,
         3.8166, 3.8195, 3.8206, 3.8207, 3.8207, 3.8207, 3.8207, 3.8207],
        [  -inf,   -inf,   -inf, 2.6961, 3.2594, 3.5652, 3.7143, 3.7802, 3.8076,
         3.8176, 3.8205, 3.8215, 3.8217, 3.8217, 3.8217, 3.8217, 3.8217],
        [  -inf,   -inf,   -inf, 2.6962, 3.2598, 3.5658, 3.7152, 3.7811, 3.8085,
         3.8186, 3.8215, 3.8225, 3.8227, 3.8227, 3.8227, 3.8227, 3.8227],
        [  -inf,   -inf,   -inf, 2.6963, 3.2601, 3.5665, 3.7160, 3.7820, 3.8095,
         3.8196, 3.8224, 3.8235, 3.8236, 3.8236, 3.8236, 3.8236, 3.8236],
        [  -inf,   -inf,   -inf, 2.6963, 3.2604, 3.5671, 3.7168, 3.7829, 3.8105,
         3.8205, 3.8234, 3.8245, 3.8246, 3.8246, 3.8246, 3.8246, 3.8246],
        [  -inf,   -inf,   -inf, 2.6964, 3.2607, 3.5677, 3.7176, 3.7838, 3.8114,
         3.8215, 3.8244, 3.8255, 3.8256, 3.8256, 3.8256, 3.8256, 3.8256],
        [  -inf,   -inf,   -inf, 2.6964, 3.2610, 3.5683, 3.7184, 3.7847, 3.8123,
         3.8225, 3.8254, 3.8265, 3.8266, 3.8266, 3.8266, 3.8266, 3.8266],
        [  -inf,   -inf,   -inf, 2.6965, 3.2614, 3.5689, 3.7193, 3.7856, 3.8132,
         3.8235, 3.8264, 3.8275, 3.8276, 3.8276, 3.8276, 3.8276, 3.8276],
        [  -inf,   -inf,   -inf, 2.6966, 3.2617, 3.5695, 3.7201, 3.7865, 3.8141,
         3.8245, 3.8274, 3.8284, 3.8286, 3.8286, 3.8286, 3.8286, 3.8286],
        [  -inf,   -inf,   -inf, 2.6966, 3.2620, 3.5701, 3.7209, 3.7874, 3.8150,
         3.8254, 3.8283, 3.8294, 3.8296, 3.8296, 3.8296, 3.8296, 3.8296],
        [  -inf,   -inf,   -inf, 2.6967, 3.2623, 3.5707, 3.7217, 3.7884, 3.8159,
         3.8264, 3.8293, 3.8304, 3.8305, 3.8305, 3.8305, 3.8305, 3.8305],
        [  -inf,   -inf,   -inf, 2.6967, 3.2626, 3.5713, 3.7225, 3.7893, 3.8168,
         3.8273, 3.8302, 3.8313, 3.8315, 3.8315, 3.8315, 3.8315, 3.8315],
        [  -inf,   -inf,   -inf, 2.6968, 3.2629, 3.5720, 3.7233, 3.7902, 3.8177,
         3.8283, 3.8312, 3.8323, 3.8325, 3.8325, 3.8325, 3.8325, 3.8325],
        [  -inf,   -inf,   -inf, 2.6968, 3.2633, 3.5726, 3.7241, 3.7911, 3.8186,
         3.8292, 3.8321, 3.8332, 3.8334, 3.8334, 3.8334, 3.8334, 3.8334],
        [  -inf,   -inf,   -inf, 2.6969, 3.2636, 3.5732, 3.7249, 3.7920, 3.8196,
         3.8301, 3.8331, 3.8342, 3.8344, 3.8344, 3.8344, 3.8344, 3.8344],
        [  -inf,   -inf,   -inf, 2.6969, 3.2639, 3.5738, 3.7257, 3.7929, 3.8205,
         3.8311, 3.8340, 3.8352, 3.8353, 3.8353, 3.8353, 3.8353, 3.8353],
        [  -inf,   -inf,   -inf, 2.6970, 3.2642, 3.5744, 3.7265, 3.7938, 3.8214,
         3.8320, 3.8349, 3.8361, 3.8363, 3.8363, 3.8363, 3.8363, 3.8363],
        [  -inf,   -inf,   -inf, 2.6970, 3.2645, 3.5750, 3.7273, 3.7947, 3.8223,
         3.8329, 3.8358, 3.8370, 3.8372, 3.8372, 3.8372, 3.8372, 3.8372],
        [  -inf,   -inf,   -inf, 2.6971, 3.2648, 3.5756, 3.7281, 3.7955, 3.8232,
         3.8338, 3.8367, 3.8379, 3.8381, 3.8381, 3.8381, 3.8381, 3.8381],
        [  -inf,   -inf,   -inf, 2.6971, 3.2651, 3.5762, 3.7289, 3.7964, 3.8241,
         3.8347, 3.8376, 3.8388, 3.8390, 3.8390, 3.8390, 3.8390, 3.8390],
        [  -inf,   -inf,   -inf, 2.6972, 3.2655, 3.5768, 3.7297, 3.7973, 3.8250,
         3.8356, 3.8385, 3.8397, 3.8399, 3.8399, 3.8399, 3.8399, 3.8399],
        [  -inf,   -inf,   -inf, 2.6972, 3.2658, 3.5774, 3.7304, 3.7982, 3.8259,
         3.8365, 3.8395, 3.8406, 3.8408, 3.8408, 3.8408, 3.8408, 3.8408],
        [  -inf,   -inf,   -inf, 2.6973, 3.2661, 3.5780, 3.7312, 3.7991, 3.8268,
         3.8374, 3.8404, 3.8415, 3.8417, 3.8417, 3.8417, 3.8417, 3.8417],
        [  -inf,   -inf,   -inf, 2.6973, 3.2664, 3.5786, 3.7319, 3.7999, 3.8277,
         3.8383, 3.8413, 3.8424, 3.8426, 3.8426, 3.8426, 3.8426, 3.8426],
        [  -inf,   -inf,   -inf, 2.6974, 3.2667, 3.5793, 3.7327, 3.8008, 3.8286,
         3.8392, 3.8422, 3.8433, 3.8436, 3.8436, 3.8436, 3.8436, 3.8436],
        [  -inf,   -inf,   -inf, 2.6975, 3.2670, 3.5799, 3.7334, 3.8017, 3.8295,
         3.8402, 3.8431, 3.8443, 3.8445, 3.8445, 3.8445, 3.8445, 3.8445],
        [  -inf,   -inf,   -inf, 2.6975, 3.2673, 3.5805, 3.7342, 3.8025, 3.8305,
         3.8411, 3.8440, 3.8452, 3.8454, 3.8454, 3.8454, 3.8454, 3.8454],
        [  -inf,   -inf,   -inf, 2.6976, 3.2676, 3.5811, 3.7350, 3.8034, 3.8314,
         3.8420, 3.8449, 3.8461, 3.8463, 3.8463, 3.8463, 3.8463, 3.8463],
        [  -inf,   -inf,   -inf, 2.6976, 3.2679, 3.5817, 3.7357, 3.8043, 3.8323,
         3.8429, 3.8458, 3.8470, 3.8472, 3.8472, 3.8472, 3.8472, 3.8472],
        [  -inf,   -inf,   -inf, 2.6976, 3.2682, 3.5823, 3.7364, 3.8051, 3.8332,
         3.8438, 3.8467, 3.8479, 3.8481, 3.8481, 3.8481, 3.8481, 3.8481],
        [  -inf,   -inf,   -inf, 2.6977, 3.2685, 3.5829, 3.7372, 3.8060, 3.8341,
         3.8447, 3.8476, 3.8488, 3.8490, 3.8490, 3.8490, 3.8490, 3.8490],
        [  -inf,   -inf,   -inf, 2.6977, 3.2688, 3.5835, 3.7379, 3.8068, 3.8350,
         3.8456, 3.8485, 3.8497, 3.8499, 3.8499, 3.8499, 3.8499, 3.8499],
        [  -inf,   -inf,   -inf, 2.6978, 3.2691, 3.5840, 3.7386, 3.8077, 3.8358,
         3.8465, 3.8494, 3.8506, 3.8508, 3.8508, 3.8508, 3.8508, 3.8508],
        [  -inf,   -inf,   -inf, 2.6978, 3.2694, 3.5846, 3.7394, 3.8085, 3.8367,
         3.8474, 3.8504, 3.8515, 3.8517, 3.8517, 3.8517, 3.8517, 3.8517],
        [  -inf,   -inf,   -inf, 2.6979, 3.2697, 3.5852, 3.7401, 3.8093, 3.8376,
         3.8483, 3.8513, 3.8524, 3.8526, 3.8526, 3.8526, 3.8526, 3.8526],
        [  -inf,   -inf,   -inf, 2.6979, 3.2700, 3.5858, 3.7409, 3.8102, 3.8385,
         3.8492, 3.8522, 3.8533, 3.8535, 3.8535, 3.8535, 3.8535, 3.8535],
        [  -inf,   -inf,   -inf, 2.6980, 3.2703, 3.5864, 3.7416, 3.8110, 3.8394,
         3.8501, 3.8531, 3.8542, 3.8545, 3.8545, 3.8545, 3.8545, 3.8545],
        [  -inf,   -inf,   -inf, 2.6980, 3.2706, 3.5869, 3.7423, 3.8118, 3.8403,
         3.8511, 3.8540, 3.8552, 3.8554, 3.8554, 3.8554, 3.8554, 3.8554],
        [  -inf,   -inf,   -inf, 2.6981, 3.2709, 3.5875, 3.7431, 3.8127, 3.8411,
         3.8520, 3.8549, 3.8561, 3.8563, 3.8563, 3.8563, 3.8563, 3.8563],
        [  -inf,   -inf,   -inf, 2.6981, 3.2712, 3.5881, 3.7438, 3.8135, 3.8420,
         3.8528, 3.8558, 3.8570, 3.8572, 3.8572, 3.8572, 3.8572, 3.8572],
        [  -inf,   -inf,   -inf, 2.6982, 3.2715, 3.5886, 3.7445, 3.8143, 3.8429,
         3.8537, 3.8567, 3.8579, 3.8581, 3.8581, 3.8581, 3.8581, 3.8581],
        [  -inf,   -inf,   -inf, 2.6982, 3.2718, 3.5892, 3.7453, 3.8152, 3.8437,
         3.8546, 3.8576, 3.8588, 3.8590, 3.8590, 3.8590, 3.8590, 3.8590],
        [  -inf,   -inf,   -inf, 2.6983, 3.2720, 3.5897, 3.7460, 3.8160, 3.8446,
         3.8555, 3.8585, 3.8597, 3.8599, 3.8599, 3.8599, 3.8599, 3.8599],
        [  -inf,   -inf,   -inf, 2.6983, 3.2723, 3.5903, 3.7467, 3.8168, 3.8454,
         3.8564, 3.8594, 3.8605, 3.8608, 3.8608, 3.8608, 3.8608, 3.8608],
        [  -inf,   -inf,   -inf, 2.6984, 3.2726, 3.5908, 3.7474, 3.8176, 3.8463,
         3.8573, 3.8603, 3.8614, 3.8617, 3.8617, 3.8617, 3.8617, 3.8617],
        [  -inf,   -inf,   -inf, 2.6984, 3.2729, 3.5914, 3.7482, 3.8185, 3.8472,
         3.8582, 3.8611, 3.8623, 3.8626, 3.8626, 3.8626, 3.8626, 3.8626],
        [  -inf,   -inf,   -inf, 2.6985, 3.2732, 3.5919, 3.7489, 3.8193, 3.8480,
         3.8590, 3.8620, 3.8632, 3.8634, 3.8634, 3.8634, 3.8634, 3.8634],
        [  -inf,   -inf,   -inf, 2.6985, 3.2735, 3.5924, 3.7496, 3.8201, 3.8489,
         3.8599, 3.8629, 3.8641, 3.8643, 3.8643, 3.8643, 3.8643, 3.8643],
        [  -inf,   -inf,   -inf, 2.6985, 3.2737, 3.5930, 3.7503, 3.8209, 3.8497,
         3.8608, 3.8637, 3.8650, 3.8652, 3.8652, 3.8652, 3.8652, 3.8652],
        [  -inf,   -inf,   -inf, 2.6986, 3.2740, 3.5935, 3.7510, 3.8218, 3.8505,
         3.8616, 3.8646, 3.8658, 3.8661, 3.8661, 3.8661, 3.8661, 3.8661],
        [  -inf,   -inf,   -inf, 2.6986, 3.2743, 3.5941, 3.7518, 3.8226, 3.8514,
         3.8625, 3.8655, 3.8667, 3.8669, 3.8669, 3.8669, 3.8669, 3.8669],
        [  -inf,   -inf,   -inf, 2.6987, 3.2745, 3.5946, 3.7525, 3.8234, 3.8522,
         3.8634, 3.8663, 3.8676, 3.8678, 3.8678, 3.8678, 3.8678, 3.8678],
        [  -inf,   -inf,   -inf, 2.6987, 3.2748, 3.5951, 3.7532, 3.8242, 3.8530,
         3.8642, 3.8672, 3.8684, 3.8687, 3.8687, 3.8687, 3.8687, 3.8687],
        [  -inf,   -inf,   -inf, 2.6988, 3.2751, 3.5957, 3.7539, 3.8250, 3.8539,
         3.8651, 3.8681, 3.8693, 3.8695, 3.8695, 3.8695, 3.8695, 3.8695],
        [  -inf,   -inf,   -inf, 2.6988, 3.2754, 3.5962, 3.7545, 3.8258, 3.8547,
         3.8660, 3.8689, 3.8701, 3.8704, 3.8704, 3.8704, 3.8704, 3.8704],
        [  -inf,   -inf,   -inf, 2.6989, 3.2756, 3.5967, 3.7552, 3.8267, 3.8555,
         3.8668, 3.8698, 3.8710, 3.8713, 3.8713, 3.8713, 3.8713, 3.8713],
        [  -inf,   -inf,   -inf, 2.6989, 3.2759, 3.5973, 3.7559, 3.8275, 3.8563,
         3.8676, 3.8707, 3.8719, 3.8721, 3.8721, 3.8721, 3.8721, 3.8721],
        [  -inf,   -inf,   -inf, 2.6989, 3.2762, 3.5978, 3.7566, 3.8283, 3.8572,
         3.8685, 3.8715, 3.8727, 3.8730, 3.8730, 3.8730, 3.8730, 3.8730],
        [  -inf,   -inf,   -inf, 2.6990, 3.2764, 3.5983, 3.7573, 3.8291, 3.8580,
         3.8693, 3.8723, 3.8736, 3.8739, 3.8739, 3.8739, 3.8739, 3.8739],
        [  -inf,   -inf,   -inf, 2.6990, 3.2767, 3.5988, 3.7579, 3.8299, 3.8588,
         3.8701, 3.8732, 3.8744, 3.8747, 3.8747, 3.8747, 3.8747, 3.8747],
        [  -inf,   -inf,   -inf, 2.6991, 3.2770, 3.5994, 3.7586, 3.8307, 3.8597,
         3.8710, 3.8740, 3.8752, 3.8755, 3.8755, 3.8755, 3.8755, 3.8755],
        [  -inf,   -inf,   -inf, 2.6991, 3.2772, 3.5999, 3.7593, 3.8315, 3.8605,
         3.8718, 3.8748, 3.8761, 3.8764, 3.8764, 3.8764, 3.8764, 3.8764],
        [  -inf,   -inf,   -inf, 2.6991, 3.2775, 3.6004, 3.7599, 3.8323, 3.8613,
         3.8726, 3.8757, 3.8769, 3.8772, 3.8772, 3.8772, 3.8772, 3.8772],
        [  -inf,   -inf,   -inf, 2.6992, 3.2778, 3.6010, 3.7606, 3.8331, 3.8621,
         3.8735, 3.8765, 3.8777, 3.8780, 3.8780, 3.8780, 3.8780, 3.8780],
        [  -inf,   -inf,   -inf, 2.6992, 3.2780, 3.6015, 3.7612, 3.8339, 3.8630,
         3.8743, 3.8773, 3.8786, 3.8788, 3.8788, 3.8788, 3.8788, 3.8788],
        [  -inf,   -inf,   -inf, 2.6993, 3.2783, 3.6020, 3.7619, 3.8346, 3.8638,
         3.8751, 3.8781, 3.8794, 3.8797, 3.8797, 3.8797, 3.8797, 3.8797],
        [  -inf,   -inf,   -inf, 2.6993, 3.2785, 3.6025, 3.7625, 3.8354, 3.8646,
         3.8760, 3.8790, 3.8802, 3.8805, 3.8805, 3.8805, 3.8805, 3.8805],
        [  -inf,   -inf,   -inf, 2.6993, 3.2788, 3.6030, 3.7632, 3.8362, 3.8654,
         3.8768, 3.8798, 3.8810, 3.8813, 3.8813, 3.8813, 3.8813, 3.8813],
        [  -inf,   -inf,   -inf, 2.6994, 3.2790, 3.6035, 3.7638, 3.8370, 3.8663,
         3.8776, 3.8806, 3.8819, 3.8822, 3.8822, 3.8822, 3.8822, 3.8822],
        [  -inf,   -inf,   -inf, 2.6994, 3.2793, 3.6041, 3.7645, 3.8377, 3.8671,
         3.8784, 3.8815, 3.8827, 3.8830, 3.8830, 3.8830, 3.8830, 3.8830],
        [  -inf,   -inf,   -inf, 2.6995, 3.2796, 3.6046, 3.7651, 3.8385, 3.8679,
         3.8793, 3.8823, 3.8835, 3.8838, 3.8838, 3.8838, 3.8838, 3.8838],
        [  -inf,   -inf,   -inf, 2.6995, 3.2798, 3.6051, 3.7658, 3.8392, 3.8687,
         3.8801, 3.8831, 3.8844, 3.8846, 3.8846, 3.8846, 3.8846, 3.8846],
        [  -inf,   -inf,   -inf, 2.6995, 3.2801, 3.6056, 3.7664, 3.8400, 3.8696,
         3.8809, 3.8839, 3.8852, 3.8855, 3.8855, 3.8855, 3.8855, 3.8855],
        [  -inf,   -inf,   -inf, 2.6996, 3.2803, 3.6061, 3.7670, 3.8407, 3.8704,
         3.8817, 3.8848, 3.8860, 3.8863, 3.8863, 3.8863, 3.8863, 3.8863],
        [  -inf,   -inf,   -inf, 2.6996, 3.2806, 3.6066, 3.7677, 3.8415, 3.8712,
         3.8826, 3.8856, 3.8868, 3.8871, 3.8871, 3.8871, 3.8871, 3.8871],
        [  -inf,   -inf,   -inf, 2.6997, 3.2808, 3.6071, 3.7683, 3.8422, 3.8720,
         3.8834, 3.8864, 3.8877, 3.8880, 3.8880, 3.8880, 3.8880, 3.8880],
        [  -inf,   -inf,   -inf, 2.6997, 3.2811, 3.6077, 3.7690, 3.8430, 3.8728,
         3.8842, 3.8872, 3.8885, 3.8888, 3.8888, 3.8888, 3.8888, 3.8888],
        [  -inf,   -inf,   -inf, 2.6997, 3.2813, 3.6082, 3.7696, 3.8437, 3.8736,
         3.8850, 3.8881, 3.8893, 3.8896, 3.8896, 3.8896, 3.8896, 3.8896],
        [  -inf,   -inf,   -inf, 2.6998, 3.2816, 3.6087, 3.7702, 3.8444, 3.8744,
         3.8859, 3.8889, 3.8901, 3.8904, 3.8904, 3.8904, 3.8904, 3.8904],
        [  -inf,   -inf,   -inf, 2.6998, 3.2818, 3.6092, 3.7709, 3.8452, 3.8752,
         3.8867, 3.8897, 3.8910, 3.8913, 3.8913, 3.8913, 3.8913, 3.8913],
        [  -inf,   -inf,   -inf, 2.6998, 3.2821, 3.6097, 3.7715, 3.8459, 3.8760,
         3.8875, 3.8905, 3.8918, 3.8921, 3.8921, 3.8921, 3.8921, 3.8921],
        [  -inf,   -inf,   -inf, 2.6999, 3.2823, 3.6101, 3.7721, 3.8466, 3.8768,
         3.8883, 3.8914, 3.8926, 3.8929, 3.8929, 3.8929, 3.8929, 3.8929],
        [  -inf,   -inf,   -inf, 2.6999, 3.2825, 3.6106, 3.7727, 3.8474, 3.8777,
         3.8891, 3.8922, 3.8934, 3.8937, 3.8937, 3.8937, 3.8937, 3.8937],
        [  -inf,   -inf,   -inf, 2.7000, 3.2828, 3.6111, 3.7733, 3.8481, 3.8785,
         3.8900, 3.8930, 3.8943, 3.8946, 3.8946, 3.8946, 3.8946, 3.8946],
        [  -inf,   -inf,   -inf, 2.7000, 3.2830, 3.6116, 3.7739, 3.8488, 3.8793,
         3.8908, 3.8938, 3.8951, 3.8954, 3.8954, 3.8954, 3.8954, 3.8954],
        [  -inf,   -inf,   -inf, 2.7000, 3.2832, 3.6120, 3.7745, 3.8496, 3.8800,
         3.8916, 3.8946, 3.8959, 3.8962, 3.8962, 3.8962, 3.8962, 3.8962],
        [  -inf,   -inf,   -inf, 2.7001, 3.2835, 3.6125, 3.7752, 3.8503, 3.8808,
         3.8924, 3.8954, 3.8967, 3.8970, 3.8970, 3.8970, 3.8970, 3.8970],
        [  -inf,   -inf,   -inf, 2.7001, 3.2837, 3.6130, 3.7758, 3.8510, 3.8816,
         3.8932, 3.8962, 3.8975, 3.8978, 3.8978, 3.8978, 3.8978, 3.8978],
        [  -inf,   -inf,   -inf, 2.7001, 3.2839, 3.6135, 3.7764, 3.8518, 3.8824,
         3.8940, 3.8971, 3.8983, 3.8986, 3.8986, 3.8986, 3.8986, 3.8986],
        [  -inf,   -inf,   -inf, 2.7002, 3.2842, 3.6140, 3.7770, 3.8525, 3.8832,
         3.8948, 3.8979, 3.8991, 3.8994, 3.8994, 3.8994, 3.8994, 3.8994],
        [  -inf,   -inf,   -inf, 2.7002, 3.2844, 3.6144, 3.7776, 3.8532, 3.8839,
         3.8956, 3.8987, 3.8999, 3.9002, 3.9002, 3.9002, 3.9002, 3.9002],
        [  -inf,   -inf,   -inf, 2.7002, 3.2846, 3.6149, 3.7782, 3.8539, 3.8847,
         3.8964, 3.8995, 3.9007, 3.9011, 3.9011, 3.9011, 3.9011, 3.9011],
        [  -inf,   -inf,   -inf, 2.7003, 3.2849, 3.6154, 3.7788, 3.8547, 3.8854,
         3.8972, 3.9003, 3.9015, 3.9019, 3.9019, 3.9019, 3.9019, 3.9019],
        [  -inf,   -inf,   -inf, 2.7003, 3.2851, 3.6159, 3.7794, 3.8554, 3.8862,
         3.8980, 3.9011, 3.9024, 3.9027, 3.9027, 3.9027, 3.9027, 3.9027],
        [  -inf,   -inf,   -inf, 2.7004, 3.2853, 3.6163, 3.7800, 3.8561, 3.8869,
         3.8988, 3.9019, 3.9032, 3.9035, 3.9035, 3.9035, 3.9035, 3.9035],
        [  -inf,   -inf,   -inf, 2.7004, 3.2855, 3.6168, 3.7806, 3.8568, 3.8877,
         3.8996, 3.9027, 3.9040, 3.9043, 3.9043, 3.9043, 3.9043, 3.9043],
        [  -inf,   -inf,   -inf, 2.7004, 3.2858, 3.6173, 3.7812, 3.8575, 3.8884,
         3.9004, 3.9035, 3.9047, 3.9051, 3.9051, 3.9051, 3.9051, 3.9051],
        [  -inf,   -inf,   -inf, 2.7005, 3.2860, 3.6178, 3.7818, 3.8582, 3.8892,
         3.9012, 3.9042, 3.9055, 3.9059, 3.9059, 3.9059, 3.9059, 3.9059],
        [  -inf,   -inf,   -inf, 2.7005, 3.2862, 3.6182, 3.7825, 3.8589, 3.8899,
         3.9020, 3.9050, 3.9063, 3.9066, 3.9066, 3.9066, 3.9066, 3.9066],
        [  -inf,   -inf,   -inf, 2.7005, 3.2865, 3.6187, 3.7831, 3.8596, 3.8907,
         3.9027, 3.9058, 3.9071, 3.9074, 3.9074, 3.9074, 3.9074, 3.9074],
        [  -inf,   -inf,   -inf, 2.7006, 3.2867, 3.6192, 3.7837, 3.8603, 3.8914,
         3.9035, 3.9066, 3.9079, 3.9082, 3.9082, 3.9082, 3.9082, 3.9082],
        [  -inf,   -inf,   -inf, 2.7006, 3.2869, 3.6196, 3.7843, 3.8610, 3.8921,
         3.9042, 3.9074, 3.9087, 3.9090, 3.9090, 3.9090, 3.9090, 3.9090],
        [  -inf,   -inf,   -inf, 2.7006, 3.2871, 3.6201, 3.7849, 3.8617, 3.8929,
         3.9050, 3.9082, 3.9095, 3.9098, 3.9098, 3.9098, 3.9098, 3.9098],
        [  -inf,   -inf,   -inf, 2.7007, 3.2874, 3.6205, 3.7855, 3.8624, 3.8936,
         3.9057, 3.9089, 3.9102, 3.9106, 3.9106, 3.9106, 3.9106, 3.9106],
        [  -inf,   -inf,   -inf, 2.7007, 3.2876, 3.6210, 3.7861, 3.8631, 3.8943,
         3.9065, 3.9097, 3.9110, 3.9114, 3.9114, 3.9114, 3.9114, 3.9114],
        [  -inf,   -inf,   -inf, 2.7007, 3.2878, 3.6214, 3.7867, 3.8637, 3.8951,
         3.9072, 3.9105, 3.9118, 3.9121, 3.9121, 3.9121, 3.9121, 3.9121],
        [  -inf,   -inf,   -inf, 2.7008, 3.2880, 3.6218, 3.7873, 3.8644, 3.8958,
         3.9080, 3.9113, 3.9126, 3.9129, 3.9129, 3.9129, 3.9129, 3.9129],
        [  -inf,   -inf,   -inf, 2.7008, 3.2883, 3.6223, 3.7879, 3.8651, 3.8965,
         3.9087, 3.9121, 3.9134, 3.9137, 3.9137, 3.9137, 3.9137, 3.9137],
        [  -inf,   -inf,   -inf, 2.7008, 3.2885, 3.6227, 3.7885, 3.8658, 3.8973,
         3.9094, 3.9129, 3.9142, 3.9145, 3.9145, 3.9145, 3.9145, 3.9145],
        [  -inf,   -inf,   -inf, 2.7009, 3.2887, 3.6231, 3.7891, 3.8665, 3.8980,
         3.9102, 3.9136, 3.9149, 3.9153, 3.9153, 3.9153, 3.9153, 3.9153],
        [  -inf,   -inf,   -inf, 2.7009, 3.2889, 3.6236, 3.7897, 3.8671, 3.8987,
         3.9109, 3.9144, 3.9157, 3.9161, 3.9161, 3.9161, 3.9161, 3.9161],
        [  -inf,   -inf,   -inf, 2.7009, 3.2891, 3.6240, 3.7903, 3.8678, 3.8995,
         3.9116, 3.9151, 3.9164, 3.9168, 3.9168, 3.9168, 3.9168, 3.9168],
        [  -inf,   -inf,   -inf, 2.7010, 3.2894, 3.6244, 3.7909, 3.8685, 3.9002,
         3.9124, 3.9159, 3.9172, 3.9176, 3.9176, 3.9176, 3.9176, 3.9176],
        [  -inf,   -inf,   -inf, 2.7010, 3.2896, 3.6248, 3.7915, 3.8691, 3.9009,
         3.9131, 3.9166, 3.9180, 3.9183, 3.9183, 3.9183, 3.9183, 3.9183],
        [  -inf,   -inf,   -inf, 2.7010, 3.2898, 3.6253, 3.7920, 3.8698, 3.9016,
         3.9138, 3.9174, 3.9187, 3.9191, 3.9191, 3.9191, 3.9191, 3.9191],
        [  -inf,   -inf,   -inf, 2.7011, 3.2900, 3.6257, 3.7926, 3.8705, 3.9023,
         3.9146, 3.9181, 3.9195, 3.9198, 3.9198, 3.9198, 3.9198, 3.9198],
        [  -inf,   -inf,   -inf, 2.7011, 3.2902, 3.6261, 3.7932, 3.8711, 3.9031,
         3.9153, 3.9189, 3.9202, 3.9206, 3.9206, 3.9206, 3.9206, 3.9206],
        [  -inf,   -inf,   -inf, 2.7011, 3.2904, 3.6265, 3.7938, 3.8718, 3.9038,
         3.9161, 3.9196, 3.9209, 3.9213, 3.9213, 3.9213, 3.9213, 3.9213],
        [  -inf,   -inf,   -inf, 2.7011, 3.2906, 3.6269, 3.7944, 3.8724, 3.9045,
         3.9168, 3.9203, 3.9217, 3.9221, 3.9221, 3.9221, 3.9221, 3.9221],
        [  -inf,   -inf,   -inf, 2.7012, 3.2908, 3.6274, 3.7949, 3.8731, 3.9052,
         3.9175, 3.9211, 3.9224, 3.9228, 3.9228, 3.9228, 3.9228, 3.9228],
        [  -inf,   -inf,   -inf, 2.7012, 3.2910, 3.6278, 3.7955, 3.8737, 3.9059,
         3.9182, 3.9218, 3.9232, 3.9235, 3.9235, 3.9235, 3.9235, 3.9235],
        [  -inf,   -inf,   -inf, 2.7012, 3.2912, 3.6282, 3.7961, 3.8744, 3.9066,
         3.9190, 3.9225, 3.9239, 3.9243, 3.9243, 3.9243, 3.9243, 3.9243],
        [  -inf,   -inf,   -inf, 2.7013, 3.2914, 3.6286, 3.7967, 3.8750, 3.9073,
         3.9197, 3.9233, 3.9246, 3.9250, 3.9250, 3.9250, 3.9250, 3.9250],
        [  -inf,   -inf,   -inf, 2.7013, 3.2917, 3.6291, 3.7973, 3.8756, 3.9080,
         3.9204, 3.9240, 3.9254, 3.9257, 3.9257, 3.9257, 3.9257, 3.9257],
        [  -inf,   -inf,   -inf, 2.7013, 3.2919, 3.6295, 3.7978, 3.8763, 3.9087,
         3.9211, 3.9248, 3.9261, 3.9265, 3.9265, 3.9265, 3.9265, 3.9265],
        [  -inf,   -inf,   -inf, 2.7014, 3.2921, 3.6299, 3.7984, 3.8769, 3.9093,
         3.9218, 3.9255, 3.9268, 3.9272, 3.9272, 3.9272, 3.9272, 3.9272],
        [  -inf,   -inf,   -inf, 2.7014, 3.2923, 3.6303, 3.7990, 3.8776, 3.9100,
         3.9226, 3.9262, 3.9276, 3.9279, 3.9279, 3.9279, 3.9279, 3.9279],
        [  -inf,   -inf,   -inf, 2.7014, 3.2925, 3.6307, 3.7996, 3.8782, 3.9107,
         3.9233, 3.9270, 3.9283, 3.9287, 3.9287, 3.9287, 3.9287, 3.9287],
        [  -inf,   -inf,   -inf, 2.7014, 3.2927, 3.6311, 3.8002, 3.8788, 3.9114,
         3.9240, 3.9277, 3.9290, 3.9294, 3.9294, 3.9294, 3.9294, 3.9294],
        [  -inf,   -inf,   -inf, 2.7015, 3.2929, 3.6315, 3.8007, 3.8795, 3.9121,
         3.9247, 3.9284, 3.9298, 3.9302, 3.9302, 3.9302, 3.9302, 3.9302],
        [  -inf,   -inf,   -inf, 2.7015, 3.2931, 3.6319, 3.8013, 3.8801, 3.9128,
         3.9254, 3.9291, 3.9305, 3.9309, 3.9309, 3.9309, 3.9309, 3.9309],
        [  -inf,   -inf,   -inf, 2.7015, 3.2933, 3.6323, 3.8019, 3.8808, 3.9134,
         3.9261, 3.9299, 3.9312, 3.9316, 3.9316, 3.9316, 3.9316, 3.9316]])
tensor(0.0076) tensor(3.9316) (512, 12)
