tensor([[  -inf,   -inf,   -inf,   -inf,   -inf,   -inf,   -inf,   -inf,   -inf,
           -inf,   -inf],
        [  -inf, 1.0000, 1.0000, 1.0000, 1.0000, 1.0000, 1.0000, 1.0000, 1.0000,
         1.0000, 1.0000],
        [  -inf,   -inf, 1.6200, 1.6200, 1.6200, 1.6200, 1.6200, 1.6200, 1.6200,
         1.6200, 1.6200],
        [  -inf,   -inf, 1.7187, 2.0044, 2.0044, 2.0044, 2.0044, 2.0044, 2.0044,
         2.0044, 2.0044],
        [  -inf,   -inf, 1.7657, 2.1031, 2.2427, 2.2427, 2.2427, 2.2427, 2.2427,
         2.2427, 2.2427],
        [  -inf,   -inf, 1.7941, 2.1643, 2.3414, 2.3905, 2.3905, 2.3905, 2.3905,
         2.3905, 2.3905],
        [  -inf,   -inf, 1.8154, 2.2255, 2.4026, 2.4892, 2.4892, 2.4892, 2.4892,
         2.4892, 2.4892],
        [  -inf,   -inf, 1.8294, 2.2725, 2.4638, 2.5504, 2.5808, 2.5808, 2.5808,
         2.5808, 2.5808],
        [  -inf,   -inf, 1.8404, 2.3016, 2.5108, 2.6116, 2.6420, 2.6420, 2.6420,
         2.6420, 2.6420],
        [  -inf,   -inf, 1.8503, 2.3308, 2.5488, 2.6586, 2.7032, 2.7032, 2.7032,
         2.7032, 2.7032],
        [  -inf,   -inf, 1.8581, 2.3592, 2.5867, 2.6965, 2.7502, 2.7600, 2.7600,
         2.7600, 2.7600],
        [  -inf,   -inf, 1.8658, 2.3805, 2.6246, 2.7345, 2.7881, 2.8070, 2.8070,
         2.8070, 2.8070],
        [  -inf,   -inf, 1.8716, 2.3981, 2.6538, 2.7724, 2.8261, 2.8449, 2.8449,
         2.8449, 2.8449],
        [  -inf,   -inf, 1.8763, 2.4157, 2.6829, 2.8015, 2.8640, 2.8829, 2.8829,
         2.8829, 2.8829],
        [  -inf,   -inf, 1.8809, 2.4297, 2.7113, 2.8307, 2.8932, 2.9208, 2.9208,
         2.9208, 2.9208],
        [  -inf,   -inf, 1.8855, 2.4429, 2.7326, 2.8591, 2.9223, 2.9500, 2.9560,
         2.9560, 2.9560],
        [  -inf,   -inf, 1.8892, 2.4561, 2.7507, 2.8826, 2.9507, 2.9791, 2.9852,
         2.9852, 2.9852],
        [  -inf,   -inf, 1.8918, 2.4671, 2.7688, 2.9061, 2.9742, 3.0075, 3.0143,
         3.0143, 3.0143],
        [  -inf,   -inf, 1.8961, 2.4770, 2.7868, 2.9296, 2.9977, 3.0310, 3.0427,
         3.0427, 3.0427],
        [  -inf,   -inf, 1.8986, 2.4867, 2.8044, 2.9532, 3.0213, 3.0545, 3.0662,
         3.0662, 3.0662],
        [  -inf,   -inf, 1.9014, 2.4954, 2.8220, 2.9745, 3.0448, 3.0781, 3.0898,
         3.0898, 3.0898],
        [  -inf,   -inf, 1.9048, 2.5041, 2.8360, 2.9925, 3.0661, 3.1016, 3.1133,
         3.1133, 3.1133],
        [  -inf,   -inf, 1.9068, 2.5119, 2.8492, 3.0106, 3.0842, 3.1229, 3.1368,
         3.1368, 3.1368],
        [  -inf,   -inf, 1.9089, 2.5196, 2.8624, 3.0287, 3.1022, 3.1410, 3.1581,
         3.1586, 3.1586],
        [  -inf,   -inf, 1.9109, 2.5264, 2.8734, 3.0463, 3.1203, 3.1590, 3.1762,
         3.1799, 3.1799],
        [  -inf,   -inf, 1.9125, 2.5332, 2.8844, 3.0639, 3.1379, 3.1771, 3.1942,
         3.1980, 3.1980],
        [  -inf,   -inf, 1.9142, 2.5394, 2.8953, 3.0779, 3.1555, 3.1947, 3.2123,
         3.2161, 3.2161],
        [  -inf,   -inf, 1.9158, 2.5455, 2.9062, 3.0911, 3.1701, 3.2123, 3.2299,
         3.2341, 3.2341],
        [  -inf,   -inf, 1.9176, 2.5513, 2.9161, 3.1043, 3.1847, 3.2269, 3.2475,
         3.2517, 3.2517],
        [  -inf,   -inf, 1.9189, 2.5561, 2.9258, 3.1155, 3.1993, 3.2415, 3.2621,
         3.2694, 3.2694],
        [  -inf,   -inf, 1.9201, 2.5610, 2.9345, 3.1267, 3.2138, 3.2561, 3.2767,
         3.2839, 3.2839],
        [  -inf,   -inf, 1.9213, 2.5658, 2.9432, 3.1379, 3.2284, 3.2706, 3.2913,
         3.2985, 3.2985],
        [  -inf,   -inf, 1.9221, 2.5705, 2.9514, 3.1491, 3.2424, 3.2852, 3.3059,
         3.3131, 3.3131],
        [  -inf,   -inf, 1.9231, 2.5752, 2.9596, 3.1601, 3.2556, 3.2992, 3.3204,
         3.3277, 3.3277],
        [  -inf,   -inf,   -inf, 2.5799, 2.9678, 3.1710, 3.2688, 3.3124, 3.3344,
         3.3423, 3.3423],
        [  -inf,   -inf,   -inf, 2.5845, 2.9756, 3.1819, 3.2800, 3.3256, 3.3476,
         3.3563, 3.3563],
        [  -inf,   -inf,   -inf, 2.5891, 2.9833, 3.1929, 3.2912, 3.3368, 3.3609,
         3.3695, 3.3698],
        [  -inf,   -inf,   -inf, 2.5937, 2.9901, 3.2028, 3.3024, 3.3480, 3.3721,
         3.3827, 3.3830],
        [  -inf,   -inf,   -inf, 2.5974, 2.9969, 3.2125, 3.3136, 3.3592, 3.3833,
         3.3939, 3.3962],
        [  -inf,   -inf,   -inf, 2.6010, 3.0030, 3.2212, 3.3246, 3.3704, 3.3945,
         3.4051, 3.4074],
        [  -inf,   -inf,   -inf, 2.6046, 3.0092, 3.2299, 3.3356, 3.3814, 3.4057,
         3.4163, 3.4186],
        [  -inf,   -inf,   -inf, 2.6079, 3.0152, 3.2380, 3.3465, 3.3924, 3.4167,
         3.4275, 3.4298],
        [  -inf,   -inf,   -inf, 2.6115, 3.0213, 3.2462, 3.3574, 3.4033, 3.4276,
         3.4385, 3.4410],
        [  -inf,   -inf,   -inf, 2.6144, 3.0273, 3.2544, 3.3673, 3.4142, 3.4385,
         3.4494, 3.4520],
        [  -inf,   -inf,   -inf, 2.6173, 3.0331, 3.2622, 3.3770, 3.4241, 3.4494,
         3.4603, 3.4629],
        [  -inf,   -inf,   -inf, 2.6202, 3.0385, 3.2699, 3.3857, 3.4338, 3.4593,
         3.4712, 3.4739],
        [  -inf,   -inf,   -inf, 2.6231, 3.0439, 3.2767, 3.3944, 3.4429, 3.4690,
         3.4811, 3.4848],
        [  -inf,   -inf,   -inf, 2.6260, 3.0492, 3.2836, 3.4026, 3.4519, 3.4781,
         3.4909, 3.4947],
        [  -inf,   -inf,   -inf, 2.6289, 3.0541, 3.2903, 3.4108, 3.4610, 3.4871,
         3.4999, 3.5044],
        [  -inf,   -inf,   -inf, 2.6317, 3.0589, 3.2971, 3.4190, 3.4700, 3.4962,
         3.5090, 3.5135],
        [  -inf,   -inf,   -inf, 2.6346, 3.0637, 3.3039, 3.4268, 3.4790, 3.5052,
         3.5180, 3.5225],
        [  -inf,   -inf,   -inf, 2.6374, 3.0685, 3.3106, 3.4345, 3.4881, 3.5143,
         3.5271, 3.5315],
        [  -inf,   -inf,   -inf, 2.6402, 3.0732, 3.3168, 3.4414, 3.4968, 3.5233,
         3.5361, 3.5406],
        [  -inf,   -inf,   -inf, 2.6430, 3.0778, 3.3229, 3.4483, 3.5054, 3.5320,
         3.5451, 3.5496],
        [  -inf,   -inf,   -inf, 2.6457, 3.0824, 3.3290, 3.4553, 3.5136, 3.5407,
         3.5538, 3.5587],
        [  -inf,   -inf,   -inf, 2.6480, 3.0870, 3.3350, 3.4622, 3.5218, 3.5489,
         3.5625, 3.5674],
        [  -inf,   -inf,   -inf, 2.6503, 3.0916, 3.3410, 3.4692, 3.5300, 3.5570,
         3.5707, 3.5760],
        [  -inf,   -inf,   -inf, 2.6525, 3.0959, 3.3468, 3.4760, 3.5378, 3.5652,
         3.5789, 3.5842],
        [  -inf,   -inf,   -inf, 2.6546, 3.1001, 3.3522, 3.4828, 3.5455, 3.5730,
         3.5871, 3.5924],
        [  -inf,   -inf,   -inf, 2.6568, 3.1043, 3.3576, 3.4896, 3.5525, 3.5807,
         3.5949, 3.6006],
        [  -inf,   -inf,   -inf, 2.6589, 3.1081, 3.3630, 3.4964, 3.5594, 3.5877,
         3.6026, 3.6084],
        [  -inf,   -inf,   -inf, 2.6610, 3.1119, 3.3681, 3.5031, 3.5663, 3.5946,
         3.6095, 3.6161],
        [  -inf,   -inf,   -inf, 2.6631, 3.1157, 3.3731, 3.5099, 3.5733, 3.6016,
         3.6165, 3.6230],
        [  -inf,   -inf,   -inf, 2.6651, 3.1194, 3.3782, 3.5160, 3.5802, 3.6085,
         3.6234, 3.6300],
        [  -inf,   -inf,   -inf, 2.6672, 3.1230, 3.3833, 3.5222, 3.5871, 3.6155,
         3.6303, 3.6369],
        [  -inf,   -inf,   -inf, 2.6692, 3.1266, 3.3881, 3.5282, 3.5939, 3.6223,
         3.6373, 3.6439],
        [  -inf,   -inf,   -inf, 2.6709, 3.1299, 3.3930, 3.5343, 3.6006, 3.6291,
         3.6441, 3.6508],
        [  -inf,   -inf,   -inf, 2.6726, 3.1335, 3.3977, 3.5403, 3.6074, 3.6359,
         3.6509, 3.6576],
        [  -inf,   -inf,   -inf, 2.6746, 3.1365, 3.4025, 3.5461, 3.6142, 3.6426,
         3.6577, 3.6645],
        [  -inf,   -inf,   -inf, 2.6763, 3.1395, 3.4072, 3.5515, 3.6209, 3.6494,
         3.6645, 3.6712],
        [  -inf,   -inf,   -inf, 2.6779, 3.1425, 3.4118, 3.5569, 3.6271, 3.6562,
         3.6712, 3.6780],
        [  -inf,   -inf,   -inf, 2.6796, 3.1455, 3.4165, 3.5622, 3.6332, 3.6623,
         3.6780, 3.6848],
        [  -inf,   -inf,   -inf, 2.6813, 3.1484, 3.4211, 3.5673, 3.6393, 3.6684,
         3.6841, 3.6915],
        [  -inf,   -inf,   -inf, 2.6830, 3.1514, 3.4257, 3.5724, 3.6453, 3.6745,
         3.6903, 3.6977],
        [  -inf,   -inf,   -inf, 2.6846, 3.1543, 3.4299, 3.5775, 3.6513, 3.6805,
         3.6963, 3.7038],
        [  -inf,   -inf,   -inf, 2.6862, 3.1572, 3.4341, 3.5825, 3.6571, 3.6866,
         3.7024, 3.7099],
        [  -inf,   -inf,   -inf, 2.6876, 3.1601, 3.4384, 3.5874, 3.6625, 3.6924,
         3.7084, 3.7159],
        [  -inf,   -inf,   -inf, 2.6890, 3.1630, 3.4422, 3.5922, 3.6679, 3.6980,
         3.7142, 3.7219],
        [  -inf,   -inf,   -inf, 2.6903, 3.1659, 3.4460, 3.5970, 3.6733, 3.7036,
         3.7198, 3.7277],
        [  -inf,   -inf,   -inf, 2.6916, 3.1688, 3.4498, 3.6018, 3.6784, 3.7092,
         3.7254, 3.7333],
        [  -inf,   -inf,   -inf, 2.6929, 3.1717, 3.4535, 3.6065, 3.6834, 3.7148,
         3.7310, 3.7389],
        [  -inf,   -inf,   -inf, 2.6942, 3.1746, 3.4573, 3.6111, 3.6885, 3.7204,
         3.7366, 3.7445],
        [  -inf,   -inf,   -inf, 2.6955, 3.1774, 3.4610, 3.6157, 3.6936, 3.7260,
         3.7422, 3.7502],
        [  -inf,   -inf,   -inf, 2.6968, 3.1803, 3.4648, 3.6203, 3.6984, 3.7316,
         3.7478, 3.7558],
        [  -inf,   -inf,   -inf, 2.6980, 3.1832, 3.4685, 3.6249, 3.7033, 3.7370,
         3.7534, 3.7614],
        [  -inf,   -inf,   -inf, 2.6992, 3.1860, 3.4723, 3.6292, 3.7080, 3.7424,
         3.7588, 3.7670],
        [  -inf,   -inf,   -inf, 2.7005, 3.1889, 3.4760, 3.6334, 3.7128, 3.7477,
         3.7642, 3.7724],
        [  -inf,   -inf,   -inf, 2.7017, 3.1917, 3.4795, 3.6376, 3.7175, 3.7528,
         3.7696, 3.7777],
        [  -inf,   -inf,   -inf, 2.7029, 3.1946, 3.4831, 3.6418, 3.7222, 3.7579,
         3.7747, 3.7831],
        [  -inf,   -inf,   -inf, 2.7040, 3.1974, 3.4865, 3.6460, 3.7268, 3.7630,
         3.7797, 3.7882],
        [  -inf,   -inf,   -inf, 2.7051, 3.2002, 3.4900, 3.6502, 3.7314, 3.7681,
         3.7848, 3.7933],
        [  -inf,   -inf,   -inf, 2.7062, 3.2029, 3.4934, 3.6544, 3.7360, 3.7729,
         3.7899, 3.7983],
        [  -inf,   -inf,   -inf, 2.7072, 3.2052, 3.4967, 3.6586, 3.7403, 3.7777,
         3.7947, 3.8034],
        [  -inf,   -inf,   -inf, 2.7082, 3.2075, 3.5001, 3.6624, 3.7446, 3.7825,
         3.7996, 3.8083],
        [  -inf,   -inf,   -inf, 2.7093, 3.2097, 3.5034, 3.6662, 3.7489, 3.7873,
         3.8043, 3.8131],
        [  -inf,   -inf,   -inf, 2.7103, 3.2119, 3.5064, 3.6700, 3.7532, 3.7920,
         3.8091, 3.8179],
        [  -inf,   -inf,   -inf, 2.7114, 3.2141, 3.5094, 3.6738, 3.7575, 3.7966,
         3.8138, 3.8226],
        [  -inf,   -inf,   -inf, 2.7124, 3.2164, 3.5124, 3.6775, 3.7618, 3.8013,
         3.8184, 3.8273],
        [  -inf,   -inf,   -inf, 2.7134, 3.2185, 3.5153, 3.6813, 3.7661, 3.8059,
         3.8231, 3.8320],
        [  -inf,   -inf,   -inf, 2.7144, 3.2206, 3.5183, 3.6850, 3.7703, 3.8105,
         3.8277, 3.8366],
        [  -inf,   -inf,   -inf, 2.7154, 3.2227, 3.5213, 3.6887, 3.7745, 3.8148,
         3.8323, 3.8412],
        [  -inf,   -inf,   -inf, 2.7163, 3.2248, 3.5242, 3.6925, 3.7787, 3.8191,
         3.8366, 3.8458],
        [  -inf,   -inf,   -inf, 2.7173, 3.2269, 3.5271, 3.6962, 3.7829, 3.8234,
         3.8409, 3.8501],
        [  -inf,   -inf,   -inf, 2.7181, 3.2289, 3.5300, 3.6998, 3.7871, 3.8277,
         3.8452, 3.8544],
        [  -inf,   -inf,   -inf, 2.7191, 3.2310, 3.5329, 3.7034, 3.7913, 3.8320,
         3.8495, 3.8587],
        [  -inf,   -inf,   -inf, 2.7199, 3.2330, 3.5358, 3.7067, 3.7955, 3.8363,
         3.8538, 3.8630],
        [  -inf,   -inf,   -inf, 2.7207, 3.2349, 3.5387, 3.7103, 3.7993, 3.8405,
         3.8581, 3.8674],
        [  -inf,   -inf,   -inf, 2.7215, 3.2367, 3.5415, 3.7136, 3.8031, 3.8447,
         3.8623, 3.8717],
        [  -inf,   -inf,   -inf, 2.7223, 3.2385, 3.5444, 3.7170, 3.8069, 3.8490,
         3.8666, 3.8759],
        [  -inf,   -inf,   -inf, 2.7231, 3.2403, 3.5473, 3.7203, 3.8107, 3.8532,
         3.8708, 3.8801],
        [  -inf,   -inf,   -inf, 2.7238, 3.2421, 3.5502, 3.7236, 3.8144, 3.8574,
         3.8750, 3.8843],
        [  -inf,   -inf,   -inf, 2.7246, 3.2439, 3.5530, 3.7268, 3.8181, 3.8616,
         3.8792, 3.8885],
        [  -inf,   -inf,   -inf, 2.7253, 3.2456, 3.5559, 3.7299, 3.8219, 3.8658,
         3.8834, 3.8927],
        [  -inf,   -inf,   -inf, 2.7261, 3.2474, 3.5588, 3.7331, 3.8256, 3.8700,
         3.8876, 3.8969],
        [  -inf,   -inf,   -inf, 2.7268, 3.2492, 3.5616, 3.7362, 3.8294, 3.8738,
         3.8918, 3.9011],
        [  -inf,   -inf,   -inf, 2.7276, 3.2509, 3.5645, 3.7394, 3.8331, 3.8776,
         3.8956, 3.9053],
        [  -inf,   -inf,   -inf, 2.7282, 3.2527, 3.5673, 3.7424, 3.8367, 3.8814,
         3.8994, 3.9091],
        [  -inf,   -inf,   -inf, 2.7289, 3.2545, 3.5701, 3.7454, 3.8403, 3.8851,
         3.9032, 3.9129],
        [  -inf,   -inf,   -inf, 2.7295, 3.2562, 3.5727, 3.7484, 3.8436, 3.8889,
         3.9069, 3.9167],
        [  -inf,   -inf,   -inf, 2.7301, 3.2579, 3.5754, 3.7513, 3.8472, 3.8926,
         3.9107, 3.9205],
        [  -inf,   -inf,   -inf, 2.7307, 3.2597, 3.5780, 3.7543, 3.8505, 3.8963,
         3.9144, 3.9242],
        [  -inf,   -inf,   -inf, 2.7313, 3.2614, 3.5806, 3.7572, 3.8538, 3.9001,
         3.9182, 3.9280],
        [  -inf,   -inf,   -inf, 2.7319, 3.2632, 3.5832, 3.7602, 3.8572, 3.9038,
         3.9219, 3.9317],
        [  -inf,   -inf,   -inf, 2.7324, 3.2649, 3.5856, 3.7631, 3.8605, 3.9075,
         3.9257, 3.9355],
        [  -inf,   -inf,   -inf, 2.7330, 3.2666, 3.5879, 3.7659, 3.8637, 3.9111,
         3.9294, 3.9392],
        [  -inf,   -inf,   -inf, 2.7335, 3.2683, 3.5903, 3.7689, 3.8668, 3.9147,
         3.9330, 3.9429],
        [  -inf,   -inf,   -inf, 2.7340, 3.2699, 3.5927, 3.7718, 3.8700, 3.9181,
         3.9366, 3.9465],
        [  -inf,   -inf,   -inf, 2.7345, 3.2716, 3.5949, 3.7746, 3.8731, 3.9216,
         3.9400, 3.9501],
        [  -inf,   -inf,   -inf, 2.7350, 3.2733, 3.5972, 3.7775, 3.8763, 3.9250,
         3.9435, 3.9536]])
tensor(0.0093) tensor(3.2158) (64, 7)
