tensor([[  -inf,   -inf,   -inf,   -inf,   -inf,   -inf,   -inf,   -inf,   -inf,
           -inf,   -inf],
        [  -inf, 1.0000, 1.0000, 1.0000, 1.0000, 1.0000, 1.0000, 1.0000, 1.0000,
         1.0000, 1.0000],
        [  -inf,   -inf, 1.5284, 1.5284, 1.5284, 1.5284, 1.5284, 1.5284, 1.5284,
         1.5284, 1.5284],
        [  -inf,   -inf, 1.6328, 1.8076, 1.8076, 1.8076, 1.8076, 1.8076, 1.8076,
         1.8076, 1.8076],
        [  -inf,   -inf, 1.6838, 1.9120, 1.9551, 1.9551, 1.9551, 1.9551, 1.9551,
         1.9551, 1.9551],
        [  -inf,   -inf, 1.7164, 1.9672, 2.0595, 2.0595, 2.0595, 2.0595, 2.0595,
         2.0595, 2.0595],
        [  -inf,   -inf, 1.7400, 2.0223, 2.1147, 2.1375, 2.1375, 2.1375, 2.1375,
         2.1375, 2.1375],
        [  -inf,   -inf, 1.7569, 2.0733, 2.1699, 2.1927, 2.1927, 2.1927, 2.1927,
         2.1927, 2.1927],
        [  -inf,   -inf, 1.7719, 2.1059, 2.2209, 2.2478, 2.2478, 2.2478, 2.2478,
         2.2478, 2.2478],
        [  -inf,   -inf, 1.7842, 2.1329, 2.2535, 2.2988, 2.2988, 2.2988, 2.2988,
         2.2988, 2.2988],
        [  -inf,   -inf, 1.7939, 2.1598, 2.2826, 2.3314, 2.3400, 2.3400, 2.3400,
         2.3400, 2.3400],
        [  -inf,   -inf, 1.8008, 2.1834, 2.3118, 2.3606, 2.3726, 2.3726, 2.3726,
         2.3726, 2.3726],
        [  -inf,   -inf, 1.8082, 2.2007, 2.3409, 2.3897, 2.4018, 2.4018, 2.4018,
         2.4018, 2.4018],
        [  -inf,   -inf, 1.8145, 2.2179, 2.3679, 2.4189, 2.4309, 2.4309, 2.4309,
         2.4309, 2.4309],
        [  -inf,   -inf, 1.8188, 2.2348, 2.3948, 2.4458, 2.4601, 2.4601, 2.4601,
         2.4601, 2.4601],
        [  -inf,   -inf, 1.8232, 2.2498, 2.4184, 2.4728, 2.4870, 2.4870, 2.4870,
         2.4870, 2.4870],
        [  -inf,   -inf, 1.8280, 2.2623, 2.4356, 2.4964, 2.5140, 2.5140, 2.5140,
         2.5140, 2.5140],
        [  -inf,   -inf, 1.8316, 2.2747, 2.4529, 2.5136, 2.5376, 2.5376, 2.5376,
         2.5376, 2.5376],
        [  -inf,   -inf, 1.8343, 2.2870, 2.4698, 2.5308, 2.5548, 2.5593, 2.5593,
         2.5593, 2.5593],
        [  -inf,   -inf, 1.8380, 2.2979, 2.4848, 2.5477, 2.5720, 2.5766, 2.5766,
         2.5766, 2.5766],
        [  -inf,   -inf, 1.8409, 2.3076, 2.4990, 2.5631, 2.5889, 2.5938, 2.5938,
         2.5938, 2.5938],
        [  -inf,   -inf, 1.8436, 2.3166, 2.5132, 2.5785, 2.6043, 2.6107, 2.6107,
         2.6107, 2.6107],
        [  -inf,   -inf, 1.8463, 2.3255, 2.5275, 2.5939, 2.6197, 2.6261, 2.6261,
         2.6261, 2.6261],
        [  -inf,   -inf, 1.8491, 2.3334, 2.5400, 2.6093, 2.6351, 2.6415, 2.6415,
         2.6415, 2.6415],
        [  -inf,   -inf, 1.8512, 2.3413, 2.5524, 2.6243, 2.6505, 2.6569, 2.6569,
         2.6569, 2.6569],
        [  -inf,   -inf, 1.8537, 2.3482, 2.5647, 2.6386, 2.6655, 2.6723, 2.6723,
         2.6723, 2.6723],
        [  -inf,   -inf, 1.8556, 2.3556, 2.5756, 2.6528, 2.6798, 2.6873, 2.6873,
         2.6873, 2.6873],
        [  -inf,   -inf, 1.8579, 2.3621, 2.5853, 2.6671, 2.6940, 2.7015, 2.7015,
         2.7015, 2.7015],
        [  -inf,   -inf, 1.8597, 2.3686, 2.5944, 2.6795, 2.7082, 2.7158, 2.7158,
         2.7158, 2.7158],
        [  -inf,   -inf, 1.8614, 2.3749, 2.6035, 2.6920, 2.7207, 2.7300, 2.7300,
         2.7300, 2.7300],
        [  -inf,   -inf, 1.8637, 2.3803, 2.6126, 2.7043, 2.7332, 2.7425, 2.7425,
         2.7425, 2.7425],
        [  -inf,   -inf, 1.8654, 2.3856, 2.6216, 2.7152, 2.7455, 2.7549, 2.7549,
         2.7549, 2.7549],
        [  -inf,   -inf, 1.8663, 2.3907, 2.6305, 2.7249, 2.7564, 2.7672, 2.7672,
         2.7672, 2.7672],
        [  -inf,   -inf, 1.8675, 2.3958, 2.6384, 2.7340, 2.7661, 2.7781, 2.7787,
         2.7787, 2.7787],
        [  -inf,   -inf,   -inf, 2.4001, 2.6463, 2.7431, 2.7752, 2.7878, 2.7896,
         2.7896, 2.7896],
        [  -inf,   -inf,   -inf, 2.4045, 2.6532, 2.7522, 2.7843, 2.7970, 2.7993,
         2.7993, 2.7993],
        [  -inf,   -inf,   -inf, 2.4093, 2.6606, 2.7611, 2.7934, 2.8061, 2.8085,
         2.8085, 2.8085],
        [  -inf,   -inf,   -inf, 2.4132, 2.6672, 2.7701, 2.8023, 2.8152, 2.8176,
         2.8176, 2.8176],
        [  -inf,   -inf,   -inf, 2.4169, 2.6738, 2.7780, 2.8112, 2.8241, 2.8267,
         2.8267, 2.8267],
        [  -inf,   -inf,   -inf, 2.4208, 2.6804, 2.7859, 2.8194, 2.8330, 2.8356,
         2.8356, 2.8356],
        [  -inf,   -inf,   -inf, 2.4244, 2.6869, 2.7934, 2.8275, 2.8412, 2.8445,
         2.8445, 2.8445],
        [  -inf,   -inf,   -inf, 2.4280, 2.6934, 2.8010, 2.8357, 2.8493, 2.8527,
         2.8527, 2.8527],
        [  -inf,   -inf,   -inf, 2.4315, 2.6997, 2.8085, 2.8438, 2.8574, 2.8608,
         2.8608, 2.8608],
        [  -inf,   -inf,   -inf, 2.4349, 2.7055, 2.8160, 2.8519, 2.8656, 2.8689,
         2.8689, 2.8689],
        [  -inf,   -inf,   -inf, 2.4382, 2.7112, 2.8229, 2.8599, 2.8737, 2.8771,
         2.8771, 2.8771],
        [  -inf,   -inf,   -inf, 2.4415, 2.7170, 2.8303, 2.8678, 2.8816, 2.8852,
         2.8852, 2.8852],
        [  -inf,   -inf,   -inf, 2.4446, 2.7223, 2.8369, 2.8753, 2.8896, 2.8931,
         2.8931, 2.8931],
        [  -inf,   -inf,   -inf, 2.4479, 2.7276, 2.8435, 2.8828, 2.8971, 2.9011,
         2.9011, 2.9011],
        [  -inf,   -inf,   -inf, 2.4508, 2.7328, 2.8501, 2.8904, 2.9046, 2.9086,
         2.9086, 2.9086],
        [  -inf,   -inf,   -inf, 2.4535, 2.7379, 2.8566, 2.8979, 2.9121, 2.9161,
         2.9161, 2.9161],
        [  -inf,   -inf,   -inf, 2.4562, 2.7426, 2.8631, 2.9048, 2.9197, 2.9236,
         2.9236, 2.9236],
        [  -inf,   -inf,   -inf, 2.4590, 2.7473, 2.8694, 2.9122, 2.9266, 2.9312,
         2.9312, 2.9312],
        [  -inf,   -inf,   -inf, 2.4616, 2.7520, 2.8751, 2.9188, 2.9340, 2.9381,
         2.9381, 2.9381],
        [  -inf,   -inf,   -inf, 2.4641, 2.7563, 2.8809, 2.9254, 2.9405, 2.9455,
         2.9455, 2.9455],
        [  -inf,   -inf,   -inf, 2.4666, 2.7608, 2.8866, 2.9320, 2.9471, 2.9520,
         2.9520, 2.9520],
        [  -inf,   -inf,   -inf, 2.4691, 2.7655, 2.8920, 2.9385, 2.9537, 2.9586,
         2.9586, 2.9586],
        [  -inf,   -inf,   -inf, 2.4714, 2.7697, 2.8973, 2.9450, 2.9602, 2.9652,
         2.9652, 2.9652],
        [  -inf,   -inf,   -inf, 2.4737, 2.7739, 2.9024, 2.9513, 2.9667, 2.9717,
         2.9717, 2.9717],
        [  -inf,   -inf,   -inf, 2.4762, 2.7781, 2.9075, 2.9570, 2.9730, 2.9782,
         2.9782, 2.9782],
        [  -inf,   -inf,   -inf, 2.4785, 2.7820, 2.9124, 2.9628, 2.9788, 2.9845,
         2.9845, 2.9845],
        [  -inf,   -inf,   -inf, 2.4808, 2.7857, 2.9172, 2.9685, 2.9845, 2.9903,
         2.9906, 2.9906],
        [  -inf,   -inf,   -inf, 2.4831, 2.7896, 2.9220, 2.9739, 2.9903, 2.9960,
         2.9964, 2.9964],
        [  -inf,   -inf,   -inf, 2.4854, 2.7932, 2.9268, 2.9792, 2.9956, 3.0018,
         3.0021, 3.0021],
        [  -inf,   -inf,   -inf, 2.4874, 2.7968, 2.9315, 2.9843, 3.0009, 3.0071,
         3.0079, 3.0079],
        [  -inf,   -inf,   -inf, 2.4896, 2.8003, 2.9362, 2.9894, 3.0061, 3.0125,
         3.0132, 3.0132],
        [  -inf,   -inf,   -inf, 2.4916, 2.8037, 2.9409, 2.9942, 3.0112, 3.0176,
         3.0185, 3.0185],
        [  -inf,   -inf,   -inf, 2.4935, 2.8071, 2.9452, 2.9991, 3.0160, 3.0227,
         3.0237, 3.0237],
        [  -inf,   -inf,   -inf, 2.4954, 2.8105, 2.9497, 3.0039, 3.0208, 3.0275,
         3.0288, 3.0288],
        [  -inf,   -inf,   -inf, 2.4974, 2.8139, 2.9544, 3.0087, 3.0256, 3.0323,
         3.0336, 3.0336],
        [  -inf,   -inf,   -inf, 2.4993, 2.8173, 2.9586, 3.0134, 3.0304, 3.0371,
         3.0384, 3.0384],
        [  -inf,   -inf,   -inf, 2.5012, 2.8206, 2.9628, 3.0181, 3.0352, 3.0419,
         3.0432, 3.0432],
        [  -inf,   -inf,   -inf, 2.5029, 2.8237, 2.9670, 3.0228, 3.0399, 3.0467,
         3.0480, 3.0480],
        [  -inf,   -inf,   -inf, 2.5047, 2.8270, 2.9709, 3.0271, 3.0446, 3.0514,
         3.0527, 3.0527],
        [  -inf,   -inf,   -inf, 2.5064, 2.8299, 2.9746, 3.0316, 3.0489, 3.0561,
         3.0575, 3.0575],
        [  -inf,   -inf,   -inf, 2.5081, 2.8327, 2.9785, 3.0363, 3.0534, 3.0604,
         3.0622, 3.0622],
        [  -inf,   -inf,   -inf, 2.5098, 2.8355, 2.9821, 3.0405, 3.0581, 3.0649,
         3.0665, 3.0665],
        [  -inf,   -inf,   -inf, 2.5114, 2.8383, 2.9857, 3.0447, 3.0624, 3.0696,
         3.0710, 3.0710],
        [  -inf,   -inf,   -inf, 2.5131, 2.8411, 2.9892, 3.0489, 3.0667, 3.0739,
         3.0757, 3.0757],
        [  -inf,   -inf,   -inf, 2.5147, 2.8440, 2.9927, 3.0529, 3.0710, 3.0782,
         3.0800, 3.0800],
        [  -inf,   -inf,   -inf, 2.5162, 2.8468, 2.9962, 3.0568, 3.0753, 3.0825,
         3.0843, 3.0843],
        [  -inf,   -inf,   -inf, 2.5178, 2.8495, 2.9996, 3.0608, 3.0796, 3.0868,
         3.0886, 3.0886],
        [  -inf,   -inf,   -inf, 2.5193, 2.8522, 3.0031, 3.0648, 3.0839, 3.0911,
         3.0929, 3.0929],
        [  -inf,   -inf,   -inf, 2.5208, 2.8550, 3.0065, 3.0688, 3.0881, 3.0954,
         3.0972, 3.0972],
        [  -inf,   -inf,   -inf, 2.5222, 2.8577, 3.0099, 3.0727, 3.0923, 3.0996,
         3.1015, 3.1015],
        [  -inf,   -inf,   -inf, 2.5236, 2.8604, 3.0134, 3.0763, 3.0965, 3.1038,
         3.1057, 3.1057],
        [  -inf,   -inf,   -inf, 2.5251, 2.8631, 3.0168, 3.0802, 3.1004, 3.1080,
         3.1099, 3.1099],
        [  -inf,   -inf,   -inf, 2.5265, 2.8657, 3.0201, 3.0839, 3.1044, 3.1119,
         3.1140, 3.1140],
        [  -inf,   -inf,   -inf, 2.5280, 2.8682, 3.0234, 3.0875, 3.1084, 3.1159,
         3.1180, 3.1180],
        [  -inf,   -inf,   -inf, 2.5294, 2.8707, 3.0265, 3.0910, 3.1124, 3.1199,
         3.1220, 3.1220],
        [  -inf,   -inf,   -inf, 2.5307, 2.8732, 3.0298, 3.0944, 3.1163, 3.1239,
         3.1260, 3.1260],
        [  -inf,   -inf,   -inf, 2.5320, 2.8755, 3.0329, 3.0979, 3.1203, 3.1278,
         3.1299, 3.1299],
        [  -inf,   -inf,   -inf, 2.5333, 2.8778, 3.0359, 3.1014, 3.1239, 3.1318,
         3.1339, 3.1339],
        [  -inf,   -inf,   -inf, 2.5345, 2.8803, 3.0389, 3.1048, 3.1278, 3.1354,
         3.1378, 3.1378],
        [  -inf,   -inf,   -inf, 2.5357, 2.8826, 3.0420, 3.1083, 3.1315, 3.1393,
         3.1415, 3.1415],
        [  -inf,   -inf,   -inf, 2.5369, 2.8849, 3.0450, 3.1117, 3.1351, 3.1430,
         3.1454, 3.1454],
        [  -inf,   -inf,   -inf, 2.5381, 2.8872, 3.0481, 3.1151, 3.1385, 3.1466,
         3.1490, 3.1490],
        [  -inf,   -inf,   -inf, 2.5393, 2.8895, 3.0510, 3.1185, 3.1420, 3.1500,
         3.1526, 3.1526],
        [  -inf,   -inf,   -inf, 2.5405, 2.8916, 3.0538, 3.1218, 3.1455, 3.1535,
         3.1561, 3.1561],
        [  -inf,   -inf,   -inf, 2.5417, 2.8937, 3.0566, 3.1252, 3.1490, 3.1570,
         3.1596, 3.1596],
        [  -inf,   -inf,   -inf, 2.5428, 2.8958, 3.0594, 3.1282, 3.1524, 3.1605,
         3.1631, 3.1631],
        [  -inf,   -inf,   -inf, 2.5439, 2.8978, 3.0622, 3.1316, 3.1558, 3.1639,
         3.1666, 3.1666],
        [  -inf,   -inf,   -inf, 2.5449, 2.8998, 3.0650, 3.1346, 3.1593, 3.1673,
         3.1700, 3.1700],
        [  -inf,   -inf,   -inf, 2.5460, 2.9018, 3.0679, 3.1377, 3.1627, 3.1708,
         3.1734, 3.1734],
        [  -inf,   -inf,   -inf, 2.5470, 2.9038, 3.0706, 3.1407, 3.1661, 3.1742,
         3.1769, 3.1769],
        [  -inf,   -inf,   -inf, 2.5481, 2.9057, 3.0733, 3.1438, 3.1694, 3.1776,
         3.1803, 3.1803],
        [  -inf,   -inf,   -inf, 2.5491, 2.9076, 3.0761, 3.1468, 3.1727, 3.1809,
         3.1837, 3.1837],
        [  -inf,   -inf,   -inf, 2.5501, 2.9096, 3.0788, 3.1498, 3.1758, 3.1842,
         3.1870, 3.1870],
        [  -inf,   -inf,   -inf, 2.5511, 2.9115, 3.0815, 3.1527, 3.1791, 3.1873,
         3.1903, 3.1903],
        [  -inf,   -inf,   -inf, 2.5521, 2.9134, 3.0842, 3.1556, 3.1822, 3.1906,
         3.1934, 3.1935],
        [  -inf,   -inf,   -inf, 2.5531, 2.9153, 3.0868, 3.1584, 3.1852, 3.1937,
         3.1967, 3.1967],
        [  -inf,   -inf,   -inf, 2.5541, 2.9172, 3.0893, 3.1612, 3.1883, 3.1967,
         3.1998, 3.1999],
        [  -inf,   -inf,   -inf, 2.5550, 2.9190, 3.0918, 3.1640, 3.1913, 3.1998,
         3.2028, 3.2030],
        [  -inf,   -inf,   -inf, 2.5559, 2.9208, 3.0943, 3.1668, 3.1944, 3.2028,
         3.2059, 3.2060],
        [  -inf,   -inf,   -inf, 2.5568, 2.9226, 3.0968, 3.1696, 3.1974, 3.2059,
         3.2089, 3.2091],
        [  -inf,   -inf,   -inf, 2.5576, 2.9244, 3.0993, 3.1723, 3.2003, 3.2089,
         3.2119, 3.2121],
        [  -inf,   -inf,   -inf, 2.5585, 2.9262, 3.1018, 3.1750, 3.2031, 3.2118,
         3.2150, 3.2152],
        [  -inf,   -inf,   -inf, 2.5593, 2.9280, 3.1042, 3.1778, 3.2059, 3.2146,
         3.2179, 3.2182],
        [  -inf,   -inf,   -inf, 2.5600, 2.9298, 3.1065, 3.1805, 3.2087, 3.2174,
         3.2207, 3.2211],
        [  -inf,   -inf,   -inf, 2.5608, 2.9315, 3.1089, 3.1832, 3.2116, 3.2202,
         3.2235, 3.2239],
        [  -inf,   -inf,   -inf, 2.5616, 2.9333, 3.1114, 3.1859, 3.2144, 3.2231,
         3.2263, 3.2267],
        [  -inf,   -inf,   -inf, 2.5623, 2.9351, 3.1137, 3.1885, 3.2172, 3.2259,
         3.2291, 3.2295],
        [  -inf,   -inf,   -inf, 2.5631, 2.9368, 3.1160, 3.1911, 3.2199, 3.2287,
         3.2320, 3.2323],
        [  -inf,   -inf,   -inf, 2.5638, 2.9385, 3.1183, 3.1936, 3.2226, 3.2314,
         3.2348, 3.2352],
        [  -inf,   -inf,   -inf, 2.5646, 2.9402, 3.1205, 3.1962, 3.2254, 3.2341,
         3.2375, 3.2380],
        [  -inf,   -inf,   -inf, 2.5652, 2.9419, 3.1228, 3.1987, 3.2281, 3.2369,
         3.2402, 3.2407],
        [  -inf,   -inf,   -inf, 2.5659, 2.9436, 3.1250, 3.2013, 3.2308, 3.2396,
         3.2430, 3.2434],
        [  -inf,   -inf,   -inf, 2.5665, 2.9452, 3.1272, 3.2038, 3.2335, 3.2423,
         3.2457, 3.2462],
        [  -inf,   -inf,   -inf, 2.5671, 2.9468, 3.1294, 3.2063, 3.2361, 3.2450,
         3.2484, 3.2489],
        [  -inf,   -inf,   -inf, 2.5678, 2.9484, 3.1315, 3.2088, 3.2387, 3.2476,
         3.2511, 3.2516]])
tensor(0.0110) tensor(2.7126) (64, 6)
