tensor([[  -inf,   -inf,   -inf,   -inf,   -inf,   -inf,   -inf,   -inf,   -inf,
           -inf,   -inf],
        [  -inf, 1.0000, 1.0000, 1.0000, 1.0000, 1.0000, 1.0000, 1.0000, 1.0000,
         1.0000, 1.0000],
        [  -inf,   -inf, 1.7099, 1.7099, 1.7099, 1.7099, 1.7099, 1.7099, 1.7099,
         1.7099, 1.7099],
        [  -inf,   -inf, 1.8027, 2.2138, 2.2138, 2.2138, 2.2138, 2.2138, 2.2138,
         2.2138, 2.2138],
        [  -inf,   -inf, 1.8430, 2.3066, 2.5715, 2.5715, 2.5715, 2.5715, 2.5715,
         2.5715, 2.5715],
        [  -inf,   -inf, 1.8650, 2.3725, 2.6643, 2.8254, 2.8254, 2.8254, 2.8254,
         2.8254, 2.8254],
        [  -inf,   -inf, 1.8798, 2.4384, 2.7302, 2.9183, 3.0057, 3.0057, 3.0057,
         3.0057, 3.0057],
        [  -inf,   -inf, 1.8931, 2.4787, 2.7961, 2.9842, 3.0985, 3.1336, 3.1336,
         3.1336, 3.1336],
        [  -inf,   -inf, 1.9027, 2.5073, 2.8429, 3.0500, 3.1644, 3.2265, 3.2265,
         3.2265, 3.2265],
        [  -inf,   -inf, 1.9087, 2.5358, 2.8897, 3.0968, 3.2303, 3.2924, 3.3173,
         3.3173, 3.3173],
        [  -inf,   -inf, 1.9133, 2.5579, 2.9364, 3.1436, 3.2771, 3.3583, 3.3832,
         3.3832, 3.3832],
        [  -inf,   -inf, 1.9178, 2.5735, 2.9767, 3.1904, 3.3239, 3.4050, 3.4491,
         3.4491, 3.4491],
        [  -inf,   -inf, 1.9219, 2.5891, 3.0053, 3.2306, 3.3706, 3.4518, 3.4959,
         3.5136, 3.5136],
        [  -inf,   -inf, 1.9264, 2.6040, 3.0339, 3.2639, 3.4109, 3.4986, 3.5427,
         3.5604, 3.5604],
        [  -inf,   -inf, 1.9296, 2.6173, 3.0559, 3.2971, 3.4441, 3.5389, 3.5894,
         3.6071, 3.6071],
        [  -inf,   -inf, 1.9320, 2.6278, 3.0762, 3.3303, 3.4773, 3.5721, 3.6297,
         3.6539, 3.6539],
        [  -inf,   -inf, 1.9341, 2.6384, 3.0965, 3.3635, 3.5105, 3.6053, 3.6629,
         3.6942, 3.6997],
        [  -inf,   -inf, 1.9357, 2.6479, 3.1168, 3.3921, 3.5437, 3.6385, 3.6961,
         3.7274, 3.7400],
        [  -inf,   -inf, 1.9377, 2.6573, 3.1324, 3.4206, 3.5723, 3.6717, 3.7293,
         3.7606, 3.7732],
        [  -inf,   -inf, 1.9386, 2.6668, 3.1480, 3.4427, 3.6009, 3.7003, 3.7625,
         3.7938, 3.8064],
        [  -inf,   -inf, 1.9407, 2.6754, 3.1629, 3.4629, 3.6245, 3.7289, 3.7911,
         3.8270, 3.8396],
        [  -inf,   -inf, 1.9414, 2.6822, 3.1762, 3.4832, 3.6480, 3.7524, 3.8197,
         3.8556, 3.8728],
        [  -inf,   -inf, 1.9424, 2.6889, 3.1873, 3.5035, 3.6716, 3.7760, 3.8433,
         3.8842, 3.9014],
        [  -inf,   -inf, 1.9433, 2.6950, 3.1984, 3.5192, 3.6952, 3.7996, 3.8668,
         3.9077, 3.9299],
        [  -inf,   -inf, 1.9446, 2.6996, 3.2095, 3.5348, 3.7188, 3.8231, 3.8904,
         3.9313, 3.9535],
        [  -inf,   -inf, 1.9454, 2.7041, 3.2200, 3.5496, 3.7408, 3.8467, 3.9140,
         3.9549, 3.9771],
        [  -inf,   -inf, 1.9466, 2.7084, 3.2306, 3.5640, 3.7611, 3.8687, 3.9375,
         3.9785, 4.0007],
        [  -inf,   -inf, 1.9475, 2.7127, 3.2401, 3.5785, 3.7814, 3.8890, 3.9596,
         4.0020, 4.0242],
        [  -inf,   -inf, 1.9479, 2.7170, 3.2495, 3.5929, 3.8016, 3.9093, 3.9799,
         4.0240, 4.0478],
        [  -inf,   -inf, 1.9490, 2.7213, 3.2590, 3.6073, 3.8173, 3.9296, 4.0001,
         4.0443, 4.0698],
        [  -inf,   -inf, 1.9496, 2.7250, 3.2676, 3.6206, 3.8329, 3.9463, 4.0204,
         4.0646, 4.0901],
        [  -inf,   -inf, 1.9504, 2.7288, 3.2751, 3.6317, 3.8478, 3.9631, 4.0372,
         4.0849, 4.1104],
        [  -inf,   -inf, 1.9509, 2.7320, 3.2826, 3.6427, 3.8622, 3.9798, 4.0539,
         4.1017, 4.1307],
        [  -inf,   -inf, 1.9517, 2.7353, 3.2901, 3.6538, 3.8766, 3.9965, 4.0706,
         4.1184, 4.1474],
        [  -inf,   -inf,   -inf, 2.7385, 3.2968, 3.6644, 3.8910, 4.0133, 4.0874,
         4.1351, 4.1642],
        [  -inf,   -inf,   -inf, 2.7417, 3.3036, 3.6749, 3.9054, 4.0300, 4.1041,
         4.1519, 4.1809],
        [  -inf,   -inf,   -inf, 2.7449, 3.3103, 3.6845, 3.9187, 4.0456, 4.1208,
         4.1686, 4.1976],
        [  -inf,   -inf,   -inf, 2.7480, 3.3170, 3.6939, 3.9298, 4.0613, 4.1365,
         4.1853, 4.2144],
        [  -inf,   -inf,   -inf, 2.7510, 3.3237, 3.7034, 3.9409, 4.0761, 4.1521,
         4.2009, 4.2311],
        [  -inf,   -inf,   -inf, 2.7541, 3.3298, 3.7120, 3.9520, 4.0905, 4.1669,
         4.2166, 4.2467],
        [  -inf,   -inf,   -inf, 2.7570, 3.3360, 3.7199, 3.9625, 4.1049, 4.1814,
         4.2314, 4.2623],
        [  -inf,   -inf,   -inf, 2.7595, 3.3421, 3.7277, 3.9731, 4.1193, 4.1958,
         4.2458, 4.2772],
        [  -inf,   -inf,   -inf, 2.7617, 3.3481, 3.7356, 3.9833, 4.1337, 4.2102,
         4.2602, 4.2916],
        [  -inf,   -inf,   -inf, 2.7639, 3.3529, 3.7435, 3.9935, 4.1470, 4.2246,
         4.2746, 4.3060],
        [  -inf,   -inf,   -inf, 2.7660, 3.3577, 3.7510, 4.0037, 4.1581, 4.2379,
         4.2890, 4.3204],
        [  -inf,   -inf,   -inf, 2.7681, 3.3625, 3.7585, 4.0140, 4.1692, 4.2497,
         4.3023, 4.3348],
        [  -inf,   -inf,   -inf, 2.7701, 3.3671, 3.7659, 4.0242, 4.1803, 4.2616,
         4.3142, 4.3481],
        [  -inf,   -inf,   -inf, 2.7719, 3.3716, 3.7727, 4.0337, 4.1909, 4.2735,
         4.3261, 4.3600],
        [  -inf,   -inf,   -inf, 2.7737, 3.3759, 3.7795, 4.0432, 4.2014, 4.2854,
         4.3380, 4.3719],
        [  -inf,   -inf,   -inf, 2.7755, 3.3802, 3.7862, 4.0526, 4.2116, 4.2973,
         4.3499, 4.3838],
        [  -inf,   -inf,   -inf, 2.7772, 3.3845, 3.7929, 4.0612, 4.2219, 4.3091,
         4.3617, 4.3956],
        [  -inf,   -inf,   -inf, 2.7788, 3.3888, 3.7996, 4.0691, 4.2321, 4.3210,
         4.3736, 4.4075],
        [  -inf,   -inf,   -inf, 2.7803, 3.3926, 3.8057, 4.0770, 4.2423, 4.3321,
         4.3855, 4.4194],
        [  -inf,   -inf,   -inf, 2.7818, 3.3963, 3.8118, 4.0848, 4.2525, 4.3432,
         4.3966, 4.4313],
        [  -inf,   -inf,   -inf, 2.7833, 3.3996, 3.8179, 4.0927, 4.2621, 4.3543,
         4.4077, 4.4424],
        [  -inf,   -inf,   -inf, 2.7848, 3.4028, 3.8240, 4.1002, 4.2715, 4.3648,
         4.4188, 4.4535],
        [  -inf,   -inf,   -inf, 2.7862, 3.4060, 3.8293, 4.1077, 4.2810, 4.3754,
         4.4293, 4.4645],
        [  -inf,   -inf,   -inf, 2.7876, 3.4092, 3.8346, 4.1152, 4.2896, 4.3856,
         4.4399, 4.4751],
        [  -inf,   -inf,   -inf, 2.7890, 3.4124, 3.8399, 4.1220, 4.2974, 4.3958,
         4.4501, 4.4856],
        [  -inf,   -inf,   -inf, 2.7904, 3.4155, 3.8453, 4.1287, 4.3053, 4.4061,
         4.4603, 4.4959],
        [  -inf,   -inf,   -inf, 2.7916, 3.4186, 3.8501, 4.1354, 4.3132, 4.4163,
         4.4705, 4.5061],
        [  -inf,   -inf,   -inf, 2.7929, 3.4216, 3.8549, 4.1421, 4.3211, 4.4265,
         4.4808, 4.5163],
        [  -inf,   -inf,   -inf, 2.7942, 3.4247, 3.8597, 4.1488, 4.3286, 4.4361,
         4.4910, 4.5265],
        [  -inf,   -inf,   -inf, 2.7954, 3.4277, 3.8644, 4.1549, 4.3361, 4.4455,
         4.5005, 4.5368],
        [  -inf,   -inf,   -inf, 2.7965, 3.4308, 3.8692, 4.1611, 4.3435, 4.4549,
         4.5100, 4.5463],
        [  -inf,   -inf,   -inf, 2.7975, 3.4337, 3.8740, 4.1672, 4.3508, 4.4636,
         4.5194, 4.5558],
        [  -inf,   -inf,   -inf, 2.7986, 3.4364, 3.8787, 4.1732, 4.3581, 4.4714,
         4.5280, 4.5652],
        [  -inf,   -inf,   -inf, 2.7995, 3.4390, 3.8833, 4.1788, 4.3653, 4.4793,
         4.5365, 4.5738],
        [  -inf,   -inf,   -inf, 2.8005, 3.4417, 3.8878, 4.1844, 4.3726, 4.4872,
         4.5449, 4.5822],
        [  -inf,   -inf,   -inf, 2.8014, 3.4443, 3.8921, 4.1900, 4.3798, 4.4951,
         4.5533, 4.5907],
        [  -inf,   -inf,   -inf, 2.8025, 3.4470, 3.8965, 4.1956, 4.3871, 4.5025,
         4.5618, 4.5991],
        [  -inf,   -inf,   -inf, 2.8035, 3.4496, 3.9008, 4.2012, 4.3939, 4.5100,
         4.5702, 4.6075],
        [  -inf,   -inf,   -inf, 2.8046, 3.4521, 3.9052, 4.2065, 4.4006, 4.5175,
         4.5786, 4.6160],
        [  -inf,   -inf,   -inf, 2.8055, 3.4544, 3.9095, 4.2118, 4.4073, 4.5248,
         4.5871, 4.6244],
        [  -inf,   -inf,   -inf, 2.8064, 3.4567, 3.9138, 4.2171, 4.4140, 4.5320,
         4.5955, 4.6328],
        [  -inf,   -inf,   -inf, 2.8073, 3.4591, 3.9181, 4.2224, 4.4207, 4.5393,
         4.6034, 4.6413],
        [  -inf,   -inf,   -inf, 2.8082, 3.4613, 3.9225, 4.2273, 4.4269, 4.5466,
         4.6112, 4.6491],
        [  -inf,   -inf,   -inf, 2.8090, 3.4636, 3.9268, 4.2321, 4.4330, 4.5538,
         4.6191, 4.6570],
        [  -inf,   -inf,   -inf, 2.8099, 3.4658, 3.9311, 4.2369, 4.4391, 4.5611,
         4.6270, 4.6649],
        [  -inf,   -inf,   -inf, 2.8108, 3.4681, 3.9348, 4.2416, 4.4451, 4.5678,
         4.6345, 4.6728],
        [  -inf,   -inf,   -inf, 2.8115, 3.4704, 3.9385, 4.2464, 4.4507, 4.5746,
         4.6420, 4.6803],
        [  -inf,   -inf,   -inf, 2.8122, 3.4726, 3.9419, 4.2511, 4.4563, 4.5813,
         4.6495, 4.6877],
        [  -inf,   -inf,   -inf, 2.8130, 3.4748, 3.9454, 4.2559, 4.4619, 4.5880,
         4.6567, 4.6952],
        [  -inf,   -inf,   -inf, 2.8137, 3.4769, 3.9488, 4.2605, 4.4675, 4.5947,
         4.6640, 4.7025],
        [  -inf,   -inf,   -inf, 2.8144, 3.4792, 3.9522, 4.2650, 4.4731, 4.6008,
         4.6712, 4.7097],
        [  -inf,   -inf,   -inf, 2.8151, 3.4813, 3.9554, 4.2693, 4.4784, 4.6070,
         4.6785, 4.7170],
        [  -inf,   -inf,   -inf, 2.8158, 3.4833, 3.9587, 4.2737, 4.4837, 4.6131,
         4.6857, 4.7243],
        [  -inf,   -inf,   -inf, 2.8165, 3.4854, 3.9619, 4.2780, 4.4890, 4.6191,
         4.6930, 4.7315],
        [  -inf,   -inf,   -inf, 2.8173, 3.4875, 3.9651, 4.2824, 4.4944, 4.6247,
         4.6998, 4.7388],
        [  -inf,   -inf,   -inf, 2.8180, 3.4895, 3.9683, 4.2867, 4.4992, 4.6303,
         4.7066, 4.7456],
        [  -inf,   -inf,   -inf, 2.8186, 3.4913, 3.9714, 4.2910, 4.5040, 4.6359,
         4.7133, 4.7523],
        [  -inf,   -inf,   -inf, 2.8194, 3.4931, 3.9744, 4.2953, 4.5088, 4.6415,
         4.7200, 4.7590],
        [  -inf,   -inf,   -inf, 2.8200, 3.4948, 3.9775, 4.2997, 4.5135, 4.6471,
         4.7267, 4.7657],
        [  -inf,   -inf,   -inf, 2.8207, 3.4966, 3.9806, 4.3040, 4.5183, 4.6524,
         4.7328, 4.7724],
        [  -inf,   -inf,   -inf, 2.8213, 3.4982, 3.9836, 4.3083, 4.5231, 4.6577,
         4.7389, 4.7785],
        [  -inf,   -inf,   -inf, 2.8220, 3.4998, 3.9867, 4.3120, 4.5278, 4.6630,
         4.7450, 4.7847],
        [  -inf,   -inf,   -inf, 2.8226, 3.5014, 3.9896, 4.3158, 4.5324, 4.6683,
         4.7511, 4.7908],
        [  -inf,   -inf,   -inf, 2.8232, 3.5029, 3.9922, 4.3196, 4.5369, 4.6735,
         4.7567, 4.7968],
        [  -inf,   -inf,   -inf, 2.8238, 3.5044, 3.9949, 4.3233, 4.5412, 4.6786,
         4.7622, 4.8028],
        [  -inf,   -inf,   -inf, 2.8244, 3.5059, 3.9975, 4.3271, 4.5456, 4.6838,
         4.7678, 4.8088],
        [  -inf,   -inf,   -inf, 2.8250, 3.5074, 4.0002, 4.3309, 4.5499, 4.6889,
         4.7734, 4.8148],
        [  -inf,   -inf,   -inf, 2.8256, 3.5089, 4.0029, 4.3346, 4.5543, 4.6941,
         4.7790, 4.8208],
        [  -inf,   -inf,   -inf, 2.8261, 3.5103, 4.0055, 4.3380, 4.5586, 4.6993,
         4.7843, 4.8268],
        [  -inf,   -inf,   -inf, 2.8267, 3.5118, 4.0080, 4.3414, 4.5629, 4.7044,
         4.7896, 4.8327],
        [  -inf,   -inf,   -inf, 2.8272, 3.5132, 4.0103, 4.3448, 4.5672, 4.7092,
         4.7950, 4.8387],
        [  -inf,   -inf,   -inf, 2.8277, 3.5147, 4.0126, 4.3482, 4.5716, 4.7140,
         4.8003, 4.8447],
        [  -inf,   -inf,   -inf, 2.8283, 3.5161, 4.0149, 4.3516, 4.5759, 4.7188,
         4.8054, 4.8507],
        [  -inf,   -inf,   -inf, 2.8288, 3.5176, 4.0172, 4.3550, 4.5802, 4.7236,
         4.8106, 4.8563],
        [  -inf,   -inf,   -inf, 2.8293, 3.5190, 4.0194, 4.3584, 4.5841, 4.7283,
         4.8157, 4.8619],
        [  -inf,   -inf,   -inf, 2.8298, 3.5204, 4.0217, 4.3618, 4.5881, 4.7331,
         4.8209, 4.8675],
        [  -inf,   -inf,   -inf, 2.8303, 3.5218, 4.0240, 4.3651, 4.5921, 4.7379,
         4.8260, 4.8731],
        [  -inf,   -inf,   -inf, 2.8308, 3.5232, 4.0262, 4.3684, 4.5960, 4.7424,
         4.8312, 4.8787],
        [  -inf,   -inf,   -inf, 2.8313, 3.5244, 4.0285, 4.3716, 4.6000, 4.7469,
         4.8363, 4.8840],
        [  -inf,   -inf,   -inf, 2.8317, 3.5257, 4.0307, 4.3748, 4.6040, 4.7513,
         4.8412, 4.8893],
        [  -inf,   -inf,   -inf, 2.8322, 3.5270, 4.0328, 4.3780, 4.6077, 4.7556,
         4.8460, 4.8946],
        [  -inf,   -inf,   -inf, 2.8327, 3.5282, 4.0350, 4.3812, 4.6115, 4.7600,
         4.8508, 4.8999],
        [  -inf,   -inf,   -inf, 2.8331, 3.5295, 4.0372, 4.3843, 4.6153, 4.7643,
         4.8555, 4.9051],
        [  -inf,   -inf,   -inf, 2.8335, 3.5307, 4.0393, 4.3874, 4.6191, 4.7687,
         4.8603, 4.9102],
        [  -inf,   -inf,   -inf, 2.8339, 3.5319, 4.0415, 4.3905, 4.6228, 4.7730,
         4.8650, 4.9154],
        [  -inf,   -inf,   -inf, 2.8343, 3.5331, 4.0437, 4.3936, 4.6266, 4.7773,
         4.8698, 4.9205],
        [  -inf,   -inf,   -inf, 2.8348, 3.5343, 4.0458, 4.3967, 4.6303, 4.7816,
         4.8744, 4.9257],
        [  -inf,   -inf,   -inf, 2.8351, 3.5354, 4.0479, 4.3997, 4.6337, 4.7859,
         4.8789, 4.9308],
        [  -inf,   -inf,   -inf, 2.8356, 3.5365, 4.0499, 4.4028, 4.6371, 4.7902,
         4.8832, 4.9360],
        [  -inf,   -inf,   -inf, 2.8359, 3.5376, 4.0520, 4.4059, 4.6405, 4.7942,
         4.8876, 4.9408],
        [  -inf,   -inf,   -inf, 2.8363, 3.5386, 4.0540, 4.4090, 4.6440, 4.7981,
         4.8919, 4.9456],
        [  -inf,   -inf,   -inf, 2.8367, 3.5397, 4.0559, 4.4121, 4.6473, 4.8021,
         4.8962, 4.9504],
        [  -inf,   -inf,   -inf, 2.8371, 3.5407, 4.0578, 4.4152, 4.6507, 4.8061,
         4.9006, 4.9552],
        [  -inf,   -inf,   -inf, 2.8374, 3.5418, 4.0597, 4.4182, 4.6541, 4.8101,
         4.9049, 4.9599],
        [  -inf,   -inf,   -inf, 2.8378, 3.5428, 4.0616, 4.4213, 4.6575, 4.8140,
         4.9092, 4.9647]])
tensor(0.0076) tensor(3.9484) (64, 9)
