tensor([[  -inf,   -inf,   -inf,   -inf,   -inf,   -inf,   -inf,   -inf,   -inf,
           -inf,   -inf,   -inf,   -inf,   -inf,   -inf,   -inf,   -inf],
        [  -inf, 1.0000, 1.0000, 1.0000, 1.0000, 1.0000, 1.0000, 1.0000, 1.0000,
         1.0000, 1.0000, 1.0000, 1.0000, 1.0000, 1.0000, 1.0000, 1.0000],
        [  -inf,   -inf, 1.5391, 1.5391, 1.5391, 1.5391, 1.5391, 1.5391, 1.5391,
         1.5391, 1.5391, 1.5391, 1.5391, 1.5391, 1.5391, 1.5391, 1.5391],
        [  -inf,   -inf, 1.6491, 1.8297, 1.8297, 1.8297, 1.8297, 1.8297, 1.8297,
         1.8297, 1.8297, 1.8297, 1.8297, 1.8297, 1.8297, 1.8297, 1.8297],
        [  -inf,   -inf, 1.7018, 1.9397, 1.9864, 1.9864, 1.9864, 1.9864, 1.9864,
         1.9864, 1.9864, 1.9864, 1.9864, 1.9864, 1.9864, 1.9864, 1.9864],
        [  -inf,   -inf, 1.7354, 1.9990, 2.0964, 2.0964, 2.0964, 2.0964, 2.0964,
         2.0964, 2.0964, 2.0964, 2.0964, 2.0964, 2.0964, 2.0964, 2.0964],
        [  -inf,   -inf, 1.7613, 2.0583, 2.1557, 2.1809, 2.1809, 2.1809, 2.1809,
         2.1809, 2.1809, 2.1809, 2.1809, 2.1809, 2.1809, 2.1809, 2.1809],
        [  -inf,   -inf, 1.7803, 2.1110, 2.2150, 2.2402, 2.2402, 2.2402, 2.2402,
         2.2402, 2.2402, 2.2402, 2.2402, 2.2402, 2.2402, 2.2402, 2.2402],
        [  -inf,   -inf, 1.7953, 2.1446, 2.2677, 2.2995, 2.2995, 2.2995, 2.2995,
         2.2995, 2.2995, 2.2995, 2.2995, 2.2995, 2.2995, 2.2995, 2.2995],
        [  -inf,   -inf, 1.8077, 2.1730, 2.3013, 2.3522, 2.3522, 2.3522, 2.3522,
         2.3522, 2.3522, 2.3522, 2.3522, 2.3522, 2.3522, 2.3522, 2.3522],
        [  -inf,   -inf, 1.8185, 2.2015, 2.3333, 2.3858, 2.3977, 2.3977, 2.3977,
         2.3977, 2.3977, 2.3977, 2.3977, 2.3977, 2.3977, 2.3977, 2.3977],
        [  -inf,   -inf, 1.8274, 2.2274, 2.3652, 2.4177, 2.4313, 2.4313, 2.4313,
         2.4313, 2.4313, 2.4313, 2.4313, 2.4313, 2.4313, 2.4313, 2.4313],
        [  -inf,   -inf, 1.8345, 2.2464, 2.3972, 2.4497, 2.4633, 2.4633, 2.4633,
         2.4633, 2.4633, 2.4633, 2.4633, 2.4633, 2.4633, 2.4633, 2.4633],
        [  -inf,   -inf, 1.8411, 2.2645, 2.4256, 2.4817, 2.4952, 2.4952, 2.4952,
         2.4952, 2.4952, 2.4952, 2.4952, 2.4952, 2.4952, 2.4952, 2.4952],
        [  -inf,   -inf, 1.8463, 2.2826, 2.4540, 2.5101, 2.5272, 2.5272, 2.5272,
         2.5272, 2.5272, 2.5272, 2.5272, 2.5272, 2.5272, 2.5272, 2.5272],
        [  -inf,   -inf, 1.8518, 2.2976, 2.4799, 2.5385, 2.5556, 2.5556, 2.5556,
         2.5556, 2.5556, 2.5556, 2.5556, 2.5556, 2.5556, 2.5556, 2.5556],
        [  -inf,   -inf, 1.8571, 2.3115, 2.4989, 2.5644, 2.5840, 2.5840, 2.5840,
         2.5840, 2.5840, 2.5840, 2.5840, 2.5840, 2.5840, 2.5840, 2.5840],
        [  -inf,   -inf, 1.8613, 2.3255, 2.5171, 2.5834, 2.6099, 2.6099, 2.6099,
         2.6099, 2.6099, 2.6099, 2.6099, 2.6099, 2.6099, 2.6099, 2.6099],
        [  -inf,   -inf, 1.8641, 2.3379, 2.5352, 2.6015, 2.6289, 2.6345, 2.6345,
         2.6345, 2.6345, 2.6345, 2.6345, 2.6345, 2.6345, 2.6345, 2.6345],
        [  -inf,   -inf, 1.8676, 2.3500, 2.5505, 2.6196, 2.6471, 2.6535, 2.6535,
         2.6535, 2.6535, 2.6535, 2.6535, 2.6535, 2.6535, 2.6535, 2.6535],
        [  -inf,   -inf, 1.8715, 2.3608, 2.5658, 2.6369, 2.6652, 2.6716, 2.6716,
         2.6716, 2.6716, 2.6716, 2.6716, 2.6716, 2.6716, 2.6716, 2.6716],
        [  -inf,   -inf, 1.8740, 2.3710, 2.5811, 2.6541, 2.6824, 2.6897, 2.6897,
         2.6897, 2.6897, 2.6897, 2.6897, 2.6897, 2.6897, 2.6897, 2.6897],
        [  -inf,   -inf, 1.8767, 2.3813, 2.5961, 2.6713, 2.6996, 2.7069, 2.7069,
         2.7069, 2.7069, 2.7069, 2.7069, 2.7069, 2.7069, 2.7069, 2.7069],
        [  -inf,   -inf, 1.8790, 2.3902, 2.6101, 2.6886, 2.7169, 2.7242, 2.7242,
         2.7242, 2.7242, 2.7242, 2.7242, 2.7242, 2.7242, 2.7242, 2.7242],
        [  -inf,   -inf, 1.8814, 2.3983, 2.6240, 2.7039, 2.7341, 2.7414, 2.7414,
         2.7414, 2.7414, 2.7414, 2.7414, 2.7414, 2.7414, 2.7414, 2.7414],
        [  -inf,   -inf, 1.8835, 2.4064, 2.6364, 2.7192, 2.7494, 2.7587, 2.7587,
         2.7587, 2.7587, 2.7587, 2.7587, 2.7587, 2.7587, 2.7587, 2.7587],
        [  -inf,   -inf, 1.8855, 2.4135, 2.6485, 2.7345, 2.7647, 2.7740, 2.7740,
         2.7740, 2.7740, 2.7740, 2.7740, 2.7740, 2.7740, 2.7740, 2.7740],
        [  -inf,   -inf, 1.8870, 2.4201, 2.6593, 2.7495, 2.7801, 2.7893, 2.7893,
         2.7893, 2.7893, 2.7893, 2.7893, 2.7893, 2.7893, 2.7893, 2.7893],
        [  -inf,   -inf, 1.8895, 2.4268, 2.6696, 2.7635, 2.7951, 2.8046, 2.8046,
         2.8046, 2.8046, 2.8046, 2.8046, 2.8046, 2.8046, 2.8046, 2.8046],
        [  -inf,   -inf, 1.8919, 2.4334, 2.6798, 2.7774, 2.8090, 2.8196, 2.8196,
         2.8196, 2.8196, 2.8196, 2.8196, 2.8196, 2.8196, 2.8196, 2.8196],
        [  -inf,   -inf, 1.8931, 2.4393, 2.6896, 2.7898, 2.8230, 2.8336, 2.8336,
         2.8336, 2.8336, 2.8336, 2.8336, 2.8336, 2.8336, 2.8336, 2.8336],
        [  -inf,   -inf, 1.8950, 2.4451, 2.6994, 2.8019, 2.8354, 2.8475, 2.8475,
         2.8475, 2.8475, 2.8475, 2.8475, 2.8475, 2.8475, 2.8475, 2.8475],
        [  -inf,   -inf, 1.8969, 2.4509, 2.7091, 2.8127, 2.8475, 2.8599, 2.8608,
         2.8608, 2.8608, 2.8608, 2.8608, 2.8608, 2.8608, 2.8608, 2.8608],
        [  -inf,   -inf, 1.8992, 2.4567, 2.7180, 2.8230, 2.8583, 2.8720, 2.8732,
         2.8732, 2.8732, 2.8732, 2.8732, 2.8732, 2.8732, 2.8732, 2.8732],
        [  -inf,   -inf,   -inf, 2.4619, 2.7261, 2.8332, 2.8685, 2.8828, 2.8853,
         2.8853, 2.8853, 2.8853, 2.8853, 2.8853, 2.8853, 2.8853, 2.8853],
        [  -inf,   -inf,   -inf, 2.4674, 2.7342, 2.8430, 2.8788, 2.8931, 2.8961,
         2.8961, 2.8961, 2.8961, 2.8961, 2.8961, 2.8961, 2.8961, 2.8961],
        [  -inf,   -inf,   -inf, 2.4727, 2.7417, 2.8528, 2.8885, 2.9033, 2.9063,
         2.9063, 2.9063, 2.9063, 2.9063, 2.9063, 2.9063, 2.9063, 2.9063],
        [  -inf,   -inf,   -inf, 2.4775, 2.7492, 2.8625, 2.8983, 2.9131, 2.9165,
         2.9165, 2.9165, 2.9165, 2.9165, 2.9165, 2.9165, 2.9165, 2.9165],
        [  -inf,   -inf,   -inf, 2.4823, 2.7568, 2.8714, 2.9081, 2.9228, 2.9263,
         2.9263, 2.9263, 2.9263, 2.9263, 2.9263, 2.9263, 2.9263, 2.9263],
        [  -inf,   -inf,   -inf, 2.4865, 2.7639, 2.8797, 2.9173, 2.9326, 2.9361,
         2.9361, 2.9361, 2.9361, 2.9361, 2.9361, 2.9361, 2.9361, 2.9361],
        [  -inf,   -inf,   -inf, 2.4903, 2.7706, 2.8879, 2.9266, 2.9419, 2.9458,
         2.9458, 2.9458, 2.9458, 2.9458, 2.9458, 2.9458, 2.9458, 2.9458],
        [  -inf,   -inf,   -inf, 2.4941, 2.7772, 2.8962, 2.9359, 2.9512, 2.9551,
         2.9551, 2.9551, 2.9551, 2.9551, 2.9551, 2.9551, 2.9551, 2.9551],
        [  -inf,   -inf,   -inf, 2.4978, 2.7838, 2.9045, 2.9452, 2.9605, 2.9644,
         2.9644, 2.9644, 2.9644, 2.9644, 2.9644, 2.9644, 2.9644, 2.9644],
        [  -inf,   -inf,   -inf, 2.5015, 2.7904, 2.9125, 2.9545, 2.9698, 2.9737,
         2.9737, 2.9737, 2.9737, 2.9737, 2.9737, 2.9737, 2.9737, 2.9737],
        [  -inf,   -inf,   -inf, 2.5051, 2.7969, 2.9206, 2.9634, 2.9791, 2.9830,
         2.9830, 2.9830, 2.9830, 2.9830, 2.9830, 2.9830, 2.9830, 2.9830],
        [  -inf,   -inf,   -inf, 2.5086, 2.8034, 2.9282, 2.9717, 2.9880, 2.9923,
         2.9923, 2.9923, 2.9923, 2.9923, 2.9923, 2.9923, 2.9923, 2.9923],
        [  -inf,   -inf,   -inf, 2.5117, 2.8092, 2.9357, 2.9799, 2.9962, 3.0012,
         3.0012, 3.0012, 3.0012, 3.0012, 3.0012, 3.0012, 3.0012, 3.0012],
        [  -inf,   -inf,   -inf, 2.5153, 2.8151, 2.9432, 2.9882, 3.0045, 3.0095,
         3.0095, 3.0095, 3.0095, 3.0095, 3.0095, 3.0095, 3.0095, 3.0095],
        [  -inf,   -inf,   -inf, 2.5188, 2.8209, 2.9503, 2.9964, 3.0127, 3.0177,
         3.0177, 3.0177, 3.0177, 3.0177, 3.0177, 3.0177, 3.0177, 3.0177],
        [  -inf,   -inf,   -inf, 2.5218, 2.8267, 2.9570, 3.0045, 3.0210, 3.0260,
         3.0260, 3.0260, 3.0260, 3.0260, 3.0260, 3.0260, 3.0260, 3.0260],
        [  -inf,   -inf,   -inf, 2.5247, 2.8322, 2.9637, 3.0126, 3.0291, 3.0342,
         3.0342, 3.0342, 3.0342, 3.0342, 3.0342, 3.0342, 3.0342, 3.0342],
        [  -inf,   -inf,   -inf, 2.5276, 2.8377, 2.9703, 3.0201, 3.0372, 3.0423,
         3.0423, 3.0423, 3.0423, 3.0423, 3.0423, 3.0423, 3.0423, 3.0423],
        [  -inf,   -inf,   -inf, 2.5304, 2.8432, 2.9768, 3.0277, 3.0447, 3.0504,
         3.0504, 3.0504, 3.0504, 3.0504, 3.0504, 3.0504, 3.0504, 3.0504],
        [  -inf,   -inf,   -inf, 2.5333, 2.8484, 2.9833, 3.0352, 3.0522, 3.0579,
         3.0579, 3.0579, 3.0579, 3.0579, 3.0579, 3.0579, 3.0579, 3.0579],
        [  -inf,   -inf,   -inf, 2.5361, 2.8539, 2.9898, 3.0423, 3.0597, 3.0655,
         3.0655, 3.0655, 3.0655, 3.0655, 3.0655, 3.0655, 3.0655, 3.0655],
        [  -inf,   -inf,   -inf, 2.5390, 2.8592, 2.9957, 3.0490, 3.0668, 3.0730,
         3.0730, 3.0730, 3.0730, 3.0730, 3.0730, 3.0730, 3.0730, 3.0730],
        [  -inf,   -inf,   -inf, 2.5418, 2.8640, 3.0015, 3.0557, 3.0735, 3.0801,
         3.0801, 3.0801, 3.0801, 3.0801, 3.0801, 3.0801, 3.0801, 3.0801],
        [  -inf,   -inf,   -inf, 2.5446, 2.8688, 3.0073, 3.0623, 3.0802, 3.0868,
         3.0872, 3.0872, 3.0872, 3.0872, 3.0872, 3.0872, 3.0872, 3.0872],
        [  -inf,   -inf,   -inf, 2.5471, 2.8732, 3.0131, 3.0688, 3.0868, 3.0934,
         3.0939, 3.0939, 3.0939, 3.0939, 3.0939, 3.0939, 3.0939, 3.0939],
        [  -inf,   -inf,   -inf, 2.5498, 2.8775, 3.0186, 3.0753, 3.0933, 3.1000,
         3.1006, 3.1006, 3.1006, 3.1006, 3.1006, 3.1006, 3.1006, 3.1006],
        [  -inf,   -inf,   -inf, 2.5521, 2.8819, 3.0241, 3.0818, 3.0999, 3.1066,
         3.1072, 3.1072, 3.1072, 3.1072, 3.1072, 3.1072, 3.1072, 3.1072],
        [  -inf,   -inf,   -inf, 2.5545, 2.8861, 3.0296, 3.0877, 3.1064, 3.1131,
         3.1137, 3.1137, 3.1137, 3.1137, 3.1137, 3.1137, 3.1137, 3.1137],
        [  -inf,   -inf,   -inf, 2.5567, 2.8899, 3.0349, 3.0935, 3.1122, 3.1196,
         3.1202, 3.1202, 3.1202, 3.1202, 3.1202, 3.1202, 3.1202, 3.1202],
        [  -inf,   -inf,   -inf, 2.5590, 2.8937, 3.0403, 3.0993, 3.1180, 3.1254,
         3.1268, 3.1268, 3.1268, 3.1268, 3.1268, 3.1268, 3.1268, 3.1268],
        [  -inf,   -inf,   -inf, 2.5611, 2.8974, 3.0456, 3.1051, 3.1238, 3.1313,
         3.1326, 3.1326, 3.1326, 3.1326, 3.1326, 3.1326, 3.1326, 3.1326],
        [  -inf,   -inf,   -inf, 2.5632, 2.9011, 3.0509, 3.1106, 3.1296, 3.1371,
         3.1384, 3.1384, 3.1384, 3.1384, 3.1384, 3.1384, 3.1384, 3.1384],
        [  -inf,   -inf,   -inf, 2.5653, 2.9047, 3.0562, 3.1161, 3.1351, 3.1429,
         3.1442, 3.1442, 3.1442, 3.1442, 3.1442, 3.1442, 3.1442, 3.1442],
        [  -inf,   -inf,   -inf, 2.5674, 2.9083, 3.0614, 3.1216, 3.1407, 3.1484,
         3.1500, 3.1500, 3.1500, 3.1500, 3.1500, 3.1500, 3.1500, 3.1500],
        [  -inf,   -inf,   -inf, 2.5695, 2.9120, 3.0667, 3.1269, 3.1462, 3.1539,
         3.1555, 3.1555, 3.1555, 3.1555, 3.1555, 3.1555, 3.1555, 3.1555],
        [  -inf,   -inf,   -inf, 2.5716, 2.9155, 3.0715, 3.1323, 3.1515, 3.1594,
         3.1610, 3.1610, 3.1610, 3.1610, 3.1610, 3.1610, 3.1610, 3.1610],
        [  -inf,   -inf,   -inf, 2.5737, 2.9191, 3.0763, 3.1376, 3.1569, 3.1647,
         3.1666, 3.1666, 3.1666, 3.1666, 3.1666, 3.1666, 3.1666, 3.1666],
        [  -inf,   -inf,   -inf, 2.5758, 2.9222, 3.0807, 3.1429, 3.1622, 3.1701,
         3.1718, 3.1718, 3.1718, 3.1718, 3.1718, 3.1718, 3.1718, 3.1718],
        [  -inf,   -inf,   -inf, 2.5777, 2.9257, 3.0850, 3.1482, 3.1675, 3.1754,
         3.1773, 3.1773, 3.1773, 3.1773, 3.1773, 3.1773, 3.1773, 3.1773],
        [  -inf,   -inf,   -inf, 2.5794, 2.9293, 3.0894, 3.1534, 3.1727, 3.1807,
         3.1826, 3.1826, 3.1826, 3.1826, 3.1826, 3.1826, 3.1826, 3.1826],
        [  -inf,   -inf,   -inf, 2.5813, 2.9324, 3.0936, 3.1587, 3.1780, 3.1860,
         3.1878, 3.1878, 3.1878, 3.1878, 3.1878, 3.1878, 3.1878, 3.1878],
        [  -inf,   -inf,   -inf, 2.5832, 2.9355, 3.0976, 3.1635, 3.1832, 3.1912,
         3.1931, 3.1931, 3.1931, 3.1931, 3.1931, 3.1931, 3.1931, 3.1931],
        [  -inf,   -inf,   -inf, 2.5850, 2.9387, 3.1017, 3.1683, 3.1883, 3.1965,
         3.1983, 3.1983, 3.1983, 3.1983, 3.1983, 3.1983, 3.1983, 3.1983],
        [  -inf,   -inf,   -inf, 2.5867, 2.9418, 3.1058, 3.1727, 3.1933, 3.2015,
         3.2036, 3.2036, 3.2036, 3.2036, 3.2036, 3.2036, 3.2036, 3.2036],
        [  -inf,   -inf,   -inf, 2.5886, 2.9449, 3.1098, 3.1772, 3.1983, 3.2065,
         3.2086, 3.2086, 3.2086, 3.2086, 3.2086, 3.2086, 3.2086, 3.2086],
        [  -inf,   -inf,   -inf, 2.5905, 2.9481, 3.1136, 3.1816, 3.2033, 3.2115,
         3.2136, 3.2136, 3.2136, 3.2136, 3.2136, 3.2136, 3.2136, 3.2136],
        [  -inf,   -inf,   -inf, 2.5922, 2.9512, 3.1175, 3.1861, 3.2083, 3.2165,
         3.2186, 3.2186, 3.2186, 3.2186, 3.2186, 3.2186, 3.2186, 3.2186],
        [  -inf,   -inf,   -inf, 2.5940, 2.9543, 3.1212, 3.1906, 3.2133, 3.2215,
         3.2236, 3.2236, 3.2236, 3.2236, 3.2236, 3.2236, 3.2236, 3.2236],
        [  -inf,   -inf,   -inf, 2.5956, 2.9574, 3.1249, 3.1949, 3.2181, 3.2265,
         3.2287, 3.2287, 3.2287, 3.2287, 3.2287, 3.2287, 3.2287, 3.2287],
        [  -inf,   -inf,   -inf, 2.5973, 2.9604, 3.1285, 3.1993, 3.2229, 3.2313,
         3.2337, 3.2337, 3.2337, 3.2337, 3.2337, 3.2337, 3.2337, 3.2337],
        [  -inf,   -inf,   -inf, 2.5988, 2.9633, 3.1321, 3.2036, 3.2273, 3.2361,
         3.2385, 3.2385, 3.2385, 3.2385, 3.2385, 3.2385, 3.2385, 3.2385],
        [  -inf,   -inf,   -inf, 2.6003, 2.9662, 3.1357, 3.2078, 3.2318, 3.2406,
         3.2433, 3.2433, 3.2433, 3.2433, 3.2433, 3.2433, 3.2433, 3.2433],
        [  -inf,   -inf,   -inf, 2.6016, 2.9690, 3.1392, 3.2119, 3.2362, 3.2450,
         3.2477, 3.2477, 3.2477, 3.2477, 3.2477, 3.2477, 3.2477, 3.2477],
        [  -inf,   -inf,   -inf, 2.6031, 2.9719, 3.1428, 3.2159, 3.2407, 3.2495,
         3.2522, 3.2522, 3.2522, 3.2522, 3.2522, 3.2522, 3.2522, 3.2522],
        [  -inf,   -inf,   -inf, 2.6044, 2.9747, 3.1463, 3.2200, 3.2452, 3.2539,
         3.2566, 3.2566, 3.2566, 3.2566, 3.2566, 3.2566, 3.2566, 3.2566],
        [  -inf,   -inf,   -inf, 2.6058, 2.9776, 3.1498, 3.2241, 3.2495, 3.2584,
         3.2611, 3.2611, 3.2611, 3.2611, 3.2611, 3.2611, 3.2611, 3.2611],
        [  -inf,   -inf,   -inf, 2.6072, 2.9804, 3.1533, 3.2279, 3.2539, 3.2627,
         3.2655, 3.2655, 3.2655, 3.2655, 3.2655, 3.2655, 3.2655, 3.2655],
        [  -inf,   -inf,   -inf, 2.6085, 2.9832, 3.1569, 3.2317, 3.2582, 3.2671,
         3.2699, 3.2699, 3.2699, 3.2699, 3.2699, 3.2699, 3.2699, 3.2699],
        [  -inf,   -inf,   -inf, 2.6099, 2.9857, 3.1604, 3.2354, 3.2624, 3.2715,
         3.2742, 3.2742, 3.2742, 3.2742, 3.2742, 3.2742, 3.2742, 3.2742],
        [  -inf,   -inf,   -inf, 2.6112, 2.9884, 3.1639, 3.2391, 3.2665, 3.2757,
         3.2786, 3.2786, 3.2786, 3.2786, 3.2786, 3.2786, 3.2786, 3.2786],
        [  -inf,   -inf,   -inf, 2.6125, 2.9909, 3.1671, 3.2427, 3.2705, 3.2797,
         3.2828, 3.2828, 3.2828, 3.2828, 3.2828, 3.2828, 3.2828, 3.2828],
        [  -inf,   -inf,   -inf, 2.6138, 2.9935, 3.1706, 3.2463, 3.2746, 3.2838,
         3.2869, 3.2869, 3.2869, 3.2869, 3.2869, 3.2869, 3.2869, 3.2869],
        [  -inf,   -inf,   -inf, 2.6150, 2.9961, 3.1741, 3.2499, 3.2787, 3.2878,
         3.2909, 3.2909, 3.2909, 3.2909, 3.2909, 3.2909, 3.2909, 3.2909],
        [  -inf,   -inf,   -inf, 2.6163, 2.9984, 3.1772, 3.2535, 3.2825, 3.2919,
         3.2950, 3.2950, 3.2950, 3.2950, 3.2950, 3.2950, 3.2950, 3.2950],
        [  -inf,   -inf,   -inf, 2.6176, 3.0008, 3.1804, 3.2570, 3.2863, 3.2957,
         3.2990, 3.2990, 3.2990, 3.2990, 3.2990, 3.2990, 3.2990, 3.2990],
        [  -inf,   -inf,   -inf, 2.6188, 3.0031, 3.1835, 3.2606, 3.2900, 3.2996,
         3.3029, 3.3029, 3.3029, 3.3029, 3.3029, 3.3029, 3.3029, 3.3029],
        [  -inf,   -inf,   -inf, 2.6200, 3.0053, 3.1866, 3.2641, 3.2937, 3.3032,
         3.3067, 3.3067, 3.3067, 3.3067, 3.3067, 3.3067, 3.3067, 3.3067],
        [  -inf,   -inf,   -inf, 2.6212, 3.0075, 3.1898, 3.2676, 3.2973, 3.3069,
         3.3104, 3.3105, 3.3105, 3.3105, 3.3105, 3.3105, 3.3105, 3.3105],
        [  -inf,   -inf,   -inf, 2.6223, 3.0096, 3.1929, 3.2711, 3.3009, 3.3105,
         3.3141, 3.3142, 3.3142, 3.3142, 3.3142, 3.3142, 3.3142, 3.3142],
        [  -inf,   -inf,   -inf, 2.6235, 3.0116, 3.1960, 3.2746, 3.3045, 3.3142,
         3.3177, 3.3179, 3.3179, 3.3179, 3.3179, 3.3179, 3.3179, 3.3179],
        [  -inf,   -inf,   -inf, 2.6246, 3.0137, 3.1991, 3.2781, 3.3081, 3.3178,
         3.3213, 3.3215, 3.3215, 3.3215, 3.3215, 3.3215, 3.3215, 3.3215],
        [  -inf,   -inf,   -inf, 2.6257, 3.0158, 3.2023, 3.2813, 3.3116, 3.3213,
         3.3249, 3.3251, 3.3251, 3.3251, 3.3251, 3.3251, 3.3251, 3.3251],
        [  -inf,   -inf,   -inf, 2.6269, 3.0180, 3.2052, 3.2848, 3.3152, 3.3249,
         3.3284, 3.3287, 3.3287, 3.3287, 3.3287, 3.3287, 3.3287, 3.3287],
        [  -inf,   -inf,   -inf, 2.6280, 3.0200, 3.2082, 3.2883, 3.3187, 3.3284,
         3.3320, 3.3323, 3.3323, 3.3323, 3.3323, 3.3323, 3.3323, 3.3323],
        [  -inf,   -inf,   -inf, 2.6291, 3.0221, 3.2112, 3.2915, 3.3222, 3.3319,
         3.3355, 3.3359, 3.3359, 3.3359, 3.3359, 3.3359, 3.3359, 3.3359],
        [  -inf,   -inf,   -inf, 2.6302, 3.0242, 3.2142, 3.2946, 3.3257, 3.3354,
         3.3390, 3.3394, 3.3394, 3.3394, 3.3394, 3.3394, 3.3394, 3.3394],
        [  -inf,   -inf,   -inf, 2.6312, 3.0263, 3.2171, 3.2978, 3.3292, 3.3389,
         3.3426, 3.3429, 3.3429, 3.3429, 3.3429, 3.3429, 3.3429, 3.3429],
        [  -inf,   -inf,   -inf, 2.6322, 3.0283, 3.2200, 3.3009, 3.3327, 3.3425,
         3.3461, 3.3464, 3.3464, 3.3464, 3.3464, 3.3464, 3.3464, 3.3464],
        [  -inf,   -inf,   -inf, 2.6332, 3.0303, 3.2229, 3.3040, 3.3359, 3.3460,
         3.3496, 3.3499, 3.3499, 3.3499, 3.3499, 3.3499, 3.3499, 3.3499],
        [  -inf,   -inf,   -inf, 2.6342, 3.0323, 3.2258, 3.3071, 3.3394, 3.3491,
         3.3531, 3.3534, 3.3534, 3.3534, 3.3534, 3.3534, 3.3534, 3.3534],
        [  -inf,   -inf,   -inf, 2.6352, 3.0343, 3.2286, 3.3103, 3.3429, 3.3527,
         3.3563, 3.3570, 3.3570, 3.3570, 3.3570, 3.3570, 3.3570, 3.3570],
        [  -inf,   -inf,   -inf, 2.6362, 3.0363, 3.2315, 3.3134, 3.3461, 3.3562,
         3.3598, 3.3601, 3.3601, 3.3601, 3.3601, 3.3601, 3.3601, 3.3601],
        [  -inf,   -inf,   -inf, 2.6372, 3.0383, 3.2343, 3.3165, 3.3492, 3.3593,
         3.3633, 3.3636, 3.3636, 3.3636, 3.3636, 3.3636, 3.3636, 3.3636],
        [  -inf,   -inf,   -inf, 2.6382, 3.0403, 3.2371, 3.3195, 3.3524, 3.3624,
         3.3664, 3.3672, 3.3672, 3.3672, 3.3672, 3.3672, 3.3672, 3.3672],
        [  -inf,   -inf,   -inf, 2.6392, 3.0422, 3.2399, 3.3225, 3.3555, 3.3656,
         3.3696, 3.3703, 3.3703, 3.3703, 3.3703, 3.3703, 3.3703, 3.3703],
        [  -inf,   -inf,   -inf, 2.6401, 3.0441, 3.2425, 3.3254, 3.3586, 3.3687,
         3.3727, 3.3734, 3.3734, 3.3734, 3.3734, 3.3734, 3.3734, 3.3734],
        [  -inf,   -inf,   -inf, 2.6410, 3.0460, 3.2451, 3.3284, 3.3617, 3.3718,
         3.3758, 3.3766, 3.3766, 3.3766, 3.3766, 3.3766, 3.3766, 3.3766],
        [  -inf,   -inf,   -inf, 2.6419, 3.0479, 3.2477, 3.3314, 3.3649, 3.3750,
         3.3790, 3.3797, 3.3797, 3.3797, 3.3797, 3.3797, 3.3797, 3.3797],
        [  -inf,   -inf,   -inf, 2.6427, 3.0497, 3.2503, 3.3342, 3.3680, 3.3781,
         3.3821, 3.3828, 3.3828, 3.3828, 3.3828, 3.3828, 3.3828, 3.3828],
        [  -inf,   -inf,   -inf, 2.6435, 3.0515, 3.2528, 3.3371, 3.3711, 3.3812,
         3.3852, 3.3859, 3.3859, 3.3859, 3.3859, 3.3859, 3.3859, 3.3859],
        [  -inf,   -inf,   -inf, 2.6443, 3.0534, 3.2552, 3.3400, 3.3741, 3.3843,
         3.3883, 3.3891, 3.3891, 3.3891, 3.3891, 3.3891, 3.3891, 3.3891],
        [  -inf,   -inf,   -inf, 2.6451, 3.0552, 3.2575, 3.3429, 3.3771, 3.3873,
         3.3915, 3.3922, 3.3922, 3.3922, 3.3922, 3.3922, 3.3922, 3.3922],
        [  -inf,   -inf,   -inf, 2.6458, 3.0570, 3.2599, 3.3457, 3.3800, 3.3903,
         3.3944, 3.3953, 3.3953, 3.3953, 3.3953, 3.3953, 3.3953, 3.3953],
        [  -inf,   -inf,   -inf, 2.6466, 3.0588, 3.2622, 3.3486, 3.3830, 3.3933,
         3.3974, 3.3983, 3.3983, 3.3983, 3.3983, 3.3983, 3.3983, 3.3983],
        [  -inf,   -inf,   -inf, 2.6473, 3.0607, 3.2646, 3.3514, 3.3860, 3.3962,
         3.4004, 3.4013, 3.4013, 3.4013, 3.4013, 3.4013, 3.4013, 3.4013],
        [  -inf,   -inf,   -inf, 2.6480, 3.0625, 3.2669, 3.3542, 3.3888, 3.3992,
         3.4034, 3.4042, 3.4042, 3.4042, 3.4042, 3.4042, 3.4042, 3.4042],
        [  -inf,   -inf,   -inf, 2.6486, 3.0643, 3.2692, 3.3571, 3.3917, 3.4021,
         3.4063, 3.4072, 3.4072, 3.4072, 3.4072, 3.4072, 3.4072, 3.4072],
        [  -inf,   -inf,   -inf, 2.6493, 3.0659, 3.2715, 3.3599, 3.3946, 3.4050,
         3.4092, 3.4102, 3.4102, 3.4102, 3.4102, 3.4102, 3.4102, 3.4102],
        [  -inf,   -inf,   -inf, 2.6499, 3.0676, 3.2736, 3.3627, 3.3975, 3.4078,
         3.4121, 3.4130, 3.4130, 3.4130, 3.4130, 3.4130, 3.4130, 3.4130],
        [  -inf,   -inf,   -inf, 2.6505, 3.0692, 3.2757, 3.3655, 3.4003, 3.4107,
         3.4150, 3.4160, 3.4160, 3.4160, 3.4160, 3.4160, 3.4160, 3.4160],
        [  -inf,   -inf,   -inf, 2.6512, 3.0708, 3.2778, 3.3683, 3.4032, 3.4135,
         3.4178, 3.4188, 3.4188, 3.4188, 3.4188, 3.4188, 3.4188, 3.4188],
        [  -inf,   -inf,   -inf, 2.6518, 3.0723, 3.2799, 3.3709, 3.4060, 3.4164,
         3.4207, 3.4217, 3.4217, 3.4217, 3.4217, 3.4217, 3.4217, 3.4217],
        [  -inf,   -inf,   -inf, 2.6524, 3.0739, 3.2820, 3.3735, 3.4088, 3.4192,
         3.4235, 3.4245, 3.4245, 3.4245, 3.4245, 3.4245, 3.4245, 3.4245],
        [  -inf,   -inf,   -inf, 2.6530, 3.0754, 3.2841, 3.3761, 3.4117, 3.4221,
         3.4264, 3.4274, 3.4274, 3.4274, 3.4274, 3.4274, 3.4274, 3.4274],
        [  -inf,   -inf,   -inf, 2.6536, 3.0769, 3.2862, 3.3787, 3.4145, 3.4249,
         3.4292, 3.4302, 3.4302, 3.4302, 3.4302, 3.4302, 3.4302, 3.4302],
        [  -inf,   -inf,   -inf, 2.6541, 3.0785, 3.2883, 3.3813, 3.4173, 3.4277,
         3.4320, 3.4330, 3.4330, 3.4330, 3.4330, 3.4330, 3.4330, 3.4330],
        [  -inf,   -inf,   -inf, 2.6547, 3.0800, 3.2903, 3.3836, 3.4202, 3.4306,
         3.4349, 3.4359, 3.4359, 3.4359, 3.4359, 3.4359, 3.4359, 3.4359],
        [  -inf,   -inf,   -inf, 2.6553, 3.0816, 3.2924, 3.3860, 3.4229, 3.4334,
         3.4377, 3.4387, 3.4387, 3.4387, 3.4387, 3.4387, 3.4387, 3.4387],
        [  -inf,   -inf,   -inf, 2.6558, 3.0831, 3.2945, 3.3883, 3.4255, 3.4362,
         3.4405, 3.4416, 3.4416, 3.4416, 3.4416, 3.4416, 3.4416, 3.4416],
        [  -inf,   -inf,   -inf, 2.6563, 3.0846, 3.2964, 3.3907, 3.4281, 3.4389,
         3.4433, 3.4444, 3.4444, 3.4444, 3.4444, 3.4444, 3.4444, 3.4444],
        [  -inf,   -inf,   -inf, 2.6569, 3.0862, 3.2984, 3.3930, 3.4307, 3.4416,
         3.4460, 3.4471, 3.4471, 3.4471, 3.4471, 3.4471, 3.4471, 3.4471],
        [  -inf,   -inf,   -inf, 2.6573, 3.0877, 3.3004, 3.3954, 3.4333, 3.4443,
         3.4487, 3.4498, 3.4498, 3.4498, 3.4498, 3.4498, 3.4498, 3.4498],
        [  -inf,   -inf,   -inf, 2.6578, 3.0892, 3.3024, 3.3977, 3.4359, 3.4470,
         3.4514, 3.4525, 3.4525, 3.4525, 3.4525, 3.4525, 3.4525, 3.4525],
        [  -inf,   -inf,   -inf, 2.6583, 3.0907, 3.3044, 3.3999, 3.4383, 3.4497,
         3.4541, 3.4552, 3.4552, 3.4552, 3.4552, 3.4552, 3.4552, 3.4552],
        [  -inf,   -inf,   -inf, 2.6588, 3.0922, 3.3064, 3.4021, 3.4407, 3.4524,
         3.4568, 3.4579, 3.4579, 3.4579, 3.4579, 3.4579, 3.4579, 3.4579],
        [  -inf,   -inf,   -inf, 2.6592, 3.0937, 3.3083, 3.4043, 3.4431, 3.4551,
         3.4595, 3.4606, 3.4606, 3.4606, 3.4606, 3.4606, 3.4606, 3.4606],
        [  -inf,   -inf,   -inf, 2.6597, 3.0952, 3.3103, 3.4065, 3.4455, 3.4577,
         3.4622, 3.4633, 3.4633, 3.4633, 3.4633, 3.4633, 3.4633, 3.4633],
        [  -inf,   -inf,   -inf, 2.6601, 3.0967, 3.3122, 3.4087, 3.4479, 3.4603,
         3.4648, 3.4660, 3.4660, 3.4660, 3.4660, 3.4660, 3.4660, 3.4660],
        [  -inf,   -inf,   -inf, 2.6605, 3.0982, 3.3142, 3.4109, 3.4503, 3.4629,
         3.4674, 3.4686, 3.4686, 3.4686, 3.4686, 3.4686, 3.4686, 3.4686],
        [  -inf,   -inf,   -inf, 2.6610, 3.0995, 3.3161, 3.4130, 3.4526, 3.4654,
         3.4700, 3.4712, 3.4712, 3.4712, 3.4712, 3.4712, 3.4712, 3.4712],
        [  -inf,   -inf,   -inf, 2.6613, 3.1010, 3.3180, 3.4151, 3.4550, 3.4680,
         3.4726, 3.4738, 3.4738, 3.4738, 3.4738, 3.4738, 3.4738, 3.4738],
        [  -inf,   -inf,   -inf, 2.6617, 3.1023, 3.3199, 3.4171, 3.4573, 3.4704,
         3.4752, 3.4764, 3.4764, 3.4764, 3.4764, 3.4764, 3.4764, 3.4764],
        [  -inf,   -inf,   -inf, 2.6621, 3.1037, 3.3218, 3.4192, 3.4597, 3.4728,
         3.4776, 3.4790, 3.4790, 3.4790, 3.4790, 3.4790, 3.4790, 3.4790],
        [  -inf,   -inf,   -inf, 2.6625, 3.1051, 3.3236, 3.4214, 3.4620, 3.4752,
         3.4800, 3.4814, 3.4814, 3.4814, 3.4814, 3.4814, 3.4814, 3.4814],
        [  -inf,   -inf,   -inf, 2.6629, 3.1064, 3.3254, 3.4235, 3.4644, 3.4776,
         3.4824, 3.4838, 3.4838, 3.4838, 3.4838, 3.4838, 3.4838, 3.4838],
        [  -inf,   -inf,   -inf, 2.6632, 3.1078, 3.3273, 3.4255, 3.4667, 3.4800,
         3.4848, 3.4862, 3.4862, 3.4862, 3.4862, 3.4862, 3.4862, 3.4862],
        [  -inf,   -inf,   -inf, 2.6636, 3.1091, 3.3291, 3.4276, 3.4689, 3.4824,
         3.4872, 3.4886, 3.4886, 3.4886, 3.4886, 3.4886, 3.4886, 3.4886],
        [  -inf,   -inf,   -inf, 2.6640, 3.1105, 3.3309, 3.4297, 3.4711, 3.4848,
         3.4896, 3.4910, 3.4910, 3.4910, 3.4910, 3.4910, 3.4910, 3.4910],
        [  -inf,   -inf,   -inf, 2.6644, 3.1118, 3.3327, 3.4318, 3.4733, 3.4871,
         3.4919, 3.4934, 3.4934, 3.4934, 3.4934, 3.4934, 3.4934, 3.4934],
        [  -inf,   -inf,   -inf, 2.6647, 3.1131, 3.3346, 3.4338, 3.4755, 3.4895,
         3.4943, 3.4958, 3.4958, 3.4958, 3.4958, 3.4958, 3.4958, 3.4958],
        [  -inf,   -inf,   -inf, 2.6651, 3.1143, 3.3364, 3.4358, 3.4777, 3.4918,
         3.4966, 3.4981, 3.4981, 3.4981, 3.4981, 3.4981, 3.4981, 3.4981],
        [  -inf,   -inf,   -inf, 2.6654, 3.1156, 3.3382, 3.4378, 3.4799, 3.4942,
         3.4990, 3.5005, 3.5005, 3.5005, 3.5005, 3.5005, 3.5005, 3.5005],
        [  -inf,   -inf,   -inf, 2.6658, 3.1168, 3.3399, 3.4398, 3.4820, 3.4965,
         3.5013, 3.5028, 3.5028, 3.5028, 3.5028, 3.5028, 3.5028, 3.5028],
        [  -inf,   -inf,   -inf, 2.6661, 3.1181, 3.3415, 3.4418, 3.4841, 3.4988,
         3.5037, 3.5052, 3.5052, 3.5052, 3.5052, 3.5052, 3.5052, 3.5052],
        [  -inf,   -inf,   -inf, 2.6664, 3.1193, 3.3432, 3.4438, 3.4861, 3.5011,
         3.5059, 3.5075, 3.5075, 3.5075, 3.5075, 3.5075, 3.5075, 3.5075],
        [  -inf,   -inf,   -inf, 2.6667, 3.1205, 3.3449, 3.4458, 3.4882, 3.5032,
         3.5082, 3.5098, 3.5098, 3.5098, 3.5098, 3.5098, 3.5098, 3.5098],
        [  -inf,   -inf,   -inf, 2.6670, 3.1217, 3.3466, 3.4477, 3.4904, 3.5054,
         3.5104, 3.5120, 3.5120, 3.5120, 3.5120, 3.5120, 3.5120, 3.5120],
        [  -inf,   -inf,   -inf, 2.6673, 3.1229, 3.3483, 3.4497, 3.4925, 3.5076,
         3.5126, 3.5142, 3.5142, 3.5142, 3.5142, 3.5142, 3.5142, 3.5142],
        [  -inf,   -inf,   -inf, 2.6676, 3.1241, 3.3500, 3.4516, 3.4945, 3.5098,
         3.5147, 3.5164, 3.5164, 3.5164, 3.5164, 3.5164, 3.5164, 3.5164],
        [  -inf,   -inf,   -inf, 2.6679, 3.1252, 3.3517, 3.4536, 3.4966, 3.5120,
         3.5169, 3.5186, 3.5186, 3.5186, 3.5186, 3.5186, 3.5186, 3.5186],
        [  -inf,   -inf,   -inf, 2.6682, 3.1264, 3.3534, 3.4555, 3.4987, 3.5141,
         3.5191, 3.5208, 3.5208, 3.5208, 3.5208, 3.5208, 3.5208, 3.5208],
        [  -inf,   -inf,   -inf, 2.6685, 3.1275, 3.3550, 3.4574, 3.5008, 3.5162,
         3.5212, 3.5230, 3.5230, 3.5230, 3.5230, 3.5230, 3.5230, 3.5230],
        [  -inf,   -inf,   -inf, 2.6688, 3.1286, 3.3567, 3.4593, 3.5028, 3.5183,
         3.5233, 3.5251, 3.5251, 3.5251, 3.5251, 3.5251, 3.5251, 3.5251],
        [  -inf,   -inf,   -inf, 2.6691, 3.1298, 3.3584, 3.4612, 3.5048, 3.5204,
         3.5254, 3.5272, 3.5272, 3.5272, 3.5272, 3.5272, 3.5272, 3.5272],
        [  -inf,   -inf,   -inf, 2.6693, 3.1309, 3.3601, 3.4631, 3.5068, 3.5225,
         3.5275, 3.5293, 3.5293, 3.5293, 3.5293, 3.5293, 3.5293, 3.5293],
        [  -inf,   -inf,   -inf, 2.6696, 3.1320, 3.3618, 3.4650, 3.5088, 3.5246,
         3.5296, 3.5314, 3.5314, 3.5314, 3.5314, 3.5314, 3.5314, 3.5314],
        [  -inf,   -inf,   -inf, 2.6699, 3.1332, 3.3635, 3.4669, 3.5108, 3.5267,
         3.5317, 3.5335, 3.5335, 3.5335, 3.5335, 3.5335, 3.5335, 3.5335],
        [  -inf,   -inf,   -inf, 2.6702, 3.1343, 3.3651, 3.4688, 3.5128, 3.5288,
         3.5338, 3.5356, 3.5356, 3.5356, 3.5356, 3.5356, 3.5356, 3.5356],
        [  -inf,   -inf,   -inf, 2.6705, 3.1354, 3.3668, 3.4707, 3.5148, 3.5308,
         3.5359, 3.5377, 3.5377, 3.5377, 3.5377, 3.5377, 3.5377, 3.5377],
        [  -inf,   -inf,   -inf, 2.6707, 3.1366, 3.3684, 3.4726, 3.5167, 3.5329,
         3.5380, 3.5398, 3.5398, 3.5398, 3.5398, 3.5398, 3.5398, 3.5398],
        [  -inf,   -inf,   -inf, 2.6710, 3.1377, 3.3700, 3.4745, 3.5187, 3.5350,
         3.5400, 3.5418, 3.5418, 3.5418, 3.5418, 3.5418, 3.5418, 3.5418],
        [  -inf,   -inf,   -inf, 2.6713, 3.1388, 3.3716, 3.4764, 3.5206, 3.5370,
         3.5421, 3.5439, 3.5439, 3.5439, 3.5439, 3.5439, 3.5439, 3.5439],
        [  -inf,   -inf,   -inf, 2.6716, 3.1399, 3.3732, 3.4783, 3.5226, 3.5389,
         3.5441, 3.5459, 3.5460, 3.5460, 3.5460, 3.5460, 3.5460, 3.5460],
        [  -inf,   -inf,   -inf, 2.6718, 3.1411, 3.3748, 3.4802, 3.5245, 3.5409,
         3.5461, 3.5479, 3.5480, 3.5480, 3.5480, 3.5480, 3.5480, 3.5480],
        [  -inf,   -inf,   -inf, 2.6721, 3.1421, 3.3763, 3.4819, 3.5264, 3.5429,
         3.5481, 3.5499, 3.5500, 3.5500, 3.5500, 3.5500, 3.5500, 3.5500],
        [  -inf,   -inf,   -inf, 2.6723, 3.1432, 3.3778, 3.4838, 3.5283, 3.5449,
         3.5501, 3.5519, 3.5520, 3.5520, 3.5520, 3.5520, 3.5520, 3.5520],
        [  -inf,   -inf,   -inf, 2.6726, 3.1442, 3.3794, 3.4857, 3.5302, 3.5469,
         3.5521, 3.5539, 3.5540, 3.5540, 3.5540, 3.5540, 3.5540, 3.5540],
        [  -inf,   -inf,   -inf, 2.6729, 3.1452, 3.3809, 3.4875, 3.5321, 3.5489,
         3.5541, 3.5559, 3.5560, 3.5560, 3.5560, 3.5560, 3.5560, 3.5560],
        [  -inf,   -inf,   -inf, 2.6731, 3.1462, 3.3824, 3.4892, 3.5340, 3.5508,
         3.5560, 3.5579, 3.5580, 3.5580, 3.5580, 3.5580, 3.5580, 3.5580],
        [  -inf,   -inf,   -inf, 2.6733, 3.1472, 3.3840, 3.4911, 3.5359, 3.5527,
         3.5579, 3.5598, 3.5600, 3.5600, 3.5600, 3.5600, 3.5600, 3.5600],
        [  -inf,   -inf,   -inf, 2.6736, 3.1482, 3.3855, 3.4930, 3.5378, 3.5547,
         3.5599, 3.5618, 3.5619, 3.5619, 3.5619, 3.5619, 3.5619, 3.5619],
        [  -inf,   -inf,   -inf, 2.6738, 3.1492, 3.3871, 3.4947, 3.5397, 3.5566,
         3.5618, 3.5637, 3.5639, 3.5639, 3.5639, 3.5639, 3.5639, 3.5639],
        [  -inf,   -inf,   -inf, 2.6741, 3.1502, 3.3886, 3.4965, 3.5416, 3.5585,
         3.5637, 3.5657, 3.5658, 3.5658, 3.5658, 3.5658, 3.5658, 3.5658],
        [  -inf,   -inf,   -inf, 2.6743, 3.1512, 3.3901, 3.4982, 3.5435, 3.5604,
         3.5657, 3.5676, 3.5677, 3.5677, 3.5677, 3.5677, 3.5677, 3.5677],
        [  -inf,   -inf,   -inf, 2.6745, 3.1522, 3.3916, 3.4999, 3.5454, 3.5623,
         3.5676, 3.5695, 3.5697, 3.5697, 3.5697, 3.5697, 3.5697, 3.5697],
        [  -inf,   -inf,   -inf, 2.6747, 3.1531, 3.3931, 3.5016, 3.5473, 3.5642,
         3.5695, 3.5714, 3.5716, 3.5716, 3.5716, 3.5716, 3.5716, 3.5716],
        [  -inf,   -inf,   -inf, 2.6750, 3.1541, 3.3946, 3.5033, 3.5492, 3.5661,
         3.5714, 3.5733, 3.5735, 3.5735, 3.5735, 3.5735, 3.5735, 3.5735],
        [  -inf,   -inf,   -inf, 2.6752, 3.1551, 3.3961, 3.5049, 3.5509, 3.5680,
         3.5733, 3.5752, 3.5754, 3.5754, 3.5754, 3.5754, 3.5754, 3.5754],
        [  -inf,   -inf,   -inf, 2.6754, 3.1561, 3.3976, 3.5066, 3.5528, 3.5699,
         3.5752, 3.5771, 3.5773, 3.5773, 3.5773, 3.5773, 3.5773, 3.5773],
        [  -inf,   -inf,   -inf, 2.6757, 3.1571, 3.3991, 3.5083, 3.5547, 3.5718,
         3.5771, 3.5790, 3.5792, 3.5792, 3.5792, 3.5792, 3.5792, 3.5792],
        [  -inf,   -inf,   -inf, 2.6759, 3.1580, 3.4005, 3.5100, 3.5565, 3.5737,
         3.5790, 3.5809, 3.5811, 3.5811, 3.5811, 3.5811, 3.5811, 3.5811],
        [  -inf,   -inf,   -inf, 2.6761, 3.1590, 3.4019, 3.5117, 3.5582, 3.5756,
         3.5808, 3.5828, 3.5830, 3.5830, 3.5830, 3.5830, 3.5830, 3.5830],
        [  -inf,   -inf,   -inf, 2.6764, 3.1599, 3.4033, 3.5134, 3.5601, 3.5775,
         3.5827, 3.5847, 3.5849, 3.5849, 3.5849, 3.5849, 3.5849, 3.5849],
        [  -inf,   -inf,   -inf, 2.6766, 3.1609, 3.4047, 3.5151, 3.5620, 3.5794,
         3.5846, 3.5866, 3.5868, 3.5868, 3.5868, 3.5868, 3.5868, 3.5868],
        [  -inf,   -inf,   -inf, 2.6768, 3.1619, 3.4061, 3.5167, 3.5637, 3.5813,
         3.5865, 3.5885, 3.5887, 3.5887, 3.5887, 3.5887, 3.5887, 3.5887],
        [  -inf,   -inf,   -inf, 2.6770, 3.1628, 3.4074, 3.5184, 3.5655, 3.5831,
         3.5884, 3.5904, 3.5906, 3.5906, 3.5906, 3.5906, 3.5906, 3.5906],
        [  -inf,   -inf,   -inf, 2.6772, 3.1637, 3.4088, 3.5201, 3.5672, 3.5849,
         3.5902, 3.5923, 3.5925, 3.5925, 3.5925, 3.5925, 3.5925, 3.5925],
        [  -inf,   -inf,   -inf, 2.6774, 3.1646, 3.4102, 3.5218, 3.5689, 3.5868,
         3.5920, 3.5940, 3.5943, 3.5943, 3.5943, 3.5943, 3.5943, 3.5943],
        [  -inf,   -inf,   -inf, 2.6777, 3.1655, 3.4115, 3.5235, 3.5706, 3.5886,
         3.5939, 3.5959, 3.5961, 3.5961, 3.5961, 3.5961, 3.5961, 3.5961],
        [  -inf,   -inf,   -inf, 2.6779, 3.1664, 3.4129, 3.5251, 3.5723, 3.5904,
         3.5957, 3.5978, 3.5980, 3.5980, 3.5980, 3.5980, 3.5980, 3.5980],
        [  -inf,   -inf,   -inf, 2.6781, 3.1673, 3.4143, 3.5268, 3.5739, 3.5922,
         3.5975, 3.5996, 3.5998, 3.5998, 3.5998, 3.5998, 3.5998, 3.5998],
        [  -inf,   -inf,   -inf, 2.6783, 3.1681, 3.4156, 3.5284, 3.5756, 3.5941,
         3.5993, 3.6013, 3.6016, 3.6016, 3.6016, 3.6016, 3.6016, 3.6016],
        [  -inf,   -inf,   -inf, 2.6785, 3.1690, 3.4169, 3.5300, 3.5773, 3.5959,
         3.6012, 3.6032, 3.6034, 3.6034, 3.6034, 3.6034, 3.6034, 3.6034],
        [  -inf,   -inf,   -inf, 2.6787, 3.1699, 3.4182, 3.5316, 3.5790, 3.5976,
         3.6030, 3.6051, 3.6053, 3.6053, 3.6053, 3.6053, 3.6053, 3.6053],
        [  -inf,   -inf,   -inf, 2.6789, 3.1707, 3.4195, 3.5332, 3.5807, 3.5993,
         3.6048, 3.6068, 3.6071, 3.6071, 3.6071, 3.6071, 3.6071, 3.6071],
        [  -inf,   -inf,   -inf, 2.6791, 3.1715, 3.4208, 3.5348, 3.5824, 3.6010,
         3.6065, 3.6086, 3.6089, 3.6089, 3.6089, 3.6089, 3.6089, 3.6089],
        [  -inf,   -inf,   -inf, 2.6793, 3.1723, 3.4221, 3.5364, 3.5841, 3.6027,
         3.6081, 3.6103, 3.6107, 3.6107, 3.6107, 3.6107, 3.6107, 3.6107],
        [  -inf,   -inf,   -inf, 2.6794, 3.1731, 3.4233, 3.5380, 3.5857, 3.6044,
         3.6098, 3.6120, 3.6124, 3.6124, 3.6124, 3.6124, 3.6124, 3.6124],
        [  -inf,   -inf,   -inf, 2.6796, 3.1739, 3.4245, 3.5395, 3.5874, 3.6061,
         3.6115, 3.6137, 3.6141, 3.6141, 3.6141, 3.6141, 3.6141, 3.6141],
        [  -inf,   -inf,   -inf, 2.6798, 3.1747, 3.4258, 3.5411, 3.5891, 3.6078,
         3.6132, 3.6154, 3.6158, 3.6158, 3.6158, 3.6158, 3.6158, 3.6158],
        [  -inf,   -inf,   -inf, 2.6800, 3.1755, 3.4270, 3.5426, 3.5908, 3.6095,
         3.6149, 3.6171, 3.6174, 3.6174, 3.6174, 3.6174, 3.6174, 3.6174],
        [  -inf,   -inf,   -inf, 2.6802, 3.1763, 3.4282, 3.5442, 3.5925, 3.6111,
         3.6166, 3.6187, 3.6191, 3.6191, 3.6191, 3.6191, 3.6191, 3.6191],
        [  -inf,   -inf,   -inf, 2.6804, 3.1770, 3.4294, 3.5457, 3.5941, 3.6128,
         3.6183, 3.6204, 3.6208, 3.6208, 3.6208, 3.6208, 3.6208, 3.6208],
        [  -inf,   -inf,   -inf, 2.6805, 3.1778, 3.4306, 3.5473, 3.5958, 3.6145,
         3.6200, 3.6221, 3.6225, 3.6225, 3.6225, 3.6225, 3.6225, 3.6225],
        [  -inf,   -inf,   -inf, 2.6807, 3.1785, 3.4317, 3.5488, 3.5974, 3.6162,
         3.6216, 3.6238, 3.6242, 3.6242, 3.6242, 3.6242, 3.6242, 3.6242],
        [  -inf,   -inf,   -inf, 2.6809, 3.1793, 3.4328, 3.5503, 3.5990, 3.6179,
         3.6233, 3.6255, 3.6259, 3.6259, 3.6259, 3.6259, 3.6259, 3.6259],
        [  -inf,   -inf,   -inf, 2.6811, 3.1800, 3.4340, 3.5519, 3.6006, 3.6196,
         3.6250, 3.6272, 3.6276, 3.6276, 3.6276, 3.6276, 3.6276, 3.6276],
        [  -inf,   -inf,   -inf, 2.6813, 3.1808, 3.4351, 3.5534, 3.6022, 3.6212,
         3.6267, 3.6289, 3.6292, 3.6292, 3.6292, 3.6292, 3.6292, 3.6292],
        [  -inf,   -inf,   -inf, 2.6814, 3.1815, 3.4362, 3.5549, 3.6038, 3.6229,
         3.6284, 3.6305, 3.6309, 3.6309, 3.6309, 3.6309, 3.6309, 3.6309],
        [  -inf,   -inf,   -inf, 2.6816, 3.1822, 3.4374, 3.5565, 3.6054, 3.6246,
         3.6301, 3.6322, 3.6326, 3.6326, 3.6326, 3.6326, 3.6326, 3.6326],
        [  -inf,   -inf,   -inf, 2.6818, 3.1830, 3.4385, 3.5580, 3.6070, 3.6263,
         3.6317, 3.6339, 3.6343, 3.6343, 3.6343, 3.6343, 3.6343, 3.6343],
        [  -inf,   -inf,   -inf, 2.6820, 3.1837, 3.4396, 3.5595, 3.6085, 3.6279,
         3.6334, 3.6356, 3.6360, 3.6360, 3.6360, 3.6360, 3.6360, 3.6360],
        [  -inf,   -inf,   -inf, 2.6821, 3.1844, 3.4408, 3.5610, 3.6101, 3.6295,
         3.6350, 3.6372, 3.6377, 3.6377, 3.6377, 3.6377, 3.6377, 3.6377],
        [  -inf,   -inf,   -inf, 2.6823, 3.1852, 3.4419, 3.5625, 3.6116, 3.6311,
         3.6367, 3.6389, 3.6393, 3.6393, 3.6393, 3.6393, 3.6393, 3.6393],
        [  -inf,   -inf,   -inf, 2.6825, 3.1859, 3.4430, 3.5640, 3.6132, 3.6327,
         3.6383, 3.6405, 3.6410, 3.6410, 3.6410, 3.6410, 3.6410, 3.6410],
        [  -inf,   -inf,   -inf, 2.6826, 3.1866, 3.4441, 3.5654, 3.6147, 3.6343,
         3.6399, 3.6421, 3.6426, 3.6426, 3.6426, 3.6426, 3.6426, 3.6426],
        [  -inf,   -inf,   -inf, 2.6828, 3.1874, 3.4453, 3.5668, 3.6163, 3.6359,
         3.6415, 3.6437, 3.6442, 3.6442, 3.6442, 3.6442, 3.6442, 3.6442],
        [  -inf,   -inf,   -inf, 2.6829, 3.1881, 3.4464, 3.5682, 3.6178, 3.6375,
         3.6431, 3.6453, 3.6458, 3.6458, 3.6458, 3.6458, 3.6458, 3.6458],
        [  -inf,   -inf,   -inf, 2.6831, 3.1888, 3.4475, 3.5696, 3.6193, 3.6391,
         3.6447, 3.6469, 3.6474, 3.6474, 3.6474, 3.6474, 3.6474, 3.6474],
        [  -inf,   -inf,   -inf, 2.6832, 3.1895, 3.4486, 3.5710, 3.6209, 3.6407,
         3.6463, 3.6485, 3.6490, 3.6490, 3.6490, 3.6490, 3.6490, 3.6490],
        [  -inf,   -inf,   -inf, 2.6834, 3.1903, 3.4497, 3.5724, 3.6224, 3.6422,
         3.6478, 3.6501, 3.6506, 3.6506, 3.6506, 3.6506, 3.6506, 3.6506],
        [  -inf,   -inf,   -inf, 2.6835, 3.1910, 3.4509, 3.5738, 3.6239, 3.6438,
         3.6494, 3.6517, 3.6522, 3.6522, 3.6522, 3.6522, 3.6522, 3.6522],
        [  -inf,   -inf,   -inf, 2.6836, 3.1917, 3.4520, 3.5752, 3.6255, 3.6453,
         3.6509, 3.6532, 3.6537, 3.6537, 3.6537, 3.6537, 3.6537, 3.6537],
        [  -inf,   -inf,   -inf, 2.6838, 3.1924, 3.4530, 3.5765, 3.6270, 3.6469,
         3.6525, 3.6548, 3.6553, 3.6553, 3.6553, 3.6553, 3.6553, 3.6553],
        [  -inf,   -inf,   -inf, 2.6839, 3.1931, 3.4541, 3.5779, 3.6285, 3.6484,
         3.6540, 3.6563, 3.6568, 3.6568, 3.6568, 3.6568, 3.6568, 3.6568],
        [  -inf,   -inf,   -inf, 2.6841, 3.1938, 3.4552, 3.5793, 3.6301, 3.6499,
         3.6555, 3.6578, 3.6584, 3.6584, 3.6584, 3.6584, 3.6584, 3.6584],
        [  -inf,   -inf,   -inf, 2.6842, 3.1945, 3.4563, 3.5806, 3.6316, 3.6515,
         3.6571, 3.6594, 3.6599, 3.6599, 3.6599, 3.6599, 3.6599, 3.6599],
        [  -inf,   -inf,   -inf, 2.6843, 3.1952, 3.4573, 3.5820, 3.6331, 3.6530,
         3.6586, 3.6609, 3.6615, 3.6615, 3.6615, 3.6615, 3.6615, 3.6615],
        [  -inf,   -inf,   -inf, 2.6845, 3.1959, 3.4584, 3.5833, 3.6346, 3.6545,
         3.6601, 3.6625, 3.6630, 3.6630, 3.6630, 3.6630, 3.6630, 3.6630],
        [  -inf,   -inf,   -inf, 2.6846, 3.1966, 3.4595, 3.5846, 3.6361, 3.6561,
         3.6617, 3.6640, 3.6645, 3.6645, 3.6645, 3.6645, 3.6645, 3.6645],
        [  -inf,   -inf,   -inf, 2.6847, 3.1972, 3.4606, 3.5859, 3.6377, 3.6576,
         3.6632, 3.6655, 3.6661, 3.6661, 3.6661, 3.6661, 3.6661, 3.6661],
        [  -inf,   -inf,   -inf, 2.6849, 3.1979, 3.4616, 3.5871, 3.6392, 3.6591,
         3.6647, 3.6671, 3.6676, 3.6676, 3.6676, 3.6676, 3.6676, 3.6676],
        [  -inf,   -inf,   -inf, 2.6850, 3.1986, 3.4627, 3.5884, 3.6407, 3.6607,
         3.6663, 3.6686, 3.6691, 3.6691, 3.6691, 3.6691, 3.6691, 3.6691]])
tensor(0.0081) tensor(3.6691) (256, 11)
