tensor([[  -inf,   -inf,   -inf,   -inf,   -inf,   -inf,   -inf,   -inf,   -inf,
           -inf,   -inf],
        [  -inf, 1.0000, 1.0000, 1.0000, 1.0000, 1.0000, 1.0000, 1.0000, 1.0000,
         1.0000, 1.0000],
        [  -inf,   -inf, 1.6013, 1.6013, 1.6013, 1.6013, 1.6013, 1.6013, 1.6013,
         1.6013, 1.6013],
        [  -inf,   -inf, 1.7057, 1.9629, 1.9629, 1.9629, 1.9629, 1.9629, 1.9629,
         1.9629, 1.9629],
        [  -inf,   -inf, 1.7528, 2.0673, 2.1803, 2.1803, 2.1803, 2.1803, 2.1803,
         2.1803, 2.1803],
        [  -inf,   -inf, 1.7762, 2.1300, 2.2847, 2.3110, 2.3110, 2.3110, 2.3110,
         2.3110, 2.3110],
        [  -inf,   -inf, 1.7932, 2.1928, 2.3474, 2.4154, 2.4154, 2.4154, 2.4154,
         2.4154, 2.4154],
        [  -inf,   -inf, 1.8060, 2.2399, 2.4102, 2.4782, 2.4940, 2.4940, 2.4940,
         2.4940, 2.4940],
        [  -inf,   -inf, 1.8167, 2.2682, 2.4573, 2.5409, 2.5568, 2.5568, 2.5568,
         2.5568, 2.5568],
        [  -inf,   -inf, 1.8250, 2.2966, 2.4951, 2.5880, 2.6196, 2.6196, 2.6196,
         2.6196, 2.6196],
        [  -inf,   -inf, 1.8315, 2.3200, 2.5328, 2.6258, 2.6667, 2.6668, 2.6668,
         2.6668, 2.6668],
        [  -inf,   -inf, 1.8377, 2.3370, 2.5706, 2.6635, 2.7044, 2.7139, 2.7139,
         2.7139, 2.7139],
        [  -inf,   -inf, 1.8427, 2.3510, 2.5989, 2.7013, 2.7421, 2.7517, 2.7517,
         2.7517, 2.7517],
        [  -inf,   -inf, 1.8468, 2.3651, 2.6272, 2.7296, 2.7799, 2.7894, 2.7894,
         2.7894, 2.7894],
        [  -inf,   -inf, 1.8506, 2.3779, 2.6506, 2.7579, 2.8082, 2.8272, 2.8272,
         2.8272, 2.8272],
        [  -inf,   -inf, 1.8540, 2.3888, 2.6676, 2.7813, 2.8365, 2.8555, 2.8556,
         2.8556, 2.8556],
        [  -inf,   -inf, 1.8571, 2.3995, 2.6847, 2.8040, 2.8599, 2.8838, 2.8839,
         2.8839, 2.8839],
        [  -inf,   -inf, 1.8596, 2.4097, 2.7017, 2.8267, 2.8826, 2.9072, 2.9122,
         2.9122, 2.9122],
        [  -inf,   -inf, 1.8623, 2.4199, 2.7187, 2.8494, 2.9053, 2.9299, 2.9356,
         2.9356, 2.9356],
        [  -inf,   -inf, 1.8650, 2.4282, 2.7328, 2.8721, 2.9280, 2.9526, 2.9583,
         2.9583, 2.9583],
        [  -inf,   -inf, 1.8672, 2.4359, 2.7468, 2.8891, 2.9507, 2.9753, 2.9810,
         2.9810, 2.9810],
        [  -inf,   -inf, 1.8698, 2.4436, 2.7596, 2.9062, 2.9678, 2.9980, 3.0037,
         3.0037, 3.0037],
        [  -inf,   -inf, 1.8722, 2.4501, 2.7705, 2.9232, 2.9848, 3.0150, 3.0264,
         3.0264, 3.0264],
        [  -inf,   -inf, 1.8742, 2.4566, 2.7812, 2.9402, 3.0018, 3.0321, 3.0434,
         3.0435, 3.0435],
        [  -inf,   -inf, 1.8763, 2.4630, 2.7915, 2.9543, 3.0188, 3.0491, 3.0605,
         3.0605, 3.0605],
        [  -inf,   -inf, 1.8779, 2.4692, 2.8017, 2.9683, 3.0329, 3.0661, 3.0775,
         3.0776, 3.0776],
        [  -inf,   -inf, 1.8794, 2.4742, 2.8101, 2.9811, 3.0470, 3.0802, 3.0945,
         3.0946, 3.0946],
        [  -inf,   -inf, 1.8810, 2.4792, 2.8186, 2.9920, 3.0606, 3.0942, 3.1086,
         3.1116, 3.1116],
        [  -inf,   -inf, 1.8820, 2.4842, 2.8271, 3.0027, 3.0743, 3.1079, 3.1226,
         3.1257, 3.1257],
        [  -inf,   -inf, 1.8827, 2.4891, 2.8354, 3.0130, 3.0879, 3.1215, 3.1363,
         3.1397, 3.1397],
        [  -inf,   -inf, 1.8849, 2.4940, 2.8431, 3.0232, 3.1015, 3.1352, 3.1499,
         3.1534, 3.1534],
        [  -inf,   -inf, 1.8857, 2.4981, 2.8508, 3.0335, 3.1152, 3.1488, 3.1636,
         3.1670, 3.1670],
        [  -inf,   -inf, 1.8871, 2.5020, 2.8573, 3.0437, 3.1280, 3.1625, 3.1772,
         3.1807, 3.1807],
        [  -inf,   -inf, 1.8882, 2.5059, 2.8639, 3.0539, 3.1389, 3.1753, 3.1909,
         3.1943, 3.1943],
        [  -inf,   -inf,   -inf, 2.5097, 2.8704, 3.0642, 3.1496, 3.1862, 3.2037,
         3.2080, 3.2080],
        [  -inf,   -inf,   -inf, 2.5135, 2.8769, 3.0726, 3.1598, 3.1969, 3.2146,
         3.2208, 3.2208],
        [  -inf,   -inf,   -inf, 2.5172, 2.8833, 3.0811, 3.1701, 3.2071, 3.2253,
         3.2317, 3.2317],
        [  -inf,   -inf,   -inf, 2.5206, 2.8898, 3.0895, 3.1803, 3.2173, 3.2355,
         3.2424, 3.2424],
        [  -inf,   -inf,   -inf, 2.5237, 2.8960, 3.0978, 3.1906, 3.2276, 3.2458,
         3.2526, 3.2526],
        [  -inf,   -inf,   -inf, 2.5267, 2.9021, 3.1055, 3.2008, 3.2378, 3.2560,
         3.2629, 3.2629],
        [  -inf,   -inf,   -inf, 2.5297, 2.9083, 3.1132, 3.2110, 3.2480, 3.2662,
         3.2731, 3.2731],
        [  -inf,   -inf,   -inf, 2.5322, 2.9144, 3.1198, 3.2195, 3.2583, 3.2765,
         3.2833, 3.2834],
        [  -inf,   -inf,   -inf, 2.5349, 2.9194, 3.1263, 3.2279, 3.2667, 3.2867,
         3.2936, 3.2936],
        [  -inf,   -inf,   -inf, 2.5376, 2.9244, 3.1329, 3.2364, 3.2752, 3.2951,
         3.3038, 3.3038],
        [  -inf,   -inf,   -inf, 2.5401, 2.9294, 3.1394, 3.2447, 3.2836, 3.3036,
         3.3122, 3.3141],
        [  -inf,   -inf,   -inf, 2.5425, 2.9343, 3.1458, 3.2524, 3.2919, 3.3121,
         3.3207, 3.3225],
        [  -inf,   -inf,   -inf, 2.5450, 2.9392, 3.1523, 3.2601, 3.3002, 3.3204,
         3.3292, 3.3310],
        [  -inf,   -inf,   -inf, 2.5474, 2.9439, 3.1585, 3.2666, 3.3084, 3.3286,
         3.3375, 3.3394],
        [  -inf,   -inf,   -inf, 2.5498, 2.9485, 3.1646, 3.2732, 3.3166, 3.3368,
         3.3457, 3.3477],
        [  -inf,   -inf,   -inf, 2.5522, 2.9531, 3.1707, 3.2797, 3.3248, 3.3450,
         3.3539, 3.3559],
        [  -inf,   -inf,   -inf, 2.5546, 2.9572, 3.1769, 3.2862, 3.3330, 3.3532,
         3.3621, 3.3641],
        [  -inf,   -inf,   -inf, 2.5569, 2.9611, 3.1820, 3.2927, 3.3412, 3.3614,
         3.3703, 3.3724],
        [  -inf,   -inf,   -inf, 2.5592, 2.9650, 3.1871, 3.2991, 3.3489, 3.3696,
         3.3785, 3.3806],
        [  -inf,   -inf,   -inf, 2.5614, 2.9689, 3.1922, 3.3053, 3.3566, 3.3773,
         3.3867, 3.3888],
        [  -inf,   -inf,   -inf, 2.5635, 2.9728, 3.1972, 3.3115, 3.3631, 3.3850,
         3.3944, 3.3970],
        [  -inf,   -inf,   -inf, 2.5655, 2.9766, 3.2022, 3.3176, 3.3697, 3.3916,
         3.4021, 3.4047],
        [  -inf,   -inf,   -inf, 2.5676, 2.9804, 3.2072, 3.3238, 3.3762, 3.3981,
         3.4086, 3.4124],
        [  -inf,   -inf,   -inf, 2.5696, 2.9842, 3.2122, 3.3299, 3.3827, 3.4047,
         3.4152, 3.4189],
        [  -inf,   -inf,   -inf, 2.5715, 2.9879, 3.2171, 3.3361, 3.3892, 3.4112,
         3.4217, 3.4255],
        [  -inf,   -inf,   -inf, 2.5733, 2.9913, 3.2221, 3.3422, 3.3956, 3.4176,
         3.4282, 3.4320],
        [  -inf,   -inf,   -inf, 2.5751, 2.9944, 3.2267, 3.3484, 3.4018, 3.4240,
         3.4347, 3.4385],
        [  -inf,   -inf,   -inf, 2.5769, 2.9974, 3.2313, 3.3545, 3.4080, 3.4302,
         3.4411, 3.4450],
        [  -inf,   -inf,   -inf, 2.5785, 3.0004, 3.2359, 3.3596, 3.4141, 3.4364,
         3.4473, 3.4514],
        [  -inf,   -inf,   -inf, 2.5801, 3.0034, 3.2400, 3.3647, 3.4203, 3.4425,
         3.4535, 3.4576],
        [  -inf,   -inf,   -inf, 2.5817, 3.0064, 3.2440, 3.3698, 3.4264, 3.4487,
         3.4596, 3.4638],
        [  -inf,   -inf,   -inf, 2.5833, 3.0094, 3.2479, 3.3749, 3.4326, 3.4549,
         3.4658, 3.4699],
        [  -inf,   -inf,   -inf, 2.5849, 3.0124, 3.2519, 3.3799, 3.4387, 3.4610,
         3.4719, 3.4761],
        [  -inf,   -inf,   -inf, 2.5865, 3.0153, 3.2558, 3.3849, 3.4449, 3.4672,
         3.4781, 3.4822],
        [  -inf,   -inf,   -inf, 2.5880, 3.0183, 3.2597, 3.3899, 3.4510, 3.4733,
         3.4842, 3.4884],
        [  -inf,   -inf,   -inf, 2.5896, 3.0212, 3.2637, 3.3948, 3.4561, 3.4795,
         3.4904, 3.4945],
        [  -inf,   -inf,   -inf, 2.5911, 3.0242, 3.2676, 3.3997, 3.4612, 3.4845,
         3.4965, 3.5007],
        [  -inf,   -inf,   -inf, 2.5926, 3.0272, 3.2715, 3.4043, 3.4663, 3.4896,
         3.5016, 3.5068],
        [  -inf,   -inf,   -inf, 2.5941, 3.0297, 3.2754, 3.4089, 3.4714, 3.4947,
         3.5067, 3.5119],
        [  -inf,   -inf,   -inf, 2.5955, 3.0324, 3.2792, 3.4136, 3.4764, 3.4998,
         3.5118, 3.5170],
        [  -inf,   -inf,   -inf, 2.5970, 3.0351, 3.2831, 3.4177, 3.4814, 3.5048,
         3.5169, 3.5221],
        [  -inf,   -inf,   -inf, 2.5984, 3.0375, 3.2869, 3.4216, 3.4864, 3.5098,
         3.5219, 3.5272],
        [  -inf,   -inf,   -inf, 2.5997, 3.0400, 3.2906, 3.4256, 3.4913, 3.5148,
         3.5269, 3.5322],
        [  -inf,   -inf,   -inf, 2.6011, 3.0424, 3.2944, 3.4295, 3.4962, 3.5197,
         3.5319, 3.5372],
        [  -inf,   -inf,   -inf, 2.6024, 3.0449, 3.2981, 3.4334, 3.5008, 3.5247,
         3.5368, 3.5421],
        [  -inf,   -inf,   -inf, 2.6037, 3.0472, 3.3018, 3.4374, 3.5055, 3.5296,
         3.5417, 3.5471],
        [  -inf,   -inf,   -inf, 2.6050, 3.0497, 3.3055, 3.4413, 3.5101, 3.5345,
         3.5467, 3.5520],
        [  -inf,   -inf,   -inf, 2.6063, 3.0521, 3.3092, 3.4452, 3.5142, 3.5395,
         3.5516, 3.5570],
        [  -inf,   -inf,   -inf, 2.6076, 3.0544, 3.3126, 3.4491, 3.5181, 3.5444,
         3.5565, 3.5619],
        [  -inf,   -inf,   -inf, 2.6089, 3.0568, 3.3157, 3.4530, 3.5221, 3.5493,
         3.5615, 3.5668],
        [  -inf,   -inf,   -inf, 2.6101, 3.0591, 3.3187, 3.4569, 3.5260, 3.5542,
         3.5664, 3.5718],
        [  -inf,   -inf,   -inf, 2.6114, 3.0614, 3.3217, 3.4607, 3.5299, 3.5592,
         3.5713, 3.5767],
        [  -inf,   -inf,   -inf, 2.6126, 3.0637, 3.3247, 3.4645, 3.5339, 3.5638,
         3.5763, 3.5816],
        [  -inf,   -inf,   -inf, 2.6137, 3.0659, 3.3277, 3.4683, 3.5378, 3.5684,
         3.5809, 3.5865],
        [  -inf,   -inf,   -inf, 2.6148, 3.0682, 3.3307, 3.4720, 3.5417, 3.5730,
         3.5855, 3.5912],
        [  -inf,   -inf,   -inf, 2.6159, 3.0704, 3.3336, 3.4757, 3.5456, 3.5771,
         3.5901, 3.5958],
        [  -inf,   -inf,   -inf, 2.6170, 3.0726, 3.3366, 3.4794, 3.5495, 3.5811,
         3.5942, 3.6004],
        [  -inf,   -inf,   -inf, 2.6181, 3.0747, 3.3395, 3.4831, 3.5534, 3.5850,
         3.5982, 3.6045],
        [  -inf,   -inf,   -inf, 2.6192, 3.0767, 3.3425, 3.4868, 3.5572, 3.5890,
         3.6021, 3.6085],
        [  -inf,   -inf,   -inf, 2.6203, 3.0788, 3.3455, 3.4902, 3.5610, 3.5929,
         3.6061, 3.6124],
        [  -inf,   -inf,   -inf, 2.6213, 3.0808, 3.3484, 3.4933, 3.5648, 3.5968,
         3.6100, 3.6163],
        [  -inf,   -inf,   -inf, 2.6222, 3.0827, 3.3512, 3.4963, 3.5685, 3.6008,
         3.6139, 3.6203],
        [  -inf,   -inf,   -inf, 2.6232, 3.0846, 3.3540, 3.4994, 3.5722, 3.6047,
         3.6179, 3.6242],
        [  -inf,   -inf,   -inf, 2.6241, 3.0864, 3.3568, 3.5025, 3.5759, 3.6086,
         3.6218, 3.6282],
        [  -inf,   -inf,   -inf, 2.6250, 3.0882, 3.3595, 3.5055, 3.5796, 3.6125,
         3.6257, 3.6321],
        [  -inf,   -inf,   -inf, 2.6260, 3.0900, 3.3620, 3.5086, 3.5833, 3.6163,
         3.6296, 3.6360],
        [  -inf,   -inf,   -inf, 2.6268, 3.0918, 3.3647, 3.5116, 3.5870, 3.6202,
         3.6334, 3.6398],
        [  -inf,   -inf,   -inf, 2.6277, 3.0935, 3.3674, 3.5146, 3.5907, 3.6240,
         3.6373, 3.6437],
        [  -inf,   -inf,   -inf, 2.6285, 3.0951, 3.3699, 3.5176, 3.5944, 3.6277,
         3.6411, 3.6476],
        [  -inf,   -inf,   -inf, 2.6293, 3.0968, 3.3724, 3.5206, 3.5981, 3.6315,
         3.6448, 3.6514],
        [  -inf,   -inf,   -inf, 2.6301, 3.0984, 3.3748, 3.5236, 3.6018, 3.6352,
         3.6486, 3.6551],
        [  -inf,   -inf,   -inf, 2.6309, 3.0999, 3.3773, 3.5266, 3.6055, 3.6389,
         3.6523, 3.6588],
        [  -inf,   -inf,   -inf, 2.6317, 3.1015, 3.3796, 3.5295, 3.6089, 3.6426,
         3.6560, 3.6625],
        [  -inf,   -inf,   -inf, 2.6325, 3.1031, 3.3821, 3.5325, 3.6120, 3.6463,
         3.6597, 3.6662],
        [  -inf,   -inf,   -inf, 2.6332, 3.1047, 3.3845, 3.5354, 3.6151, 3.6500,
         3.6634, 3.6699],
        [  -inf,   -inf,   -inf, 2.6338, 3.1062, 3.3868, 3.5384, 3.6181, 3.6537,
         3.6671, 3.6736],
        [  -inf,   -inf,   -inf, 2.6345, 3.1078, 3.3892, 3.5413, 3.6212, 3.6574,
         3.6708, 3.6773],
        [  -inf,   -inf,   -inf, 2.6352, 3.1093, 3.3915, 3.5441, 3.6242, 3.6611,
         3.6745, 3.6810],
        [  -inf,   -inf,   -inf, 2.6358, 3.1108, 3.3938, 3.5469, 3.6273, 3.6648,
         3.6782, 3.6847],
        [  -inf,   -inf,   -inf, 2.6365, 3.1123, 3.3962, 3.5497, 3.6303, 3.6685,
         3.6819, 3.6884],
        [  -inf,   -inf,   -inf, 2.6371, 3.1137, 3.3985, 3.5525, 3.6333, 3.6719,
         3.6856, 3.6921],
        [  -inf,   -inf,   -inf, 2.6378, 3.1152, 3.4008, 3.5550, 3.6363, 3.6750,
         3.6890, 3.6958],
        [  -inf,   -inf,   -inf, 2.6384, 3.1167, 3.4031, 3.5577, 3.6393, 3.6780,
         3.6921, 3.6992],
        [  -inf,   -inf,   -inf, 2.6390, 3.1181, 3.4054, 3.5604, 3.6423, 3.6811,
         3.6951, 3.7023],
        [  -inf,   -inf,   -inf, 2.6396, 3.1196, 3.4076, 3.5628, 3.6453, 3.6841,
         3.6982, 3.7054],
        [  -inf,   -inf,   -inf, 2.6401, 3.1211, 3.4099, 3.5653, 3.6482, 3.6872,
         3.7012, 3.7084],
        [  -inf,   -inf,   -inf, 2.6406, 3.1226, 3.4121, 3.5677, 3.6512, 3.6903,
         3.7043, 3.7115],
        [  -inf,   -inf,   -inf, 2.6412, 3.1240, 3.4143, 3.5702, 3.6541, 3.6933,
         3.7074, 3.7146],
        [  -inf,   -inf,   -inf, 2.6417, 3.1254, 3.4164, 3.5726, 3.6571, 3.6963,
         3.7104, 3.7176],
        [  -inf,   -inf,   -inf, 2.6422, 3.1269, 3.4184, 3.5750, 3.6601, 3.6993,
         3.7134, 3.7206],
        [  -inf,   -inf,   -inf, 2.6427, 3.1283, 3.4205, 3.5774, 3.6628, 3.7023,
         3.7164, 3.7236],
        [  -inf,   -inf,   -inf, 2.6431, 3.1297, 3.4225, 3.5798, 3.6656, 3.7053,
         3.7194, 3.7266],
        [  -inf,   -inf,   -inf, 2.6435, 3.1311, 3.4244, 3.5821, 3.6684, 3.7082,
         3.7224, 3.7296],
        [  -inf,   -inf,   -inf, 2.6439, 3.1324, 3.4262, 3.5845, 3.6712, 3.7112,
         3.7253, 3.7326],
        [  -inf,   -inf,   -inf, 2.6443, 3.1338, 3.4281, 3.5869, 3.6737, 3.7141,
         3.7283, 3.7356]])
tensor(0.0148) tensor(2.6358) (64, 8)
