tensor([[  -inf,   -inf,   -inf,   -inf,   -inf,   -inf,   -inf,   -inf,   -inf,
           -inf,   -inf],
        [  -inf, 1.0000, 1.0000, 1.0000, 1.0000, 1.0000, 1.0000, 1.0000, 1.0000,
         1.0000, 1.0000],
        [  -inf,   -inf, 1.6206, 1.6206, 1.6206, 1.6206, 1.6206, 1.6206, 1.6206,
         1.6206, 1.6206],
        [  -inf,   -inf, 1.7199, 2.0057, 2.0057, 2.0057, 2.0057, 2.0057, 2.0057,
         2.0057, 2.0057],
        [  -inf,   -inf, 1.7646, 2.1050, 2.2448, 2.2448, 2.2448, 2.2448, 2.2448,
         2.2448, 2.2448],
        [  -inf,   -inf, 1.7923, 2.1667, 2.3441, 2.3931, 2.3931, 2.3931, 2.3931,
         2.3931, 2.3931],
        [  -inf,   -inf, 1.8115, 2.2283, 2.4057, 2.4924, 2.4924, 2.4924, 2.4924,
         2.4924, 2.4924],
        [  -inf,   -inf, 1.8257, 2.2730, 2.4673, 2.5540, 2.5845, 2.5845, 2.5845,
         2.5845, 2.5845],
        [  -inf,   -inf, 1.8361, 2.3007, 2.5120, 2.6157, 2.6461, 2.6461, 2.6461,
         2.6461, 2.6461],
        [  -inf,   -inf, 1.8444, 2.3285, 2.5503, 2.6604, 2.7077, 2.7077, 2.7077,
         2.7077, 2.7077],
        [  -inf,   -inf, 1.8512, 2.3562, 2.5885, 2.6986, 2.7524, 2.7648, 2.7648,
         2.7648, 2.7648],
        [  -inf,   -inf, 1.8573, 2.3754, 2.6268, 2.7368, 2.7907, 2.8095, 2.8095,
         2.8095, 2.8095],
        [  -inf,   -inf, 1.8624, 2.3926, 2.6545, 2.7751, 2.8289, 2.8478, 2.8478,
         2.8478, 2.8478],
        [  -inf,   -inf, 1.8679, 2.4098, 2.6822, 2.8028, 2.8671, 2.8860, 2.8860,
         2.8860, 2.8860],
        [  -inf,   -inf, 1.8715, 2.4240, 2.7099, 2.8306, 2.8949, 2.9243, 2.9243,
         2.9243, 2.9243],
        [  -inf,   -inf, 1.8745, 2.4359, 2.7291, 2.8583, 2.9226, 2.9520, 2.9597,
         2.9597, 2.9597],
        [  -inf,   -inf, 1.8776, 2.4478, 2.7463, 2.8820, 2.9503, 2.9798, 2.9875,
         2.9875, 2.9875],
        [  -inf,   -inf, 1.8804, 2.4582, 2.7636, 2.9057, 2.9741, 3.0075, 3.0152,
         3.0152, 3.0152],
        [  -inf,   -inf, 1.8832, 2.4681, 2.7808, 2.9295, 2.9978, 3.0312, 3.0429,
         3.0429, 3.0429],
        [  -inf,   -inf, 1.8858, 2.4769, 2.7980, 2.9532, 3.0215, 3.0549, 3.0666,
         3.0666, 3.0666],
        [  -inf,   -inf, 1.8883, 2.4857, 2.8152, 2.9724, 3.0453, 3.0787, 3.0904,
         3.0904, 3.0904],
        [  -inf,   -inf, 1.8904, 2.4940, 2.8294, 2.9896, 3.0645, 3.1024, 3.1141,
         3.1141, 3.1141],
        [  -inf,   -inf, 1.8929, 2.5008, 2.8413, 3.0068, 3.0817, 3.1216, 3.1379,
         3.1379, 3.1379],
        [  -inf,   -inf, 1.8943, 2.5072, 2.8532, 3.0241, 3.0989, 3.1388, 3.1571,
         3.1599, 3.1599],
        [  -inf,   -inf, 1.8959, 2.5137, 2.8639, 3.0412, 3.1161, 3.1560, 3.1743,
         3.1791, 3.1791],
        [  -inf,   -inf, 1.8981, 2.5198, 2.8745, 3.0584, 3.1333, 3.1732, 3.1915,
         3.1963, 3.1963],
        [  -inf,   -inf, 1.8992, 2.5249, 2.8852, 3.0726, 3.1505, 3.1904, 3.2087,
         3.2135, 3.2135],
        [  -inf,   -inf, 1.9007, 2.5304, 2.8956, 3.0846, 3.1652, 3.2076, 3.2259,
         3.2307, 3.2307],
        [  -inf,   -inf, 1.9019, 2.5355, 2.9055, 3.0965, 3.1800, 3.2224, 3.2431,
         3.2479, 3.2479],
        [  -inf,   -inf, 1.9034, 2.5407, 2.9143, 3.1072, 3.1947, 3.2371, 3.2578,
         3.2651, 3.2651],
        [  -inf,   -inf, 1.9051, 2.5451, 2.9231, 3.1178, 3.2094, 3.2518, 3.2725,
         3.2798, 3.2798],
        [  -inf,   -inf, 1.9064, 2.5496, 2.9314, 3.1285, 3.2241, 3.2665, 3.2873,
         3.2945, 3.2945],
        [  -inf,   -inf, 1.9078, 2.5538, 2.9388, 3.1392, 3.2383, 3.2813, 3.3020,
         3.3093, 3.3093],
        [  -inf,   -inf, 1.9092, 2.5580, 2.9462, 3.1499, 3.2503, 3.2955, 3.3167,
         3.3240, 3.3240],
        [  -inf,   -inf,   -inf, 2.5618, 2.9536, 3.1605, 3.2622, 3.3074, 3.3309,
         3.3387, 3.3387],
        [  -inf,   -inf,   -inf, 2.5656, 2.9604, 3.1712, 3.2729, 3.3193, 3.3428,
         3.3529, 3.3529],
        [  -inf,   -inf,   -inf, 2.5692, 2.9668, 3.1816, 3.2835, 3.3300, 3.3548,
         3.3648, 3.3666],
        [  -inf,   -inf,   -inf, 2.5726, 2.9733, 3.1915, 3.2942, 3.3407, 3.3654,
         3.3768, 3.3785],
        [  -inf,   -inf,   -inf, 2.5758, 2.9794, 3.2003, 3.3049, 3.3514, 3.3761,
         3.3874, 3.3904],
        [  -inf,   -inf,   -inf, 2.5792, 2.9855, 3.2091, 3.3156, 3.3620, 3.3868,
         3.3981, 3.4011],
        [  -inf,   -inf,   -inf, 2.5823, 2.9916, 3.2174, 3.3262, 3.3727, 3.3975,
         3.4088, 3.4118],
        [  -inf,   -inf,   -inf, 2.5853, 2.9977, 3.2248, 3.3369, 3.3834, 3.4082,
         3.4195, 3.4225],
        [  -inf,   -inf,   -inf, 2.5884, 3.0032, 3.2322, 3.3473, 3.3940, 3.4188,
         3.4302, 3.4332],
        [  -inf,   -inf,   -inf, 2.5912, 3.0087, 3.2396, 3.3572, 3.4044, 3.4295,
         3.4408, 3.4438],
        [  -inf,   -inf,   -inf, 2.5940, 3.0141, 3.2464, 3.3660, 3.4143, 3.4399,
         3.4515, 3.4545],
        [  -inf,   -inf,   -inf, 2.5968, 3.0193, 3.2530, 3.3748, 3.4234, 3.4498,
         3.4619, 3.4652],
        [  -inf,   -inf,   -inf, 2.5995, 3.0247, 3.2596, 3.3831, 3.4326, 3.4589,
         3.4718, 3.4756],
        [  -inf,   -inf,   -inf, 2.6021, 3.0299, 3.2662, 3.3905, 3.4417, 3.4680,
         3.4809, 3.4854],
        [  -inf,   -inf,   -inf, 2.6046, 3.0350, 3.2729, 3.3979, 3.4509, 3.4772,
         3.4900, 3.4946],
        [  -inf,   -inf,   -inf, 2.6069, 3.0395, 3.2793, 3.4053, 3.4600, 3.4863,
         3.4992, 3.5037],
        [  -inf,   -inf,   -inf, 2.6092, 3.0439, 3.2858, 3.4121, 3.4692, 3.4955,
         3.5083, 3.5128],
        [  -inf,   -inf,   -inf, 2.6115, 3.0481, 3.2919, 3.4187, 3.4780, 3.5046,
         3.5175, 3.5220],
        [  -inf,   -inf,   -inf, 2.6137, 3.0524, 3.2980, 3.4253, 3.4868, 3.5134,
         3.5266, 3.5311],
        [  -inf,   -inf,   -inf, 2.6157, 3.0564, 3.3041, 3.4320, 3.4951, 3.5222,
         3.5354, 3.5403],
        [  -inf,   -inf,   -inf, 2.6176, 3.0604, 3.3102, 3.4386, 3.5025, 3.5305,
         3.5442, 3.5491],
        [  -inf,   -inf,   -inf, 2.6195, 3.0644, 3.3157, 3.4452, 3.5099, 3.5379,
         3.5525, 3.5579],
        [  -inf,   -inf,   -inf, 2.6214, 3.0682, 3.3212, 3.4519, 3.5173, 3.5453,
         3.5599, 3.5662],
        [  -inf,   -inf,   -inf, 2.6233, 3.0719, 3.3266, 3.4585, 3.5241, 3.5527,
         3.5673, 3.5736],
        [  -inf,   -inf,   -inf, 2.6252, 3.0755, 3.3318, 3.4651, 3.5307, 3.5595,
         3.5747, 3.5810],
        [  -inf,   -inf,   -inf, 2.6271, 3.0790, 3.3372, 3.4717, 3.5373, 3.5662,
         3.5815, 3.5884],
        [  -inf,   -inf,   -inf, 2.6288, 3.0822, 3.3424, 3.4782, 3.5440, 3.5728,
         3.5882, 3.5952],
        [  -inf,   -inf,   -inf, 2.6306, 3.0855, 3.3475, 3.4846, 3.5506, 3.5794,
         3.5948, 3.6018],
        [  -inf,   -inf,   -inf, 2.6323, 3.0887, 3.3521, 3.4908, 3.5572, 3.5860,
         3.6014, 3.6084],
        [  -inf,   -inf,   -inf, 2.6340, 3.0919, 3.3567, 3.4969, 3.5638, 3.5927,
         3.6080, 3.6151],
        [  -inf,   -inf,   -inf, 2.6358, 3.0951, 3.3613, 3.5030, 3.5705, 3.5993,
         3.6147, 3.6217],
        [  -inf,   -inf,   -inf, 2.6375, 3.0983, 3.3659, 3.5091, 3.5771, 3.6059,
         3.6213, 3.6283],
        [  -inf,   -inf,   -inf, 2.6392, 3.1013, 3.3703, 3.5146, 3.5837, 3.6125,
         3.6279, 3.6350],
        [  -inf,   -inf,   -inf, 2.6408, 3.1044, 3.3748, 3.5200, 3.5902, 3.6192,
         3.6345, 3.6416],
        [  -inf,   -inf,   -inf, 2.6425, 3.1072, 3.3790, 3.5255, 3.5966, 3.6256,
         3.6412, 3.6482],
        [  -inf,   -inf,   -inf, 2.6440, 3.1100, 3.3832, 3.5306, 3.6027, 3.6321,
         3.6476, 3.6548],
        [  -inf,   -inf,   -inf, 2.6456, 3.1128, 3.3872, 3.5361, 3.6088, 3.6382,
         3.6541, 3.6613],
        [  -inf,   -inf,   -inf, 2.6471, 3.1155, 3.3912, 3.5412, 3.6150, 3.6443,
         3.6602, 3.6677],
        [  -inf,   -inf,   -inf, 2.6485, 3.1183, 3.3952, 3.5464, 3.6211, 3.6504,
         3.6663, 3.6738],
        [  -inf,   -inf,   -inf, 2.6500, 3.1210, 3.3990, 3.5510, 3.6265, 3.6565,
         3.6724, 3.6800],
        [  -inf,   -inf,   -inf, 2.6514, 3.1238, 3.4028, 3.5556, 3.6320, 3.6622,
         3.6785, 3.6861],
        [  -inf,   -inf,   -inf, 2.6528, 3.1265, 3.4066, 3.5602, 3.6375, 3.6679,
         3.6842, 3.6922],
        [  -inf,   -inf,   -inf, 2.6542, 3.1293, 3.4104, 3.5648, 3.6426, 3.6735,
         3.6899, 3.6979],
        [  -inf,   -inf,   -inf, 2.6555, 3.1320, 3.4142, 3.5692, 3.6481, 3.6792,
         3.6955, 3.7035],
        [  -inf,   -inf,   -inf, 2.6570, 3.1346, 3.4180, 3.5736, 3.6532, 3.6849,
         3.7012, 3.7092],
        [  -inf,   -inf,   -inf, 2.6584, 3.1373, 3.4218, 3.5779, 3.6584, 3.6906,
         3.7069, 3.7149],
        [  -inf,   -inf,   -inf, 2.6598, 3.1399, 3.4256, 3.5821, 3.6630, 3.6962,
         3.7126, 3.7205],
        [  -inf,   -inf,   -inf, 2.6612, 3.1425, 3.4292, 3.5862, 3.6676, 3.7017,
         3.7182, 3.7262],
        [  -inf,   -inf,   -inf, 2.6625, 3.1450, 3.4326, 3.5903, 3.6721, 3.7072,
         3.7237, 3.7319],
        [  -inf,   -inf,   -inf, 2.6639, 3.1473, 3.4360, 3.5944, 3.6767, 3.7126,
         3.7292, 3.7374],
        [  -inf,   -inf,   -inf, 2.6653, 3.1497, 3.4394, 3.5985, 3.6812, 3.7178,
         3.7346, 3.7428],
        [  -inf,   -inf,   -inf, 2.6666, 3.1520, 3.4428, 3.6026, 3.6856, 3.7232,
         3.7398, 3.7483],
        [  -inf,   -inf,   -inf, 2.6678, 3.1543, 3.4462, 3.6066, 3.6898, 3.7284,
         3.7452, 3.7535],
        [  -inf,   -inf,   -inf, 2.6690, 3.1566, 3.4494, 3.6106, 3.6941, 3.7335,
         3.7504, 3.7589],
        [  -inf,   -inf,   -inf, 2.6701, 3.1589, 3.4528, 3.6146, 3.6982, 3.7381,
         3.7555, 3.7641],
        [  -inf,   -inf,   -inf, 2.6711, 3.1611, 3.4560, 3.6184, 3.7023, 3.7427,
         3.7601, 3.7692],
        [  -inf,   -inf,   -inf, 2.6723, 3.1632, 3.4591, 3.6222, 3.7064, 3.7473,
         3.7647, 3.7738],
        [  -inf,   -inf,   -inf, 2.6733, 3.1653, 3.4623, 3.6260, 3.7105, 3.7519,
         3.7693, 3.7784],
        [  -inf,   -inf,   -inf, 2.6743, 3.1673, 3.4655, 3.6298, 3.7146, 3.7563,
         3.7739, 3.7830],
        [  -inf,   -inf,   -inf, 2.6754, 3.1694, 3.4685, 3.6336, 3.7187, 3.7608,
         3.7783, 3.7876],
        [  -inf,   -inf,   -inf, 2.6764, 3.1714, 3.4716, 3.6374, 3.7229, 3.7650,
         3.7828, 3.7920],
        [  -inf,   -inf,   -inf, 2.6773, 3.1734, 3.4744, 3.6412, 3.7270, 3.7692,
         3.7870, 3.7964],
        [  -inf,   -inf,   -inf, 2.6782, 3.1753, 3.4772, 3.6450, 3.7311, 3.7733,
         3.7912, 3.8007],
        [  -inf,   -inf,   -inf, 2.6791, 3.1773, 3.4800, 3.6486, 3.7352, 3.7774,
         3.7953, 3.8049],
        [  -inf,   -inf,   -inf, 2.6800, 3.1792, 3.4827, 3.6520, 3.7393, 3.7816,
         3.7995, 3.8090],
        [  -inf,   -inf,   -inf, 2.6808, 3.1811, 3.4855, 3.6554, 3.7433, 3.7857,
         3.8036, 3.8131],
        [  -inf,   -inf,   -inf, 2.6817, 3.1830, 3.4882, 3.6588, 3.7473, 3.7898,
         3.8077, 3.8172],
        [  -inf,   -inf,   -inf, 2.6826, 3.1849, 3.4910, 3.6622, 3.7513, 3.7939,
         3.8118, 3.8213],
        [  -inf,   -inf,   -inf, 2.6835, 3.1867, 3.4937, 3.6656, 3.7551, 3.7980,
         3.8159, 3.8255],
        [  -inf,   -inf,   -inf, 2.6843, 3.1885, 3.4965, 3.6688, 3.7589, 3.8021,
         3.8200, 3.8296],
        [  -inf,   -inf,   -inf, 2.6852, 3.1902, 3.4992, 3.6722, 3.7627, 3.8062,
         3.8241, 3.8337],
        [  -inf,   -inf,   -inf, 2.6860, 3.1919, 3.5019, 3.6754, 3.7665, 3.8103,
         3.8282, 3.8378],
        [  -inf,   -inf,   -inf, 2.6869, 3.1937, 3.5045, 3.6786, 3.7703, 3.8145,
         3.8323, 3.8419],
        [  -inf,   -inf,   -inf, 2.6877, 3.1954, 3.5071, 3.6817, 3.7741, 3.8185,
         3.8365, 3.8460],
        [  -inf,   -inf,   -inf, 2.6886, 3.1971, 3.5097, 3.6849, 3.7779, 3.8225,
         3.8405, 3.8501],
        [  -inf,   -inf,   -inf, 2.6894, 3.1989, 3.5122, 3.6879, 3.7817, 3.8265,
         3.8445, 3.8541],
        [  -inf,   -inf,   -inf, 2.6903, 3.2006, 3.5147, 3.6910, 3.7853, 3.8303,
         3.8485, 3.8581],
        [  -inf,   -inf,   -inf, 2.6911, 3.2023, 3.5172, 3.6939, 3.7887, 3.8341,
         3.8523, 3.8621],
        [  -inf,   -inf,   -inf, 2.6919, 3.2040, 3.5197, 3.6967, 3.7921, 3.8379,
         3.8561, 3.8659],
        [  -inf,   -inf,   -inf, 2.6927, 3.2057, 3.5221, 3.6996, 3.7955, 3.8417,
         3.8599, 3.8697],
        [  -inf,   -inf,   -inf, 2.6934, 3.2074, 3.5245, 3.7024, 3.7989, 3.8455,
         3.8637, 3.8735],
        [  -inf,   -inf,   -inf, 2.6941, 3.2091, 3.5268, 3.7053, 3.8022, 3.8493,
         3.8675, 3.8773],
        [  -inf,   -inf,   -inf, 2.6948, 3.2107, 3.5292, 3.7081, 3.8054, 3.8530,
         3.8713, 3.8811],
        [  -inf,   -inf,   -inf, 2.6954, 3.2123, 3.5314, 3.7109, 3.8088, 3.8568,
         3.8750, 3.8849],
        [  -inf,   -inf,   -inf, 2.6961, 3.2139, 3.5338, 3.7136, 3.8120, 3.8604,
         3.8788, 3.8887],
        [  -inf,   -inf,   -inf, 2.6967, 3.2155, 3.5360, 3.7164, 3.8152, 3.8638,
         3.8824, 3.8925],
        [  -inf,   -inf,   -inf, 2.6973, 3.2170, 3.5383, 3.7191, 3.8184, 3.8672,
         3.8860, 3.8961],
        [  -inf,   -inf,   -inf, 2.6979, 3.2184, 3.5404, 3.7219, 3.8216, 3.8706,
         3.8895, 3.8996],
        [  -inf,   -inf,   -inf, 2.6985, 3.2199, 3.5425, 3.7246, 3.8246, 3.8740,
         3.8930, 3.9031],
        [  -inf,   -inf,   -inf, 2.6990, 3.2213, 3.5445, 3.7274, 3.8277, 3.8774,
         3.8965, 3.9066],
        [  -inf,   -inf,   -inf, 2.6995, 3.2227, 3.5466, 3.7301, 3.8305, 3.8806,
         3.9000, 3.9102],
        [  -inf,   -inf,   -inf, 2.7001, 3.2241, 3.5486, 3.7329, 3.8334, 3.8840,
         3.9036, 3.9137],
        [  -inf,   -inf,   -inf, 2.7006, 3.2255, 3.5506, 3.7355, 3.8362, 3.8872,
         3.9071, 3.9172],
        [  -inf,   -inf,   -inf, 2.7011, 3.2269, 3.5525, 3.7381, 3.8391, 3.8904,
         3.9106, 3.9207],
        [  -inf,   -inf,   -inf, 2.7016, 3.2283, 3.5545, 3.7407, 3.8419, 3.8936,
         3.9140, 3.9243]])
tensor(0.0125) tensor(2.3892) (64, 5)
