tensor([[  -inf,   -inf,   -inf,   -inf,   -inf,   -inf,   -inf,   -inf,   -inf,
           -inf,   -inf],
        [  -inf, 1.0000, 1.0000, 1.0000, 1.0000, 1.0000, 1.0000, 1.0000, 1.0000,
         1.0000, 1.0000],
        [  -inf,   -inf, 1.6980, 1.6980, 1.6980, 1.6980, 1.6980, 1.6980, 1.6980,
         1.6980, 1.6980],
        [  -inf,   -inf, 1.7917, 2.1852, 2.1852, 2.1852, 2.1852, 2.1852, 2.1852,
         2.1852, 2.1852],
        [  -inf,   -inf, 1.8343, 2.2789, 2.5252, 2.5252, 2.5252, 2.5252, 2.5252,
         2.5252, 2.5252],
        [  -inf,   -inf, 1.8592, 2.3443, 2.6189, 2.7625, 2.7625, 2.7625, 2.7625,
         2.7625, 2.7625],
        [  -inf,   -inf, 1.8776, 2.4098, 2.6844, 2.8563, 2.9282, 2.9282, 2.9282,
         2.9282, 2.9282],
        [  -inf,   -inf, 1.8900, 2.4523, 2.7498, 2.9217, 3.0219, 3.0438, 3.0438,
         3.0438, 3.0438],
        [  -inf,   -inf, 1.9007, 2.4821, 2.7955, 2.9871, 3.0874, 3.1376, 3.1376,
         3.1376, 3.1376],
        [  -inf,   -inf, 1.9077, 2.5118, 2.8411, 3.0328, 3.1528, 3.2030, 3.2183,
         3.2183, 3.2183],
        [  -inf,   -inf, 1.9140, 2.5367, 2.8868, 3.0785, 3.1985, 3.2684, 3.2837,
         3.2837, 3.2837],
        [  -inf,   -inf, 1.9203, 2.5551, 2.9294, 3.1241, 3.2441, 3.3141, 3.3491,
         3.3491, 3.3491],
        [  -inf,   -inf, 1.9254, 2.5725, 2.9591, 3.1667, 3.2898, 3.3598, 3.3948,
         3.4055, 3.4055],
        [  -inf,   -inf, 1.9277, 2.5899, 2.9888, 3.1986, 3.3324, 3.4054, 3.4405,
         3.4511, 3.4511],
        [  -inf,   -inf, 1.9311, 2.6027, 3.0138, 3.2305, 3.3643, 3.4480, 3.4861,
         3.4968, 3.4968],
        [  -inf,   -inf, 1.9331, 2.6155, 3.0345, 3.2624, 3.3961, 3.4799, 3.5287,
         3.5425, 3.5425],
        [  -inf,   -inf, 1.9356, 2.6279, 3.0553, 3.2942, 3.4280, 3.5118, 3.5606,
         3.5850, 3.5850],
        [  -inf,   -inf, 1.9374, 2.6386, 3.0760, 3.3239, 3.4599, 3.5436, 3.5925,
         3.6169, 3.6244],
        [  -inf,   -inf, 1.9396, 2.6474, 3.0943, 3.3537, 3.4896, 3.5755, 3.6243,
         3.6488, 3.6562],
        [  -inf,   -inf, 1.9425, 2.6561, 3.1117, 3.3786, 3.5193, 3.6052, 3.6562,
         3.6807, 3.6881],
        [  -inf,   -inf, 1.9440, 2.6648, 3.1291, 3.3994, 3.5443, 3.6350, 3.6859,
         3.7125, 3.7200],
        [  -inf,   -inf, 1.9457, 2.6722, 3.1419, 3.4201, 3.5665, 3.6599, 3.7157,
         3.7423, 3.7519],
        [  -inf,   -inf, 1.9473, 2.6797, 3.1547, 3.4408, 3.5888, 3.6821, 3.7406,
         3.7720, 3.7816],
        [  -inf,   -inf, 1.9485, 2.6867, 3.1672, 3.4592, 3.6110, 3.7044, 3.7628,
         3.7969, 3.8113],
        [  -inf,   -inf, 1.9499, 2.6931, 3.1793, 3.4766, 3.6333, 3.7266, 3.7851,
         3.8192, 3.8362],
        [  -inf,   -inf, 1.9507, 2.6993, 3.1915, 3.4940, 3.6555, 3.7489, 3.8073,
         3.8414, 3.8585],
        [  -inf,   -inf, 1.9520, 2.7044, 3.2036, 3.5085, 3.6763, 3.7711, 3.8296,
         3.8637, 3.8807],
        [  -inf,   -inf, 1.9527, 2.7093, 3.2144, 3.5230, 3.6970, 3.7919, 3.8518,
         3.8859, 3.9030],
        [  -inf,   -inf, 1.9540, 2.7142, 3.2233, 3.5374, 3.7177, 3.8126, 3.8726,
         3.9082, 3.9252],
        [  -inf,   -inf, 1.9546, 2.7186, 3.2322, 3.5519, 3.7361, 3.8334, 3.8933,
         3.9289, 3.9475],
        [  -inf,   -inf, 1.9557, 2.7230, 3.2411, 3.5647, 3.7535, 3.8517, 3.9141,
         3.9497, 3.9682],
        [  -inf,   -inf, 1.9561, 2.7273, 3.2499, 3.5775, 3.7709, 3.8691, 3.9324,
         3.9704, 3.9890],
        [  -inf,   -inf, 1.9566, 2.7316, 3.2586, 3.5899, 3.7854, 3.8865, 3.9498,
         3.9887, 4.0097],
        [  -inf,   -inf, 1.9573, 2.7356, 3.2673, 3.6021, 3.7999, 3.9020, 3.9672,
         4.0061, 4.0281],
        [  -inf,   -inf,   -inf, 2.7396, 3.2748, 3.6142, 3.8143, 3.9176, 3.9828,
         4.0236, 4.0455],
        [  -inf,   -inf,   -inf, 2.7432, 3.2823, 3.6264, 3.8288, 3.9331, 3.9983,
         4.0391, 4.0629],
        [  -inf,   -inf,   -inf, 2.7468, 3.2893, 3.6371, 3.8416, 3.9486, 4.0138,
         4.0546, 4.0784],
        [  -inf,   -inf,   -inf, 2.7491, 3.2956, 3.6460, 3.8544, 3.9642, 4.0293,
         4.0701, 4.0939],
        [  -inf,   -inf,   -inf, 2.7525, 3.3018, 3.6550, 3.8668, 3.9797, 4.0449,
         4.0857, 4.1095],
        [  -inf,   -inf,   -inf, 2.7548, 3.3079, 3.6639, 3.8790, 3.9942, 4.0604,
         4.1012, 4.1250],
        [  -inf,   -inf,   -inf, 2.7572, 3.3141, 3.6727, 3.8911, 4.0087, 4.0749,
         4.1167, 4.1405],
        [  -inf,   -inf,   -inf, 2.7595, 3.3202, 3.6814, 3.9033, 4.0231, 4.0894,
         4.1312, 4.1560],
        [  -inf,   -inf,   -inf, 2.7617, 3.3262, 3.6900, 3.9140, 4.0376, 4.1038,
         4.1457, 4.1705],
        [  -inf,   -inf,   -inf, 2.7640, 3.3323, 3.6985, 3.9241, 4.0504, 4.1183,
         4.1602, 4.1850],
        [  -inf,   -inf,   -inf, 2.7663, 3.3383, 3.7070, 3.9342, 4.0632, 4.1311,
         4.1746, 4.1995],
        [  -inf,   -inf,   -inf, 2.7686, 3.3436, 3.7155, 3.9443, 4.0756, 4.1439,
         4.1874, 4.2140],
        [  -inf,   -inf,   -inf, 2.7709, 3.3488, 3.7240, 3.9544, 4.0878, 4.1563,
         4.2002, 4.2268],
        [  -inf,   -inf,   -inf, 2.7730, 3.3540, 3.7315, 3.9646, 4.0999, 4.1685,
         4.2127, 4.2396],
        [  -inf,   -inf,   -inf, 2.7749, 3.3592, 3.7390, 3.9735, 4.1121, 4.1806,
         4.2248, 4.2520],
        [  -inf,   -inf,   -inf, 2.7770, 3.3641, 3.7460, 3.9824, 4.1228, 4.1928,
         4.2370, 4.2641],
        [  -inf,   -inf,   -inf, 2.7788, 3.3689, 3.7523, 3.9913, 4.1329, 4.2036,
         4.2491, 4.2763],
        [  -inf,   -inf,   -inf, 2.7806, 3.3733, 3.7585, 4.0001, 4.1430, 4.2145,
         4.2599, 4.2884],
        [  -inf,   -inf,   -inf, 2.7823, 3.3777, 3.7647, 4.0088, 4.1531, 4.2253,
         4.2708, 4.2993],
        [  -inf,   -inf,   -inf, 2.7840, 3.3821, 3.7710, 4.0175, 4.1632, 4.2361,
         4.2816, 4.3101],
        [  -inf,   -inf,   -inf, 2.7857, 3.3864, 3.7772, 4.0260, 4.1734, 4.2470,
         4.2925, 4.3209],
        [  -inf,   -inf,   -inf, 2.7872, 3.3904, 3.7834, 4.0344, 4.1823, 4.2578,
         4.3033, 4.3318],
        [  -inf,   -inf,   -inf, 2.7889, 3.3944, 3.7895, 4.0429, 4.1912, 4.2687,
         4.3141, 4.3426],
        [  -inf,   -inf,   -inf, 2.7904, 3.3980, 3.7957, 4.0514, 4.2001, 4.2794,
         4.3250, 4.3535],
        [  -inf,   -inf,   -inf, 2.7920, 3.4016, 3.8018, 4.0589, 4.2089, 4.2895,
         4.3357, 4.3643],
        [  -inf,   -inf,   -inf, 2.7937, 3.4050, 3.8079, 4.0664, 4.2176, 4.2996,
         4.3458, 4.3750],
        [  -inf,   -inf,   -inf, 2.7952, 3.4084, 3.8139, 4.0734, 4.2263, 4.3097,
         4.3559, 4.3852],
        [  -inf,   -inf,   -inf, 2.7968, 3.4118, 3.8200, 4.0797, 4.2348, 4.3198,
         4.3660, 4.3953],
        [  -inf,   -inf,   -inf, 2.7984, 3.4149, 3.8252, 4.0859, 4.2432, 4.3299,
         4.3762, 4.4054],
        [  -inf,   -inf,   -inf, 2.7999, 3.4179, 3.8304, 4.0922, 4.2517, 4.3389,
         4.3863, 4.4155],
        [  -inf,   -inf,   -inf, 2.8013, 3.4210, 3.8357, 4.0984, 4.2602, 4.3478,
         4.3952, 4.4256],
        [  -inf,   -inf,   -inf, 2.8026, 3.4240, 3.8408, 4.1046, 4.2677, 4.3567,
         4.4041, 4.4345],
        [  -inf,   -inf,   -inf, 2.8039, 3.4271, 3.8457, 4.1108, 4.2752, 4.3655,
         4.4131, 4.4434],
        [  -inf,   -inf,   -inf, 2.8052, 3.4301, 3.8506, 4.1170, 4.2822, 4.3742,
         4.4218, 4.4524],
        [  -inf,   -inf,   -inf, 2.8064, 3.4329, 3.8550, 4.1231, 4.2893, 4.3829,
         4.4305, 4.4612],
        [  -inf,   -inf,   -inf, 2.8075, 3.4358, 3.8594, 4.1292, 4.2964, 4.3913,
         4.4392, 4.4698],
        [  -inf,   -inf,   -inf, 2.8087, 3.4386, 3.8637, 4.1353, 4.3034, 4.3998,
         4.4477, 4.4785],
        [  -inf,   -inf,   -inf, 2.8098, 3.4414, 3.8680, 4.1413, 4.3105, 4.4083,
         4.4561, 4.4870],
        [  -inf,   -inf,   -inf, 2.8109, 3.4442, 3.8723, 4.1474, 4.3175, 4.4168,
         4.4646, 4.4955],
        [  -inf,   -inf,   -inf, 2.8120, 3.4469, 3.8766, 4.1533, 4.3245, 4.4243,
         4.4731, 4.5039],
        [  -inf,   -inf,   -inf, 2.8131, 3.4497, 3.8809, 4.1592, 4.3308, 4.4318,
         4.4807, 4.5124],
        [  -inf,   -inf,   -inf, 2.8142, 3.4525, 3.8852, 4.1652, 4.3371, 4.4388,
         4.4882, 4.5200],
        [  -inf,   -inf,   -inf, 2.8152, 3.4550, 3.8894, 4.1711, 4.3433, 4.4459,
         4.4958, 4.5275],
        [  -inf,   -inf,   -inf, 2.8162, 3.4575, 3.8937, 4.1770, 4.3495, 4.4529,
         4.5034, 4.5351],
        [  -inf,   -inf,   -inf, 2.8173, 3.4600, 3.8979, 4.1822, 4.3558, 4.4600,
         4.5109, 4.5427],
        [  -inf,   -inf,   -inf, 2.8183, 3.4623, 3.9022, 4.1875, 4.3620, 4.4670,
         4.5185, 4.5502],
        [  -inf,   -inf,   -inf, 2.8193, 3.4647, 3.9064, 4.1927, 4.3681, 4.4741,
         4.5261, 4.5578],
        [  -inf,   -inf,   -inf, 2.8203, 3.4670, 3.9106, 4.1978, 4.3742, 4.4811,
         4.5336, 4.5654],
        [  -inf,   -inf,   -inf, 2.8213, 3.4692, 3.9146, 4.2027, 4.3804, 4.4874,
         4.5411, 4.5729],
        [  -inf,   -inf,   -inf, 2.8223, 3.4716, 3.9186, 4.2076, 4.3864, 4.4936,
         4.5486, 4.5804],
        [  -inf,   -inf,   -inf, 2.8233, 3.4738, 3.9223, 4.2120, 4.3925, 4.4999,
         4.5557, 4.5879],
        [  -inf,   -inf,   -inf, 2.8242, 3.4761, 3.9259, 4.2164, 4.3985, 4.5061,
         4.5627, 4.5950],
        [  -inf,   -inf,   -inf, 2.8251, 3.4785, 3.9296, 4.2207, 4.4044, 4.5123,
         4.5698, 4.6020],
        [  -inf,   -inf,   -inf, 2.8260, 3.4805, 3.9332, 4.2251, 4.4104, 4.5185,
         4.5768, 4.6091],
        [  -inf,   -inf,   -inf, 2.8269, 3.4824, 3.9368, 4.2294, 4.4163, 4.5247,
         4.5839, 4.6162],
        [  -inf,   -inf,   -inf, 2.8278, 3.4845, 3.9404, 4.2338, 4.4222, 4.5308,
         4.5909, 4.6232],
        [  -inf,   -inf,   -inf, 2.8287, 3.4863, 3.9438, 4.2382, 4.4281, 4.5369,
         4.5979, 4.6303],
        [  -inf,   -inf,   -inf, 2.8296, 3.4881, 3.9472, 4.2425, 4.4334, 4.5430,
         4.6043, 4.6373],
        [  -inf,   -inf,   -inf, 2.8304, 3.4898, 3.9506, 4.2468, 4.4386, 4.5490,
         4.6105, 4.6436],
        [  -inf,   -inf,   -inf, 2.8312, 3.4915, 3.9537, 4.2511, 4.4438, 4.5551,
         4.6167, 4.6498],
        [  -inf,   -inf,   -inf, 2.8320, 3.4932, 3.9567, 4.2554, 4.4489, 4.5610,
         4.6230, 4.6560],
        [  -inf,   -inf,   -inf, 2.8326, 3.4948, 3.9598, 4.2597, 4.4538, 4.5669,
         4.6292, 4.6623],
        [  -inf,   -inf,   -inf, 2.8334, 3.4965, 3.9628, 4.2639, 4.4587, 4.5729,
         4.6354, 4.6685],
        [  -inf,   -inf,   -inf, 2.8341, 3.4981, 3.9659, 4.2682, 4.4631, 4.5788,
         4.6415, 4.6747],
        [  -inf,   -inf,   -inf, 2.8348, 3.4997, 3.9689, 4.2725, 4.4675, 4.5847,
         4.6477, 4.6809],
        [  -inf,   -inf,   -inf, 2.8354, 3.5014, 3.9717, 4.2767, 4.4719, 4.5899,
         4.6538, 4.6870],
        [  -inf,   -inf,   -inf, 2.8361, 3.5030, 3.9746, 4.2810, 4.4762, 4.5952,
         4.6599, 4.6931],
        [  -inf,   -inf,   -inf, 2.8367, 3.5046, 3.9774, 4.2852, 4.4806, 4.6004,
         4.6659, 4.6992],
        [  -inf,   -inf,   -inf, 2.8373, 3.5063, 3.9802, 4.2894, 4.4849, 4.6055,
         4.6720, 4.7052],
        [  -inf,   -inf,   -inf, 2.8380, 3.5078, 3.9830, 4.2934, 4.4893, 4.6104,
         4.6779, 4.7113],
        [  -inf,   -inf,   -inf, 2.8385, 3.5094, 3.9858, 4.2974, 4.4936, 4.6154,
         4.6838, 4.7172],
        [  -inf,   -inf,   -inf, 2.8391, 3.5110, 3.9885, 4.3010, 4.4979, 4.6203,
         4.6897, 4.7231],
        [  -inf,   -inf,   -inf, 2.8397, 3.5126, 3.9913, 4.3047, 4.5022, 4.6252,
         4.6956, 4.7290],
        [  -inf,   -inf,   -inf, 2.8403, 3.5142, 3.9938, 4.3083, 4.5065, 4.6301,
         4.7015, 4.7349],
        [  -inf,   -inf,   -inf, 2.8409, 3.5158, 3.9963, 4.3120, 4.5108, 4.6351,
         4.7068, 4.7409],
        [  -inf,   -inf,   -inf, 2.8414, 3.5174, 3.9988, 4.3156, 4.5151, 4.6400,
         4.7120, 4.7461],
        [  -inf,   -inf,   -inf, 2.8419, 3.5190, 4.0012, 4.3192, 4.5194, 4.6449,
         4.7173, 4.7514],
        [  -inf,   -inf,   -inf, 2.8424, 3.5205, 4.0036, 4.3226, 4.5236, 4.6498,
         4.7224, 4.7567],
        [  -inf,   -inf,   -inf, 2.8430, 3.5219, 4.0060, 4.3260, 4.5279, 4.6542,
         4.7273, 4.7620],
        [  -inf,   -inf,   -inf, 2.8435, 3.5234, 4.0083, 4.3294, 4.5321, 4.6586,
         4.7322, 4.7673],
        [  -inf,   -inf,   -inf, 2.8440, 3.5247, 4.0107, 4.3325, 4.5363, 4.6629,
         4.7371, 4.7725],
        [  -inf,   -inf,   -inf, 2.8445, 3.5261, 4.0130, 4.3355, 4.5405, 4.6673,
         4.7421, 4.7778],
        [  -inf,   -inf,   -inf, 2.8449, 3.5275, 4.0153, 4.3386, 4.5447, 4.6716,
         4.7470, 4.7831],
        [  -inf,   -inf,   -inf, 2.8454, 3.5288, 4.0175, 4.3416, 4.5488, 4.6760,
         4.7519, 4.7884],
        [  -inf,   -inf,   -inf, 2.8459, 3.5302, 4.0199, 4.3447, 4.5529, 4.6803,
         4.7568, 4.7936],
        [  -inf,   -inf,   -inf, 2.8463, 3.5314, 4.0221, 4.3477, 4.5571, 4.6847,
         4.7617, 4.7989],
        [  -inf,   -inf,   -inf, 2.8468, 3.5327, 4.0244, 4.3507, 4.5612, 4.6890,
         4.7666, 4.8041],
        [  -inf,   -inf,   -inf, 2.8472, 3.5340, 4.0268, 4.3537, 4.5653, 4.6933,
         4.7710, 4.8092],
        [  -inf,   -inf,   -inf, 2.8477, 3.5352, 4.0289, 4.3566, 4.5693, 4.6976,
         4.7754, 4.8141],
        [  -inf,   -inf,   -inf, 2.8480, 3.5365, 4.0311, 4.3596, 4.5733, 4.7018,
         4.7798, 4.8191],
        [  -inf,   -inf,   -inf, 2.8483, 3.5377, 4.0332, 4.3626, 4.5769, 4.7061,
         4.7841, 4.8240],
        [  -inf,   -inf,   -inf, 2.8488, 3.5389, 4.0354, 4.3656, 4.5806, 4.7104,
         4.7885, 4.8289],
        [  -inf,   -inf,   -inf, 2.8491, 3.5401, 4.0375, 4.3686, 4.5843, 4.7147,
         4.7928, 4.8338],
        [  -inf,   -inf,   -inf, 2.8494, 3.5413, 4.0396, 4.3716, 4.5879, 4.7189,
         4.7972, 4.8388],
        [  -inf,   -inf,   -inf, 2.8498, 3.5425, 4.0417, 4.3746, 4.5915, 4.7231,
         4.8015, 4.8437]])
tensor(0.0108) tensor(2.7619) (64, 6)
