tensor([[  -inf,   -inf,   -inf,   -inf,   -inf,   -inf,   -inf,   -inf,   -inf,
           -inf,   -inf],
        [  -inf, 1.0000, 1.0000, 1.0000, 1.0000, 1.0000, 1.0000, 1.0000, 1.0000,
         1.0000, 1.0000],
        [  -inf,   -inf, 1.6226, 1.6226, 1.6226, 1.6226, 1.6226, 1.6226, 1.6226,
         1.6226, 1.6226],
        [  -inf,   -inf, 1.7269, 2.0102, 2.0102, 2.0102, 2.0102, 2.0102, 2.0102,
         2.0102, 2.0102],
        [  -inf,   -inf, 1.7784, 2.1145, 2.2516, 2.2516, 2.2516, 2.2516, 2.2516,
         2.2516, 2.2516],
        [  -inf,   -inf, 1.8097, 2.1795, 2.3559, 2.4018, 2.4018, 2.4018, 2.4018,
         2.4018, 2.4018],
        [  -inf,   -inf, 1.8303, 2.2444, 2.4208, 2.5061, 2.5061, 2.5061, 2.5061,
         2.5061, 2.5061],
        [  -inf,   -inf, 1.8457, 2.2959, 2.4857, 2.5711, 2.5997, 2.5997, 2.5997,
         2.5997, 2.5997],
        [  -inf,   -inf, 1.8593, 2.3280, 2.5372, 2.6360, 2.6646, 2.6646, 2.6646,
         2.6646, 2.6646],
        [  -inf,   -inf, 1.8690, 2.3600, 2.5777, 2.6875, 2.7296, 2.7296, 2.7296,
         2.7296, 2.7296],
        [  -inf,   -inf, 1.8772, 2.3913, 2.6181, 2.7279, 2.7811, 2.7878, 2.7878,
         2.7878, 2.7878],
        [  -inf,   -inf, 1.8838, 2.4119, 2.6585, 2.7684, 2.8215, 2.8393, 2.8393,
         2.8393, 2.8393],
        [  -inf,   -inf, 1.8903, 2.4314, 2.6906, 2.8088, 2.8619, 2.8797, 2.8797,
         2.8797, 2.8797],
        [  -inf,   -inf, 1.8956, 2.4509, 2.7227, 2.8409, 2.9023, 2.9202, 2.9202,
         2.9202, 2.9202],
        [  -inf,   -inf, 1.8992, 2.4663, 2.7540, 2.8729, 2.9344, 2.9606, 2.9606,
         2.9606, 2.9606],
        [  -inf,   -inf, 1.9030, 2.4799, 2.7746, 2.9042, 2.9665, 2.9927, 2.9968,
         2.9968, 2.9968],
        [  -inf,   -inf, 1.9061, 2.4927, 2.7945, 2.9294, 2.9978, 3.0247, 3.0289,
         3.0289, 3.0289],
        [  -inf,   -inf, 1.9093, 2.5056, 2.8145, 2.9546, 3.0229, 3.0560, 3.0610,
         3.0610, 3.0610],
        [  -inf,   -inf, 1.9124, 2.5164, 2.8345, 2.9797, 3.0481, 3.0812, 3.0923,
         3.0923, 3.0923],
        [  -inf,   -inf, 1.9155, 2.5261, 2.8539, 3.0049, 3.0733, 3.1064, 3.1174,
         3.1174, 3.1174],
        [  -inf,   -inf, 1.9178, 2.5357, 2.8734, 3.0255, 3.0985, 3.1315, 3.1426,
         3.1426, 3.1426],
        [  -inf,   -inf, 1.9208, 2.5453, 2.8888, 3.0455, 3.1191, 3.1567, 3.1678,
         3.1678, 3.1678],
        [  -inf,   -inf, 1.9231, 2.5538, 2.9024, 3.0654, 3.1390, 3.1773, 3.1930,
         3.1930, 3.1930],
        [  -inf,   -inf, 1.9242, 2.5622, 2.9153, 3.0854, 3.1590, 3.1973, 3.2136,
         3.2155, 3.2155],
        [  -inf,   -inf, 1.9260, 2.5704, 2.9281, 3.1049, 3.1789, 3.2172, 3.2335,
         3.2361, 3.2361],
        [  -inf,   -inf, 1.9275, 2.5770, 2.9402, 3.1244, 3.1984, 3.2372, 3.2535,
         3.2561, 3.2561],
        [  -inf,   -inf, 1.9291, 2.5835, 2.9523, 3.1398, 3.2179, 3.2567, 3.2735,
         3.2761, 3.2761],
        [  -inf,   -inf, 1.9305, 2.5896, 2.9645, 3.1534, 3.2336, 3.2762, 3.2929,
         3.2960, 3.2960],
        [  -inf,   -inf, 1.9318, 2.5956, 2.9754, 3.1662, 3.2493, 3.2918, 3.3124,
         3.3155, 3.3155],
        [  -inf,   -inf, 1.9333, 2.6010, 2.9851, 3.1790, 3.2649, 3.3075, 3.3281,
         3.3350, 3.3350],
        [  -inf,   -inf, 1.9345, 2.6064, 2.9946, 3.1914, 3.2806, 3.3232, 3.3438,
         3.3507, 3.3507],
        [  -inf,   -inf, 1.9356, 2.6117, 3.0042, 3.2039, 3.2963, 3.3389, 3.3594,
         3.3663, 3.3663],
        [  -inf,   -inf, 1.9368, 2.6168, 3.0127, 3.2163, 3.3117, 3.3545, 3.3751,
         3.3820, 3.3820],
        [  -inf,   -inf, 1.9380, 2.6219, 3.0212, 3.2287, 3.3253, 3.3699, 3.3908,
         3.3977, 3.3977],
        [  -inf,   -inf,   -inf, 2.6260, 3.0294, 3.2409, 3.3381, 3.3835, 3.4062,
         3.4134, 3.4134],
        [  -inf,   -inf,   -inf, 2.6301, 3.0373, 3.2530, 3.3509, 3.3963, 3.4198,
         3.4288, 3.4288],
        [  -inf,   -inf,   -inf, 2.6341, 3.0453, 3.2651, 3.3634, 3.4092, 3.4326,
         3.4424, 3.4428],
        [  -inf,   -inf,   -inf, 2.6382, 3.0533, 3.2760, 3.3758, 3.4216, 3.4454,
         3.4552, 3.4564],
        [  -inf,   -inf,   -inf, 2.6418, 3.0601, 3.2857, 3.3882, 3.4340, 3.4579,
         3.4680, 3.4692],
        [  -inf,   -inf,   -inf, 2.6456, 3.0669, 3.2953, 3.4006, 3.4465, 3.4703,
         3.4804, 3.4821],
        [  -inf,   -inf,   -inf, 2.6489, 3.0736, 3.3049, 3.4128, 3.4589, 3.4827,
         3.4929, 3.4945],
        [  -inf,   -inf,   -inf, 2.6522, 3.0802, 3.3134, 3.4249, 3.4710, 3.4952,
         3.5053, 3.5069],
        [  -inf,   -inf,   -inf, 2.6555, 3.0867, 3.3218, 3.4370, 3.4832, 3.5073,
         3.5177, 3.5194],
        [  -inf,   -inf,   -inf, 2.6587, 3.0928, 3.3300, 3.4479, 3.4953, 3.5194,
         3.5299, 3.5318],
        [  -inf,   -inf,   -inf, 2.6618, 3.0988, 3.3380, 3.4576, 3.5062, 3.5316,
         3.5420, 3.5439],
        [  -inf,   -inf,   -inf, 2.6650, 3.1048, 3.3460, 3.4672, 3.5159, 3.5424,
         3.5541, 3.5561],
        [  -inf,   -inf,   -inf, 2.6681, 3.1108, 3.3540, 3.4768, 3.5257, 3.5522,
         3.5650, 3.5682],
        [  -inf,   -inf,   -inf, 2.6712, 3.1167, 3.3615, 3.4853, 3.5354, 3.5619,
         3.5748, 3.5791],
        [  -inf,   -inf,   -inf, 2.6739, 3.1221, 3.3691, 3.4937, 3.5452, 3.5717,
         3.5845, 3.5888],
        [  -inf,   -inf,   -inf, 2.6765, 3.1275, 3.3766, 3.5019, 3.5550, 3.5815,
         3.5943, 3.5986],
        [  -inf,   -inf,   -inf, 2.6792, 3.1328, 3.3842, 3.5099, 3.5647, 3.5912,
         3.6040, 3.6083],
        [  -inf,   -inf,   -inf, 2.6815, 3.1380, 3.3910, 3.5179, 3.5744, 3.6010,
         3.6138, 3.6181],
        [  -inf,   -inf,   -inf, 2.6838, 3.1433, 3.3977, 3.5259, 3.5840, 3.6107,
         3.6236, 3.6279],
        [  -inf,   -inf,   -inf, 2.6861, 3.1486, 3.4045, 3.5336, 3.5936, 3.6203,
         3.6333, 3.6376],
        [  -inf,   -inf,   -inf, 2.6884, 3.1537, 3.4111, 3.5414, 3.6021, 3.6299,
         3.6428, 3.6473],
        [  -inf,   -inf,   -inf, 2.6907, 3.1588, 3.4176, 3.5491, 3.6105, 3.6383,
         3.6524, 3.6569],
        [  -inf,   -inf,   -inf, 2.6928, 3.1629, 3.4237, 3.5568, 3.6187, 3.6468,
         3.6609, 3.6665],
        [  -inf,   -inf,   -inf, 2.6950, 3.1670, 3.4297, 3.5646, 3.6267, 3.6550,
         3.6694, 3.6750],
        [  -inf,   -inf,   -inf, 2.6970, 3.1711, 3.4357, 3.5721, 3.6347, 3.6630,
         3.6776, 3.6834],
        [  -inf,   -inf,   -inf, 2.6989, 3.1751, 3.4416, 3.5797, 3.6427, 3.6710,
         3.6855, 3.6916],
        [  -inf,   -inf,   -inf, 2.7009, 3.1789, 3.4476, 3.5872, 3.6504, 3.6789,
         3.6935, 3.6996],
        [  -inf,   -inf,   -inf, 2.7028, 3.1826, 3.4530, 3.5948, 3.6582, 3.6867,
         3.7015, 3.7076],
        [  -inf,   -inf,   -inf, 2.7048, 3.1864, 3.4583, 3.6016, 3.6659, 3.6944,
         3.7093, 3.7156],
        [  -inf,   -inf,   -inf, 2.7067, 3.1900, 3.4636, 3.6083, 3.6736, 3.7022,
         3.7170, 3.7233],
        [  -inf,   -inf,   -inf, 2.7086, 3.1938, 3.4689, 3.6151, 3.6814, 3.7099,
         3.7247, 3.7311],
        [  -inf,   -inf,   -inf, 2.7106, 3.1971, 3.4742, 3.6217, 3.6889, 3.7176,
         3.7325, 3.7388],
        [  -inf,   -inf,   -inf, 2.7124, 3.2005, 3.4795, 3.6282, 3.6965, 3.7252,
         3.7402, 3.7465],
        [  -inf,   -inf,   -inf, 2.7140, 3.2038, 3.4846, 3.6343, 3.7040, 3.7327,
         3.7478, 3.7543],
        [  -inf,   -inf,   -inf, 2.7157, 3.2072, 3.4897, 3.6403, 3.7116, 3.7403,
         3.7553, 3.7618],
        [  -inf,   -inf,   -inf, 2.7173, 3.2105, 3.4946, 3.6463, 3.7184, 3.7478,
         3.7629, 3.7694],
        [  -inf,   -inf,   -inf, 2.7189, 3.2139, 3.4996, 3.6522, 3.7251, 3.7546,
         3.7704, 3.7769],
        [  -inf,   -inf,   -inf, 2.7205, 3.2172, 3.5046, 3.6582, 3.7319, 3.7614,
         3.7772, 3.7845],
        [  -inf,   -inf,   -inf, 2.7222, 3.2205, 3.5096, 3.6636, 3.7385, 3.7682,
         3.7840, 3.7913],
        [  -inf,   -inf,   -inf, 2.7236, 3.2237, 3.5138, 3.6689, 3.7450, 3.7748,
         3.7907, 3.7980],
        [  -inf,   -inf,   -inf, 2.7251, 3.2270, 3.5180, 3.6742, 3.7510, 3.7813,
         3.7973, 3.8048],
        [  -inf,   -inf,   -inf, 2.7266, 3.2302, 3.5222, 3.6795, 3.7571, 3.7873,
         3.8038, 3.8114],
        [  -inf,   -inf,   -inf, 2.7282, 3.2333, 3.5264, 3.6848, 3.7631, 3.7934,
         3.8099, 3.8179],
        [  -inf,   -inf,   -inf, 2.7296, 3.2365, 3.5306, 3.6901, 3.7690, 3.7995,
         3.8160, 3.8240],
        [  -inf,   -inf,   -inf, 2.7310, 3.2396, 3.5349, 3.6952, 3.7750, 3.8056,
         3.8221, 3.8301],
        [  -inf,   -inf,   -inf, 2.7325, 3.2428, 3.5390, 3.7003, 3.7804, 3.8116,
         3.8281, 3.8361],
        [  -inf,   -inf,   -inf, 2.7339, 3.2459, 3.5431, 3.7052, 3.7857, 3.8177,
         3.8342, 3.8422],
        [  -inf,   -inf,   -inf, 2.7353, 3.2490, 3.5471, 3.7102, 3.7910, 3.8238,
         3.8403, 3.8483],
        [  -inf,   -inf,   -inf, 2.7367, 3.2517, 3.5512, 3.7152, 3.7963, 3.8298,
         3.8464, 3.8544],
        [  -inf,   -inf,   -inf, 2.7381, 3.2543, 3.5549, 3.7202, 3.8016, 3.8359,
         3.8524, 3.8604],
        [  -inf,   -inf,   -inf, 2.7395, 3.2570, 3.5587, 3.7249, 3.8068, 3.8418,
         3.8584, 3.8665],
        [  -inf,   -inf,   -inf, 2.7407, 3.2595, 3.5625, 3.7296, 3.8120, 3.8478,
         3.8644, 3.8725],
        [  -inf,   -inf,   -inf, 2.7418, 3.2621, 3.5662, 3.7343, 3.8171, 3.8538,
         3.8704, 3.8785],
        [  -inf,   -inf,   -inf, 2.7430, 3.2646, 3.5699, 3.7390, 3.8220, 3.8591,
         3.8764, 3.8844],
        [  -inf,   -inf,   -inf, 2.7442, 3.2672, 3.5736, 3.7437, 3.8270, 3.8645,
         3.8817, 3.8904],
        [  -inf,   -inf,   -inf, 2.7453, 3.2697, 3.5773, 3.7479, 3.8320, 3.8698,
         3.8871, 3.8958],
        [  -inf,   -inf,   -inf, 2.7464, 3.2722, 3.5810, 3.7521, 3.8369, 3.8751,
         3.8924, 3.9012],
        [  -inf,   -inf,   -inf, 2.7474, 3.2746, 3.5847, 3.7563, 3.8418, 3.8804,
         3.8977, 3.9065],
        [  -inf,   -inf,   -inf, 2.7484, 3.2769, 3.5881, 3.7605, 3.8466, 3.8856,
         3.9029, 3.9117],
        [  -inf,   -inf,   -inf, 2.7495, 3.2792, 3.5914, 3.7648, 3.8514, 3.8907,
         3.9082, 3.9170],
        [  -inf,   -inf,   -inf, 2.7504, 3.2815, 3.5947, 3.7690, 3.8562, 3.8958,
         3.9133, 3.9223],
        [  -inf,   -inf,   -inf, 2.7514, 3.2837, 3.5981, 3.7731, 3.8610, 3.9008,
         3.9184, 3.9274],
        [  -inf,   -inf,   -inf, 2.7524, 3.2859, 3.6014, 3.7772, 3.8659, 3.9058,
         3.9234, 3.9325],
        [  -inf,   -inf,   -inf, 2.7533, 3.2880, 3.6048, 3.7812, 3.8706, 3.9108,
         3.9284, 3.9375],
        [  -inf,   -inf,   -inf, 2.7542, 3.2901, 3.6081, 3.7853, 3.8753, 3.9157,
         3.9333, 3.9424],
        [  -inf,   -inf,   -inf, 2.7552, 3.2921, 3.6114, 3.7890, 3.8800, 3.9206,
         3.9383, 3.9474],
        [  -inf,   -inf,   -inf, 2.7561, 3.2942, 3.6147, 3.7928, 3.8847, 3.9254,
         3.9431, 3.9524],
        [  -inf,   -inf,   -inf, 2.7570, 3.2962, 3.6179, 3.7966, 3.8894, 3.9302,
         3.9479, 3.9572],
        [  -inf,   -inf,   -inf, 2.7579, 3.2982, 3.6212, 3.8003, 3.8936, 3.9350,
         3.9528, 3.9620],
        [  -inf,   -inf,   -inf, 2.7588, 3.3003, 3.6245, 3.8040, 3.8978, 3.9398,
         3.9576, 3.9668],
        [  -inf,   -inf,   -inf, 2.7596, 3.3023, 3.6278, 3.8077, 3.9020, 3.9446,
         3.9624, 3.9716],
        [  -inf,   -inf,   -inf, 2.7605, 3.3043, 3.6310, 3.8114, 3.9062, 3.9493,
         3.9672, 3.9765],
        [  -inf,   -inf,   -inf, 2.7614, 3.3064, 3.6342, 3.8151, 3.9105, 3.9540,
         3.9719, 3.9813],
        [  -inf,   -inf,   -inf, 2.7622, 3.3084, 3.6374, 3.8188, 3.9147, 3.9588,
         3.9766, 3.9860],
        [  -inf,   -inf,   -inf, 2.7630, 3.3103, 3.6406, 3.8222, 3.9188, 3.9635,
         3.9813, 3.9907],
        [  -inf,   -inf,   -inf, 2.7638, 3.3123, 3.6437, 3.8255, 3.9229, 3.9682,
         3.9860, 3.9954],
        [  -inf,   -inf,   -inf, 2.7646, 3.3142, 3.6469, 3.8289, 3.9269, 3.9724,
         3.9907, 4.0001],
        [  -inf,   -inf,   -inf, 2.7654, 3.3161, 3.6500, 3.8322, 3.9310, 3.9766,
         3.9950, 4.0048],
        [  -inf,   -inf,   -inf, 2.7661, 3.3181, 3.6531, 3.8356, 3.9347, 3.9808,
         3.9992, 4.0090],
        [  -inf,   -inf,   -inf, 2.7669, 3.3200, 3.6557, 3.8389, 3.9385, 3.9850,
         4.0034, 4.0132],
        [  -inf,   -inf,   -inf, 2.7676, 3.3219, 3.6584, 3.8422, 3.9423, 3.9892,
         4.0076, 4.0174],
        [  -inf,   -inf,   -inf, 2.7683, 3.3238, 3.6610, 3.8455, 3.9460, 3.9935,
         4.0118, 4.0217],
        [  -inf,   -inf,   -inf, 2.7690, 3.3255, 3.6636, 3.8488, 3.9497, 3.9976,
         4.0160, 4.0259],
        [  -inf,   -inf,   -inf, 2.7698, 3.3271, 3.6661, 3.8521, 3.9534, 4.0017,
         4.0201, 4.0301],
        [  -inf,   -inf,   -inf, 2.7705, 3.3288, 3.6687, 3.8553, 3.9571, 4.0057,
         4.0243, 4.0342],
        [  -inf,   -inf,   -inf, 2.7712, 3.3304, 3.6712, 3.8586, 3.9608, 4.0098,
         4.0283, 4.0383],
        [  -inf,   -inf,   -inf, 2.7719, 3.3321, 3.6737, 3.8619, 3.9645, 4.0135,
         4.0323, 4.0424],
        [  -inf,   -inf,   -inf, 2.7726, 3.3337, 3.6763, 3.8652, 3.9679, 4.0173,
         4.0361, 4.0464],
        [  -inf,   -inf,   -inf, 2.7733, 3.3353, 3.6786, 3.8683, 3.9712, 4.0210,
         4.0399, 4.0502],
        [  -inf,   -inf,   -inf, 2.7739, 3.3369, 3.6810, 3.8715, 3.9746, 4.0248,
         4.0437, 4.0540],
        [  -inf,   -inf,   -inf, 2.7746, 3.3385, 3.6833, 3.8747, 3.9779, 4.0285,
         4.0475, 4.0577],
        [  -inf,   -inf,   -inf, 2.7753, 3.3400, 3.6857, 3.8778, 3.9812, 4.0322,
         4.0513, 4.0615],
        [  -inf,   -inf,   -inf, 2.7759, 3.3414, 3.6880, 3.8810, 3.9846, 4.0359,
         4.0550, 4.0653],
        [  -inf,   -inf,   -inf, 2.7766, 3.3429, 3.6903, 3.8841, 3.9879, 4.0396,
         4.0588, 4.0691],
        [  -inf,   -inf,   -inf, 2.7771, 3.3445, 3.6926, 3.8872, 3.9912, 4.0433,
         4.0626, 4.0729]])
tensor(0.0162) tensor(2.4222) (64, 6)
