tensor([[  -inf,   -inf,   -inf,   -inf,   -inf,   -inf,   -inf,   -inf,   -inf,
           -inf,   -inf],
        [  -inf, 1.0000, 1.0000, 1.0000, 1.0000, 1.0000, 1.0000, 1.0000, 1.0000,
         1.0000, 1.0000],
        [  -inf,   -inf, 1.6677, 1.6677, 1.6677, 1.6677, 1.6677, 1.6677, 1.6677,
         1.6677, 1.6677],
        [  -inf,   -inf, 1.7853, 2.1134, 2.1134, 2.1134, 2.1134, 2.1134, 2.1134,
         2.1134, 2.1134],
        [  -inf,   -inf, 1.8345, 2.2311, 2.4111, 2.4111, 2.4111, 2.4111, 2.4111,
         2.4111, 2.4111],
        [  -inf,   -inf, 1.8637, 2.3096, 2.5287, 2.6098, 2.6098, 2.6098, 2.6098,
         2.6098, 2.6098],
        [  -inf,   -inf, 1.8824, 2.3882, 2.6073, 2.7274, 2.7424, 2.7424, 2.7424,
         2.7424, 2.7424],
        [  -inf,   -inf, 1.8951, 2.4374, 2.6858, 2.8060, 2.8601, 2.8601, 2.8601,
         2.8601, 2.8601],
        [  -inf,   -inf, 1.9042, 2.4702, 2.7383, 2.8845, 2.9387, 2.9487, 2.9487,
         2.9487, 2.9487],
        [  -inf,   -inf, 1.9115, 2.5030, 2.7907, 2.9370, 3.0172, 3.0272, 3.0272,
         3.0272, 3.0272],
        [  -inf,   -inf, 1.9182, 2.5322, 2.8432, 2.9894, 3.0697, 3.1058, 3.1058,
         3.1058, 3.1058],
        [  -inf,   -inf, 1.9224, 2.5517, 2.8923, 3.0419, 3.1221, 3.1582, 3.1649,
         3.1649, 3.1649],
        [  -inf,   -inf, 1.9260, 2.5712, 2.9252, 3.0910, 3.1746, 3.2107, 3.2174,
         3.2174, 3.2174],
        [  -inf,   -inf, 1.9297, 2.5899, 2.9580, 3.1261, 3.2237, 3.2631, 3.2698,
         3.2698, 3.2698],
        [  -inf,   -inf, 1.9333, 2.6038, 2.9872, 3.1611, 3.2587, 3.3123, 3.3223,
         3.3223, 3.3223],
        [  -inf,   -inf, 1.9364, 2.6165, 3.0091, 3.1961, 3.2938, 3.3473, 3.3714,
         3.3714, 3.3714],
        [  -inf,   -inf, 1.9388, 2.6290, 3.0310, 3.2311, 3.3288, 3.3823, 3.4065,
         3.4109, 3.4109],
        [  -inf,   -inf, 1.9409, 2.6415, 3.0529, 3.2639, 3.3638, 3.4173, 3.4415,
         3.4459, 3.4459],
        [  -inf,   -inf, 1.9423, 2.6506, 3.0724, 3.2968, 3.3966, 3.4524, 3.4765,
         3.4810, 3.4810],
        [  -inf,   -inf, 1.9445, 2.6591, 3.0919, 3.3260, 3.4294, 3.4852, 3.5115,
         3.5160, 3.5160],
        [  -inf,   -inf, 1.9458, 2.6675, 3.1107, 3.3479, 3.4586, 3.5180, 3.5443,
         3.5510, 3.5510],
        [  -inf,   -inf, 1.9475, 2.6749, 3.1245, 3.3698, 3.4820, 3.5472, 3.5772,
         3.5838, 3.5838],
        [  -inf,   -inf, 1.9492, 2.6815, 3.1375, 3.3917, 3.5054, 3.5706, 3.6064,
         3.6166, 3.6166],
        [  -inf,   -inf, 1.9500, 2.6876, 3.1505, 3.4112, 3.5288, 3.5940, 3.6297,
         3.6458, 3.6458],
        [  -inf,   -inf, 1.9512, 2.6937, 3.1636, 3.4307, 3.5522, 3.6174, 3.6531,
         3.6692, 3.6722],
        [  -inf,   -inf, 1.9521, 2.6995, 3.1762, 3.4494, 3.5755, 3.6407, 3.6765,
         3.6926, 3.6956],
        [  -inf,   -inf, 1.9528, 2.7052, 3.1887, 3.4641, 3.5975, 3.6641, 3.6999,
         3.7160, 3.7190],
        [  -inf,   -inf, 1.9543, 2.7101, 3.2013, 3.4787, 3.6194, 3.6860, 3.7233,
         3.7394, 3.7423],
        [  -inf,   -inf, 1.9551, 2.7150, 3.2105, 3.4933, 3.6413, 3.7079, 3.7452,
         3.7627, 3.7657],
        [  -inf,   -inf, 1.9562, 2.7195, 3.2197, 3.5080, 3.6608, 3.7299, 3.7671,
         3.7847, 3.7891],
        [  -inf,   -inf, 1.9568, 2.7239, 3.2290, 3.5218, 3.6803, 3.7494, 3.7890,
         3.8066, 3.8110],
        [  -inf,   -inf, 1.9579, 2.7281, 3.2381, 3.5348, 3.6990, 3.7689, 3.8085,
         3.8285, 3.8329],
        [  -inf,   -inf, 1.9587, 2.7317, 3.2466, 3.5478, 3.7136, 3.7876, 3.8280,
         3.8480, 3.8548],
        [  -inf,   -inf, 1.9591, 2.7355, 3.2550, 3.5609, 3.7283, 3.8032, 3.8467,
         3.8675, 3.8743],
        [  -inf,   -inf,   -inf, 2.7391, 3.2634, 3.5735, 3.7429, 3.8188, 3.8623,
         3.8862, 3.8938],
        [  -inf,   -inf,   -inf, 2.7425, 3.2717, 3.5861, 3.7575, 3.8344, 3.8779,
         3.9018, 3.9126],
        [  -inf,   -inf,   -inf, 2.7459, 3.2801, 3.5986, 3.7714, 3.8500, 3.8936,
         3.9174, 3.9282],
        [  -inf,   -inf,   -inf, 2.7490, 3.2874, 3.6078, 3.7844, 3.8656, 3.9092,
         3.9330, 3.9438],
        [  -inf,   -inf,   -inf, 2.7518, 3.2941, 3.6170, 3.7974, 3.8812, 3.9248,
         3.9487, 3.9594],
        [  -inf,   -inf,   -inf, 2.7546, 3.3001, 3.6263, 3.8104, 3.8959, 3.9404,
         3.9643, 3.9750],
        [  -inf,   -inf,   -inf, 2.7571, 3.3062, 3.6354, 3.8231, 3.9105, 3.9550,
         3.9799, 3.9906],
        [  -inf,   -inf,   -inf, 2.7595, 3.3120, 3.6441, 3.8356, 3.9251, 3.9697,
         3.9945, 4.0062],
        [  -inf,   -inf,   -inf, 2.7620, 3.3178, 3.6528, 3.8481, 3.9398, 3.9843,
         4.0091, 4.0209],
        [  -inf,   -inf,   -inf, 2.7644, 3.3234, 3.6615, 3.8579, 3.9536, 3.9989,
         4.0238, 4.0355],
        [  -inf,   -inf,   -inf, 2.7668, 3.3291, 3.6702, 3.8677, 3.9666, 4.0128,
         4.0384, 4.0501],
        [  -inf,   -inf,   -inf, 2.7692, 3.3348, 3.6786, 3.8774, 3.9797, 4.0258,
         4.0522, 4.0648],
        [  -inf,   -inf,   -inf, 2.7716, 3.3397, 3.6871, 3.8872, 3.9927, 4.0388,
         4.0653, 4.0786],
        [  -inf,   -inf,   -inf, 2.7740, 3.3446, 3.6955, 3.8970, 4.0054, 4.0518,
         4.0783, 4.0916],
        [  -inf,   -inf,   -inf, 2.7762, 3.3490, 3.7038, 3.9062, 4.0179, 4.0645,
         4.0913, 4.1046],
        [  -inf,   -inf,   -inf, 2.7784, 3.3534, 3.7122, 3.9155, 4.0304, 4.0770,
         4.1040, 4.1177],
        [  -inf,   -inf,   -inf, 2.7805, 3.3576, 3.7195, 3.9247, 4.0401, 4.0895,
         4.1165, 4.1304],
        [  -inf,   -inf,   -inf, 2.7826, 3.3617, 3.7261, 3.9338, 4.0499, 4.0999,
         4.1290, 4.1429],
        [  -inf,   -inf,   -inf, 2.7846, 3.3658, 3.7323, 3.9425, 4.0597, 4.1104,
         4.1394, 4.1554],
        [  -inf,   -inf,   -inf, 2.7862, 3.3698, 3.7385, 3.9512, 4.0694, 4.1208,
         4.1498, 4.1658],
        [  -inf,   -inf,   -inf, 2.7882, 3.3737, 3.7447, 3.9599, 4.0792, 4.1312,
         4.1603, 4.1762],
        [  -inf,   -inf,   -inf, 2.7898, 3.3775, 3.7508, 3.9686, 4.0885, 4.1416,
         4.1707, 4.1866],
        [  -inf,   -inf,   -inf, 2.7914, 3.3814, 3.7570, 3.9770, 4.0977, 4.1520,
         4.1811, 4.1971],
        [  -inf,   -inf,   -inf, 2.7929, 3.3853, 3.7632, 3.9855, 4.1069, 4.1625,
         4.1915, 4.2075],
        [  -inf,   -inf,   -inf, 2.7945, 3.3891, 3.7692, 3.9939, 4.1160, 4.1722,
         4.2020, 4.2179],
        [  -inf,   -inf,   -inf, 2.7960, 3.3930, 3.7753, 4.0022, 4.1247, 4.1820,
         4.2117, 4.2283],
        [  -inf,   -inf,   -inf, 2.7975, 3.3966, 3.7811, 4.0106, 4.1334, 4.1918,
         4.2215, 4.2381],
        [  -inf,   -inf,   -inf, 2.7990, 3.4003, 3.7869, 4.0179, 4.1421, 4.2015,
         4.2313, 4.2479],
        [  -inf,   -inf,   -inf, 2.8005, 3.4039, 3.7925, 4.0246, 4.1508, 4.2113,
         4.2410, 4.2576],
        [  -inf,   -inf,   -inf, 2.8019, 3.4073, 3.7982, 4.0307, 4.1593, 4.2206,
         4.2508, 4.2674],
        [  -inf,   -inf,   -inf, 2.8034, 3.4108, 3.8039, 4.0369, 4.1678, 4.2298,
         4.2600, 4.2772],
        [  -inf,   -inf,   -inf, 2.8048, 3.4141, 3.8094, 4.0431, 4.1761, 4.2390,
         4.2693, 4.2864],
        [  -inf,   -inf,   -inf, 2.8062, 3.4173, 3.8150, 4.0492, 4.1845, 4.2481,
         4.2785, 4.2956],
        [  -inf,   -inf,   -inf, 2.8074, 3.4206, 3.8206, 4.0554, 4.1928, 4.2568,
         4.2876, 4.3049],
        [  -inf,   -inf,   -inf, 2.8086, 3.4237, 3.8262, 4.0616, 4.2001, 4.2655,
         4.2963, 4.3140],
        [  -inf,   -inf,   -inf, 2.8098, 3.4266, 3.8311, 4.0677, 4.2068, 4.2742,
         4.3050, 4.3227],
        [  -inf,   -inf,   -inf, 2.8109, 3.4296, 3.8360, 4.0737, 4.2133, 4.2829,
         4.3137, 4.3314],
        [  -inf,   -inf,   -inf, 2.8120, 3.4326, 3.8404, 4.0795, 4.2198, 4.2914,
         4.3224, 4.3401],
        [  -inf,   -inf,   -inf, 2.8130, 3.4354, 3.8448, 4.0853, 4.2264, 4.2999,
         4.3309, 4.3488],
        [  -inf,   -inf,   -inf, 2.8140, 3.4382, 3.8490, 4.0911, 4.2329, 4.3082,
         4.3393, 4.3572],
        [  -inf,   -inf,   -inf, 2.8151, 3.4407, 3.8531, 4.0969, 4.2394, 4.3166,
         4.3477, 4.3657],
        [  -inf,   -inf,   -inf, 2.8161, 3.4431, 3.8572, 4.1028, 4.2459, 4.3249,
         4.3560, 4.3741],
        [  -inf,   -inf,   -inf, 2.8171, 3.4456, 3.8612, 4.1085, 4.2521, 4.3322,
         4.3644, 4.3824],
        [  -inf,   -inf,   -inf, 2.8182, 3.4480, 3.8651, 4.1143, 4.2583, 4.3389,
         4.3717, 4.3908],
        [  -inf,   -inf,   -inf, 2.8192, 3.4504, 3.8689, 4.1200, 4.2644, 4.3454,
         4.3787, 4.3981],
        [  -inf,   -inf,   -inf, 2.8202, 3.4528, 3.8728, 4.1256, 4.2706, 4.3519,
         4.3856, 4.4051],
        [  -inf,   -inf,   -inf, 2.8213, 3.4552, 3.8767, 4.1313, 4.2768, 4.3585,
         4.3926, 4.4120],
        [  -inf,   -inf,   -inf, 2.8223, 3.4576, 3.8805, 4.1369, 4.2830, 4.3650,
         4.3996, 4.4190],
        [  -inf,   -inf,   -inf, 2.8232, 3.4598, 3.8844, 4.1424, 4.2890, 4.3715,
         4.4065, 4.4259],
        [  -inf,   -inf,   -inf, 2.8242, 3.4621, 3.8882, 4.1480, 4.2951, 4.3780,
         4.4135, 4.4329],
        [  -inf,   -inf,   -inf, 2.8251, 3.4644, 3.8919, 4.1536, 4.3009, 4.3842,
         4.4204, 4.4398],
        [  -inf,   -inf,   -inf, 2.8260, 3.4667, 3.8957, 4.1585, 4.3067, 4.3904,
         4.4274, 4.4468],
        [  -inf,   -inf,   -inf, 2.8270, 3.4690, 3.8995, 4.1634, 4.3125, 4.3965,
         4.4340, 4.4538],
        [  -inf,   -inf,   -inf, 2.8278, 3.4713, 3.9031, 4.1678, 4.3183, 4.4027,
         4.4406, 4.4604],
        [  -inf,   -inf,   -inf, 2.8287, 3.4735, 3.9068, 4.1723, 4.3241, 4.4089,
         4.4471, 4.4669],
        [  -inf,   -inf,   -inf, 2.8295, 3.4757, 3.9104, 4.1765, 4.3299, 4.4151,
         4.4536, 4.4735],
        [  -inf,   -inf,   -inf, 2.8304, 3.4779, 3.9139, 4.1806, 4.3357, 4.4211,
         4.4601, 4.4800],
        [  -inf,   -inf,   -inf, 2.8312, 3.4799, 3.9173, 4.1847, 4.3413, 4.4272,
         4.4667, 4.4865],
        [  -inf,   -inf,   -inf, 2.8321, 3.4820, 3.9206, 4.1888, 4.3470, 4.4330,
         4.4732, 4.4930],
        [  -inf,   -inf,   -inf, 2.8329, 3.4838, 3.9238, 4.1930, 4.3527, 4.4388,
         4.4794, 4.4995],
        [  -inf,   -inf,   -inf, 2.8337, 3.4857, 3.9271, 4.1971, 4.3582, 4.4446,
         4.4855, 4.5057],
        [  -inf,   -inf,   -inf, 2.8345, 3.4876, 3.9302, 4.2012, 4.3638, 4.4504,
         4.4917, 4.5119],
        [  -inf,   -inf,   -inf, 2.8353, 3.4893, 3.9331, 4.2053, 4.3694, 4.4562,
         4.4979, 4.5181],
        [  -inf,   -inf,   -inf, 2.8360, 3.4912, 3.9361, 4.2094, 4.3750, 4.4620,
         4.5040, 4.5242],
        [  -inf,   -inf,   -inf, 2.8367, 3.4928, 3.9391, 4.2136, 4.3799, 4.4678,
         4.5102, 4.5304],
        [  -inf,   -inf,   -inf, 2.8374, 3.4945, 3.9419, 4.2177, 4.3848, 4.4734,
         4.5163, 4.5366],
        [  -inf,   -inf,   -inf, 2.8381, 3.4961, 3.9447, 4.2217, 4.3892, 4.4791,
         4.5224, 4.5426],
        [  -inf,   -inf,   -inf, 2.8387, 3.4978, 3.9474, 4.2258, 4.3936, 4.4848,
         4.5282, 4.5487],
        [  -inf,   -inf,   -inf, 2.8394, 3.4994, 3.9501, 4.2298, 4.3978, 4.4903,
         4.5340, 4.5545],
        [  -inf,   -inf,   -inf, 2.8402, 3.5010, 3.9528, 4.2337, 4.4020, 4.4959,
         4.5398, 4.5603],
        [  -inf,   -inf,   -inf, 2.8408, 3.5026, 3.9555, 4.2376, 4.4061, 4.5015,
         4.5456, 4.5661],
        [  -inf,   -inf,   -inf, 2.8414, 3.5042, 3.9581, 4.2414, 4.4102, 4.5071,
         4.5514, 4.5719],
        [  -inf,   -inf,   -inf, 2.8421, 3.5059, 3.9607, 4.2453, 4.4143, 4.5120,
         4.5572, 4.5777],
        [  -inf,   -inf,   -inf, 2.8427, 3.5075, 3.9632, 4.2492, 4.4184, 4.5169,
         4.5629, 4.5835],
        [  -inf,   -inf,   -inf, 2.8433, 3.5091, 3.9658, 4.2530, 4.4226, 4.5213,
         4.5686, 4.5893],
        [  -inf,   -inf,   -inf, 2.8439, 3.5107, 3.9684, 4.2568, 4.4267, 4.5257,
         4.5743, 4.5950],
        [  -inf,   -inf,   -inf, 2.8444, 3.5123, 3.9710, 4.2606, 4.4308, 4.5301,
         4.5799, 4.6006],
        [  -inf,   -inf,   -inf, 2.8450, 3.5138, 3.9736, 4.2643, 4.4349, 4.5344,
         4.5855, 4.6063],
        [  -inf,   -inf,   -inf, 2.8455, 3.5154, 3.9761, 4.2681, 4.4390, 4.5388,
         4.5911, 4.6119],
        [  -inf,   -inf,   -inf, 2.8461, 3.5169, 3.9787, 4.2718, 4.4431, 4.5432,
         4.5966, 4.6174],
        [  -inf,   -inf,   -inf, 2.8467, 3.5185, 3.9813, 4.2756, 4.4472, 4.5475,
         4.6022, 4.6230],
        [  -inf,   -inf,   -inf, 2.8472, 3.5201, 3.9839, 4.2793, 4.4512, 4.5519,
         4.6071, 4.6286],
        [  -inf,   -inf,   -inf, 2.8478, 3.5216, 3.9865, 4.2830, 4.4551, 4.5562,
         4.6120, 4.6335],
        [  -inf,   -inf,   -inf, 2.8482, 3.5231, 3.9890, 4.2867, 4.4590, 4.5604,
         4.6165, 4.6384],
        [  -inf,   -inf,   -inf, 2.8487, 3.5246, 3.9914, 4.2904, 4.4628, 4.5645,
         4.6209, 4.6430],
        [  -inf,   -inf,   -inf, 2.8492, 3.5260, 3.9939, 4.2941, 4.4667, 4.5687,
         4.6252, 4.6477],
        [  -inf,   -inf,   -inf, 2.8496, 3.5275, 3.9963, 4.2977, 4.4706, 4.5728,
         4.6296, 4.6523],
        [  -inf,   -inf,   -inf, 2.8501, 3.5290, 3.9987, 4.3011, 4.4745, 4.5769,
         4.6340, 4.6570],
        [  -inf,   -inf,   -inf, 2.8505, 3.5304, 4.0011, 4.3045, 4.4783, 4.5810,
         4.6383, 4.6616],
        [  -inf,   -inf,   -inf, 2.8509, 3.5319, 4.0035, 4.3078, 4.4822, 4.5851,
         4.6427, 4.6663],
        [  -inf,   -inf,   -inf, 2.8514, 3.5334, 4.0058, 4.3111, 4.4861, 4.5893,
         4.6470, 4.6709],
        [  -inf,   -inf,   -inf, 2.8518, 3.5348, 4.0081, 4.3144, 4.4899, 4.5934,
         4.6514, 4.6755],
        [  -inf,   -inf,   -inf, 2.8522, 3.5363, 4.0104, 4.3174, 4.4938, 4.5975,
         4.6556, 4.6802],
        [  -inf,   -inf,   -inf, 2.8526, 3.5377, 4.0127, 4.3204, 4.4976, 4.6016,
         4.6597, 4.6846],
        [  -inf,   -inf,   -inf, 2.8530, 3.5391, 4.0150, 4.3233, 4.5014, 4.6057,
         4.6638, 4.6891]])
tensor(0.0144) tensor(2.7181) (64, 7)
