tensor([[  -inf,   -inf,   -inf,   -inf,   -inf,   -inf,   -inf,   -inf,   -inf,
           -inf,   -inf],
        [  -inf, 1.0000, 1.0000, 1.0000, 1.0000, 1.0000, 1.0000, 1.0000, 1.0000,
         1.0000, 1.0000],
        [  -inf,   -inf, 1.6694, 1.6694, 1.6694, 1.6694, 1.6694, 1.6694, 1.6694,
         1.6694, 1.6694],
        [  -inf,   -inf, 1.7661, 2.1175, 2.1175, 2.1175, 2.1175, 2.1175, 2.1175,
         2.1175, 2.1175],
        [  -inf,   -inf, 1.8085, 2.2142, 2.4175, 2.4175, 2.4175, 2.4175, 2.4175,
         2.4175, 2.4175],
        [  -inf,   -inf, 1.8311, 2.2789, 2.5142, 2.6182, 2.6182, 2.6182, 2.6182,
         2.6182, 2.6182],
        [  -inf,   -inf, 1.8463, 2.3437, 2.5789, 2.7149, 2.7527, 2.7527, 2.7527,
         2.7527, 2.7527],
        [  -inf,   -inf, 1.8578, 2.3861, 2.6436, 2.7797, 2.8494, 2.8494, 2.8494,
         2.8494, 2.8494],
        [  -inf,   -inf, 1.8658, 2.4144, 2.6869, 2.8444, 2.9141, 2.9393, 2.9393,
         2.9393, 2.9393],
        [  -inf,   -inf, 1.8733, 2.4428, 2.7303, 2.8877, 2.9788, 3.0041, 3.0041,
         3.0041, 3.0041],
        [  -inf,   -inf, 1.8790, 2.4654, 2.7736, 2.9311, 3.0221, 3.0688, 3.0688,
         3.0688, 3.0688],
        [  -inf,   -inf, 1.8828, 2.4806, 2.8160, 2.9744, 3.0655, 3.1121, 3.1290,
         3.1290, 3.1290],
        [  -inf,   -inf, 1.8867, 2.4958, 2.8444, 3.0168, 3.1088, 3.1554, 3.1723,
         3.1723, 3.1723],
        [  -inf,   -inf, 1.8903, 2.5109, 2.8728, 3.0458, 3.1512, 3.1988, 3.2157,
         3.2157, 3.2157],
        [  -inf,   -inf, 1.8942, 2.5224, 2.8954, 3.0748, 3.1802, 3.2412, 3.2590,
         3.2590, 3.2590],
        [  -inf,   -inf, 1.8959, 2.5326, 2.9144, 3.1038, 3.2092, 3.2702, 3.3014,
         3.3014, 3.3014],
        [  -inf,   -inf, 1.8986, 2.5427, 2.9334, 3.1328, 3.2382, 3.2992, 3.3304,
         3.3417, 3.3417],
        [  -inf,   -inf, 1.9001, 2.5521, 2.9524, 3.1612, 3.2672, 3.3282, 3.3594,
         3.3707, 3.3707],
        [  -inf,   -inf, 1.9020, 2.5601, 2.9676, 3.1896, 3.2956, 3.3572, 3.3884,
         3.3997, 3.3997],
        [  -inf,   -inf, 1.9032, 2.5678, 2.9827, 3.2122, 3.3240, 3.3856, 3.4174,
         3.4287, 3.4287],
        [  -inf,   -inf, 1.9047, 2.5755, 2.9978, 3.2312, 3.3466, 3.4140, 3.4458,
         3.4577, 3.4577],
        [  -inf,   -inf, 1.9058, 2.5830, 3.0093, 3.2502, 3.3660, 3.4366, 3.4742,
         3.4861, 3.4861],
        [  -inf,   -inf, 1.9072, 2.5887, 3.0195, 3.2692, 3.3854, 3.4560, 3.4968,
         3.5145, 3.5145],
        [  -inf,   -inf, 1.9083, 2.5940, 3.0297, 3.2844, 3.4048, 3.4754, 3.5162,
         3.5371, 3.5415],
        [  -inf,   -inf, 1.9094, 2.5994, 3.0398, 3.2995, 3.4243, 3.4948, 3.5356,
         3.5565, 3.5641],
        [  -inf,   -inf, 1.9103, 2.6044, 3.0499, 3.3146, 3.4437, 3.5142, 3.5550,
         3.5759, 3.5835],
        [  -inf,   -inf, 1.9119, 2.6094, 3.0601, 3.3274, 3.4627, 3.5336, 3.5745,
         3.5954, 3.6029],
        [  -inf,   -inf, 1.9129, 2.6135, 3.0694, 3.3401, 3.4817, 3.5526, 3.5939,
         3.6148, 3.6223],
        [  -inf,   -inf, 1.9140, 2.6176, 3.0774, 3.3528, 3.5007, 3.5716, 3.6129,
         3.6342, 3.6418],
        [  -inf,   -inf, 1.9148, 2.6214, 3.0851, 3.3655, 3.5159, 3.5906, 3.6319,
         3.6532, 3.6612],
        [  -inf,   -inf, 1.9156, 2.6253, 3.0928, 3.3770, 3.5310, 3.6058, 3.6509,
         3.6722, 3.6802],
        [  -inf,   -inf, 1.9165, 2.6291, 3.1003, 3.3872, 3.5461, 3.6210, 3.6661,
         3.6912, 3.6992],
        [  -inf,   -inf, 1.9173, 2.6330, 3.1071, 3.3974, 3.5588, 3.6361, 3.6812,
         3.7064, 3.7182],
        [  -inf,   -inf, 1.9183, 2.6366, 3.1139, 3.4075, 3.5716, 3.6491, 3.6963,
         3.7215, 3.7334],
        [  -inf,   -inf,   -inf, 2.6405, 3.1207, 3.4176, 3.5843, 3.6621, 3.7093,
         3.7366, 3.7485],
        [  -inf,   -inf,   -inf, 2.6431, 3.1270, 3.4277, 3.5970, 3.6751, 3.7223,
         3.7496, 3.7636],
        [  -inf,   -inf,   -inf, 2.6457, 3.1333, 3.4371, 3.6085, 3.6881, 3.7353,
         3.7626, 3.7766],
        [  -inf,   -inf,   -inf, 2.6482, 3.1395, 3.4451, 3.6187, 3.7011, 3.7483,
         3.7756, 3.7896],
        [  -inf,   -inf,   -inf, 2.6508, 3.1452, 3.4528, 3.6289, 3.7141, 3.7613,
         3.7886, 3.8026],
        [  -inf,   -inf,   -inf, 2.6534, 3.1506, 3.4605, 3.6390, 3.7268, 3.7743,
         3.8016, 3.8156],
        [  -inf,   -inf,   -inf, 2.6559, 3.1559, 3.4680, 3.6491, 3.7395, 3.7870,
         3.8146, 3.8286],
        [  -inf,   -inf,   -inf, 2.6584, 3.1611, 3.4748, 3.6592, 3.7522, 3.7998,
         3.8274, 3.8416],
        [  -inf,   -inf,   -inf, 2.6608, 3.1662, 3.4816, 3.6686, 3.7650, 3.8125,
         3.8401, 3.8543],
        [  -inf,   -inf,   -inf, 2.6630, 3.1714, 3.4884, 3.6771, 3.7765, 3.8252,
         3.8528, 3.8671],
        [  -inf,   -inf,   -inf, 2.6652, 3.1764, 3.4952, 3.6856, 3.7866, 3.8367,
         3.8655, 3.8798],
        [  -inf,   -inf,   -inf, 2.6674, 3.1814, 3.5020, 3.6941, 3.7968, 3.8469,
         3.8770, 3.8925],
        [  -inf,   -inf,   -inf, 2.6696, 3.1855, 3.5088, 3.7026, 3.8069, 3.8570,
         3.8872, 3.9040],
        [  -inf,   -inf,   -inf, 2.6714, 3.1896, 3.5155, 3.7112, 3.8171, 3.8672,
         3.8974, 3.9142],
        [  -inf,   -inf,   -inf, 2.6732, 3.1934, 3.5218, 3.7192, 3.8272, 3.8773,
         3.9075, 3.9243],
        [  -inf,   -inf,   -inf, 2.6748, 3.1973, 3.5281, 3.7269, 3.8365, 3.8874,
         3.9176, 3.9345],
        [  -inf,   -inf,   -inf, 2.6766, 3.2011, 3.5343, 3.7345, 3.8451, 3.8968,
         3.9277, 3.9446],
        [  -inf,   -inf,   -inf, 2.6781, 3.2050, 3.5400, 3.7420, 3.8536, 3.9055,
         3.9371, 3.9547],
        [  -inf,   -inf,   -inf, 2.6795, 3.2086, 3.5454, 3.7489, 3.8621, 3.9142,
         3.9458, 3.9641],
        [  -inf,   -inf,   -inf, 2.6810, 3.2125, 3.5507, 3.7557, 3.8706, 3.9229,
         3.9545, 3.9728],
        [  -inf,   -inf,   -inf, 2.6825, 3.2160, 3.5559, 3.7625, 3.8791, 3.9316,
         3.9632, 3.9815],
        [  -inf,   -inf,   -inf, 2.6837, 3.2196, 3.5610, 3.7693, 3.8871, 3.9403,
         3.9719, 3.9902],
        [  -inf,   -inf,   -inf, 2.6852, 3.2232, 3.5662, 3.7760, 3.8948, 3.9490,
         3.9806, 3.9989],
        [  -inf,   -inf,   -inf, 2.6864, 3.2266, 3.5712, 3.7828, 3.9025, 3.9577,
         3.9893, 4.0076],
        [  -inf,   -inf,   -inf, 2.6877, 3.2299, 3.5762, 3.7896, 3.9100, 3.9662,
         3.9980, 4.0163],
        [  -inf,   -inf,   -inf, 2.6889, 3.2333, 3.5808, 3.7959, 3.9168, 3.9747,
         4.0065, 4.0250],
        [  -inf,   -inf,   -inf, 2.6901, 3.2360, 3.5853, 3.8021, 3.9236, 3.9832,
         4.0150, 4.0335],
        [  -inf,   -inf,   -inf, 2.6912, 3.2388, 3.5899, 3.8084, 3.9304, 3.9917,
         4.0235, 4.0420],
        [  -inf,   -inf,   -inf, 2.6924, 3.2415, 3.5945, 3.8141, 3.9372, 4.0002,
         4.0320, 4.0505],
        [  -inf,   -inf,   -inf, 2.6936, 3.2443, 3.5987, 3.8194, 3.9440, 4.0082,
         4.0406, 4.0590],
        [  -inf,   -inf,   -inf, 2.6948, 3.2470, 3.6028, 3.8248, 3.9508, 4.0159,
         4.0486, 4.0675],
        [  -inf,   -inf,   -inf, 2.6959, 3.2498, 3.6070, 3.8299, 3.9576, 4.0236,
         4.0563, 4.0755],
        [  -inf,   -inf,   -inf, 2.6971, 3.2524, 3.6112, 3.8351, 3.9638, 4.0311,
         4.0640, 4.0832],
        [  -inf,   -inf,   -inf, 2.6982, 3.2550, 3.6154, 3.8402, 3.9701, 4.0379,
         4.0715, 4.0909],
        [  -inf,   -inf,   -inf, 2.6993, 3.2575, 3.6196, 3.8453, 3.9763, 4.0448,
         4.0783, 4.0984],
        [  -inf,   -inf,   -inf, 2.7004, 3.2601, 3.6237, 3.8503, 3.9820, 4.0516,
         4.0851, 4.1053],
        [  -inf,   -inf,   -inf, 2.7014, 3.2627, 3.6278, 3.8548, 3.9877, 4.0583,
         4.0919, 4.1121],
        [  -inf,   -inf,   -inf, 2.7025, 3.2652, 3.6316, 3.8594, 3.9934, 4.0651,
         4.0987, 4.1189],
        [  -inf,   -inf,   -inf, 2.7035, 3.2678, 3.6355, 3.8640, 3.9991, 4.0719,
         4.1054, 4.1257],
        [  -inf,   -inf,   -inf, 2.7045, 3.2703, 3.6393, 3.8685, 4.0048, 4.0787,
         4.1122, 4.1324],
        [  -inf,   -inf,   -inf, 2.7054, 3.2728, 3.6431, 3.8731, 4.0105, 4.0849,
         4.1190, 4.1392],
        [  -inf,   -inf,   -inf, 2.7064, 3.2754, 3.6468, 3.8776, 4.0162, 4.0912,
         4.1253, 4.1460],
        [  -inf,   -inf,   -inf, 2.7073, 3.2778, 3.6506, 3.8821, 4.0216, 4.0975,
         4.1315, 4.1523],
        [  -inf,   -inf,   -inf, 2.7082, 3.2800, 3.6542, 3.8867, 4.0269, 4.1032,
         4.1378, 4.1585],
        [  -inf,   -inf,   -inf, 2.7091, 3.2822, 3.6578, 3.8912, 4.0321, 4.1089,
         4.1436, 4.1648],
        [  -inf,   -inf,   -inf, 2.7099, 3.2844, 3.6614, 3.8954, 4.0372, 4.1146,
         4.1494, 4.1706],
        [  -inf,   -inf,   -inf, 2.7108, 3.2865, 3.6648, 3.8996, 4.0424, 4.1203,
         4.1553, 4.1764],
        [  -inf,   -inf,   -inf, 2.7116, 3.2884, 3.6683, 3.9038, 4.0474, 4.1260,
         4.1611, 4.1822],
        [  -inf,   -inf,   -inf, 2.7125, 3.2901, 3.6717, 3.9080, 4.0524, 4.1317,
         4.1669, 4.1881],
        [  -inf,   -inf,   -inf, 2.7134, 3.2919, 3.6752, 3.9122, 4.0570, 4.1374,
         4.1727, 4.1939],
        [  -inf,   -inf,   -inf, 2.7142, 3.2936, 3.6786, 3.9164, 4.0616, 4.1427,
         4.1786, 4.1997],
        [  -inf,   -inf,   -inf, 2.7151, 3.2954, 3.6819, 3.9205, 4.0661, 4.1481,
         4.1844, 4.2055],
        [  -inf,   -inf,   -inf, 2.7159, 3.2971, 3.6853, 3.9246, 4.0707, 4.1532,
         4.1901, 4.2114],
        [  -inf,   -inf,   -inf, 2.7167, 3.2988, 3.6880, 3.9284, 4.0752, 4.1584,
         4.1958, 4.2171],
        [  -inf,   -inf,   -inf, 2.7174, 3.3006, 3.6908, 3.9323, 4.0798, 4.1635,
         4.2015, 4.2228],
        [  -inf,   -inf,   -inf, 2.7182, 3.3023, 3.6935, 3.9361, 4.0843, 4.1685,
         4.2072, 4.2285],
        [  -inf,   -inf,   -inf, 2.7190, 3.3040, 3.6963, 3.9399, 4.0888, 4.1736,
         4.2129, 4.2342],
        [  -inf,   -inf,   -inf, 2.7198, 3.3057, 3.6990, 3.9436, 4.0934, 4.1781,
         4.2186, 4.2399],
        [  -inf,   -inf,   -inf, 2.7206, 3.3074, 3.7017, 3.9474, 4.0976, 4.1827,
         4.2243, 4.2456],
        [  -inf,   -inf,   -inf, 2.7213, 3.3091, 3.7043, 3.9510, 4.1017, 4.1872,
         4.2296, 4.2513],
        [  -inf,   -inf,   -inf, 2.7221, 3.3108, 3.7070, 3.9546, 4.1059, 4.1918,
         4.2350, 4.2566],
        [  -inf,   -inf,   -inf, 2.7228, 3.3124, 3.7095, 3.9581, 4.1101, 4.1963,
         4.2401, 4.2620],
        [  -inf,   -inf,   -inf, 2.7235, 3.3140, 3.7121, 3.9616, 4.1143, 4.2009,
         4.2453, 4.2671],
        [  -inf,   -inf,   -inf, 2.7243, 3.3155, 3.7147, 3.9650, 4.1185, 4.2054,
         4.2504, 4.2723],
        [  -inf,   -inf,   -inf, 2.7250, 3.3169, 3.7172, 3.9685, 4.1226, 4.2100,
         4.2555, 4.2774],
        [  -inf,   -inf,   -inf, 2.7257, 3.3184, 3.7198, 3.9719, 4.1267, 4.2145,
         4.2605, 4.2824],
        [  -inf,   -inf,   -inf, 2.7264, 3.3199, 3.7223, 3.9753, 4.1305, 4.2187,
         4.2650, 4.2875],
        [  -inf,   -inf,   -inf, 2.7271, 3.3213, 3.7248, 3.9787, 4.1344, 4.2229,
         4.2696, 4.2920],
        [  -inf,   -inf,   -inf, 2.7277, 3.3228, 3.7273, 3.9820, 4.1382, 4.2271,
         4.2742, 4.2966],
        [  -inf,   -inf,   -inf, 2.7284, 3.3243, 3.7298, 3.9851, 4.1420, 4.2313,
         4.2787, 4.3011],
        [  -inf,   -inf,   -inf, 2.7290, 3.3257, 3.7322, 3.9881, 4.1457, 4.2354,
         4.2833, 4.3057],
        [  -inf,   -inf,   -inf, 2.7296, 3.3272, 3.7346, 3.9912, 4.1495, 4.2396,
         4.2878, 4.3102],
        [  -inf,   -inf,   -inf, 2.7302, 3.3286, 3.7370, 3.9942, 4.1531, 4.2437,
         4.2923, 4.3148],
        [  -inf,   -inf,   -inf, 2.7308, 3.3299, 3.7394, 3.9973, 4.1567, 4.2478,
         4.2969, 4.3193],
        [  -inf,   -inf,   -inf, 2.7313, 3.3313, 3.7416, 4.0001, 4.1603, 4.2517,
         4.3014, 4.3239],
        [  -inf,   -inf,   -inf, 2.7319, 3.3326, 3.7438, 4.0029, 4.1637, 4.2555,
         4.3056, 4.3284],
        [  -inf,   -inf,   -inf, 2.7325, 3.3338, 3.7461, 4.0057, 4.1672, 4.2594,
         4.3098, 4.3326],
        [  -inf,   -inf,   -inf, 2.7331, 3.3351, 3.7483, 4.0085, 4.1706, 4.2632,
         4.3140, 4.3368],
        [  -inf,   -inf,   -inf, 2.7337, 3.3363, 3.7505, 4.0113, 4.1741, 4.2670,
         4.3182, 4.3410],
        [  -inf,   -inf,   -inf, 2.7342, 3.3375, 3.7527, 4.0141, 4.1774, 4.2708,
         4.3224, 4.3452],
        [  -inf,   -inf,   -inf, 2.7347, 3.3387, 3.7549, 4.0169, 4.1808, 4.2746,
         4.3265, 4.3493],
        [  -inf,   -inf,   -inf, 2.7353, 3.3399, 3.7571, 4.0197, 4.1842, 4.2784,
         4.3306, 4.3535],
        [  -inf,   -inf,   -inf, 2.7358, 3.3411, 3.7590, 4.0225, 4.1872, 4.2822,
         4.3347, 4.3576],
        [  -inf,   -inf,   -inf, 2.7363, 3.3423, 3.7608, 4.0253, 4.1903, 4.2861,
         4.3386, 4.3617],
        [  -inf,   -inf,   -inf, 2.7368, 3.3434, 3.7626, 4.0281, 4.1933, 4.2899,
         4.3424, 4.3656],
        [  -inf,   -inf,   -inf, 2.7373, 3.3446, 3.7645, 4.0308, 4.1964, 4.2936,
         4.3463, 4.3695],
        [  -inf,   -inf,   -inf, 2.7377, 3.3458, 3.7663, 4.0336, 4.1994, 4.2974,
         4.3501, 4.3734],
        [  -inf,   -inf,   -inf, 2.7381, 3.3470, 3.7681, 4.0363, 4.2025, 4.3010,
         4.3539, 4.3773],
        [  -inf,   -inf,   -inf, 2.7384, 3.3481, 3.7700, 4.0391, 4.2055, 4.3045,
         4.3577, 4.3812],
        [  -inf,   -inf,   -inf, 2.7388, 3.3493, 3.7718, 4.0418, 4.2085, 4.3081,
         4.3615, 4.3851],
        [  -inf,   -inf,   -inf, 2.7392, 3.3504, 3.7737, 4.0444, 4.2116, 4.3116,
         4.3653, 4.3890],
        [  -inf,   -inf,   -inf, 2.7395, 3.3515, 3.7755, 4.0470, 4.2146, 4.3150,
         4.3692, 4.3929],
        [  -inf,   -inf,   -inf, 2.7399, 3.3526, 3.7773, 4.0496, 4.2177, 4.3185,
         4.3730, 4.3968],
        [  -inf,   -inf,   -inf, 2.7402, 3.3536, 3.7792, 4.0522, 4.2205, 4.3219,
         4.3768, 4.4006],
        [  -inf,   -inf,   -inf, 2.7406, 3.3547, 3.7810, 4.0547, 4.2233, 4.3253,
         4.3805, 4.4045]])
tensor(0.0152) tensor(2.5765) (64, 7)
