tensor([[  -inf,   -inf,   -inf,   -inf,   -inf,   -inf,   -inf,   -inf,   -inf,
           -inf,   -inf],
        [  -inf, 1.0000, 1.0000, 1.0000, 1.0000, 1.0000, 1.0000, 1.0000, 1.0000,
         1.0000, 1.0000],
        [  -inf,   -inf, 1.7743, 1.7743, 1.7743, 1.7743, 1.7743, 1.7743, 1.7743,
         1.7743, 1.7743],
        [  -inf,   -inf, 1.8542, 2.3738, 2.3738, 2.3738, 2.3738, 2.3738, 2.3738,
         2.3738, 2.3738],
        [  -inf,   -inf, 1.8879, 2.4537, 2.8381, 2.8381, 2.8381, 2.8381, 2.8381,
         2.8381, 2.8381],
        [  -inf,   -inf, 1.9082, 2.5155, 2.9179, 3.1975, 3.1975, 3.1975, 3.1975,
         3.1975, 3.1975],
        [  -inf,   -inf, 1.9196, 2.5774, 2.9798, 3.2774, 3.4758, 3.4758, 3.4758,
         3.4758, 3.4758],
        [  -inf,   -inf, 1.9275, 2.6111, 3.0416, 3.3392, 3.5557, 3.6913, 3.6913,
         3.6913, 3.6913],
        [  -inf,   -inf, 1.9321, 2.6372, 3.0895, 3.4011, 3.6175, 3.7712, 3.8582,
         3.8582, 3.8582],
        [  -inf,   -inf, 1.9381, 2.6633, 3.1374, 3.4489, 3.6794, 3.8330, 3.9381,
         3.9874, 3.9874],
        [  -inf,   -inf, 1.9415, 2.6836, 3.1853, 3.4968, 3.7273, 3.8949, 3.9999,
         4.0673, 4.0874],
        [  -inf,   -inf, 1.9449, 2.6993, 3.2190, 3.5447, 3.7752, 3.9428, 4.0618,
         4.1291, 4.1673],
        [  -inf,   -inf, 1.9475, 2.7151, 3.2451, 3.5818, 3.8230, 3.9907, 4.1096,
         4.1910, 4.2292],
        [  -inf,   -inf, 1.9505, 2.7265, 3.2712, 3.6189, 3.8601, 4.0385, 4.1575,
         4.2388, 4.2910],
        [  -inf,   -inf, 1.9522, 2.7353, 3.2915, 3.6559, 3.8972, 4.0756, 4.2054,
         4.2867, 4.3389],
        [  -inf,   -inf, 1.9542, 2.7441, 3.3117, 3.6930, 3.9343, 4.1127, 4.2425,
         4.3346, 4.3868],
        [  -inf,   -inf, 1.9559, 2.7521, 3.3319, 3.7267, 3.9713, 4.1498, 4.2796,
         4.3717, 4.4346],
        [  -inf,   -inf, 1.9570, 2.7584, 3.3522, 3.7529, 4.0051, 4.1868, 4.3166,
         4.4088, 4.4717],
        [  -inf,   -inf, 1.9590, 2.7646, 3.3679, 3.7790, 4.0338, 4.2206, 4.3537,
         4.4458, 4.5088],
        [  -inf,   -inf, 1.9604, 2.7708, 3.3836, 3.7993, 4.0625, 4.2493, 4.3874,
         4.4829, 4.5459],
        [  -inf,   -inf, 1.9614, 2.7753, 3.3958, 3.8195, 4.0912, 4.2780, 4.4161,
         4.5166, 4.5830],
        [  -inf,   -inf, 1.9623, 2.7813, 3.4079, 3.8397, 4.1199, 4.3067, 4.4449,
         4.5453, 4.6167],
        [  -inf,   -inf, 1.9633, 2.7860, 3.4201, 3.8599, 4.1486, 4.3354, 4.4736,
         4.5741, 4.6454],
        [  -inf,   -inf, 1.9642, 2.7895, 3.4315, 3.8756, 4.1747, 4.3641, 4.5023,
         4.6028, 4.6741],
        [  -inf,   -inf, 1.9650, 2.7942, 3.4403, 3.8913, 4.2008, 4.3902, 4.5310,
         4.6315, 4.7028],
        [  -inf,   -inf, 1.9661, 2.7977, 3.4491, 3.9070, 4.2211, 4.4163, 4.5571,
         4.6602, 4.7315],
        [  -inf,   -inf, 1.9667, 2.8011, 3.4571, 3.9227, 4.2413, 4.4386, 4.5832,
         4.6863, 4.7602],
        [  -inf,   -inf, 1.9671, 2.8045, 3.4639, 3.9383, 4.2616, 4.4608, 4.6054,
         4.7124, 4.7863],
        [  -inf,   -inf, 1.9675, 2.8072, 3.4708, 3.9540, 4.2818, 4.4830, 4.6277,
         4.7346, 4.8124],
        [  -inf,   -inf, 1.9681, 2.8101, 3.4776, 3.9661, 4.2975, 4.5053, 4.6499,
         4.7569, 4.8347],
        [  -inf,   -inf, 1.9689, 2.8128, 3.4840, 3.9783, 4.3132, 4.5275, 4.6721,
         4.7791, 4.8569],
        [  -inf,   -inf, 1.9694, 2.8155, 3.4901, 3.9905, 4.3289, 4.5497, 4.6943,
         4.8013, 4.8791],
        [  -inf,   -inf, 1.9700, 2.8182, 3.4963, 4.0019, 4.3445, 4.5700, 4.7166,
         4.8235, 4.9014],
        [  -inf,   -inf, 1.9707, 2.8208, 3.5013, 4.0113, 4.3602, 4.5902, 4.7369,
         4.8458, 4.9236],
        [  -inf,   -inf,   -inf, 2.8234, 3.5069, 4.0207, 4.3758, 4.6104, 4.7571,
         4.8661, 4.9458],
        [  -inf,   -inf,   -inf, 2.8260, 3.5118, 4.0301, 4.3880, 4.6307, 4.7773,
         4.8863, 4.9661],
        [  -inf,   -inf,   -inf, 2.8284, 3.5168, 4.0395, 4.4002, 4.6464, 4.7975,
         4.9065, 4.9863],
        [  -inf,   -inf,   -inf, 2.8304, 3.5217, 4.0484, 4.4123, 4.6621, 4.8147,
         4.9267, 5.0066],
        [  -inf,   -inf,   -inf, 2.8327, 3.5265, 4.0572, 4.4245, 4.6777, 4.8319,
         4.9439, 5.0268],
        [  -inf,   -inf,   -inf, 2.8347, 3.5312, 4.0652, 4.4366, 4.6934, 4.8492,
         4.9612, 5.0440],
        [  -inf,   -inf,   -inf, 2.8364, 3.5360, 4.0720, 4.4487, 4.7091, 4.8664,
         4.9784, 5.0612],
        [  -inf,   -inf,   -inf, 2.8384, 3.5407, 4.0788, 4.4608, 4.7247, 4.8836,
         4.9956, 5.0784],
        [  -inf,   -inf,   -inf, 2.8401, 3.5443, 4.0857, 4.4729, 4.7369, 4.9008,
         5.0128, 5.0956],
        [  -inf,   -inf,   -inf, 2.8417, 3.5489, 4.0920, 4.4843, 4.7490, 4.9180,
         5.0300, 5.1128],
        [  -inf,   -inf,   -inf, 2.8434, 3.5525, 4.0982, 4.4938, 4.7612, 4.9337,
         5.0472, 5.1300],
        [  -inf,   -inf,   -inf, 2.8449, 3.5561, 4.1044, 4.5032, 4.7733, 4.9494,
         5.0629, 5.1473],
        [  -inf,   -inf,   -inf, 2.8464, 3.5596, 4.1097, 4.5126, 4.7854, 4.9651,
         5.0786, 5.1630],
        [  -inf,   -inf,   -inf, 2.8480, 3.5630, 4.1150, 4.5220, 4.7976, 4.9807,
         5.0943, 5.1787],
        [  -inf,   -inf,   -inf, 2.8495, 3.5664, 4.1202, 4.5308, 4.8097, 4.9964,
         5.1099, 5.1943],
        [  -inf,   -inf,   -inf, 2.8510, 3.5694, 4.1255, 4.5397, 4.8218, 5.0121,
         5.1256, 5.2100],
        [  -inf,   -inf,   -inf, 2.8524, 3.5727, 4.1308, 4.5476, 4.8332, 5.0242,
         5.1413, 5.2256],
        [  -inf,   -inf,   -inf, 2.8538, 3.5754, 4.1361, 4.5549, 4.8426, 5.0364,
         5.1546, 5.2413],
        [  -inf,   -inf,   -inf, 2.8551, 3.5784, 4.1410, 4.5622, 4.8521, 5.0486,
         5.1679, 5.2546],
        [  -inf,   -inf,   -inf, 2.8564, 3.5811, 4.1460, 4.5695, 4.8615, 5.0607,
         5.1812, 5.2680],
        [  -inf,   -inf,   -inf, 2.8577, 3.5838, 4.1509, 4.5768, 4.8709, 5.0728,
         5.1946, 5.2813],
        [  -inf,   -inf,   -inf, 2.8589, 3.5865, 4.1557, 4.5841, 4.8803, 5.0849,
         5.2079, 5.2946],
        [  -inf,   -inf,   -inf, 2.8601, 3.5892, 4.1605, 4.5909, 4.8897, 5.0970,
         5.2212, 5.3079],
        [  -inf,   -inf,   -inf, 2.8612, 3.5918, 4.1652, 4.5978, 4.8991, 5.1092,
         5.2345, 5.3213],
        [  -inf,   -inf,   -inf, 2.8624, 3.5945, 4.1699, 4.6046, 4.9084, 5.1206,
         5.2479, 5.3346],
        [  -inf,   -inf,   -inf, 2.8635, 3.5971, 4.1737, 4.6110, 4.9178, 5.1300,
         5.2600, 5.3479],
        [  -inf,   -inf,   -inf, 2.8644, 3.5997, 4.1781, 4.6171, 4.9272, 5.1394,
         5.2722, 5.3601],
        [  -inf,   -inf,   -inf, 2.8654, 3.6020, 4.1819, 4.6233, 4.9360, 5.1488,
         5.2844, 5.3722],
        [  -inf,   -inf,   -inf, 2.8664, 3.6041, 4.1857, 4.6286, 4.9449, 5.1582,
         5.2965, 5.3844],
        [  -inf,   -inf,   -inf, 2.8673, 3.6064, 4.1896, 4.6339, 4.9528, 5.1676,
         5.3086, 5.3965],
        [  -inf,   -inf,   -inf, 2.8682, 3.6085, 4.1934, 4.6392, 4.9601, 5.1770,
         5.3207, 5.4087],
        [  -inf,   -inf,   -inf, 2.8692, 3.6106, 4.1972, 4.6445, 4.9674, 5.1864,
         5.3329, 5.4208],
        [  -inf,   -inf,   -inf, 2.8701, 3.6127, 4.2010, 4.6497, 4.9747, 5.1958,
         5.3450, 5.4329],
        [  -inf,   -inf,   -inf, 2.8710, 3.6147, 4.2047, 4.6550, 4.9820, 5.2052,
         5.3564, 5.4450],
        [  -inf,   -inf,   -inf, 2.8719, 3.6168, 4.2084, 4.6600, 4.9893, 5.2146,
         5.3658, 5.4564],
        [  -inf,   -inf,   -inf, 2.8727, 3.6189, 4.2121, 4.6649, 4.9961, 5.2234,
         5.3752, 5.4667],
        [  -inf,   -inf,   -inf, 2.8735, 3.6210, 4.2158, 4.6699, 5.0030, 5.2322,
         5.3846, 5.4771],
        [  -inf,   -inf,   -inf, 2.8742, 3.6230, 4.2194, 4.6746, 5.0098, 5.2402,
         5.3941, 5.4874],
        [  -inf,   -inf,   -inf, 2.8749, 3.6251, 4.2230, 4.6794, 5.0162, 5.2475,
         5.4034, 5.4977],
        [  -inf,   -inf,   -inf, 2.8757, 3.6271, 4.2266, 4.6842, 5.0223, 5.2548,
         5.4128, 5.5080],
        [  -inf,   -inf,   -inf, 2.8764, 3.6291, 4.2300, 4.6889, 5.0285, 5.2621,
         5.4222, 5.5183],
        [  -inf,   -inf,   -inf, 2.8772, 3.6311, 4.2333, 4.6929, 5.0342, 5.2693,
         5.4316, 5.5287],
        [  -inf,   -inf,   -inf, 2.8779, 3.6331, 4.2363, 4.6970, 5.0398, 5.2766,
         5.4410, 5.5390],
        [  -inf,   -inf,   -inf, 2.8786, 3.6349, 4.2397, 4.7011, 5.0455, 5.2839,
         5.4504, 5.5493],
        [  -inf,   -inf,   -inf, 2.8793, 3.6368, 4.2425, 4.7052, 5.0511, 5.2912,
         5.4592, 5.5587],
        [  -inf,   -inf,   -inf, 2.8800, 3.6386, 4.2453, 4.7093, 5.0567, 5.2984,
         5.4680, 5.5681],
        [  -inf,   -inf,   -inf, 2.8807, 3.6405, 4.2481, 4.7134, 5.0624, 5.3057,
         5.4760, 5.5776],
        [  -inf,   -inf,   -inf, 2.8814, 3.6421, 4.2509, 4.7175, 5.0677, 5.3130,
         5.4833, 5.5870],
        [  -inf,   -inf,   -inf, 2.8820, 3.6439, 4.2537, 4.7213, 5.0730, 5.3203,
         5.4906, 5.5964],
        [  -inf,   -inf,   -inf, 2.8827, 3.6455, 4.2564, 4.7252, 5.0783, 5.3275,
         5.4979, 5.6057],
        [  -inf,   -inf,   -inf, 2.8833, 3.6471, 4.2591, 4.7290, 5.0836, 5.3344,
         5.5052, 5.6151],
        [  -inf,   -inf,   -inf, 2.8839, 3.6488, 4.2618, 4.7328, 5.0888, 5.3412,
         5.5125, 5.6245],
        [  -inf,   -inf,   -inf, 2.8844, 3.6503, 4.2645, 4.7366, 5.0941, 5.3480,
         5.5197, 5.6339],
        [  -inf,   -inf,   -inf, 2.8849, 3.6519, 4.2672, 4.7405, 5.0991, 5.3544,
         5.5270, 5.6433],
        [  -inf,   -inf,   -inf, 2.8855, 3.6534, 4.2698, 4.7442, 5.1040, 5.3606,
         5.5343, 5.6521],
        [  -inf,   -inf,   -inf, 2.8860, 3.6550, 4.2724, 4.7479, 5.1089, 5.3667,
         5.5415, 5.6609],
        [  -inf,   -inf,   -inf, 2.8867, 3.6565, 4.2750, 4.7516, 5.1137, 5.3724,
         5.5488, 5.6689],
        [  -inf,   -inf,   -inf, 2.8873, 3.6580, 4.2774, 4.7553, 5.1185, 5.3780,
         5.5561, 5.6762],
        [  -inf,   -inf,   -inf, 2.8879, 3.6595, 4.2799, 4.7589, 5.1233, 5.3837,
         5.5633, 5.6835],
        [  -inf,   -inf,   -inf, 2.8885, 3.6609, 4.2823, 4.7625, 5.1279, 5.3893,
         5.5702, 5.6908],
        [  -inf,   -inf,   -inf, 2.8890, 3.6624, 4.2844, 4.7660, 5.1320, 5.3950,
         5.5770, 5.6981],
        [  -inf,   -inf,   -inf, 2.8895, 3.6637, 4.2867, 4.7694, 5.1361, 5.4006,
         5.5838, 5.7054],
        [  -inf,   -inf,   -inf, 2.8900, 3.6649, 4.2888, 4.7728, 5.1402, 5.4059,
         5.5902, 5.7126],
        [  -inf,   -inf,   -inf, 2.8905, 3.6662, 4.2909, 4.7757, 5.1443, 5.4112,
         5.5964, 5.7199],
        [  -inf,   -inf,   -inf, 2.8910, 3.6675, 4.2930, 4.7791, 5.1484, 5.4165,
         5.6026, 5.7272],
        [  -inf,   -inf,   -inf, 2.8914, 3.6687, 4.2951, 4.7820, 5.1525, 5.4218,
         5.6082, 5.7344],
        [  -inf,   -inf,   -inf, 2.8919, 3.6700, 4.2971, 4.7850, 5.1566, 5.4271,
         5.6138, 5.7417],
        [  -inf,   -inf,   -inf, 2.8923, 3.6713, 4.2992, 4.7880, 5.1604, 5.4323,
         5.6195, 5.7490],
        [  -inf,   -inf,   -inf, 2.8927, 3.6725, 4.3013, 4.7909, 5.1642, 5.4373,
         5.6251, 5.7563],
        [  -inf,   -inf,   -inf, 2.8931, 3.6738, 4.3034, 4.7939, 5.1681, 5.4422,
         5.6308, 5.7631],
        [  -inf,   -inf,   -inf, 2.8936, 3.6750, 4.3055, 4.7969, 5.1719, 5.4472,
         5.6364, 5.7699],
        [  -inf,   -inf,   -inf, 2.8941, 3.6762, 4.3075, 4.7998, 5.1757, 5.4519,
         5.6421, 5.7767],
        [  -inf,   -inf,   -inf, 2.8945, 3.6774, 4.3096, 4.8028, 5.1795, 5.4567,
         5.6477, 5.7831],
        [  -inf,   -inf,   -inf, 2.8950, 3.6786, 4.3117, 4.8057, 5.1832, 5.4615,
         5.6533, 5.7893],
        [  -inf,   -inf,   -inf, 2.8954, 3.6797, 4.3137, 4.8087, 5.1869, 5.4662,
         5.6589, 5.7955],
        [  -inf,   -inf,   -inf, 2.8958, 3.6809, 4.3157, 4.8116, 5.1906, 5.4705,
         5.6646, 5.8011],
        [  -inf,   -inf,   -inf, 2.8962, 3.6821, 4.3177, 4.8144, 5.1943, 5.4749,
         5.6702, 5.8068],
        [  -inf,   -inf,   -inf, 2.8966, 3.6832, 4.3197, 4.8173, 5.1979, 5.4793,
         5.6758, 5.8124],
        [  -inf,   -inf,   -inf, 2.8970, 3.6843, 4.3215, 4.8202, 5.2016, 5.4836,
         5.6815, 5.8181],
        [  -inf,   -inf,   -inf, 2.8973, 3.6854, 4.3234, 4.8230, 5.2051, 5.4880,
         5.6868, 5.8237],
        [  -inf,   -inf,   -inf, 2.8976, 3.6866, 4.3252, 4.8258, 5.2085, 5.4924,
         5.6920, 5.8294],
        [  -inf,   -inf,   -inf, 2.8979, 3.6876, 4.3270, 4.8287, 5.2118, 5.4968,
         5.6973, 5.8350],
        [  -inf,   -inf,   -inf, 2.8982, 3.6886, 4.3287, 4.8315, 5.2150, 5.5009,
         5.7026, 5.8406],
        [  -inf,   -inf,   -inf, 2.8985, 3.6896, 4.3304, 4.8343, 5.2182, 5.5050,
         5.7079, 5.8462],
        [  -inf,   -inf,   -inf, 2.8987, 3.6906, 4.3321, 4.8371, 5.2213, 5.5091,
         5.7132, 5.8519],
        [  -inf,   -inf,   -inf, 2.8990, 3.6916, 4.3337, 4.8398, 5.2245, 5.5131,
         5.7181, 5.8575],
        [  -inf,   -inf,   -inf, 2.8993, 3.6925, 4.3353, 4.8425, 5.2277, 5.5172,
         5.7231, 5.8631],
        [  -inf,   -inf,   -inf, 2.8995, 3.6934, 4.3369, 4.8452, 5.2309, 5.5213,
         5.7280, 5.8687],
        [  -inf,   -inf,   -inf, 2.8998, 3.6944, 4.3386, 4.8479, 5.2340, 5.5254,
         5.7328, 5.8744],
        [  -inf,   -inf,   -inf, 2.9000, 3.6954, 4.3402, 4.8505, 5.2372, 5.5292,
         5.7376, 5.8797],
        [  -inf,   -inf,   -inf, 2.9002, 3.6963, 4.3418, 4.8532, 5.2402, 5.5331,
         5.7423, 5.8850],
        [  -inf,   -inf,   -inf, 2.9005, 3.6972, 4.3434, 4.8558, 5.2431, 5.5369,
         5.7470, 5.8902],
        [  -inf,   -inf,   -inf, 2.9007, 3.6981, 4.3450, 4.8584, 5.2461, 5.5407,
         5.7514, 5.8955],
        [  -inf,   -inf,   -inf, 2.9009, 3.6991, 4.3466, 4.8607, 5.2490, 5.5445,
         5.7557, 5.9008],
        [  -inf,   -inf,   -inf, 2.9011, 3.7000, 4.3483, 4.8633, 5.2520, 5.5484,
         5.7601, 5.9061]])
tensor(0.0119) tensor(3.2943) (64, 9)
